kushal@syn-2600-6c56-9840-001d-0000-0000-0000-1157:~/src/dotnet/MyImapDownloader$ cd ~/src/dotnet/MyBlog/; time bash export.sh; cd ~/src/dotnet/MyBlog/src/; time dotnet format; time dotnet restore; time dotnet clean; time dotnet build; time dotnet test; time dotnet list package; time dotnet list package --outdated;
==============================================
  Project Export for LLM Analysis
==============================================

Project Path: /home/kushal/src/dotnet/MyBlog
Output File:  docs/llm/dump.txt

Generating directory structure...
Collecting files...
Found 73 files to export

Processing (1/73): export.sh
Processing (2/73): fix-all-forms.sh
Processing (3/73): fix-auth-architecture.sh
Processing (4/73): fix-blazor-interactivity.sh
Processing (5/73): fix-login-logout.sh
Processing (6/73): fix-ordered-lists.sh
Processing (7/73): fix-program-cs.sh
Processing (8/73): fix-update-claims.sh
Processing (9/73): gemini.sh
Processing (10/73): .github/workflows/build-deploy.yml
Processing (11/73): .gitignore
Processing (12/73): implement-user-management.sh
Processing (13/73): README.md
Processing (14/73): src/Directory.Build.props
Processing (15/73): src/Directory.Packages.props
Processing (16/73): src/.editorconfig
Processing (17/73): src/fix-changepassword-and-tests.sh
Processing (18/73): src/fix-rate-limit.sh
Processing (19/73): src/generate-myblog.sh
Processing (20/73): src/.github/workflows/build-deploy.yml
Processing (21/73): src/global.json
Processing (22/73): src/MyBlog.Core/Constants/AppConstants.cs
Processing (23/73): src/MyBlog.Core/Interfaces/IAuthService.cs
Processing (24/73): src/MyBlog.Core/Interfaces/IImageRepository.cs
Processing (25/73): src/MyBlog.Core/Interfaces/IMarkdownService.cs
Processing (26/73): src/MyBlog.Core/Interfaces/IPasswordService.cs
Processing (27/73): src/MyBlog.Core/Interfaces/IPostRepository.cs
Processing (28/73): src/MyBlog.Core/Interfaces/ISlugService.cs
Processing (29/73): src/MyBlog.Core/Interfaces/ITelemetryLogRepository.cs
Processing (30/73): src/MyBlog.Core/Interfaces/IUserRepository.cs
Processing (31/73): src/MyBlog.Core/Models/Image.cs
Processing (32/73): src/MyBlog.Core/Models/Post.cs
Processing (33/73): src/MyBlog.Core/Models/PostDto.cs
Processing (34/73): src/MyBlog.Core/Models/TelemetryLog.cs
Processing (35/73): src/MyBlog.Core/Models/User.cs
Processing (36/73): src/MyBlog.Core/MyBlog.Core.csproj
Processing (37/73): src/MyBlog.Core/Services/MarkdownService.cs
Processing (38/73): src/MyBlog.Core/Services/SlugService.cs
Processing (39/73): src/MyBlog.Infrastructure/Data/BlogDbContext.cs
Processing (40/73): src/MyBlog.Infrastructure/Data/DatabasePathResolver.cs
Processing (41/73): src/MyBlog.Infrastructure/MyBlog.Infrastructure.csproj
Processing (42/73): src/MyBlog.Infrastructure/Repositories/ImageRepository.cs
Processing (43/73): src/MyBlog.Infrastructure/Repositories/PostRepository.cs
Processing (44/73): src/MyBlog.Infrastructure/Repositories/TelemetryLogRepository.cs
Processing (45/73): src/MyBlog.Infrastructure/Repositories/UserRepository.cs
Processing (46/73): src/MyBlog.Infrastructure/ServiceCollectionExtensions.cs
Processing (47/73): src/MyBlog.Infrastructure/Services/AuthService.cs
Processing (48/73): src/MyBlog.Infrastructure/Services/PasswordService.cs
Processing (49/73): src/MyBlog.Infrastructure/Services/TelemetryCleanupService.cs
Processing (50/73): src/MyBlog.Infrastructure/Telemetry/DatabaseLogExporter.cs
Processing (51/73): src/MyBlog.Infrastructure/Telemetry/FileLogExporter.cs
Processing (52/73): src/MyBlog.Infrastructure/Telemetry/TelemetryPathResolver.cs
Processing (53/73): src/MyBlog.slnx
Processing (54/73): src/MyBlog.Tests/Integration/AuthServiceLongPasswordTests.cs
Processing (55/73): src/MyBlog.Tests/Integration/AuthServiceTests.cs
Processing (56/73): src/MyBlog.Tests/Integration/PasswordChangeTests.cs
Processing (57/73): src/MyBlog.Tests/Integration/PostRepositoryTests.cs
Processing (58/73): src/MyBlog.Tests/Integration/TelemetryCleanupTests.cs
Processing (59/73): src/MyBlog.Tests/MyBlog.Tests.csproj
Processing (60/73): src/MyBlog.Tests/Unit/LoginRateLimitMiddlewareTests.cs
Processing (61/73): src/MyBlog.Tests/Unit/MarkdownServiceTests.cs
Processing (62/73): src/MyBlog.Tests/Unit/PasswordServiceTests.cs
Processing (63/73): src/MyBlog.Tests/Unit/SlugServiceTests.cs
Processing (64/73): src/MyBlog.Web/appsettings.Development.json
Processing (65/73): src/MyBlog.Web/appsettings.json
Processing (66/73): src/MyBlog.Web/Components/Pages/Admin/UserEditor.razor.css
Processing (67/73): src/MyBlog.Web/Middleware/LoginRateLimitMiddleware.cs
Processing (68/73): src/MyBlog.Web/MyBlog.Web.csproj
Processing (69/73): src/MyBlog.Web/Program.cs
Processing (70/73): src/MyBlog.Web/wwwroot/css/site.css
Processing (71/73): src/run.sh
Processing (72/73): src/test.sh
Processing (73/73): src/upgrade-myblog.sh

==============================================
  Export Complete!
==============================================

Output file:    docs/llm/dump.txt
Files exported: 73
Files skipped:  0
Output size:    450.88 KB

File types included:
  • Source code: .cs, .fs, .vb
  • UI/XAML: .axaml, .xaml, .paml
  • Projects: .csproj, .slnx, .sln, .props, .targets
  • Config: .json, .yaml, .yml, .xml, .config
  • Docs: .md, .txt
  • Scripts: .sh, .ps1, .cmd, .bat
  • Other: .sql, .resx, .css, .scss, Dockerfile, etc.


real	0m0.802s
user	0m0.424s
sys	0m0.532s

real	0m9.128s
user	0m14.158s
sys	0m1.128s
Restore complete (0.5s)

Build succeeded in 0.7s

real	0m0.835s
user	0m0.855s
sys	0m0.185s

Build succeeded in 0.6s

real	0m0.785s
user	0m0.788s
sys	0m0.158s
Restore complete (0.6s)
  MyBlog.Core net10.0 succeeded (3.1s) → MyBlog.Core/bin/Debug/net10.0/MyBlog.Core.dll
  MyBlog.Infrastructure net10.0 succeeded (0.4s) → MyBlog.Infrastructure/bin/Debug/net10.0/MyBlog.Infrastructure.dll
  MyBlog.Web net10.0 succeeded (2.7s) → MyBlog.Web/bin/Debug/net10.0/MyBlog.Web.dll
  MyBlog.Tests net10.0 succeeded (0.5s) → MyBlog.Tests/bin/Debug/net10.0/MyBlog.Tests.dll

Build succeeded in 7.4s

real	0m7.590s
user	0m2.625s
sys	0m0.378s
Restore complete (0.5s)
  MyBlog.Core net10.0 succeeded (0.2s) → MyBlog.Core/bin/Debug/net10.0/MyBlog.Core.dll
  MyBlog.Infrastructure net10.0 succeeded (0.1s) → MyBlog.Infrastructure/bin/Debug/net10.0/MyBlog.Infrastructure.dll
  MyBlog.Web net10.0 succeeded (0.1s) → MyBlog.Web/bin/Debug/net10.0/MyBlog.Web.dll
  MyBlog.Tests net10.0 succeeded (0.1s) → MyBlog.Tests/bin/Debug/net10.0/MyBlog.Tests.dll
[xUnit.net 00:00:00.00] xUnit.net VSTest Adapter v3.1.5+1b188a7b0a (64-bit .NET 10.0.1)
[xUnit.net 00:00:00.17]   Discovering: MyBlog.Tests
[xUnit.net 00:00:00.36]   Discovered:  MyBlog.Tests
[xUnit.net 00:00:00.54]   Starting:    MyBlog.Tests
[xUnit.net 00:00:42.61]   Finished:    MyBlog.Tests (ID = '24cedafe73dab5684218bb3cf04cfd49ae8ce3b87ae799399cb2e301cbc1e755')
  MyBlog.Tests test net10.0 succeeded (43.2s)

Test summary: total: 70, failed: 0, succeeded: 70, skipped: 0, duration: 43.2s
Build succeeded in 44.4s

real	0m44.564s
user	0m1.709s
sys	0m0.333s
Restore complete (0.5s)

Build succeeded in 0.6s
Project 'MyBlog.Core' has the following package references
   [net10.0]: No packages were found for this framework.
Project 'MyBlog.Infrastructure' has the following package references
   [net10.0]: 
   Top-level Package                           Requested   Resolved
   > Microsoft.AspNetCore.Identity             2.3.1       2.3.1   
   > Microsoft.EntityFrameworkCore.Sqlite      10.0.1      10.0.1  
   > OpenTelemetry                             1.14.0      1.14.0  

Project 'MyBlog.Tests' has the following package references
   [net10.0]: 
   Top-level Package                           Requested   Resolved
   > Microsoft.EntityFrameworkCore.Sqlite      10.0.1      10.0.1  
   > Microsoft.NET.Test.Sdk                    18.0.1      18.0.1  
   > xunit.runner.visualstudio                 3.1.5       3.1.5   
   > xunit.v3                                  3.2.1       3.2.1   

Project 'MyBlog.Web' has the following package references
   [net10.0]: 
   Top-level Package                                  Requested    Resolved
   > Microsoft.AspNetCore.App.Internal.Assets   (A)   [10.0.1, )   10.0.1  
   > OpenTelemetry.Exporter.Console                   1.14.0       1.14.0  
   > OpenTelemetry.Extensions.Hosting                 1.14.0       1.14.0  
   > OpenTelemetry.Instrumentation.AspNetCore         1.14.0       1.14.0  
   > OpenTelemetry.Instrumentation.Http               1.14.0       1.14.0  

(A) : Auto-referenced package.

real	0m1.819s
user	0m1.772s
sys	0m0.375s
Restore complete (0.5s)

Build succeeded in 0.6s

The following sources were used:
   https://api.nuget.org/v3/index.json

The given project `MyBlog.Core` has no updates given the current sources.
The given project `MyBlog.Infrastructure` has no updates given the current sources.
The given project `MyBlog.Tests` has no updates given the current sources.
The given project `MyBlog.Web` has no updates given the current sources.

real	0m3.006s
user	0m2.129s
sys	0m0.447s
kushal@syn-2600-6c56-9840-001d-0000-0000-0000-1157:~/src/dotnet/MyBlog/src$ cd ~/src/dotnet/MyBlog/; time bash export.sh; cd ~/src/dotnet/MyBlog/src/; time dotnet format; time dotnet restore; time dotnet clean; time dotnet build; time dotnet test; dotnet run --project src/MyBlog.Tests/MyBlog.Tests.csproj; time dotnet list package; time dotnet list package --outdated;
==============================================
  Project Export for LLM Analysis
==============================================

Project Path: /home/kushal/src/dotnet/MyBlog
Output File:  docs/llm/dump.txt

Generating directory structure...
Collecting files...
Found 73 files to export

Processing (1/73): export.sh
Processing (2/73): fix-all-forms.sh
Processing (3/73): fix-auth-architecture.sh
Processing (4/73): fix-blazor-interactivity.sh
Processing (5/73): fix-login-logout.sh
Processing (6/73): fix-ordered-lists.sh
Processing (7/73): fix-program-cs.sh
Processing (8/73): fix-update-claims.sh
Processing (9/73): gemini.sh
Processing (10/73): .github/workflows/build-deploy.yml
Processing (11/73): .gitignore
Processing (12/73): implement-user-management.sh
Processing (13/73): README.md
Processing (14/73): src/Directory.Build.props
Processing (15/73): src/Directory.Packages.props
Processing (16/73): src/.editorconfig
Processing (17/73): src/fix-changepassword-and-tests.sh
Processing (18/73): src/fix-rate-limit.sh
Processing (19/73): src/generate-myblog.sh
Processing (20/73): src/.github/workflows/build-deploy.yml
Processing (21/73): src/global.json
Processing (22/73): src/MyBlog.Core/Constants/AppConstants.cs
Processing (23/73): src/MyBlog.Core/Interfaces/IAuthService.cs
Processing (24/73): src/MyBlog.Core/Interfaces/IImageRepository.cs
Processing (25/73): src/MyBlog.Core/Interfaces/IMarkdownService.cs
Processing (26/73): src/MyBlog.Core/Interfaces/IPasswordService.cs
Processing (27/73): src/MyBlog.Core/Interfaces/IPostRepository.cs
Processing (28/73): src/MyBlog.Core/Interfaces/ISlugService.cs
Processing (29/73): src/MyBlog.Core/Interfaces/ITelemetryLogRepository.cs
Processing (30/73): src/MyBlog.Core/Interfaces/IUserRepository.cs
Processing (31/73): src/MyBlog.Core/Models/Image.cs
Processing (32/73): src/MyBlog.Core/Models/Post.cs
Processing (33/73): src/MyBlog.Core/Models/PostDto.cs
Processing (34/73): src/MyBlog.Core/Models/TelemetryLog.cs
Processing (35/73): src/MyBlog.Core/Models/User.cs
Processing (36/73): src/MyBlog.Core/MyBlog.Core.csproj
Processing (37/73): src/MyBlog.Core/Services/MarkdownService.cs
Processing (38/73): src/MyBlog.Core/Services/SlugService.cs
Processing (39/73): src/MyBlog.Infrastructure/Data/BlogDbContext.cs
Processing (40/73): src/MyBlog.Infrastructure/Data/DatabasePathResolver.cs
Processing (41/73): src/MyBlog.Infrastructure/MyBlog.Infrastructure.csproj
Processing (42/73): src/MyBlog.Infrastructure/Repositories/ImageRepository.cs
Processing (43/73): src/MyBlog.Infrastructure/Repositories/PostRepository.cs
Processing (44/73): src/MyBlog.Infrastructure/Repositories/TelemetryLogRepository.cs
Processing (45/73): src/MyBlog.Infrastructure/Repositories/UserRepository.cs
Processing (46/73): src/MyBlog.Infrastructure/ServiceCollectionExtensions.cs
Processing (47/73): src/MyBlog.Infrastructure/Services/AuthService.cs
Processing (48/73): src/MyBlog.Infrastructure/Services/PasswordService.cs
Processing (49/73): src/MyBlog.Infrastructure/Services/TelemetryCleanupService.cs
Processing (50/73): src/MyBlog.Infrastructure/Telemetry/DatabaseLogExporter.cs
Processing (51/73): src/MyBlog.Infrastructure/Telemetry/FileLogExporter.cs
Processing (52/73): src/MyBlog.Infrastructure/Telemetry/TelemetryPathResolver.cs
Processing (53/73): src/MyBlog.slnx
Processing (54/73): src/MyBlog.Tests/Integration/AuthServiceLongPasswordTests.cs
Processing (55/73): src/MyBlog.Tests/Integration/AuthServiceTests.cs
Processing (56/73): src/MyBlog.Tests/Integration/PasswordChangeTests.cs
Processing (57/73): src/MyBlog.Tests/Integration/PostRepositoryTests.cs
Processing (58/73): src/MyBlog.Tests/Integration/TelemetryCleanupTests.cs
Processing (59/73): src/MyBlog.Tests/MyBlog.Tests.csproj
Processing (60/73): src/MyBlog.Tests/Unit/LoginRateLimitMiddlewareTests.cs
Processing (61/73): src/MyBlog.Tests/Unit/MarkdownServiceTests.cs
Processing (62/73): src/MyBlog.Tests/Unit/PasswordServiceTests.cs
Processing (63/73): src/MyBlog.Tests/Unit/SlugServiceTests.cs
Processing (64/73): src/MyBlog.Web/appsettings.Development.json
Processing (65/73): src/MyBlog.Web/appsettings.json
Processing (66/73): src/MyBlog.Web/Components/Pages/Admin/UserEditor.razor.css
Processing (67/73): src/MyBlog.Web/Middleware/LoginRateLimitMiddleware.cs
Processing (68/73): src/MyBlog.Web/MyBlog.Web.csproj
Processing (69/73): src/MyBlog.Web/Program.cs
Processing (70/73): src/MyBlog.Web/wwwroot/css/site.css
Processing (71/73): src/run.sh
Processing (72/73): src/test.sh
Processing (73/73): src/upgrade-myblog.sh

==============================================
  Export Complete!
==============================================

Output file:    docs/llm/dump.txt
Files exported: 73
Files skipped:  0
Output size:    451.07 KB

File types included:
  • Source code: .cs, .fs, .vb
  • UI/XAML: .axaml, .xaml, .paml
  • Projects: .csproj, .slnx, .sln, .props, .targets
  • Config: .json, .yaml, .yml, .xml, .config
  • Docs: .md, .txt
  • Scripts: .sh, .ps1, .cmd, .bat
  • Other: .sql, .resx, .css, .scss, Dockerfile, etc.


real	0m0.754s
user	0m0.419s
sys	0m0.475s

real	0m8.966s
user	0m14.344s
sys	0m1.157s
Restore complete (0.5s)

Build succeeded in 0.6s

real	0m0.815s
user	0m0.867s
sys	0m0.151s

Build succeeded in 0.6s

real	0m0.737s
user	0m0.761s
sys	0m0.138s
Restore complete (0.5s)
  MyBlog.Core net10.0 succeeded (0.3s) → MyBlog.Core/bin/Debug/net10.0/MyBlog.Core.dll
  MyBlog.Infrastructure net10.0 succeeded (0.2s) → MyBlog.Infrastructure/bin/Debug/net10.0/MyBlog.Infrastructure.dll
  MyBlog.Web net10.0 succeeded (0.6s) → MyBlog.Web/bin/Debug/net10.0/MyBlog.Web.dll
  MyBlog.Tests net10.0 succeeded (0.3s) → MyBlog.Tests/bin/Debug/net10.0/MyBlog.Tests.dll

Build succeeded in 2.1s

real	0m2.263s
user	0m1.507s
sys	0m0.315s
Restore complete (0.5s)
  MyBlog.Tests net10.0 failed with 1 error(s) (0.0s)
    /home/kushal/.nuget/packages/microsoft.testing.platform.msbuild/2.0.2/buildMultiTargeting/Microsoft.Testing.Platform.MSBuild.targets(263,5): error Testing with VSTest target is no longer supported by Microsoft.Testing.Platform on .NET 10 SDK and later. If you use dotnet test, you should opt-in to the new dotnet test experience. For more information, see https://aka.ms/dotnet-test-mtp-error

Build failed with 1 error(s) in 0.7s

real	0m0.912s
user	0m1.016s
sys	0m0.161s
The provided file path does not exist: src/MyBlog.Tests/MyBlog.Tests.csproj.
Restore complete (0.5s)

Build succeeded in 0.6s
Project 'MyBlog.Core' has the following package references
   [net10.0]: No packages were found for this framework.
Project 'MyBlog.Infrastructure' has the following package references
   [net10.0]: 
   Top-level Package                           Requested   Resolved
   > Microsoft.AspNetCore.Identity             2.3.1       2.3.1   
   > Microsoft.EntityFrameworkCore.Sqlite      10.0.1      10.0.1  
   > OpenTelemetry                             1.14.0      1.14.0  

Project 'MyBlog.Tests' has the following package references
   [net10.0]: 
   Top-level Package                           Requested   Resolved
   > Microsoft.EntityFrameworkCore.Sqlite      10.0.1      10.0.1  
   > Microsoft.NET.Test.Sdk                    18.0.1      18.0.1  
   > Microsoft.Testing.Platform.MSBuild        2.0.2       2.0.2   
   > xunit.runner.visualstudio                 3.1.5       3.1.5   
   > xunit.v3                                  3.2.1       3.2.1   

Project 'MyBlog.Web' has the following package references
   [net10.0]: 
   Top-level Package                                  Requested    Resolved
   > Microsoft.AspNetCore.App.Internal.Assets   (A)   [10.0.1, )   10.0.1  
   > OpenTelemetry.Exporter.Console                   1.14.0       1.14.0  
   > OpenTelemetry.Extensions.Hosting                 1.14.0       1.14.0  
   > OpenTelemetry.Instrumentation.AspNetCore         1.14.0       1.14.0  
   > OpenTelemetry.Instrumentation.Http               1.14.0       1.14.0  

(A) : Auto-referenced package.

real	0m1.782s
user	0m1.734s
sys	0m0.400s
Restore complete (0.5s)

Build succeeded in 0.6s

The following sources were used:
   https://api.nuget.org/v3/index.json

The given project `MyBlog.Core` has no updates given the current sources.
The given project `MyBlog.Infrastructure` has no updates given the current sources.
The given project `MyBlog.Tests` has no updates given the current sources.
The given project `MyBlog.Web` has no updates given the current sources.

real	0m2.915s
user	0m2.105s
sys	0m0.399s
kushal@syn-2600-6c56-9840-001d-0000-0000-0000-1157:~/src/dotnet/MyBlog/src$ cd ~/src/dotnet/MyBlog/; time bash export.sh; cd ~/src/dotnet/MyBlog/src/; time dotnet format; time dotnet restore; time dotnet clean; time dotnet build; time dotnet test; dotnet run --project src/MyBlog.Tests/MyBlog.Tests.csproj; time dotnet list package; time dotnet list package --outdated;
==============================================
  Project Export for LLM Analysis
==============================================

Project Path: /home/kushal/src/dotnet/MyBlog
Output File:  docs/llm/dump.txt

Generating directory structure...
Collecting files...
Found 73 files to export

Processing (1/73): export.sh
Processing (2/73): fix-all-forms.sh
Processing (3/73): fix-auth-architecture.sh
Processing (4/73): fix-blazor-interactivity.sh
Processing (5/73): fix-login-logout.sh
Processing (6/73): fix-ordered-lists.sh
Processing (7/73): fix-program-cs.sh
Processing (8/73): fix-update-claims.sh
Processing (9/73): gemini.sh
Processing (10/73): .github/workflows/build-deploy.yml
Processing (11/73): .gitignore
Processing (12/73): implement-user-management.sh
Processing (13/73): README.md
Processing (14/73): src/Directory.Build.props
Processing (15/73): src/Directory.Packages.props
Processing (16/73): src/.editorconfig
Processing (17/73): src/fix-changepassword-and-tests.sh
Processing (18/73): src/fix-rate-limit.sh
Processing (19/73): src/generate-myblog.sh
Processing (20/73): src/.github/workflows/build-deploy.yml
Processing (21/73): src/global.json
Processing (22/73): src/MyBlog.Core/Constants/AppConstants.cs
Processing (23/73): src/MyBlog.Core/Interfaces/IAuthService.cs
Processing (24/73): src/MyBlog.Core/Interfaces/IImageRepository.cs
Processing (25/73): src/MyBlog.Core/Interfaces/IMarkdownService.cs
Processing (26/73): src/MyBlog.Core/Interfaces/IPasswordService.cs
Processing (27/73): src/MyBlog.Core/Interfaces/IPostRepository.cs
Processing (28/73): src/MyBlog.Core/Interfaces/ISlugService.cs
Processing (29/73): src/MyBlog.Core/Interfaces/ITelemetryLogRepository.cs
Processing (30/73): src/MyBlog.Core/Interfaces/IUserRepository.cs
Processing (31/73): src/MyBlog.Core/Models/Image.cs
Processing (32/73): src/MyBlog.Core/Models/Post.cs
Processing (33/73): src/MyBlog.Core/Models/PostDto.cs
Processing (34/73): src/MyBlog.Core/Models/TelemetryLog.cs
Processing (35/73): src/MyBlog.Core/Models/User.cs
Processing (36/73): src/MyBlog.Core/MyBlog.Core.csproj
Processing (37/73): src/MyBlog.Core/Services/MarkdownService.cs
Processing (38/73): src/MyBlog.Core/Services/SlugService.cs
Processing (39/73): src/MyBlog.Infrastructure/Data/BlogDbContext.cs
Processing (40/73): src/MyBlog.Infrastructure/Data/DatabasePathResolver.cs
Processing (41/73): src/MyBlog.Infrastructure/MyBlog.Infrastructure.csproj
Processing (42/73): src/MyBlog.Infrastructure/Repositories/ImageRepository.cs
Processing (43/73): src/MyBlog.Infrastructure/Repositories/PostRepository.cs
Processing (44/73): src/MyBlog.Infrastructure/Repositories/TelemetryLogRepository.cs
Processing (45/73): src/MyBlog.Infrastructure/Repositories/UserRepository.cs
Processing (46/73): src/MyBlog.Infrastructure/ServiceCollectionExtensions.cs
Processing (47/73): src/MyBlog.Infrastructure/Services/AuthService.cs
Processing (48/73): src/MyBlog.Infrastructure/Services/PasswordService.cs
Processing (49/73): src/MyBlog.Infrastructure/Services/TelemetryCleanupService.cs
Processing (50/73): src/MyBlog.Infrastructure/Telemetry/DatabaseLogExporter.cs
Processing (51/73): src/MyBlog.Infrastructure/Telemetry/FileLogExporter.cs
Processing (52/73): src/MyBlog.Infrastructure/Telemetry/TelemetryPathResolver.cs
Processing (53/73): src/MyBlog.slnx
Processing (54/73): src/MyBlog.Tests/Integration/AuthServiceLongPasswordTests.cs
Processing (55/73): src/MyBlog.Tests/Integration/AuthServiceTests.cs
Processing (56/73): src/MyBlog.Tests/Integration/PasswordChangeTests.cs
Processing (57/73): src/MyBlog.Tests/Integration/PostRepositoryTests.cs
Processing (58/73): src/MyBlog.Tests/Integration/TelemetryCleanupTests.cs
Processing (59/73): src/MyBlog.Tests/MyBlog.Tests.csproj
Processing (60/73): src/MyBlog.Tests/Unit/LoginRateLimitMiddlewareTests.cs
Processing (61/73): src/MyBlog.Tests/Unit/MarkdownServiceTests.cs
Processing (62/73): src/MyBlog.Tests/Unit/PasswordServiceTests.cs
Processing (63/73): src/MyBlog.Tests/Unit/SlugServiceTests.cs
Processing (64/73): src/MyBlog.Web/appsettings.Development.json
Processing (65/73): src/MyBlog.Web/appsettings.json
Processing (66/73): src/MyBlog.Web/Components/Pages/Admin/UserEditor.razor.css
Processing (67/73): src/MyBlog.Web/Middleware/LoginRateLimitMiddleware.cs
Processing (68/73): src/MyBlog.Web/MyBlog.Web.csproj
Processing (69/73): src/MyBlog.Web/Program.cs
Processing (70/73): src/MyBlog.Web/wwwroot/css/site.css
Processing (71/73): src/run.sh
Processing (72/73): src/test.sh
Processing (73/73): src/upgrade-myblog.sh

==============================================
  Export Complete!
==============================================

Output file:    docs/llm/dump.txt
Files exported: 73
Files skipped:  0
Output size:    451.17 KB

File types included:
  • Source code: .cs, .fs, .vb
  • UI/XAML: .axaml, .xaml, .paml
  • Projects: .csproj, .slnx, .sln, .props, .targets
  • Config: .json, .yaml, .yml, .xml, .config
  • Docs: .md, .txt
  • Scripts: .sh, .ps1, .cmd, .bat
  • Other: .sql, .resx, .css, .scss, Dockerfile, etc.


real	0m0.778s
user	0m0.430s
sys	0m0.502s

real	0m9.019s
user	0m15.682s
sys	0m1.057s
Restore complete (0.5s)

Build succeeded in 0.6s

real	0m0.771s
user	0m0.826s
sys	0m0.145s

Build succeeded in 0.6s

real	0m0.753s
user	0m0.772s
sys	0m0.152s
Restore complete (0.5s)
  MyBlog.Core net10.0 succeeded (0.3s) → MyBlog.Core/bin/Debug/net10.0/MyBlog.Core.dll
  MyBlog.Infrastructure net10.0 succeeded (0.2s) → MyBlog.Infrastructure/bin/Debug/net10.0/MyBlog.Infrastructure.dll
  MyBlog.Web net10.0 succeeded (0.5s) → MyBlog.Web/bin/Debug/net10.0/MyBlog.Web.dll
  MyBlog.Tests net10.0 succeeded (0.2s) → MyBlog.Tests/bin/Debug/net10.0/MyBlog.Tests.dll

Build succeeded in 1.9s

real	0m2.064s
user	0m1.416s
sys	0m0.306s
Restore complete (0.5s)
  MyBlog.Tests net10.0 failed with 1 error(s) (0.0s)
    /home/kushal/.nuget/packages/microsoft.testing.platform.msbuild/2.0.2/buildMultiTargeting/Microsoft.Testing.Platform.MSBuild.targets(263,5): error Testing with VSTest target is no longer supported by Microsoft.Testing.Platform on .NET 10 SDK and later. If you use dotnet test, you should opt-in to the new dotnet test experience. For more information, see https://aka.ms/dotnet-test-mtp-error

Build failed with 1 error(s) in 0.8s

real	0m0.938s
user	0m1.020s
sys	0m0.185s
The provided file path does not exist: src/MyBlog.Tests/MyBlog.Tests.csproj.
Restore complete (0.5s)

Build succeeded in 0.6s
Project 'MyBlog.Core' has the following package references
   [net10.0]: No packages were found for this framework.
Project 'MyBlog.Infrastructure' has the following package references
   [net10.0]: 
   Top-level Package                           Requested   Resolved
   > Microsoft.AspNetCore.Identity             2.3.1       2.3.1   
   > Microsoft.EntityFrameworkCore.Sqlite      10.0.1      10.0.1  
   > OpenTelemetry                             1.14.0      1.14.0  

Project 'MyBlog.Tests' has the following package references
   [net10.0]: 
   Top-level Package                           Requested   Resolved
   > Microsoft.EntityFrameworkCore.Sqlite      10.0.1      10.0.1  
   > Microsoft.NET.Test.Sdk                    18.0.1      18.0.1  
   > Microsoft.Testing.Platform.MSBuild        2.0.2       2.0.2   
   > xunit.runner.visualstudio                 3.1.5       3.1.5   
   > xunit.v3                                  3.2.1       3.2.1   

Project 'MyBlog.Web' has the following package references
   [net10.0]: 
   Top-level Package                                  Requested    Resolved
   > Microsoft.AspNetCore.App.Internal.Assets   (A)   [10.0.1, )   10.0.1  
   > OpenTelemetry.Exporter.Console                   1.14.0       1.14.0  
   > OpenTelemetry.Extensions.Hosting                 1.14.0       1.14.0  
   > OpenTelemetry.Instrumentation.AspNetCore         1.14.0       1.14.0  
   > OpenTelemetry.Instrumentation.Http               1.14.0       1.14.0  

(A) : Auto-referenced package.

real	0m1.758s
user	0m1.772s
sys	0m0.342s
Restore complete (0.5s)

Build succeeded in 0.6s

The following sources were used:
   https://api.nuget.org/v3/index.json

The given project `MyBlog.Core` has no updates given the current sources.
The given project `MyBlog.Infrastructure` has no updates given the current sources.
The given project `MyBlog.Tests` has no updates given the current sources.
The given project `MyBlog.Web` has no updates given the current sources.

real	0m1.983s
user	0m1.971s
sys	0m0.392s
kushal@syn-2600-6c56-9840-001d-0000-0000-0000-1157:~/src/dotnet/MyBlog/src$ time dotnet test --testing-platform
MSBUILD : error MSB1001: Unknown switch.
    Full command line: '/usr/lib64/dotnet/sdk/10.0.101/MSBuild.dll -maxcpucount --verbosity:m -tlp:default=auto --property:VsTestUseMSBuildOutput=true --property:NuGetInteractive=true --property:VSTestArtifactsProcessingMode=collect --property:VSTestSessionCorrelationId=436221_f506949a-7693-4134-b5fb-fdad9f0783aa --restoreProperty:VsTestUseMSBuildOutput=true --restoreProperty:NuGetInteractive=true --restoreProperty:VSTestArtifactsProcessingMode=collect --restoreProperty:VSTestSessionCorrelationId=436221_f506949a-7693-4134-b5fb-fdad9f0783aa --restoreProperty:EnableDefaultCompileItems=false --restoreProperty:EnableDefaultEmbeddedResourceItems=false --restoreProperty:EnableDefaultNoneItems=false --target:VSTest -nologo --testing-platform -restore'
  Switches appended by response files:
Switch: --testing-platform

For switch syntax, type "MSBuild -help"

real	0m0.147s
user	0m0.124s
sys	0m0.034s
kushal@syn-2600-6c56-9840-001d-0000-0000-0000-1157:~/src/dotnet/MyBlog/src$ time dotnet run --project MyBlog.Tests/MyBlog.Tests.csproj
xUnit.net v3 In-Process Runner v3.2.1+a9cfb80929 (64-bit .NET 10.0.1)
  Discovering: MyBlog.Tests
  Discovered:  MyBlog.Tests
  Starting:    MyBlog.Tests
  Finished:    MyBlog.Tests (ID = '24cedafe73dab5684218bb3cf04cfd49ae8ce3b87ae799399cb2e301cbc1e755')
=== TEST EXECUTION SUMMARY ===
   MyBlog.Tests  Total: 70, Errors: 0, Failed: 0, Skipped: 0, Not Run: 0, Time: 41.537s

real	0m44.372s
user	0m47.803s
sys	0m0.703s
kushal@syn-2600-6c56-9840-001d-0000-0000-0000-1157:~/src/dotnet/MyBlog/src$ DOTNET_TEST_USE_MODERN_OUTPUT=1 dotnet test MyBlog.slnx --testing-platform --report-trx
MSBUILD : error MSB1001: Unknown switch.
    Full command line: '/usr/lib64/dotnet/sdk/10.0.101/MSBuild.dll -maxcpucount --verbosity:m -tlp:default=auto --property:VsTestUseMSBuildOutput=true --property:NuGetInteractive=true --property:VSTestArtifactsProcessingMode=collect --property:VSTestSessionCorrelationId=443486_fbe43b6f-8eab-4019-a711-7f8349d91d2d --restoreProperty:VsTestUseMSBuildOutput=true --restoreProperty:NuGetInteractive=true --restoreProperty:VSTestArtifactsProcessingMode=collect --restoreProperty:VSTestSessionCorrelationId=443486_fbe43b6f-8eab-4019-a711-7f8349d91d2d --restoreProperty:EnableDefaultCompileItems=false --restoreProperty:EnableDefaultEmbeddedResourceItems=false --restoreProperty:EnableDefaultNoneItems=false --target:VSTest -nologo MyBlog.slnx --testing-platform --report-trx -restore'
  Switches appended by response files:
Switch: --testing-platform

For switch syntax, type "MSBuild -help"
kushal@syn-2600-6c56-9840-001d-0000-0000-0000-1157:~/src/dotnet/MyBlog/src$ cd ~/src/dotnet/MyBlog/; time bash export.sh; cd ~/src/dotnet/MyBlog/src/; time dotnet format; time dotnet restore; time dotnet clean; time dotnet build; time dotnet test; dotnet run --project src/MyBlog.Tests/MyBlog.Tests.csproj; time dotnet list package; time dotnet list package --outdated;
==============================================
  Project Export for LLM Analysis
==============================================

Project Path: /home/kushal/src/dotnet/MyBlog
Output File:  docs/llm/dump.txt

Generating directory structure...
Collecting files...
Found 73 files to export

Processing (1/73): export.sh
Processing (2/73): fix-all-forms.sh
Processing (3/73): fix-auth-architecture.sh
Processing (4/73): fix-blazor-interactivity.sh
Processing (5/73): fix-login-logout.sh
Processing (6/73): fix-ordered-lists.sh
Processing (7/73): fix-program-cs.sh
Processing (8/73): fix-update-claims.sh
Processing (9/73): gemini.sh
Processing (10/73): .github/workflows/build-deploy.yml
Processing (11/73): .gitignore
Processing (12/73): implement-user-management.sh
Processing (13/73): README.md
Processing (14/73): src/Directory.Build.props
Processing (15/73): src/Directory.Packages.props
Processing (16/73): src/.editorconfig
Processing (17/73): src/fix-changepassword-and-tests.sh
Processing (18/73): src/fix-rate-limit.sh
Processing (19/73): src/generate-myblog.sh
Processing (20/73): src/.github/workflows/build-deploy.yml
Processing (21/73): src/global.json
Processing (22/73): src/MyBlog.Core/Constants/AppConstants.cs
Processing (23/73): src/MyBlog.Core/Interfaces/IAuthService.cs
Processing (24/73): src/MyBlog.Core/Interfaces/IImageRepository.cs
Processing (25/73): src/MyBlog.Core/Interfaces/IMarkdownService.cs
Processing (26/73): src/MyBlog.Core/Interfaces/IPasswordService.cs
Processing (27/73): src/MyBlog.Core/Interfaces/IPostRepository.cs
Processing (28/73): src/MyBlog.Core/Interfaces/ISlugService.cs
Processing (29/73): src/MyBlog.Core/Interfaces/ITelemetryLogRepository.cs
Processing (30/73): src/MyBlog.Core/Interfaces/IUserRepository.cs
Processing (31/73): src/MyBlog.Core/Models/Image.cs
Processing (32/73): src/MyBlog.Core/Models/Post.cs
Processing (33/73): src/MyBlog.Core/Models/PostDto.cs
Processing (34/73): src/MyBlog.Core/Models/TelemetryLog.cs
Processing (35/73): src/MyBlog.Core/Models/User.cs
Processing (36/73): src/MyBlog.Core/MyBlog.Core.csproj
Processing (37/73): src/MyBlog.Core/Services/MarkdownService.cs
Processing (38/73): src/MyBlog.Core/Services/SlugService.cs
Processing (39/73): src/MyBlog.Infrastructure/Data/BlogDbContext.cs
Processing (40/73): src/MyBlog.Infrastructure/Data/DatabasePathResolver.cs
Processing (41/73): src/MyBlog.Infrastructure/MyBlog.Infrastructure.csproj
Processing (42/73): src/MyBlog.Infrastructure/Repositories/ImageRepository.cs
Processing (43/73): src/MyBlog.Infrastructure/Repositories/PostRepository.cs
Processing (44/73): src/MyBlog.Infrastructure/Repositories/TelemetryLogRepository.cs
Processing (45/73): src/MyBlog.Infrastructure/Repositories/UserRepository.cs
Processing (46/73): src/MyBlog.Infrastructure/ServiceCollectionExtensions.cs
Processing (47/73): src/MyBlog.Infrastructure/Services/AuthService.cs
Processing (48/73): src/MyBlog.Infrastructure/Services/PasswordService.cs
Processing (49/73): src/MyBlog.Infrastructure/Services/TelemetryCleanupService.cs
Processing (50/73): src/MyBlog.Infrastructure/Telemetry/DatabaseLogExporter.cs
Processing (51/73): src/MyBlog.Infrastructure/Telemetry/FileLogExporter.cs
Processing (52/73): src/MyBlog.Infrastructure/Telemetry/TelemetryPathResolver.cs
Processing (53/73): src/MyBlog.slnx
Processing (54/73): src/MyBlog.Tests/Integration/AuthServiceLongPasswordTests.cs
Processing (55/73): src/MyBlog.Tests/Integration/AuthServiceTests.cs
Processing (56/73): src/MyBlog.Tests/Integration/PasswordChangeTests.cs
Processing (57/73): src/MyBlog.Tests/Integration/PostRepositoryTests.cs
Processing (58/73): src/MyBlog.Tests/Integration/TelemetryCleanupTests.cs
Processing (59/73): src/MyBlog.Tests/MyBlog.Tests.csproj
Processing (60/73): src/MyBlog.Tests/Unit/LoginRateLimitMiddlewareTests.cs
Processing (61/73): src/MyBlog.Tests/Unit/MarkdownServiceTests.cs
Processing (62/73): src/MyBlog.Tests/Unit/PasswordServiceTests.cs
Processing (63/73): src/MyBlog.Tests/Unit/SlugServiceTests.cs
Processing (64/73): src/MyBlog.Web/appsettings.Development.json
Processing (65/73): src/MyBlog.Web/appsettings.json
Processing (66/73): src/MyBlog.Web/Components/Pages/Admin/UserEditor.razor.css
Processing (67/73): src/MyBlog.Web/Middleware/LoginRateLimitMiddleware.cs
Processing (68/73): src/MyBlog.Web/MyBlog.Web.csproj
Processing (69/73): src/MyBlog.Web/Program.cs
Processing (70/73): src/MyBlog.Web/wwwroot/css/site.css
Processing (71/73): src/run.sh
Processing (72/73): src/test.sh
Processing (73/73): src/upgrade-myblog.sh

==============================================
  Export Complete!
==============================================

Output file:    docs/llm/dump.txt
Files exported: 73
Files skipped:  0
Output size:    451.59 KB

File types included:
  • Source code: .cs, .fs, .vb
  • UI/XAML: .axaml, .xaml, .paml
  • Projects: .csproj, .slnx, .sln, .props, .targets
  • Config: .json, .yaml, .yml, .xml, .config
  • Docs: .md, .txt
  • Scripts: .sh, .ps1, .cmd, .bat
  • Other: .sql, .resx, .css, .scss, Dockerfile, etc.


real	0m0.779s
user	0m0.420s
sys	0m0.515s

real	0m9.007s
user	0m15.823s
sys	0m1.029s
Restore complete (0.5s)

Build succeeded in 0.6s

real	0m0.772s
user	0m0.831s
sys	0m0.138s

Build succeeded in 0.5s

real	0m0.707s
user	0m0.736s
sys	0m0.128s
Restore complete (0.5s)
  MyBlog.Core net10.0 succeeded (0.3s) → MyBlog.Core/bin/Debug/net10.0/MyBlog.Core.dll
  MyBlog.Infrastructure net10.0 succeeded (0.1s) → MyBlog.Infrastructure/bin/Debug/net10.0/MyBlog.Infrastructure.dll
  MyBlog.Web net10.0 succeeded (0.5s) → MyBlog.Web/bin/Debug/net10.0/MyBlog.Web.dll
  MyBlog.Tests net10.0 succeeded (0.2s) → MyBlog.Tests/bin/Debug/net10.0/MyBlog.Tests.dll

Build succeeded in 1.8s

real	0m2.015s
user	0m1.495s
sys	0m0.264s
Restore complete (0.5s)
  MyBlog.Tests net10.0 failed with 1 error(s) (0.0s)
    /home/kushal/.nuget/packages/microsoft.testing.platform.msbuild/2.0.2/buildMultiTargeting/Microsoft.Testing.Platform.MSBuild.targets(263,5): error Testing with VSTest target is no longer supported by Microsoft.Testing.Platform on .NET 10 SDK and later. If you use dotnet test, you should opt-in to the new dotnet test experience. For more information, see https://aka.ms/dotnet-test-mtp-error

Build failed with 1 error(s) in 0.7s

real	0m0.918s
user	0m1.010s
sys	0m0.172s
The provided file path does not exist: src/MyBlog.Tests/MyBlog.Tests.csproj.
Restore complete (0.5s)

Build succeeded in 0.6s
Project 'MyBlog.Core' has the following package references
   [net10.0]: No packages were found for this framework.
Project 'MyBlog.Infrastructure' has the following package references
   [net10.0]: 
   Top-level Package                           Requested   Resolved
   > Microsoft.AspNetCore.Identity             2.3.1       2.3.1   
   > Microsoft.EntityFrameworkCore.Sqlite      10.0.1      10.0.1  
   > OpenTelemetry                             1.14.0      1.14.0  

Project 'MyBlog.Tests' has the following package references
   [net10.0]: 
   Top-level Package                             Requested   Resolved
   > Microsoft.EntityFrameworkCore.Sqlite        10.0.1      10.0.1  
   > Microsoft.NET.Test.Sdk                      18.0.1      18.0.1  
   > Microsoft.Testing.Extensions.TrxReport      1.8.1       1.8.1   
   > Microsoft.Testing.Platform.MSBuild          2.0.2       2.0.2   
   > xunit.runner.visualstudio                   3.1.5       3.1.5   
   > xunit.v3                                    3.2.1       3.2.1   

Project 'MyBlog.Web' has the following package references
   [net10.0]: 
   Top-level Package                                  Requested    Resolved
   > Microsoft.AspNetCore.App.Internal.Assets   (A)   [10.0.1, )   10.0.1  
   > OpenTelemetry.Exporter.Console                   1.14.0       1.14.0  
   > OpenTelemetry.Extensions.Hosting                 1.14.0       1.14.0  
   > OpenTelemetry.Instrumentation.AspNetCore         1.14.0       1.14.0  
   > OpenTelemetry.Instrumentation.Http               1.14.0       1.14.0  

(A) : Auto-referenced package.

real	0m1.754s
user	0m1.763s
sys	0m0.351s
Restore complete (0.5s)

Build succeeded in 0.6s

The following sources were used:
   https://api.nuget.org/v3/index.json

The given project `MyBlog.Core` has no updates given the current sources.
The given project `MyBlog.Infrastructure` has no updates given the current sources.
Project `MyBlog.Tests` has the following updates to its packages
   [net10.0]: 
   Top-level Package                             Requested   Resolved   Latest
   > Microsoft.Testing.Extensions.TrxReport      1.8.1       1.8.1      2.0.2 

The given project `MyBlog.Web` has no updates given the current sources.

real	0m2.506s
user	0m2.157s
sys	0m0.394s
kushal@syn-2600-6c56-9840-001d-0000-0000-0000-1157:~/src/dotnet/MyBlog/src$ DOTNET_TEST_USE_MODERN_OUTPUT=1 dotnet test MyBlog.slnx --testing-platform --report-trx
MSBUILD : error MSB1001: Unknown switch.
    Full command line: '/usr/lib64/dotnet/sdk/10.0.101/MSBuild.dll -maxcpucount --verbosity:m -tlp:default=auto --property:VsTestUseMSBuildOutput=true --property:NuGetInteractive=true --property:VSTestArtifactsProcessingMode=collect --property:VSTestSessionCorrelationId=446407_1b2d144e-6f98-44a3-bac2-cfa75e38b112 --restoreProperty:VsTestUseMSBuildOutput=true --restoreProperty:NuGetInteractive=true --restoreProperty:VSTestArtifactsProcessingMode=collect --restoreProperty:VSTestSessionCorrelationId=446407_1b2d144e-6f98-44a3-bac2-cfa75e38b112 --restoreProperty:EnableDefaultCompileItems=false --restoreProperty:EnableDefaultEmbeddedResourceItems=false --restoreProperty:EnableDefaultNoneItems=false --target:VSTest -nologo MyBlog.slnx --testing-platform --report-trx -restore'
  Switches appended by response files:
Switch: --testing-platform

For switch syntax, type "MSBuild -help"
kushal@syn-2600-6c56-9840-001d-0000-0000-0000-1157:~/src/dotnet/MyBlog/src$ DOTNET_TEST_USE_MODERN_OUTPUT=1 dotnet test MyBlog.slnx --testing-platform --report-trx
MSBUILD : error MSB1001: Unknown switch.
    Full command line: '/usr/lib64/dotnet/sdk/10.0.101/MSBuild.dll -maxcpucount --verbosity:m -tlp:default=auto --property:VsTestUseMSBuildOutput=true --property:NuGetInteractive=true --property:VSTestArtifactsProcessingMode=collect --property:VSTestSessionCorrelationId=449470_63b5e8c6-6953-4ef0-a68e-6ef6a9d85853 --restoreProperty:VsTestUseMSBuildOutput=true --restoreProperty:NuGetInteractive=true --restoreProperty:VSTestArtifactsProcessingMode=collect --restoreProperty:VSTestSessionCorrelationId=449470_63b5e8c6-6953-4ef0-a68e-6ef6a9d85853 --restoreProperty:EnableDefaultCompileItems=false --restoreProperty:EnableDefaultEmbeddedResourceItems=false --restoreProperty:EnableDefaultNoneItems=false --target:VSTest -nologo MyBlog.slnx --testing-platform --report-trx -restore'
  Switches appended by response files:
Switch: --testing-platform

For switch syntax, type "MSBuild -help"
kushal@syn-2600-6c56-9840-001d-0000-0000-0000-1157:~/src/dotnet/MyBlog/src$ cd ~/src/dotnet/MyBlog/; time bash export.sh; cd ~/src/dotnet/MyBlog/src/; time dotnet format; time dotnet restore; time dotnet clean; time dotnet build; time dotnet test; dotnet run --project src/MyBlog.Tests/MyBlog.Tests.csproj; time dotnet list package; time dotnet list package --outdated;
==============================================
  Project Export for LLM Analysis
==============================================

Project Path: /home/kushal/src/dotnet/MyBlog
Output File:  docs/llm/dump.txt

Generating directory structure...
Collecting files...
Found 73 files to export

Processing (1/73): export.sh
Processing (2/73): fix-all-forms.sh
Processing (3/73): fix-auth-architecture.sh
Processing (4/73): fix-blazor-interactivity.sh
Processing (5/73): fix-login-logout.sh
Processing (6/73): fix-ordered-lists.sh
Processing (7/73): fix-program-cs.sh
Processing (8/73): fix-update-claims.sh
Processing (9/73): gemini.sh
Processing (10/73): .github/workflows/build-deploy.yml
Processing (11/73): .gitignore
Processing (12/73): implement-user-management.sh
Processing (13/73): README.md
Processing (14/73): src/Directory.Build.props
Processing (15/73): src/Directory.Packages.props
Processing (16/73): src/.editorconfig
Processing (17/73): src/fix-changepassword-and-tests.sh
Processing (18/73): src/fix-rate-limit.sh
Processing (19/73): src/generate-myblog.sh
Processing (20/73): src/.github/workflows/build-deploy.yml
Processing (21/73): src/global.json
Processing (22/73): src/MyBlog.Core/Constants/AppConstants.cs
Processing (23/73): src/MyBlog.Core/Interfaces/IAuthService.cs
Processing (24/73): src/MyBlog.Core/Interfaces/IImageRepository.cs
Processing (25/73): src/MyBlog.Core/Interfaces/IMarkdownService.cs
Processing (26/73): src/MyBlog.Core/Interfaces/IPasswordService.cs
Processing (27/73): src/MyBlog.Core/Interfaces/IPostRepository.cs
Processing (28/73): src/MyBlog.Core/Interfaces/ISlugService.cs
Processing (29/73): src/MyBlog.Core/Interfaces/ITelemetryLogRepository.cs
Processing (30/73): src/MyBlog.Core/Interfaces/IUserRepository.cs
Processing (31/73): src/MyBlog.Core/Models/Image.cs
Processing (32/73): src/MyBlog.Core/Models/Post.cs
Processing (33/73): src/MyBlog.Core/Models/PostDto.cs
Processing (34/73): src/MyBlog.Core/Models/TelemetryLog.cs
Processing (35/73): src/MyBlog.Core/Models/User.cs
Processing (36/73): src/MyBlog.Core/MyBlog.Core.csproj
Processing (37/73): src/MyBlog.Core/Services/MarkdownService.cs
Processing (38/73): src/MyBlog.Core/Services/SlugService.cs
Processing (39/73): src/MyBlog.Infrastructure/Data/BlogDbContext.cs
Processing (40/73): src/MyBlog.Infrastructure/Data/DatabasePathResolver.cs
Processing (41/73): src/MyBlog.Infrastructure/MyBlog.Infrastructure.csproj
Processing (42/73): src/MyBlog.Infrastructure/Repositories/ImageRepository.cs
Processing (43/73): src/MyBlog.Infrastructure/Repositories/PostRepository.cs
Processing (44/73): src/MyBlog.Infrastructure/Repositories/TelemetryLogRepository.cs
Processing (45/73): src/MyBlog.Infrastructure/Repositories/UserRepository.cs
Processing (46/73): src/MyBlog.Infrastructure/ServiceCollectionExtensions.cs
Processing (47/73): src/MyBlog.Infrastructure/Services/AuthService.cs
Processing (48/73): src/MyBlog.Infrastructure/Services/PasswordService.cs
Processing (49/73): src/MyBlog.Infrastructure/Services/TelemetryCleanupService.cs
Processing (50/73): src/MyBlog.Infrastructure/Telemetry/DatabaseLogExporter.cs
Processing (51/73): src/MyBlog.Infrastructure/Telemetry/FileLogExporter.cs
Processing (52/73): src/MyBlog.Infrastructure/Telemetry/TelemetryPathResolver.cs
Processing (53/73): src/MyBlog.slnx
Processing (54/73): src/MyBlog.Tests/Integration/AuthServiceLongPasswordTests.cs
Processing (55/73): src/MyBlog.Tests/Integration/AuthServiceTests.cs
Processing (56/73): src/MyBlog.Tests/Integration/PasswordChangeTests.cs
Processing (57/73): src/MyBlog.Tests/Integration/PostRepositoryTests.cs
Processing (58/73): src/MyBlog.Tests/Integration/TelemetryCleanupTests.cs
Processing (59/73): src/MyBlog.Tests/MyBlog.Tests.csproj
Processing (60/73): src/MyBlog.Tests/Unit/LoginRateLimitMiddlewareTests.cs
Processing (61/73): src/MyBlog.Tests/Unit/MarkdownServiceTests.cs
Processing (62/73): src/MyBlog.Tests/Unit/PasswordServiceTests.cs
Processing (63/73): src/MyBlog.Tests/Unit/SlugServiceTests.cs
Processing (64/73): src/MyBlog.Web/appsettings.Development.json
Processing (65/73): src/MyBlog.Web/appsettings.json
Processing (66/73): src/MyBlog.Web/Components/Pages/Admin/UserEditor.razor.css
Processing (67/73): src/MyBlog.Web/Middleware/LoginRateLimitMiddleware.cs
Processing (68/73): src/MyBlog.Web/MyBlog.Web.csproj
Processing (69/73): src/MyBlog.Web/Program.cs
Processing (70/73): src/MyBlog.Web/wwwroot/css/site.css
Processing (71/73): src/run.sh
Processing (72/73): src/test.sh
Processing (73/73): src/upgrade-myblog.sh

==============================================
  Export Complete!
==============================================

Output file:    docs/llm/dump.txt
Files exported: 73
Files skipped:  0
Output size:    451.47 KB

File types included:
  • Source code: .cs, .fs, .vb
  • UI/XAML: .axaml, .xaml, .paml
  • Projects: .csproj, .slnx, .sln, .props, .targets
  • Config: .json, .yaml, .yml, .xml, .config
  • Docs: .md, .txt
  • Scripts: .sh, .ps1, .cmd, .bat
  • Other: .sql, .resx, .css, .scss, Dockerfile, etc.


real	0m0.771s
user	0m0.423s
sys	0m0.506s

real	0m8.475s
user	0m13.719s
sys	0m1.026s
Restore complete (0.5s)

Build succeeded in 0.6s

real	0m0.776s
user	0m0.827s
sys	0m0.149s

Build succeeded in 0.5s

real	0m0.724s
user	0m0.755s
sys	0m0.136s
Restore complete (0.5s)
  MyBlog.Core net10.0 succeeded (0.3s) → MyBlog.Core/bin/Debug/net10.0/MyBlog.Core.dll
  MyBlog.Infrastructure net10.0 succeeded (0.1s) → MyBlog.Infrastructure/bin/Debug/net10.0/MyBlog.Infrastructure.dll
  MyBlog.Web net10.0 succeeded (0.5s) → MyBlog.Web/bin/Debug/net10.0/MyBlog.Web.dll
  MyBlog.Tests net10.0 succeeded (0.2s) → MyBlog.Tests/bin/Debug/net10.0/MyBlog.Tests.dll

Build succeeded in 1.8s

real	0m1.986s
user	0m1.384s
sys	0m0.329s
Restore complete (0.5s)
  MyBlog.Tests net10.0 failed with 1 error(s) (0.0s)
    /home/kushal/.nuget/packages/microsoft.testing.platform.msbuild/2.0.2/buildMultiTargeting/Microsoft.Testing.Platform.MSBuild.targets(263,5): error Testing with VSTest target is no longer supported by Microsoft.Testing.Platform on .NET 10 SDK and later. If you use dotnet test, you should opt-in to the new dotnet test experience. For more information, see https://aka.ms/dotnet-test-mtp-error

Build failed with 1 error(s) in 0.7s

real	0m0.881s
user	0m0.978s
sys	0m0.156s
The provided file path does not exist: src/MyBlog.Tests/MyBlog.Tests.csproj.
Restore complete (0.5s)

Build succeeded in 0.6s
Project 'MyBlog.Core' has the following package references
   [net10.0]: No packages were found for this framework.
Project 'MyBlog.Infrastructure' has the following package references
   [net10.0]: 
   Top-level Package                           Requested   Resolved
   > Microsoft.AspNetCore.Identity             2.3.1       2.3.1   
   > Microsoft.EntityFrameworkCore.Sqlite      10.0.1      10.0.1  
   > OpenTelemetry                             1.14.0      1.14.0  

Project 'MyBlog.Tests' has the following package references
   [net10.0]: 
   Top-level Package                             Requested   Resolved
   > Microsoft.EntityFrameworkCore.Sqlite        10.0.1      10.0.1  
   > Microsoft.Testing.Extensions.TrxReport      2.0.2       2.0.2   
   > xunit.runner.visualstudio                   3.1.5       3.1.5   
   > xunit.v3                                    3.2.1       3.2.1   

Project 'MyBlog.Web' has the following package references
   [net10.0]: 
   Top-level Package                                  Requested    Resolved
   > Microsoft.AspNetCore.App.Internal.Assets   (A)   [10.0.1, )   10.0.1  
   > OpenTelemetry.Exporter.Console                   1.14.0       1.14.0  
   > OpenTelemetry.Extensions.Hosting                 1.14.0       1.14.0  
   > OpenTelemetry.Instrumentation.AspNetCore         1.14.0       1.14.0  
   > OpenTelemetry.Instrumentation.Http               1.14.0       1.14.0  

(A) : Auto-referenced package.

real	0m1.726s
user	0m1.725s
sys	0m0.354s
Restore complete (0.5s)

Build succeeded in 0.6s

The following sources were used:
   https://api.nuget.org/v3/index.json

The given project `MyBlog.Core` has no updates given the current sources.
The given project `MyBlog.Infrastructure` has no updates given the current sources.
The given project `MyBlog.Tests` has no updates given the current sources.
The given project `MyBlog.Web` has no updates given the current sources.

real	0m2.777s
user	0m2.119s
sys	0m0.397s
kushal@syn-2600-6c56-9840-001d-0000-0000-0000-1157:~/src/dotnet/MyBlog/src$ DOTNET_TEST_USE_MODERN_OUTPUT=1 dotnet test MyBlog.slnx --testing-platform --report-trx
MSBUILD : error MSB1001: Unknown switch.
    Full command line: '/usr/lib64/dotnet/sdk/10.0.101/MSBuild.dll -maxcpucount --verbosity:m -tlp:default=auto --property:VsTestUseMSBuildOutput=true --property:NuGetInteractive=true --property:VSTestArtifactsProcessingMode=collect --property:VSTestSessionCorrelationId=452552_db4bd5b8-19be-4bf3-9564-36e286bdd9df --restoreProperty:VsTestUseMSBuildOutput=true --restoreProperty:NuGetInteractive=true --restoreProperty:VSTestArtifactsProcessingMode=collect --restoreProperty:VSTestSessionCorrelationId=452552_db4bd5b8-19be-4bf3-9564-36e286bdd9df --restoreProperty:EnableDefaultCompileItems=false --restoreProperty:EnableDefaultEmbeddedResourceItems=false --restoreProperty:EnableDefaultNoneItems=false --target:VSTest -nologo MyBlog.slnx --testing-platform --report-trx -restore'
  Switches appended by response files:
Switch: --testing-platform

For switch syntax, type "MSBuild -help"
kushal@syn-2600-6c56-9840-001d-0000-0000-0000-1157:~/src/dotnet/MyBlog/src$ DOTNET_TEST_USE_MODERN_OUTPUT=1 dotnet test MyBlog.slnx -- --testing-platform --report-trx
Restore complete (0.5s)
  MyBlog.Tests net10.0 failed with 1 error(s) (0.0s)
    /home/kushal/.nuget/packages/microsoft.testing.platform.msbuild/2.0.2/buildMultiTargeting/Microsoft.Testing.Platform.MSBuild.targets(263,5): error Testing with VSTest target is no longer supported by Microsoft.Testing.Platform on .NET 10 SDK and later. If you use dotnet test, you should opt-in to the new dotnet test experience. For more information, see https://aka.ms/dotnet-test-mtp-error

Build failed with 1 error(s) in 0.7s
kushal@syn-2600-6c56-9840-001d-0000-0000-0000-1157:~/src/dotnet/MyBlog/src$ dotnet run --project MyBlog.Tests/MyBlog.Tests.csproj -- --report-trx
error: unknown option: --report-trx
kushal@syn-2600-6c56-9840-001d-0000-0000-0000-1157:~/src/dotnet/MyBlog/src$ time dotnet test MyBlog.slnx --report-trx
MSBUILD : error MSB1001: Unknown switch.
    Full command line: '/usr/lib64/dotnet/sdk/10.0.101/MSBuild.dll -maxcpucount --verbosity:m -tlp:default=auto --property:VsTestUseMSBuildOutput=true --property:NuGetInteractive=true --property:VSTestArtifactsProcessingMode=collect --property:VSTestSessionCorrelationId=455020_2ae72e71-d06e-4a4c-846f-696dc3971753 --restoreProperty:VsTestUseMSBuildOutput=true --restoreProperty:NuGetInteractive=true --restoreProperty:VSTestArtifactsProcessingMode=collect --restoreProperty:VSTestSessionCorrelationId=455020_2ae72e71-d06e-4a4c-846f-696dc3971753 --restoreProperty:EnableDefaultCompileItems=false --restoreProperty:EnableDefaultEmbeddedResourceItems=false --restoreProperty:EnableDefaultNoneItems=false --target:VSTest -nologo MyBlog.slnx --report-trx -restore'
  Switches appended by response files:
Switch: --report-trx

For switch syntax, type "MSBuild -help"

real	0m0.148s
user	0m0.126s
sys	0m0.033s
kushal@syn-2600-6c56-9840-001d-0000-0000-0000-1157:~/src/dotnet/MyBlog/src$ cd ~/src/dotnet/MyBlog/; time bash export.sh; cd ~/src/dotnet/MyBlog/src/; time dotnet format; time dotnet restore; time dotnet clean; time dotnet build; time dotnet test; dotnet run --project src/MyBlog.Tests/MyBlog.Tests.csproj; time dotnet list package; time dotnet list package --outdated;
==============================================
  Project Export for LLM Analysis
==============================================

Project Path: /home/kushal/src/dotnet/MyBlog
Output File:  docs/llm/dump.txt

Generating directory structure...
Collecting files...
Found 73 files to export

Processing (1/73): export.sh
Processing (2/73): fix-all-forms.sh
Processing (3/73): fix-auth-architecture.sh
Processing (4/73): fix-blazor-interactivity.sh
Processing (5/73): fix-login-logout.sh
Processing (6/73): fix-ordered-lists.sh
Processing (7/73): fix-program-cs.sh
Processing (8/73): fix-update-claims.sh
Processing (9/73): gemini.sh
Processing (10/73): .github/workflows/build-deploy.yml
Processing (11/73): .gitignore
Processing (12/73): implement-user-management.sh
Processing (13/73): README.md
Processing (14/73): src/Directory.Build.props
Processing (15/73): src/Directory.Packages.props
Processing (16/73): src/.editorconfig
Processing (17/73): src/fix-changepassword-and-tests.sh
Processing (18/73): src/fix-rate-limit.sh
Processing (19/73): src/generate-myblog.sh
Processing (20/73): src/.github/workflows/build-deploy.yml
Processing (21/73): src/global.json
Processing (22/73): src/MyBlog.Core/Constants/AppConstants.cs
Processing (23/73): src/MyBlog.Core/Interfaces/IAuthService.cs
Processing (24/73): src/MyBlog.Core/Interfaces/IImageRepository.cs
Processing (25/73): src/MyBlog.Core/Interfaces/IMarkdownService.cs
Processing (26/73): src/MyBlog.Core/Interfaces/IPasswordService.cs
Processing (27/73): src/MyBlog.Core/Interfaces/IPostRepository.cs
Processing (28/73): src/MyBlog.Core/Interfaces/ISlugService.cs
Processing (29/73): src/MyBlog.Core/Interfaces/ITelemetryLogRepository.cs
Processing (30/73): src/MyBlog.Core/Interfaces/IUserRepository.cs
Processing (31/73): src/MyBlog.Core/Models/Image.cs
Processing (32/73): src/MyBlog.Core/Models/Post.cs
Processing (33/73): src/MyBlog.Core/Models/PostDto.cs
Processing (34/73): src/MyBlog.Core/Models/TelemetryLog.cs
Processing (35/73): src/MyBlog.Core/Models/User.cs
Processing (36/73): src/MyBlog.Core/MyBlog.Core.csproj
Processing (37/73): src/MyBlog.Core/Services/MarkdownService.cs
Processing (38/73): src/MyBlog.Core/Services/SlugService.cs
Processing (39/73): src/MyBlog.Infrastructure/Data/BlogDbContext.cs
Processing (40/73): src/MyBlog.Infrastructure/Data/DatabasePathResolver.cs
Processing (41/73): src/MyBlog.Infrastructure/MyBlog.Infrastructure.csproj
Processing (42/73): src/MyBlog.Infrastructure/Repositories/ImageRepository.cs
Processing (43/73): src/MyBlog.Infrastructure/Repositories/PostRepository.cs
Processing (44/73): src/MyBlog.Infrastructure/Repositories/TelemetryLogRepository.cs
Processing (45/73): src/MyBlog.Infrastructure/Repositories/UserRepository.cs
Processing (46/73): src/MyBlog.Infrastructure/ServiceCollectionExtensions.cs
Processing (47/73): src/MyBlog.Infrastructure/Services/AuthService.cs
Processing (48/73): src/MyBlog.Infrastructure/Services/PasswordService.cs
Processing (49/73): src/MyBlog.Infrastructure/Services/TelemetryCleanupService.cs
Processing (50/73): src/MyBlog.Infrastructure/Telemetry/DatabaseLogExporter.cs
Processing (51/73): src/MyBlog.Infrastructure/Telemetry/FileLogExporter.cs
Processing (52/73): src/MyBlog.Infrastructure/Telemetry/TelemetryPathResolver.cs
Processing (53/73): src/MyBlog.slnx
Processing (54/73): src/MyBlog.Tests/Integration/AuthServiceLongPasswordTests.cs
Processing (55/73): src/MyBlog.Tests/Integration/AuthServiceTests.cs
Processing (56/73): src/MyBlog.Tests/Integration/PasswordChangeTests.cs
Processing (57/73): src/MyBlog.Tests/Integration/PostRepositoryTests.cs
Processing (58/73): src/MyBlog.Tests/Integration/TelemetryCleanupTests.cs
Processing (59/73): src/MyBlog.Tests/MyBlog.Tests.csproj
Processing (60/73): src/MyBlog.Tests/Unit/LoginRateLimitMiddlewareTests.cs
Processing (61/73): src/MyBlog.Tests/Unit/MarkdownServiceTests.cs
Processing (62/73): src/MyBlog.Tests/Unit/PasswordServiceTests.cs
Processing (63/73): src/MyBlog.Tests/Unit/SlugServiceTests.cs
Processing (64/73): src/MyBlog.Web/appsettings.Development.json
Processing (65/73): src/MyBlog.Web/appsettings.json
Processing (66/73): src/MyBlog.Web/Components/Pages/Admin/UserEditor.razor.css
Processing (67/73): src/MyBlog.Web/Middleware/LoginRateLimitMiddleware.cs
Processing (68/73): src/MyBlog.Web/MyBlog.Web.csproj
Processing (69/73): src/MyBlog.Web/Program.cs
Processing (70/73): src/MyBlog.Web/wwwroot/css/site.css
Processing (71/73): src/run.sh
Processing (72/73): src/test.sh
Processing (73/73): src/upgrade-myblog.sh

==============================================
  Export Complete!
==============================================

Output file:    docs/llm/dump.txt
Files exported: 73
Files skipped:  0
Output size:    451.47 KB

File types included:
  • Source code: .cs, .fs, .vb
  • UI/XAML: .axaml, .xaml, .paml
  • Projects: .csproj, .slnx, .sln, .props, .targets
  • Config: .json, .yaml, .yml, .xml, .config
  • Docs: .md, .txt
  • Scripts: .sh, .ps1, .cmd, .bat
  • Other: .sql, .resx, .css, .scss, Dockerfile, etc.


real	0m0.758s
user	0m0.411s
sys	0m0.505s

real	0m8.516s
user	0m13.838s
sys	0m1.015s
Restore complete (0.5s)

Build succeeded in 0.6s

real	0m0.811s
user	0m0.878s
sys	0m0.138s

Build succeeded in 0.6s

real	0m0.732s
user	0m0.744s
sys	0m0.153s
Restore complete (0.5s)
  MyBlog.Core net10.0 succeeded (0.3s) → MyBlog.Core/bin/Debug/net10.0/MyBlog.Core.dll
  MyBlog.Infrastructure net10.0 succeeded (0.1s) → MyBlog.Infrastructure/bin/Debug/net10.0/MyBlog.Infrastructure.dll
  MyBlog.Web net10.0 succeeded (0.4s) → MyBlog.Web/bin/Debug/net10.0/MyBlog.Web.dll
  MyBlog.Tests net10.0 succeeded (0.2s) → MyBlog.Tests/bin/Debug/net10.0/MyBlog.Tests.dll

Build succeeded in 1.8s

real	0m1.959s
user	0m1.381s
sys	0m0.328s
Restore complete (0.5s)
  MyBlog.Tests net10.0 failed with 1 error(s) (0.0s)
    /home/kushal/.nuget/packages/microsoft.testing.platform.msbuild/2.0.2/buildMultiTargeting/Microsoft.Testing.Platform.MSBuild.targets(263,5): error Testing with VSTest target is no longer supported by Microsoft.Testing.Platform on .NET 10 SDK and later. If you use dotnet test, you should opt-in to the new dotnet test experience. For more information, see https://aka.ms/dotnet-test-mtp-error

Build failed with 1 error(s) in 0.7s

real	0m0.902s
user	0m1.001s
sys	0m0.170s
The provided file path does not exist: src/MyBlog.Tests/MyBlog.Tests.csproj.
Restore complete (0.5s)

Build succeeded in 0.6s
Project 'MyBlog.Core' has the following package references
   [net10.0]: No packages were found for this framework.
Project 'MyBlog.Infrastructure' has the following package references
   [net10.0]: 
   Top-level Package                           Requested   Resolved
   > Microsoft.AspNetCore.Identity             2.3.1       2.3.1   
   > Microsoft.EntityFrameworkCore.Sqlite      10.0.1      10.0.1  
   > OpenTelemetry                             1.14.0      1.14.0  

Project 'MyBlog.Tests' has the following package references
   [net10.0]: 
   Top-level Package                             Requested   Resolved
   > Microsoft.EntityFrameworkCore.Sqlite        10.0.1      10.0.1  
   > Microsoft.Testing.Extensions.TrxReport      2.0.2       2.0.2   
   > xunit.runner.visualstudio                   3.1.5       3.1.5   
   > xunit.v3                                    3.2.1       3.2.1   

Project 'MyBlog.Web' has the following package references
   [net10.0]: 
   Top-level Package                                  Requested    Resolved
   > Microsoft.AspNetCore.App.Internal.Assets   (A)   [10.0.1, )   10.0.1  
   > OpenTelemetry.Exporter.Console                   1.14.0       1.14.0  
   > OpenTelemetry.Extensions.Hosting                 1.14.0       1.14.0  
   > OpenTelemetry.Instrumentation.AspNetCore         1.14.0       1.14.0  
   > OpenTelemetry.Instrumentation.Http               1.14.0       1.14.0  

(A) : Auto-referenced package.

real	0m1.746s
user	0m1.741s
sys	0m0.359s
Restore complete (0.5s)

Build succeeded in 0.6s

The following sources were used:
   https://api.nuget.org/v3/index.json

The given project `MyBlog.Core` has no updates given the current sources.
The given project `MyBlog.Infrastructure` has no updates given the current sources.
The given project `MyBlog.Tests` has no updates given the current sources.
The given project `MyBlog.Web` has no updates given the current sources.

real	0m1.908s
user	0m1.880s
sys	0m0.395s
kushal@syn-2600-6c56-9840-001d-0000-0000-0000-1157:~/src/dotnet/MyBlog/src$ 
kushal@syn-2600-6c56-9840-001d-0000-0000-0000-1157:~/src/dotnet/MyImapDownloader$ cd ~/src/dotnet/MyBlog/; time bash export.sh; cd ~/src/dotnet/MyBlog/src/; time dotnet format; time dotnet restore; time dotnet clean; time dotnet build; time dotnet test; time dotnet list package; time dotnet list package --outdated;
==============================================
  Project Export for LLM Analysis
==============================================

Project Path: /home/kushal/src/dotnet/MyBlog
Output File:  docs/llm/dump.txt

Generating directory structure...
Collecting files...
Found 73 files to export

Processing (1/73): export.sh
Processing (2/73): fix-all-forms.sh
Processing (3/73): fix-auth-architecture.sh
Processing (4/73): fix-blazor-interactivity.sh
Processing (5/73): fix-login-logout.sh
Processing (6/73): fix-ordered-lists.sh
Processing (7/73): fix-program-cs.sh
Processing (8/73): fix-update-claims.sh
Processing (9/73): gemini.sh
Processing (10/73): .github/workflows/build-deploy.yml
Processing (11/73): .gitignore
Processing (12/73): implement-user-management.sh
Processing (13/73): README.md
Processing (14/73): src/Directory.Build.props
Processing (15/73): src/Directory.Packages.props
Processing (16/73): src/.editorconfig
Processing (17/73): src/fix-changepassword-and-tests.sh
Processing (18/73): src/fix-rate-limit.sh
Processing (19/73): src/generate-myblog.sh
Processing (20/73): src/.github/workflows/build-deploy.yml
Processing (21/73): src/global.json
Processing (22/73): src/MyBlog.Core/Constants/AppConstants.cs
Processing (23/73): src/MyBlog.Core/Interfaces/IAuthService.cs
Processing (24/73): src/MyBlog.Core/Interfaces/IImageRepository.cs
Processing (25/73): src/MyBlog.Core/Interfaces/IMarkdownService.cs
Processing (26/73): src/MyBlog.Core/Interfaces/IPasswordService.cs
Processing (27/73): src/MyBlog.Core/Interfaces/IPostRepository.cs
Processing (28/73): src/MyBlog.Core/Interfaces/ISlugService.cs
Processing (29/73): src/MyBlog.Core/Interfaces/ITelemetryLogRepository.cs
Processing (30/73): src/MyBlog.Core/Interfaces/IUserRepository.cs
Processing (31/73): src/MyBlog.Core/Models/Image.cs
Processing (32/73): src/MyBlog.Core/Models/Post.cs
Processing (33/73): src/MyBlog.Core/Models/PostDto.cs
Processing (34/73): src/MyBlog.Core/Models/TelemetryLog.cs
Processing (35/73): src/MyBlog.Core/Models/User.cs
Processing (36/73): src/MyBlog.Core/MyBlog.Core.csproj
Processing (37/73): src/MyBlog.Core/Services/MarkdownService.cs
Processing (38/73): src/MyBlog.Core/Services/SlugService.cs
Processing (39/73): src/MyBlog.Infrastructure/Data/BlogDbContext.cs
Processing (40/73): src/MyBlog.Infrastructure/Data/DatabasePathResolver.cs
Processing (41/73): src/MyBlog.Infrastructure/MyBlog.Infrastructure.csproj
Processing (42/73): src/MyBlog.Infrastructure/Repositories/ImageRepository.cs
Processing (43/73): src/MyBlog.Infrastructure/Repositories/PostRepository.cs
Processing (44/73): src/MyBlog.Infrastructure/Repositories/TelemetryLogRepository.cs
Processing (45/73): src/MyBlog.Infrastructure/Repositories/UserRepository.cs
Processing (46/73): src/MyBlog.Infrastructure/ServiceCollectionExtensions.cs
Processing (47/73): src/MyBlog.Infrastructure/Services/AuthService.cs
Processing (48/73): src/MyBlog.Infrastructure/Services/PasswordService.cs
Processing (49/73): src/MyBlog.Infrastructure/Services/TelemetryCleanupService.cs
Processing (50/73): src/MyBlog.Infrastructure/Telemetry/DatabaseLogExporter.cs
Processing (51/73): src/MyBlog.Infrastructure/Telemetry/FileLogExporter.cs
Processing (52/73): src/MyBlog.Infrastructure/Telemetry/TelemetryPathResolver.cs
Processing (53/73): src/MyBlog.slnx
Processing (54/73): src/MyBlog.Tests/Integration/AuthServiceLongPasswordTests.cs
Processing (55/73): src/MyBlog.Tests/Integration/AuthServiceTests.cs
Processing (56/73): src/MyBlog.Tests/Integration/PasswordChangeTests.cs
Processing (57/73): src/MyBlog.Tests/Integration/PostRepositoryTests.cs
Processing (58/73): src/MyBlog.Tests/Integration/TelemetryCleanupTests.cs
Processing (59/73): src/MyBlog.Tests/MyBlog.Tests.csproj
Processing (60/73): src/MyBlog.Tests/Unit/LoginRateLimitMiddlewareTests.cs
Processing (61/73): src/MyBlog.Tests/Unit/MarkdownServiceTests.cs
Processing (62/73): src/MyBlog.Tests/Unit/PasswordServiceTests.cs
Processing (63/73): src/MyBlog.Tests/Unit/SlugServiceTests.cs
Processing (64/73): src/MyBlog.Web/appsettings.Development.json
Processing (65/73): src/MyBlog.Web/appsettings.json
Processing (66/73): src/MyBlog.Web/Components/Pages/Admin/UserEditor.razor.css
Processing (67/73): src/MyBlog.Web/Middleware/LoginRateLimitMiddleware.cs
Processing (68/73): src/MyBlog.Web/MyBlog.Web.csproj
Processing (69/73): src/MyBlog.Web/Program.cs
Processing (70/73): src/MyBlog.Web/wwwroot/css/site.css
Processing (71/73): src/run.sh
Processing (72/73): src/test.sh
Processing (73/73): src/upgrade-myblog.sh

==============================================
  Export Complete!
==============================================

Output file:    docs/llm/dump.txt
Files exported: 73
Files skipped:  0
Output size:    450.88 KB

File types included:
  • Source code: .cs, .fs, .vb
  • UI/XAML: .axaml, .xaml, .paml
  • Projects: .csproj, .slnx, .sln, .props, .targets
  • Config: .json, .yaml, .yml, .xml, .config
  • Docs: .md, .txt
  • Scripts: .sh, .ps1, .cmd, .bat
  • Other: .sql, .resx, .css, .scss, Dockerfile, etc.


real	0m0.802s
user	0m0.424s
sys	0m0.532s

real	0m9.128s
user	0m14.158s
sys	0m1.128s
Restore complete (0.5s)

Build succeeded in 0.7s

real	0m0.835s
user	0m0.855s
sys	0m0.185s

Build succeeded in 0.6s

real	0m0.785s
user	0m0.788s
sys	0m0.158s
Restore complete (0.6s)
  MyBlog.Core net10.0 succeeded (3.1s) → MyBlog.Core/bin/Debug/net10.0/MyBlog.Core.dll
  MyBlog.Infrastructure net10.0 succeeded (0.4s) → MyBlog.Infrastructure/bin/Debug/net10.0/MyBlog.Infrastructure.dll
  MyBlog.Web net10.0 succeeded (2.7s) → MyBlog.Web/bin/Debug/net10.0/MyBlog.Web.dll
  MyBlog.Tests net10.0 succeeded (0.5s) → MyBlog.Tests/bin/Debug/net10.0/MyBlog.Tests.dll

Build succeeded in 7.4s

real	0m7.590s
user	0m2.625s
sys	0m0.378s
Restore complete (0.5s)
  MyBlog.Core net10.0 succeeded (0.2s) → MyBlog.Core/bin/Debug/net10.0/MyBlog.Core.dll
  MyBlog.Infrastructure net10.0 succeeded (0.1s) → MyBlog.Infrastructure/bin/Debug/net10.0/MyBlog.Infrastructure.dll
  MyBlog.Web net10.0 succeeded (0.1s) → MyBlog.Web/bin/Debug/net10.0/MyBlog.Web.dll
  MyBlog.Tests net10.0 succeeded (0.1s) → MyBlog.Tests/bin/Debug/net10.0/MyBlog.Tests.dll
[xUnit.net 00:00:00.00] xUnit.net VSTest Adapter v3.1.5+1b188a7b0a (64-bit .NET 10.0.1)
[xUnit.net 00:00:00.17]   Discovering: MyBlog.Tests
[xUnit.net 00:00:00.36]   Discovered:  MyBlog.Tests
[xUnit.net 00:00:00.54]   Starting:    MyBlog.Tests
[xUnit.net 00:00:42.61]   Finished:    MyBlog.Tests (ID = '24cedafe73dab5684218bb3cf04cfd49ae8ce3b87ae799399cb2e301cbc1e755')
  MyBlog.Tests test net10.0 succeeded (43.2s)

Test summary: total: 70, failed: 0, succeeded: 70, skipped: 0, duration: 43.2s
Build succeeded in 44.4s

real	0m44.564s
user	0m1.709s
sys	0m0.333s
Restore complete (0.5s)

Build succeeded in 0.6s
Project 'MyBlog.Core' has the following package references
   [net10.0]: No packages were found for this framework.
Project 'MyBlog.Infrastructure' has the following package references
   [net10.0]: 
   Top-level Package                           Requested   Resolved
   > Microsoft.AspNetCore.Identity             2.3.1       2.3.1   
   > Microsoft.EntityFrameworkCore.Sqlite      10.0.1      10.0.1  
   > OpenTelemetry                             1.14.0      1.14.0  

Project 'MyBlog.Tests' has the following package references
   [net10.0]: 
   Top-level Package                           Requested   Resolved
   > Microsoft.EntityFrameworkCore.Sqlite      10.0.1      10.0.1  
   > Microsoft.NET.Test.Sdk                    18.0.1      18.0.1  
   > xunit.runner.visualstudio                 3.1.5       3.1.5   
   > xunit.v3                                  3.2.1       3.2.1   

Project 'MyBlog.Web' has the following package references
   [net10.0]: 
   Top-level Package                                  Requested    Resolved
   > Microsoft.AspNetCore.App.Internal.Assets   (A)   [10.0.1, )   10.0.1  
   > OpenTelemetry.Exporter.Console                   1.14.0       1.14.0  
   > OpenTelemetry.Extensions.Hosting                 1.14.0       1.14.0  
   > OpenTelemetry.Instrumentation.AspNetCore         1.14.0       1.14.0  
   > OpenTelemetry.Instrumentation.Http               1.14.0       1.14.0  

(A) : Auto-referenced package.

real	0m1.819s
user	0m1.772s
sys	0m0.375s
Restore complete (0.5s)

Build succeeded in 0.6s

The following sources were used:
   https://api.nuget.org/v3/index.json

The given project `MyBlog.Core` has no updates given the current sources.
The given project `MyBlog.Infrastructure` has no updates given the current sources.
The given project `MyBlog.Tests` has no updates given the current sources.
The given project `MyBlog.Web` has no updates given the current sources.

real	0m3.006s
user	0m2.129s
sys	0m0.447s
kushal@syn-2600-6c56-9840-001d-0000-0000-0000-1157:~/src/dotnet/MyBlog/src$ cd ~/src/dotnet/MyBlog/; time bash export.sh; cd ~/src/dotnet/MyBlog/src/; time dotnet format; time dotnet restore; time dotnet clean; time dotnet build; time dotnet test; dotnet run --project src/MyBlog.Tests/MyBlog.Tests.csproj; time dotnet list package; time dotnet list package --outdated;
==============================================
  Project Export for LLM Analysis
==============================================

Project Path: /home/kushal/src/dotnet/MyBlog
Output File:  docs/llm/dump.txt

Generating directory structure...
Collecting files...
Found 73 files to export

Processing (1/73): export.sh
Processing (2/73): fix-all-forms.sh
Processing (3/73): fix-auth-architecture.sh
Processing (4/73): fix-blazor-interactivity.sh
Processing (5/73): fix-login-logout.sh
Processing (6/73): fix-ordered-lists.sh
Processing (7/73): fix-program-cs.sh
Processing (8/73): fix-update-claims.sh
Processing (9/73): gemini.sh
Processing (10/73): .github/workflows/build-deploy.yml
Processing (11/73): .gitignore
Processing (12/73): implement-user-management.sh
Processing (13/73): README.md
Processing (14/73): src/Directory.Build.props
Processing (15/73): src/Directory.Packages.props
Processing (16/73): src/.editorconfig
Processing (17/73): src/fix-changepassword-and-tests.sh
Processing (18/73): src/fix-rate-limit.sh
Processing (19/73): src/generate-myblog.sh
Processing (20/73): src/.github/workflows/build-deploy.yml
Processing (21/73): src/global.json
Processing (22/73): src/MyBlog.Core/Constants/AppConstants.cs
Processing (23/73): src/MyBlog.Core/Interfaces/IAuthService.cs
Processing (24/73): src/MyBlog.Core/Interfaces/IImageRepository.cs
Processing (25/73): src/MyBlog.Core/Interfaces/IMarkdownService.cs
Processing (26/73): src/MyBlog.Core/Interfaces/IPasswordService.cs
Processing (27/73): src/MyBlog.Core/Interfaces/IPostRepository.cs
Processing (28/73): src/MyBlog.Core/Interfaces/ISlugService.cs
Processing (29/73): src/MyBlog.Core/Interfaces/ITelemetryLogRepository.cs
Processing (30/73): src/MyBlog.Core/Interfaces/IUserRepository.cs
Processing (31/73): src/MyBlog.Core/Models/Image.cs
Processing (32/73): src/MyBlog.Core/Models/Post.cs
Processing (33/73): src/MyBlog.Core/Models/PostDto.cs
Processing (34/73): src/MyBlog.Core/Models/TelemetryLog.cs
Processing (35/73): src/MyBlog.Core/Models/User.cs
Processing (36/73): src/MyBlog.Core/MyBlog.Core.csproj
Processing (37/73): src/MyBlog.Core/Services/MarkdownService.cs
Processing (38/73): src/MyBlog.Core/Services/SlugService.cs
Processing (39/73): src/MyBlog.Infrastructure/Data/BlogDbContext.cs
Processing (40/73): src/MyBlog.Infrastructure/Data/DatabasePathResolver.cs
Processing (41/73): src/MyBlog.Infrastructure/MyBlog.Infrastructure.csproj
Processing (42/73): src/MyBlog.Infrastructure/Repositories/ImageRepository.cs
Processing (43/73): src/MyBlog.Infrastructure/Repositories/PostRepository.cs
Processing (44/73): src/MyBlog.Infrastructure/Repositories/TelemetryLogRepository.cs
Processing (45/73): src/MyBlog.Infrastructure/Repositories/UserRepository.cs
Processing (46/73): src/MyBlog.Infrastructure/ServiceCollectionExtensions.cs
Processing (47/73): src/MyBlog.Infrastructure/Services/AuthService.cs
Processing (48/73): src/MyBlog.Infrastructure/Services/PasswordService.cs
Processing (49/73): src/MyBlog.Infrastructure/Services/TelemetryCleanupService.cs
Processing (50/73): src/MyBlog.Infrastructure/Telemetry/DatabaseLogExporter.cs
Processing (51/73): src/MyBlog.Infrastructure/Telemetry/FileLogExporter.cs
Processing (52/73): src/MyBlog.Infrastructure/Telemetry/TelemetryPathResolver.cs
Processing (53/73): src/MyBlog.slnx
Processing (54/73): src/MyBlog.Tests/Integration/AuthServiceLongPasswordTests.cs
Processing (55/73): src/MyBlog.Tests/Integration/AuthServiceTests.cs
Processing (56/73): src/MyBlog.Tests/Integration/PasswordChangeTests.cs
Processing (57/73): src/MyBlog.Tests/Integration/PostRepositoryTests.cs
Processing (58/73): src/MyBlog.Tests/Integration/TelemetryCleanupTests.cs
Processing (59/73): src/MyBlog.Tests/MyBlog.Tests.csproj
Processing (60/73): src/MyBlog.Tests/Unit/LoginRateLimitMiddlewareTests.cs
Processing (61/73): src/MyBlog.Tests/Unit/MarkdownServiceTests.cs
Processing (62/73): src/MyBlog.Tests/Unit/PasswordServiceTests.cs
Processing (63/73): src/MyBlog.Tests/Unit/SlugServiceTests.cs
Processing (64/73): src/MyBlog.Web/appsettings.Development.json
Processing (65/73): src/MyBlog.Web/appsettings.json
Processing (66/73): src/MyBlog.Web/Components/Pages/Admin/UserEditor.razor.css
Processing (67/73): src/MyBlog.Web/Middleware/LoginRateLimitMiddleware.cs
Processing (68/73): src/MyBlog.Web/MyBlog.Web.csproj
Processing (69/73): src/MyBlog.Web/Program.cs
Processing (70/73): src/MyBlog.Web/wwwroot/css/site.css
Processing (71/73): src/run.sh
Processing (72/73): src/test.sh
Processing (73/73): src/upgrade-myblog.sh

==============================================
  Export Complete!
==============================================

Output file:    docs/llm/dump.txt
Files exported: 73
Files skipped:  0
Output size:    451.07 KB

File types included:
  • Source code: .cs, .fs, .vb
  • UI/XAML: .axaml, .xaml, .paml
  • Projects: .csproj, .slnx, .sln, .props, .targets
  • Config: .json, .yaml, .yml, .xml, .config
  • Docs: .md, .txt
  • Scripts: .sh, .ps1, .cmd, .bat
  • Other: .sql, .resx, .css, .scss, Dockerfile, etc.


real	0m0.754s
user	0m0.419s
sys	0m0.475s

real	0m8.966s
user	0m14.344s
sys	0m1.157s
Restore complete (0.5s)

Build succeeded in 0.6s

real	0m0.815s
user	0m0.867s
sys	0m0.151s

Build succeeded in 0.6s

real	0m0.737s
user	0m0.761s
sys	0m0.138s
Restore complete (0.5s)
  MyBlog.Core net10.0 succeeded (0.3s) → MyBlog.Core/bin/Debug/net10.0/MyBlog.Core.dll
  MyBlog.Infrastructure net10.0 succeeded (0.2s) → MyBlog.Infrastructure/bin/Debug/net10.0/MyBlog.Infrastructure.dll
  MyBlog.Web net10.0 succeeded (0.6s) → MyBlog.Web/bin/Debug/net10.0/MyBlog.Web.dll
  MyBlog.Tests net10.0 succeeded (0.3s) → MyBlog.Tests/bin/Debug/net10.0/MyBlog.Tests.dll

Build succeeded in 2.1s

real	0m2.263s
user	0m1.507s
sys	0m0.315s
Restore complete (0.5s)
  MyBlog.Tests net10.0 failed with 1 error(s) (0.0s)
    /home/kushal/.nuget/packages/microsoft.testing.platform.msbuild/2.0.2/buildMultiTargeting/Microsoft.Testing.Platform.MSBuild.targets(263,5): error Testing with VSTest target is no longer supported by Microsoft.Testing.Platform on .NET 10 SDK and later. If you use dotnet test, you should opt-in to the new dotnet test experience. For more information, see https://aka.ms/dotnet-test-mtp-error

Build failed with 1 error(s) in 0.7s

real	0m0.912s
user	0m1.016s
sys	0m0.161s
The provided file path does not exist: src/MyBlog.Tests/MyBlog.Tests.csproj.
Restore complete (0.5s)

Build succeeded in 0.6s
Project 'MyBlog.Core' has the following package references
   [net10.0]: No packages were found for this framework.
Project 'MyBlog.Infrastructure' has the following package references
   [net10.0]: 
   Top-level Package                           Requested   Resolved
   > Microsoft.AspNetCore.Identity             2.3.1       2.3.1   
   > Microsoft.EntityFrameworkCore.Sqlite      10.0.1      10.0.1  
   > OpenTelemetry                             1.14.0      1.14.0  

Project 'MyBlog.Tests' has the following package references
   [net10.0]: 
   Top-level Package                           Requested   Resolved
   > Microsoft.EntityFrameworkCore.Sqlite      10.0.1      10.0.1  
   > Microsoft.NET.Test.Sdk                    18.0.1      18.0.1  
   > Microsoft.Testing.Platform.MSBuild        2.0.2       2.0.2   
   > xunit.runner.visualstudio                 3.1.5       3.1.5   
   > xunit.v3                                  3.2.1       3.2.1   

Project 'MyBlog.Web' has the following package references
   [net10.0]: 
   Top-level Package                                  Requested    Resolved
   > Microsoft.AspNetCore.App.Internal.Assets   (A)   [10.0.1, )   10.0.1  
   > OpenTelemetry.Exporter.Console                   1.14.0       1.14.0  
   > OpenTelemetry.Extensions.Hosting                 1.14.0       1.14.0  
   > OpenTelemetry.Instrumentation.AspNetCore         1.14.0       1.14.0  
   > OpenTelemetry.Instrumentation.Http               1.14.0       1.14.0  

(A) : Auto-referenced package.

real	0m1.782s
user	0m1.734s
sys	0m0.400s
Restore complete (0.5s)

Build succeeded in 0.6s

The following sources were used:
   https://api.nuget.org/v3/index.json

The given project `MyBlog.Core` has no updates given the current sources.
The given project `MyBlog.Infrastructure` has no updates given the current sources.
The given project `MyBlog.Tests` has no updates given the current sources.
The given project `MyBlog.Web` has no updates given the current sources.

real	0m2.915s
user	0m2.105s
sys	0m0.399s
kushal@syn-2600-6c56-9840-001d-0000-0000-0000-1157:~/src/dotnet/MyBlog/src$ cd ~/src/dotnet/MyBlog/; time bash export.sh; cd ~/src/dotnet/MyBlog/src/; time dotnet format; time dotnet restore; time dotnet clean; time dotnet build; time dotnet test; dotnet run --project src/MyBlog.Tests/MyBlog.Tests.csproj; time dotnet list package; time dotnet list package --outdated;
==============================================
  Project Export for LLM Analysis
==============================================

Project Path: /home/kushal/src/dotnet/MyBlog
Output File:  docs/llm/dump.txt

Generating directory structure...
Collecting files...
Found 73 files to export

Processing (1/73): export.sh
Processing (2/73): fix-all-forms.sh
Processing (3/73): fix-auth-architecture.sh
Processing (4/73): fix-blazor-interactivity.sh
Processing (5/73): fix-login-logout.sh
Processing (6/73): fix-ordered-lists.sh
Processing (7/73): fix-program-cs.sh
Processing (8/73): fix-update-claims.sh
Processing (9/73): gemini.sh
Processing (10/73): .github/workflows/build-deploy.yml
Processing (11/73): .gitignore
Processing (12/73): implement-user-management.sh
Processing (13/73): README.md
Processing (14/73): src/Directory.Build.props
Processing (15/73): src/Directory.Packages.props
Processing (16/73): src/.editorconfig
Processing (17/73): src/fix-changepassword-and-tests.sh
Processing (18/73): src/fix-rate-limit.sh
Processing (19/73): src/generate-myblog.sh
Processing (20/73): src/.github/workflows/build-deploy.yml
Processing (21/73): src/global.json
Processing (22/73): src/MyBlog.Core/Constants/AppConstants.cs
Processing (23/73): src/MyBlog.Core/Interfaces/IAuthService.cs
Processing (24/73): src/MyBlog.Core/Interfaces/IImageRepository.cs
Processing (25/73): src/MyBlog.Core/Interfaces/IMarkdownService.cs
Processing (26/73): src/MyBlog.Core/Interfaces/IPasswordService.cs
Processing (27/73): src/MyBlog.Core/Interfaces/IPostRepository.cs
Processing (28/73): src/MyBlog.Core/Interfaces/ISlugService.cs
Processing (29/73): src/MyBlog.Core/Interfaces/ITelemetryLogRepository.cs
Processing (30/73): src/MyBlog.Core/Interfaces/IUserRepository.cs
Processing (31/73): src/MyBlog.Core/Models/Image.cs
Processing (32/73): src/MyBlog.Core/Models/Post.cs
Processing (33/73): src/MyBlog.Core/Models/PostDto.cs
Processing (34/73): src/MyBlog.Core/Models/TelemetryLog.cs
Processing (35/73): src/MyBlog.Core/Models/User.cs
Processing (36/73): src/MyBlog.Core/MyBlog.Core.csproj
Processing (37/73): src/MyBlog.Core/Services/MarkdownService.cs
Processing (38/73): src/MyBlog.Core/Services/SlugService.cs
Processing (39/73): src/MyBlog.Infrastructure/Data/BlogDbContext.cs
Processing (40/73): src/MyBlog.Infrastructure/Data/DatabasePathResolver.cs
Processing (41/73): src/MyBlog.Infrastructure/MyBlog.Infrastructure.csproj
Processing (42/73): src/MyBlog.Infrastructure/Repositories/ImageRepository.cs
Processing (43/73): src/MyBlog.Infrastructure/Repositories/PostRepository.cs
Processing (44/73): src/MyBlog.Infrastructure/Repositories/TelemetryLogRepository.cs
Processing (45/73): src/MyBlog.Infrastructure/Repositories/UserRepository.cs
Processing (46/73): src/MyBlog.Infrastructure/ServiceCollectionExtensions.cs
Processing (47/73): src/MyBlog.Infrastructure/Services/AuthService.cs
Processing (48/73): src/MyBlog.Infrastructure/Services/PasswordService.cs
Processing (49/73): src/MyBlog.Infrastructure/Services/TelemetryCleanupService.cs
Processing (50/73): src/MyBlog.Infrastructure/Telemetry/DatabaseLogExporter.cs
Processing (51/73): src/MyBlog.Infrastructure/Telemetry/FileLogExporter.cs
Processing (52/73): src/MyBlog.Infrastructure/Telemetry/TelemetryPathResolver.cs
Processing (53/73): src/MyBlog.slnx
Processing (54/73): src/MyBlog.Tests/Integration/AuthServiceLongPasswordTests.cs
Processing (55/73): src/MyBlog.Tests/Integration/AuthServiceTests.cs
Processing (56/73): src/MyBlog.Tests/Integration/PasswordChangeTests.cs
Processing (57/73): src/MyBlog.Tests/Integration/PostRepositoryTests.cs
Processing (58/73): src/MyBlog.Tests/Integration/TelemetryCleanupTests.cs
Processing (59/73): src/MyBlog.Tests/MyBlog.Tests.csproj
Processing (60/73): src/MyBlog.Tests/Unit/LoginRateLimitMiddlewareTests.cs
Processing (61/73): src/MyBlog.Tests/Unit/MarkdownServiceTests.cs
Processing (62/73): src/MyBlog.Tests/Unit/PasswordServiceTests.cs
Processing (63/73): src/MyBlog.Tests/Unit/SlugServiceTests.cs
Processing (64/73): src/MyBlog.Web/appsettings.Development.json
Processing (65/73): src/MyBlog.Web/appsettings.json
Processing (66/73): src/MyBlog.Web/Components/Pages/Admin/UserEditor.razor.css
Processing (67/73): src/MyBlog.Web/Middleware/LoginRateLimitMiddleware.cs
Processing (68/73): src/MyBlog.Web/MyBlog.Web.csproj
Processing (69/73): src/MyBlog.Web/Program.cs
Processing (70/73): src/MyBlog.Web/wwwroot/css/site.css
Processing (71/73): src/run.sh
Processing (72/73): src/test.sh
Processing (73/73): src/upgrade-myblog.sh

==============================================
  Export Complete!
==============================================

Output file:    docs/llm/dump.txt
Files exported: 73
Files skipped:  0
Output size:    451.17 KB

File types included:
  • Source code: .cs, .fs, .vb
  • UI/XAML: .axaml, .xaml, .paml
  • Projects: .csproj, .slnx, .sln, .props, .targets
  • Config: .json, .yaml, .yml, .xml, .config
  • Docs: .md, .txt
  • Scripts: .sh, .ps1, .cmd, .bat
  • Other: .sql, .resx, .css, .scss, Dockerfile, etc.


real	0m0.778s
user	0m0.430s
sys	0m0.502s

real	0m9.019s
user	0m15.682s
sys	0m1.057s
Restore complete (0.5s)

Build succeeded in 0.6s

real	0m0.771s
user	0m0.826s
sys	0m0.145s

Build succeeded in 0.6s

real	0m0.753s
user	0m0.772s
sys	0m0.152s
Restore complete (0.5s)
  MyBlog.Core net10.0 succeeded (0.3s) → MyBlog.Core/bin/Debug/net10.0/MyBlog.Core.dll
  MyBlog.Infrastructure net10.0 succeeded (0.2s) → MyBlog.Infrastructure/bin/Debug/net10.0/MyBlog.Infrastructure.dll
  MyBlog.Web net10.0 succeeded (0.5s) → MyBlog.Web/bin/Debug/net10.0/MyBlog.Web.dll
  MyBlog.Tests net10.0 succeeded (0.2s) → MyBlog.Tests/bin/Debug/net10.0/MyBlog.Tests.dll

Build succeeded in 1.9s

real	0m2.064s
user	0m1.416s
sys	0m0.306s
Restore complete (0.5s)
  MyBlog.Tests net10.0 failed with 1 error(s) (0.0s)
    /home/kushal/.nuget/packages/microsoft.testing.platform.msbuild/2.0.2/buildMultiTargeting/Microsoft.Testing.Platform.MSBuild.targets(263,5): error Testing with VSTest target is no longer supported by Microsoft.Testing.Platform on .NET 10 SDK and later. If you use dotnet test, you should opt-in to the new dotnet test experience. For more information, see https://aka.ms/dotnet-test-mtp-error

Build failed with 1 error(s) in 0.8s

real	0m0.938s
user	0m1.020s
sys	0m0.185s
The provided file path does not exist: src/MyBlog.Tests/MyBlog.Tests.csproj.
Restore complete (0.5s)

Build succeeded in 0.6s
Project 'MyBlog.Core' has the following package references
   [net10.0]: No packages were found for this framework.
Project 'MyBlog.Infrastructure' has the following package references
   [net10.0]: 
   Top-level Package                           Requested   Resolved
   > Microsoft.AspNetCore.Identity             2.3.1       2.3.1   
   > Microsoft.EntityFrameworkCore.Sqlite      10.0.1      10.0.1  
   > OpenTelemetry                             1.14.0      1.14.0  

Project 'MyBlog.Tests' has the following package references
   [net10.0]: 
   Top-level Package                           Requested   Resolved
   > Microsoft.EntityFrameworkCore.Sqlite      10.0.1      10.0.1  
   > Microsoft.NET.Test.Sdk                    18.0.1      18.0.1  
   > Microsoft.Testing.Platform.MSBuild        2.0.2       2.0.2   
   > xunit.runner.visualstudio                 3.1.5       3.1.5   
   > xunit.v3                                  3.2.1       3.2.1   

Project 'MyBlog.Web' has the following package references
   [net10.0]: 
   Top-level Package                                  Requested    Resolved
   > Microsoft.AspNetCore.App.Internal.Assets   (A)   [10.0.1, )   10.0.1  
   > OpenTelemetry.Exporter.Console                   1.14.0       1.14.0  
   > OpenTelemetry.Extensions.Hosting                 1.14.0       1.14.0  
   > OpenTelemetry.Instrumentation.AspNetCore         1.14.0       1.14.0  
   > OpenTelemetry.Instrumentation.Http               1.14.0       1.14.0  

(A) : Auto-referenced package.

real	0m1.758s
user	0m1.772s
sys	0m0.342s
Restore complete (0.5s)

Build succeeded in 0.6s

The following sources were used:
   https://api.nuget.org/v3/index.json

The given project `MyBlog.Core` has no updates given the current sources.
The given project `MyBlog.Infrastructure` has no updates given the current sources.
The given project `MyBlog.Tests` has no updates given the current sources.
The given project `MyBlog.Web` has no updates given the current sources.

real	0m1.983s
user	0m1.971s
sys	0m0.392s
kushal@syn-2600-6c56-9840-001d-0000-0000-0000-1157:~/src/dotnet/MyBlog/src$ time dotnet test --testing-platform
MSBUILD : error MSB1001: Unknown switch.
    Full command line: '/usr/lib64/dotnet/sdk/10.0.101/MSBuild.dll -maxcpucount --verbosity:m -tlp:default=auto --property:VsTestUseMSBuildOutput=true --property:NuGetInteractive=true --property:VSTestArtifactsProcessingMode=collect --property:VSTestSessionCorrelationId=436221_f506949a-7693-4134-b5fb-fdad9f0783aa --restoreProperty:VsTestUseMSBuildOutput=true --restoreProperty:NuGetInteractive=true --restoreProperty:VSTestArtifactsProcessingMode=collect --restoreProperty:VSTestSessionCorrelationId=436221_f506949a-7693-4134-b5fb-fdad9f0783aa --restoreProperty:EnableDefaultCompileItems=false --restoreProperty:EnableDefaultEmbeddedResourceItems=false --restoreProperty:EnableDefaultNoneItems=false --target:VSTest -nologo --testing-platform -restore'
  Switches appended by response files:
Switch: --testing-platform

For switch syntax, type "MSBuild -help"

real	0m0.147s
user	0m0.124s
sys	0m0.034s
kushal@syn-2600-6c56-9840-001d-0000-0000-0000-1157:~/src/dotnet/MyBlog/src$ time dotnet run --project MyBlog.Tests/MyBlog.Tests.csproj
xUnit.net v3 In-Process Runner v3.2.1+a9cfb80929 (64-bit .NET 10.0.1)
  Discovering: MyBlog.Tests
  Discovered:  MyBlog.Tests
  Starting:    MyBlog.Tests
  Finished:    MyBlog.Tests (ID = '24cedafe73dab5684218bb3cf04cfd49ae8ce3b87ae799399cb2e301cbc1e755')
=== TEST EXECUTION SUMMARY ===
   MyBlog.Tests  Total: 70, Errors: 0, Failed: 0, Skipped: 0, Not Run: 0, Time: 41.537s

real	0m44.372s
user	0m47.803s
sys	0m0.703s
kushal@syn-2600-6c56-9840-001d-0000-0000-0000-1157:~/src/dotnet/MyBlog/src$ DOTNET_TEST_USE_MODERN_OUTPUT=1 dotnet test MyBlog.slnx --testing-platform --report-trx
MSBUILD : error MSB1001: Unknown switch.
    Full command line: '/usr/lib64/dotnet/sdk/10.0.101/MSBuild.dll -maxcpucount --verbosity:m -tlp:default=auto --property:VsTestUseMSBuildOutput=true --property:NuGetInteractive=true --property:VSTestArtifactsProcessingMode=collect --property:VSTestSessionCorrelationId=443486_fbe43b6f-8eab-4019-a711-7f8349d91d2d --restoreProperty:VsTestUseMSBuildOutput=true --restoreProperty:NuGetInteractive=true --restoreProperty:VSTestArtifactsProcessingMode=collect --restoreProperty:VSTestSessionCorrelationId=443486_fbe43b6f-8eab-4019-a711-7f8349d91d2d --restoreProperty:EnableDefaultCompileItems=false --restoreProperty:EnableDefaultEmbeddedResourceItems=false --restoreProperty:EnableDefaultNoneItems=false --target:VSTest -nologo MyBlog.slnx --testing-platform --report-trx -restore'
  Switches appended by response files:
Switch: --testing-platform

For switch syntax, type "MSBuild -help"
kushal@syn-2600-6c56-9840-001d-0000-0000-0000-1157:~/src/dotnet/MyBlog/src$ cd ~/src/dotnet/MyBlog/; time bash export.sh; cd ~/src/dotnet/MyBlog/src/; time dotnet format; time dotnet restore; time dotnet clean; time dotnet build; time dotnet test; dotnet run --project src/MyBlog.Tests/MyBlog.Tests.csproj; time dotnet list package; time dotnet list package --outdated;
==============================================
  Project Export for LLM Analysis
==============================================

Project Path: /home/kushal/src/dotnet/MyBlog
Output File:  docs/llm/dump.txt

Generating directory structure...
Collecting files...
Found 73 files to export

Processing (1/73): export.sh
Processing (2/73): fix-all-forms.sh
Processing (3/73): fix-auth-architecture.sh
Processing (4/73): fix-blazor-interactivity.sh
Processing (5/73): fix-login-logout.sh
Processing (6/73): fix-ordered-lists.sh
Processing (7/73): fix-program-cs.sh
Processing (8/73): fix-update-claims.sh
Processing (9/73): gemini.sh
Processing (10/73): .github/workflows/build-deploy.yml
Processing (11/73): .gitignore
Processing (12/73): implement-user-management.sh
Processing (13/73): README.md
Processing (14/73): src/Directory.Build.props
Processing (15/73): src/Directory.Packages.props
Processing (16/73): src/.editorconfig
Processing (17/73): src/fix-changepassword-and-tests.sh
Processing (18/73): src/fix-rate-limit.sh
Processing (19/73): src/generate-myblog.sh
Processing (20/73): src/.github/workflows/build-deploy.yml
Processing (21/73): src/global.json
Processing (22/73): src/MyBlog.Core/Constants/AppConstants.cs
Processing (23/73): src/MyBlog.Core/Interfaces/IAuthService.cs
Processing (24/73): src/MyBlog.Core/Interfaces/IImageRepository.cs
Processing (25/73): src/MyBlog.Core/Interfaces/IMarkdownService.cs
Processing (26/73): src/MyBlog.Core/Interfaces/IPasswordService.cs
Processing (27/73): src/MyBlog.Core/Interfaces/IPostRepository.cs
Processing (28/73): src/MyBlog.Core/Interfaces/ISlugService.cs
Processing (29/73): src/MyBlog.Core/Interfaces/ITelemetryLogRepository.cs
Processing (30/73): src/MyBlog.Core/Interfaces/IUserRepository.cs
Processing (31/73): src/MyBlog.Core/Models/Image.cs
Processing (32/73): src/MyBlog.Core/Models/Post.cs
Processing (33/73): src/MyBlog.Core/Models/PostDto.cs
Processing (34/73): src/MyBlog.Core/Models/TelemetryLog.cs
Processing (35/73): src/MyBlog.Core/Models/User.cs
Processing (36/73): src/MyBlog.Core/MyBlog.Core.csproj
Processing (37/73): src/MyBlog.Core/Services/MarkdownService.cs
Processing (38/73): src/MyBlog.Core/Services/SlugService.cs
Processing (39/73): src/MyBlog.Infrastructure/Data/BlogDbContext.cs
Processing (40/73): src/MyBlog.Infrastructure/Data/DatabasePathResolver.cs
Processing (41/73): src/MyBlog.Infrastructure/MyBlog.Infrastructure.csproj
Processing (42/73): src/MyBlog.Infrastructure/Repositories/ImageRepository.cs
Processing (43/73): src/MyBlog.Infrastructure/Repositories/PostRepository.cs
Processing (44/73): src/MyBlog.Infrastructure/Repositories/TelemetryLogRepository.cs
Processing (45/73): src/MyBlog.Infrastructure/Repositories/UserRepository.cs
Processing (46/73): src/MyBlog.Infrastructure/ServiceCollectionExtensions.cs
Processing (47/73): src/MyBlog.Infrastructure/Services/AuthService.cs
Processing (48/73): src/MyBlog.Infrastructure/Services/PasswordService.cs
Processing (49/73): src/MyBlog.Infrastructure/Services/TelemetryCleanupService.cs
Processing (50/73): src/MyBlog.Infrastructure/Telemetry/DatabaseLogExporter.cs
Processing (51/73): src/MyBlog.Infrastructure/Telemetry/FileLogExporter.cs
Processing (52/73): src/MyBlog.Infrastructure/Telemetry/TelemetryPathResolver.cs
Processing (53/73): src/MyBlog.slnx
Processing (54/73): src/MyBlog.Tests/Integration/AuthServiceLongPasswordTests.cs
Processing (55/73): src/MyBlog.Tests/Integration/AuthServiceTests.cs
Processing (56/73): src/MyBlog.Tests/Integration/PasswordChangeTests.cs
Processing (57/73): src/MyBlog.Tests/Integration/PostRepositoryTests.cs
Processing (58/73): src/MyBlog.Tests/Integration/TelemetryCleanupTests.cs
Processing (59/73): src/MyBlog.Tests/MyBlog.Tests.csproj
Processing (60/73): src/MyBlog.Tests/Unit/LoginRateLimitMiddlewareTests.cs
Processing (61/73): src/MyBlog.Tests/Unit/MarkdownServiceTests.cs
Processing (62/73): src/MyBlog.Tests/Unit/PasswordServiceTests.cs
Processing (63/73): src/MyBlog.Tests/Unit/SlugServiceTests.cs
Processing (64/73): src/MyBlog.Web/appsettings.Development.json
Processing (65/73): src/MyBlog.Web/appsettings.json
Processing (66/73): src/MyBlog.Web/Components/Pages/Admin/UserEditor.razor.css
Processing (67/73): src/MyBlog.Web/Middleware/LoginRateLimitMiddleware.cs
Processing (68/73): src/MyBlog.Web/MyBlog.Web.csproj
Processing (69/73): src/MyBlog.Web/Program.cs
Processing (70/73): src/MyBlog.Web/wwwroot/css/site.css
Processing (71/73): src/run.sh
Processing (72/73): src/test.sh
Processing (73/73): src/upgrade-myblog.sh

==============================================
  Export Complete!
==============================================

Output file:    docs/llm/dump.txt
Files exported: 73
Files skipped:  0
Output size:    451.59 KB

File types included:
  • Source code: .cs, .fs, .vb
  • UI/XAML: .axaml, .xaml, .paml
  • Projects: .csproj, .slnx, .sln, .props, .targets
  • Config: .json, .yaml, .yml, .xml, .config
  • Docs: .md, .txt
  • Scripts: .sh, .ps1, .cmd, .bat
  • Other: .sql, .resx, .css, .scss, Dockerfile, etc.


real	0m0.779s
user	0m0.420s
sys	0m0.515s

real	0m9.007s
user	0m15.823s
sys	0m1.029s
Restore complete (0.5s)

Build succeeded in 0.6s

real	0m0.772s
user	0m0.831s
sys	0m0.138s

Build succeeded in 0.5s

real	0m0.707s
user	0m0.736s
sys	0m0.128s
Restore complete (0.5s)
  MyBlog.Core net10.0 succeeded (0.3s) → MyBlog.Core/bin/Debug/net10.0/MyBlog.Core.dll
  MyBlog.Infrastructure net10.0 succeeded (0.1s) → MyBlog.Infrastructure/bin/Debug/net10.0/MyBlog.Infrastructure.dll
  MyBlog.Web net10.0 succeeded (0.5s) → MyBlog.Web/bin/Debug/net10.0/MyBlog.Web.dll
  MyBlog.Tests net10.0 succeeded (0.2s) → MyBlog.Tests/bin/Debug/net10.0/MyBlog.Tests.dll

Build succeeded in 1.8s

real	0m2.015s
user	0m1.495s
sys	0m0.264s
Restore complete (0.5s)
  MyBlog.Tests net10.0 failed with 1 error(s) (0.0s)
    /home/kushal/.nuget/packages/microsoft.testing.platform.msbuild/2.0.2/buildMultiTargeting/Microsoft.Testing.Platform.MSBuild.targets(263,5): error Testing with VSTest target is no longer supported by Microsoft.Testing.Platform on .NET 10 SDK and later. If you use dotnet test, you should opt-in to the new dotnet test experience. For more information, see https://aka.ms/dotnet-test-mtp-error

Build failed with 1 error(s) in 0.7s

real	0m0.918s
user	0m1.010s
sys	0m0.172s
The provided file path does not exist: src/MyBlog.Tests/MyBlog.Tests.csproj.
Restore complete (0.5s)

Build succeeded in 0.6s
Project 'MyBlog.Core' has the following package references
   [net10.0]: No packages were found for this framework.
Project 'MyBlog.Infrastructure' has the following package references
   [net10.0]: 
   Top-level Package                           Requested   Resolved
   > Microsoft.AspNetCore.Identity             2.3.1       2.3.1   
   > Microsoft.EntityFrameworkCore.Sqlite      10.0.1      10.0.1  
   > OpenTelemetry                             1.14.0      1.14.0  

Project 'MyBlog.Tests' has the following package references
   [net10.0]: 
   Top-level Package                             Requested   Resolved
   > Microsoft.EntityFrameworkCore.Sqlite        10.0.1      10.0.1  
   > Microsoft.NET.Test.Sdk                      18.0.1      18.0.1  
   > Microsoft.Testing.Extensions.TrxReport      1.8.1       1.8.1   
   > Microsoft.Testing.Platform.MSBuild          2.0.2       2.0.2   
   > xunit.runner.visualstudio                   3.1.5       3.1.5   
   > xunit.v3                                    3.2.1       3.2.1   

Project 'MyBlog.Web' has the following package references
   [net10.0]: 
   Top-level Package                                  Requested    Resolved
   > Microsoft.AspNetCore.App.Internal.Assets   (A)   [10.0.1, )   10.0.1  
   > OpenTelemetry.Exporter.Console                   1.14.0       1.14.0  
   > OpenTelemetry.Extensions.Hosting                 1.14.0       1.14.0  
   > OpenTelemetry.Instrumentation.AspNetCore         1.14.0       1.14.0  
   > OpenTelemetry.Instrumentation.Http               1.14.0       1.14.0  

(A) : Auto-referenced package.

real	0m1.754s
user	0m1.763s
sys	0m0.351s
Restore complete (0.5s)

Build succeeded in 0.6s

The following sources were used:
   https://api.nuget.org/v3/index.json

The given project `MyBlog.Core` has no updates given the current sources.
The given project `MyBlog.Infrastructure` has no updates given the current sources.
Project `MyBlog.Tests` has the following updates to its packages
   [net10.0]: 
   Top-level Package                             Requested   Resolved   Latest
   > Microsoft.Testing.Extensions.TrxReport      1.8.1       1.8.1      2.0.2 

The given project `MyBlog.Web` has no updates given the current sources.

real	0m2.506s
user	0m2.157s
sys	0m0.394s
kushal@syn-2600-6c56-9840-001d-0000-0000-0000-1157:~/src/dotnet/MyBlog/src$ DOTNET_TEST_USE_MODERN_OUTPUT=1 dotnet test MyBlog.slnx --testing-platform --report-trx
MSBUILD : error MSB1001: Unknown switch.
    Full command line: '/usr/lib64/dotnet/sdk/10.0.101/MSBuild.dll -maxcpucount --verbosity:m -tlp:default=auto --property:VsTestUseMSBuildOutput=true --property:NuGetInteractive=true --property:VSTestArtifactsProcessingMode=collect --property:VSTestSessionCorrelationId=446407_1b2d144e-6f98-44a3-bac2-cfa75e38b112 --restoreProperty:VsTestUseMSBuildOutput=true --restoreProperty:NuGetInteractive=true --restoreProperty:VSTestArtifactsProcessingMode=collect --restoreProperty:VSTestSessionCorrelationId=446407_1b2d144e-6f98-44a3-bac2-cfa75e38b112 --restoreProperty:EnableDefaultCompileItems=false --restoreProperty:EnableDefaultEmbeddedResourceItems=false --restoreProperty:EnableDefaultNoneItems=false --target:VSTest -nologo MyBlog.slnx --testing-platform --report-trx -restore'
  Switches appended by response files:
Switch: --testing-platform

For switch syntax, type "MSBuild -help"
kushal@syn-2600-6c56-9840-001d-0000-0000-0000-1157:~/src/dotnet/MyBlog/src$ DOTNET_TEST_USE_MODERN_OUTPUT=1 dotnet test MyBlog.slnx --testing-platform --report-trx
MSBUILD : error MSB1001: Unknown switch.
    Full command line: '/usr/lib64/dotnet/sdk/10.0.101/MSBuild.dll -maxcpucount --verbosity:m -tlp:default=auto --property:VsTestUseMSBuildOutput=true --property:NuGetInteractive=true --property:VSTestArtifactsProcessingMode=collect --property:VSTestSessionCorrelationId=449470_63b5e8c6-6953-4ef0-a68e-6ef6a9d85853 --restoreProperty:VsTestUseMSBuildOutput=true --restoreProperty:NuGetInteractive=true --restoreProperty:VSTestArtifactsProcessingMode=collect --restoreProperty:VSTestSessionCorrelationId=449470_63b5e8c6-6953-4ef0-a68e-6ef6a9d85853 --restoreProperty:EnableDefaultCompileItems=false --restoreProperty:EnableDefaultEmbeddedResourceItems=false --restoreProperty:EnableDefaultNoneItems=false --target:VSTest -nologo MyBlog.slnx --testing-platform --report-trx -restore'
  Switches appended by response files:
Switch: --testing-platform

For switch syntax, type "MSBuild -help"
kushal@syn-2600-6c56-9840-001d-0000-0000-0000-1157:~/src/dotnet/MyBlog/src$ cd ~/src/dotnet/MyBlog/; time bash export.sh; cd ~/src/dotnet/MyBlog/src/; time dotnet format; time dotnet restore; time dotnet clean; time dotnet build; time dotnet test; dotnet run --project src/MyBlog.Tests/MyBlog.Tests.csproj; time dotnet list package; time dotnet list package --outdated;
==============================================
  Project Export for LLM Analysis
==============================================

Project Path: /home/kushal/src/dotnet/MyBlog
Output File:  docs/llm/dump.txt

Generating directory structure...
Collecting files...
Found 73 files to export

Processing (1/73): export.sh
Processing (2/73): fix-all-forms.sh
Processing (3/73): fix-auth-architecture.sh
Processing (4/73): fix-blazor-interactivity.sh
Processing (5/73): fix-login-logout.sh
Processing (6/73): fix-ordered-lists.sh
Processing (7/73): fix-program-cs.sh
Processing (8/73): fix-update-claims.sh
Processing (9/73): gemini.sh
Processing (10/73): .github/workflows/build-deploy.yml
Processing (11/73): .gitignore
Processing (12/73): implement-user-management.sh
Processing (13/73): README.md
Processing (14/73): src/Directory.Build.props
Processing (15/73): src/Directory.Packages.props
Processing (16/73): src/.editorconfig
Processing (17/73): src/fix-changepassword-and-tests.sh
Processing (18/73): src/fix-rate-limit.sh
Processing (19/73): src/generate-myblog.sh
Processing (20/73): src/.github/workflows/build-deploy.yml
Processing (21/73): src/global.json
Processing (22/73): src/MyBlog.Core/Constants/AppConstants.cs
Processing (23/73): src/MyBlog.Core/Interfaces/IAuthService.cs
Processing (24/73): src/MyBlog.Core/Interfaces/IImageRepository.cs
Processing (25/73): src/MyBlog.Core/Interfaces/IMarkdownService.cs
Processing (26/73): src/MyBlog.Core/Interfaces/IPasswordService.cs
Processing (27/73): src/MyBlog.Core/Interfaces/IPostRepository.cs
Processing (28/73): src/MyBlog.Core/Interfaces/ISlugService.cs
Processing (29/73): src/MyBlog.Core/Interfaces/ITelemetryLogRepository.cs
Processing (30/73): src/MyBlog.Core/Interfaces/IUserRepository.cs
Processing (31/73): src/MyBlog.Core/Models/Image.cs
Processing (32/73): src/MyBlog.Core/Models/Post.cs
Processing (33/73): src/MyBlog.Core/Models/PostDto.cs
Processing (34/73): src/MyBlog.Core/Models/TelemetryLog.cs
Processing (35/73): src/MyBlog.Core/Models/User.cs
Processing (36/73): src/MyBlog.Core/MyBlog.Core.csproj
Processing (37/73): src/MyBlog.Core/Services/MarkdownService.cs
Processing (38/73): src/MyBlog.Core/Services/SlugService.cs
Processing (39/73): src/MyBlog.Infrastructure/Data/BlogDbContext.cs
Processing (40/73): src/MyBlog.Infrastructure/Data/DatabasePathResolver.cs
Processing (41/73): src/MyBlog.Infrastructure/MyBlog.Infrastructure.csproj
Processing (42/73): src/MyBlog.Infrastructure/Repositories/ImageRepository.cs
Processing (43/73): src/MyBlog.Infrastructure/Repositories/PostRepository.cs
Processing (44/73): src/MyBlog.Infrastructure/Repositories/TelemetryLogRepository.cs
Processing (45/73): src/MyBlog.Infrastructure/Repositories/UserRepository.cs
Processing (46/73): src/MyBlog.Infrastructure/ServiceCollectionExtensions.cs
Processing (47/73): src/MyBlog.Infrastructure/Services/AuthService.cs
Processing (48/73): src/MyBlog.Infrastructure/Services/PasswordService.cs
Processing (49/73): src/MyBlog.Infrastructure/Services/TelemetryCleanupService.cs
Processing (50/73): src/MyBlog.Infrastructure/Telemetry/DatabaseLogExporter.cs
Processing (51/73): src/MyBlog.Infrastructure/Telemetry/FileLogExporter.cs
Processing (52/73): src/MyBlog.Infrastructure/Telemetry/TelemetryPathResolver.cs
Processing (53/73): src/MyBlog.slnx
Processing (54/73): src/MyBlog.Tests/Integration/AuthServiceLongPasswordTests.cs
Processing (55/73): src/MyBlog.Tests/Integration/AuthServiceTests.cs
Processing (56/73): src/MyBlog.Tests/Integration/PasswordChangeTests.cs
Processing (57/73): src/MyBlog.Tests/Integration/PostRepositoryTests.cs
Processing (58/73): src/MyBlog.Tests/Integration/TelemetryCleanupTests.cs
Processing (59/73): src/MyBlog.Tests/MyBlog.Tests.csproj
Processing (60/73): src/MyBlog.Tests/Unit/LoginRateLimitMiddlewareTests.cs
Processing (61/73): src/MyBlog.Tests/Unit/MarkdownServiceTests.cs
Processing (62/73): src/MyBlog.Tests/Unit/PasswordServiceTests.cs
Processing (63/73): src/MyBlog.Tests/Unit/SlugServiceTests.cs
Processing (64/73): src/MyBlog.Web/appsettings.Development.json
Processing (65/73): src/MyBlog.Web/appsettings.json
Processing (66/73): src/MyBlog.Web/Components/Pages/Admin/UserEditor.razor.css
Processing (67/73): src/MyBlog.Web/Middleware/LoginRateLimitMiddleware.cs
Processing (68/73): src/MyBlog.Web/MyBlog.Web.csproj
Processing (69/73): src/MyBlog.Web/Program.cs
Processing (70/73): src/MyBlog.Web/wwwroot/css/site.css
Processing (71/73): src/run.sh
Processing (72/73): src/test.sh
Processing (73/73): src/upgrade-myblog.sh

==============================================
  Export Complete!
==============================================

Output file:    docs/llm/dump.txt
Files exported: 73
Files skipped:  0
Output size:    451.47 KB

File types included:
  • Source code: .cs, .fs, .vb
  • UI/XAML: .axaml, .xaml, .paml
  • Projects: .csproj, .slnx, .sln, .props, .targets
  • Config: .json, .yaml, .yml, .xml, .config
  • Docs: .md, .txt
  • Scripts: .sh, .ps1, .cmd, .bat
  • Other: .sql, .resx, .css, .scss, Dockerfile, etc.


real	0m0.771s
user	0m0.423s
sys	0m0.506s

real	0m8.475s
user	0m13.719s
sys	0m1.026s
Restore complete (0.5s)

Build succeeded in 0.6s

real	0m0.776s
user	0m0.827s
sys	0m0.149s

Build succeeded in 0.5s

real	0m0.724s
user	0m0.755s
sys	0m0.136s
Restore complete (0.5s)
  MyBlog.Core net10.0 succeeded (0.3s) → MyBlog.Core/bin/Debug/net10.0/MyBlog.Core.dll
  MyBlog.Infrastructure net10.0 succeeded (0.1s) → MyBlog.Infrastructure/bin/Debug/net10.0/MyBlog.Infrastructure.dll
  MyBlog.Web net10.0 succeeded (0.5s) → MyBlog.Web/bin/Debug/net10.0/MyBlog.Web.dll
  MyBlog.Tests net10.0 succeeded (0.2s) → MyBlog.Tests/bin/Debug/net10.0/MyBlog.Tests.dll

Build succeeded in 1.8s

real	0m1.986s
user	0m1.384s
sys	0m0.329s
Restore complete (0.5s)
  MyBlog.Tests net10.0 failed with 1 error(s) (0.0s)
    /home/kushal/.nuget/packages/microsoft.testing.platform.msbuild/2.0.2/buildMultiTargeting/Microsoft.Testing.Platform.MSBuild.targets(263,5): error Testing with VSTest target is no longer supported by Microsoft.Testing.Platform on .NET 10 SDK and later. If you use dotnet test, you should opt-in to the new dotnet test experience. For more information, see https://aka.ms/dotnet-test-mtp-error

Build failed with 1 error(s) in 0.7s

real	0m0.881s
user	0m0.978s
sys	0m0.156s
The provided file path does not exist: src/MyBlog.Tests/MyBlog.Tests.csproj.
Restore complete (0.5s)

Build succeeded in 0.6s
Project 'MyBlog.Core' has the following package references
   [net10.0]: No packages were found for this framework.
Project 'MyBlog.Infrastructure' has the following package references
   [net10.0]: 
   Top-level Package                           Requested   Resolved
   > Microsoft.AspNetCore.Identity             2.3.1       2.3.1   
   > Microsoft.EntityFrameworkCore.Sqlite      10.0.1      10.0.1  
   > OpenTelemetry                             1.14.0      1.14.0  

Project 'MyBlog.Tests' has the following package references
   [net10.0]: 
   Top-level Package                             Requested   Resolved
   > Microsoft.EntityFrameworkCore.Sqlite        10.0.1      10.0.1  
   > Microsoft.Testing.Extensions.TrxReport      2.0.2       2.0.2   
   > xunit.runner.visualstudio                   3.1.5       3.1.5   
   > xunit.v3                                    3.2.1       3.2.1   

Project 'MyBlog.Web' has the following package references
   [net10.0]: 
   Top-level Package                                  Requested    Resolved
   > Microsoft.AspNetCore.App.Internal.Assets   (A)   [10.0.1, )   10.0.1  
   > OpenTelemetry.Exporter.Console                   1.14.0       1.14.0  
   > OpenTelemetry.Extensions.Hosting                 1.14.0       1.14.0  
   > OpenTelemetry.Instrumentation.AspNetCore         1.14.0       1.14.0  
   > OpenTelemetry.Instrumentation.Http               1.14.0       1.14.0  

(A) : Auto-referenced package.

real	0m1.726s
user	0m1.725s
sys	0m0.354s
Restore complete (0.5s)

Build succeeded in 0.6s

The following sources were used:
   https://api.nuget.org/v3/index.json

The given project `MyBlog.Core` has no updates given the current sources.
The given project `MyBlog.Infrastructure` has no updates given the current sources.
The given project `MyBlog.Tests` has no updates given the current sources.
The given project `MyBlog.Web` has no updates given the current sources.

real	0m2.777s
user	0m2.119s
sys	0m0.397s
kushal@syn-2600-6c56-9840-001d-0000-0000-0000-1157:~/src/dotnet/MyBlog/src$ DOTNET_TEST_USE_MODERN_OUTPUT=1 dotnet test MyBlog.slnx --testing-platform --report-trx
MSBUILD : error MSB1001: Unknown switch.
    Full command line: '/usr/lib64/dotnet/sdk/10.0.101/MSBuild.dll -maxcpucount --verbosity:m -tlp:default=auto --property:VsTestUseMSBuildOutput=true --property:NuGetInteractive=true --property:VSTestArtifactsProcessingMode=collect --property:VSTestSessionCorrelationId=452552_db4bd5b8-19be-4bf3-9564-36e286bdd9df --restoreProperty:VsTestUseMSBuildOutput=true --restoreProperty:NuGetInteractive=true --restoreProperty:VSTestArtifactsProcessingMode=collect --restoreProperty:VSTestSessionCorrelationId=452552_db4bd5b8-19be-4bf3-9564-36e286bdd9df --restoreProperty:EnableDefaultCompileItems=false --restoreProperty:EnableDefaultEmbeddedResourceItems=false --restoreProperty:EnableDefaultNoneItems=false --target:VSTest -nologo MyBlog.slnx --testing-platform --report-trx -restore'
  Switches appended by response files:
Switch: --testing-platform

For switch syntax, type "MSBuild -help"
kushal@syn-2600-6c56-9840-001d-0000-0000-0000-1157:~/src/dotnet/MyBlog/src$ DOTNET_TEST_USE_MODERN_OUTPUT=1 dotnet test MyBlog.slnx -- --testing-platform --report-trx
Restore complete (0.5s)
  MyBlog.Tests net10.0 failed with 1 error(s) (0.0s)
    /home/kushal/.nuget/packages/microsoft.testing.platform.msbuild/2.0.2/buildMultiTargeting/Microsoft.Testing.Platform.MSBuild.targets(263,5): error Testing with VSTest target is no longer supported by Microsoft.Testing.Platform on .NET 10 SDK and later. If you use dotnet test, you should opt-in to the new dotnet test experience. For more information, see https://aka.ms/dotnet-test-mtp-error

Build failed with 1 error(s) in 0.7s
kushal@syn-2600-6c56-9840-001d-0000-0000-0000-1157:~/src/dotnet/MyBlog/src$ dotnet run --project MyBlog.Tests/MyBlog.Tests.csproj -- --report-trx
error: unknown option: --report-trx
kushal@syn-2600-6c56-9840-001d-0000-0000-0000-1157:~/src/dotnet/MyBlog/src$ time dotnet test MyBlog.slnx --report-trx
MSBUILD : error MSB1001: Unknown switch.
    Full command line: '/usr/lib64/dotnet/sdk/10.0.101/MSBuild.dll -maxcpucount --verbosity:m -tlp:default=auto --property:VsTestUseMSBuildOutput=true --property:NuGetInteractive=true --property:VSTestArtifactsProcessingMode=collect --property:VSTestSessionCorrelationId=455020_2ae72e71-d06e-4a4c-846f-696dc3971753 --restoreProperty:VsTestUseMSBuildOutput=true --restoreProperty:NuGetInteractive=true --restoreProperty:VSTestArtifactsProcessingMode=collect --restoreProperty:VSTestSessionCorrelationId=455020_2ae72e71-d06e-4a4c-846f-696dc3971753 --restoreProperty:EnableDefaultCompileItems=false --restoreProperty:EnableDefaultEmbeddedResourceItems=false --restoreProperty:EnableDefaultNoneItems=false --target:VSTest -nologo MyBlog.slnx --report-trx -restore'
  Switches appended by response files:
Switch: --report-trx

For switch syntax, type "MSBuild -help"

real	0m0.148s
user	0m0.126s
sys	0m0.033s
kushal@syn-2600-6c56-9840-001d-0000-0000-0000-1157:~/src/dotnet/MyBlog/src$ cd ~/src/dotnet/MyBlog/; time bash export.sh; cd ~/src/dotnet/MyBlog/src/; time dotnet format; time dotnet restore; time dotnet clean; time dotnet build; time dotnet test; dotnet run --project src/MyBlog.Tests/MyBlog.Tests.csproj; time dotnet list package; time dotnet list package --outdated;
==============================================
  Project Export for LLM Analysis
==============================================

Project Path: /home/kushal/src/dotnet/MyBlog
Output File:  docs/llm/dump.txt

Generating directory structure...
Collecting files...
Found 73 files to export

Processing (1/73): export.sh
Processing (2/73): fix-all-forms.sh
Processing (3/73): fix-auth-architecture.sh
Processing (4/73): fix-blazor-interactivity.sh
Processing (5/73): fix-login-logout.sh
Processing (6/73): fix-ordered-lists.sh
Processing (7/73): fix-program-cs.sh
Processing (8/73): fix-update-claims.sh
Processing (9/73): gemini.sh
Processing (10/73): .github/workflows/build-deploy.yml
Processing (11/73): .gitignore
Processing (12/73): implement-user-management.sh
Processing (13/73): README.md
Processing (14/73): src/Directory.Build.props
Processing (15/73): src/Directory.Packages.props
Processing (16/73): src/.editorconfig
Processing (17/73): src/fix-changepassword-and-tests.sh
Processing (18/73): src/fix-rate-limit.sh
Processing (19/73): src/generate-myblog.sh
Processing (20/73): src/.github/workflows/build-deploy.yml
Processing (21/73): src/global.json
Processing (22/73): src/MyBlog.Core/Constants/AppConstants.cs
Processing (23/73): src/MyBlog.Core/Interfaces/IAuthService.cs
Processing (24/73): src/MyBlog.Core/Interfaces/IImageRepository.cs
Processing (25/73): src/MyBlog.Core/Interfaces/IMarkdownService.cs
Processing (26/73): src/MyBlog.Core/Interfaces/IPasswordService.cs
Processing (27/73): src/MyBlog.Core/Interfaces/IPostRepository.cs
Processing (28/73): src/MyBlog.Core/Interfaces/ISlugService.cs
Processing (29/73): src/MyBlog.Core/Interfaces/ITelemetryLogRepository.cs
Processing (30/73): src/MyBlog.Core/Interfaces/IUserRepository.cs
Processing (31/73): src/MyBlog.Core/Models/Image.cs
Processing (32/73): src/MyBlog.Core/Models/Post.cs
Processing (33/73): src/MyBlog.Core/Models/PostDto.cs
Processing (34/73): src/MyBlog.Core/Models/TelemetryLog.cs
Processing (35/73): src/MyBlog.Core/Models/User.cs
Processing (36/73): src/MyBlog.Core/MyBlog.Core.csproj
Processing (37/73): src/MyBlog.Core/Services/MarkdownService.cs
Processing (38/73): src/MyBlog.Core/Services/SlugService.cs
Processing (39/73): src/MyBlog.Infrastructure/Data/BlogDbContext.cs
Processing (40/73): src/MyBlog.Infrastructure/Data/DatabasePathResolver.cs
Processing (41/73): src/MyBlog.Infrastructure/MyBlog.Infrastructure.csproj
Processing (42/73): src/MyBlog.Infrastructure/Repositories/ImageRepository.cs
Processing (43/73): src/MyBlog.Infrastructure/Repositories/PostRepository.cs
Processing (44/73): src/MyBlog.Infrastructure/Repositories/TelemetryLogRepository.cs
Processing (45/73): src/MyBlog.Infrastructure/Repositories/UserRepository.cs
Processing (46/73): src/MyBlog.Infrastructure/ServiceCollectionExtensions.cs
Processing (47/73): src/MyBlog.Infrastructure/Services/AuthService.cs
Processing (48/73): src/MyBlog.Infrastructure/Services/PasswordService.cs
Processing (49/73): src/MyBlog.Infrastructure/Services/TelemetryCleanupService.cs
Processing (50/73): src/MyBlog.Infrastructure/Telemetry/DatabaseLogExporter.cs
Processing (51/73): src/MyBlog.Infrastructure/Telemetry/FileLogExporter.cs
Processing (52/73): src/MyBlog.Infrastructure/Telemetry/TelemetryPathResolver.cs
Processing (53/73): src/MyBlog.slnx
Processing (54/73): src/MyBlog.Tests/Integration/AuthServiceLongPasswordTests.cs
Processing (55/73): src/MyBlog.Tests/Integration/AuthServiceTests.cs
Processing (56/73): src/MyBlog.Tests/Integration/PasswordChangeTests.cs
Processing (57/73): src/MyBlog.Tests/Integration/PostRepositoryTests.cs
Processing (58/73): src/MyBlog.Tests/Integration/TelemetryCleanupTests.cs
Processing (59/73): src/MyBlog.Tests/MyBlog.Tests.csproj
Processing (60/73): src/MyBlog.Tests/Unit/LoginRateLimitMiddlewareTests.cs
Processing (61/73): src/MyBlog.Tests/Unit/MarkdownServiceTests.cs
Processing (62/73): src/MyBlog.Tests/Unit/PasswordServiceTests.cs
Processing (63/73): src/MyBlog.Tests/Unit/SlugServiceTests.cs
Processing (64/73): src/MyBlog.Web/appsettings.Development.json
Processing (65/73): src/MyBlog.Web/appsettings.json
Processing (66/73): src/MyBlog.Web/Components/Pages/Admin/UserEditor.razor.css
Processing (67/73): src/MyBlog.Web/Middleware/LoginRateLimitMiddleware.cs
Processing (68/73): src/MyBlog.Web/MyBlog.Web.csproj
Processing (69/73): src/MyBlog.Web/Program.cs
Processing (70/73): src/MyBlog.Web/wwwroot/css/site.css
Processing (71/73): src/run.sh
Processing (72/73): src/test.sh
Processing (73/73): src/upgrade-myblog.sh

==============================================
  Export Complete!
==============================================

Output file:    docs/llm/dump.txt
Files exported: 73
Files skipped:  0
Output size:    451.47 KB

File types included:
  • Source code: .cs, .fs, .vb
  • UI/XAML: .axaml, .xaml, .paml
  • Projects: .csproj, .slnx, .sln, .props, .targets
  • Config: .json, .yaml, .yml, .xml, .config
  • Docs: .md, .txt
  • Scripts: .sh, .ps1, .cmd, .bat
  • Other: .sql, .resx, .css, .scss, Dockerfile, etc.


real	0m0.758s
user	0m0.411s
sys	0m0.505s

real	0m8.516s
user	0m13.838s
sys	0m1.015s
Restore complete (0.5s)

Build succeeded in 0.6s

real	0m0.811s
user	0m0.878s
sys	0m0.138s

Build succeeded in 0.6s

real	0m0.732s
user	0m0.744s
sys	0m0.153s
Restore complete (0.5s)
  MyBlog.Core net10.0 succeeded (0.3s) → MyBlog.Core/bin/Debug/net10.0/MyBlog.Core.dll
  MyBlog.Infrastructure net10.0 succeeded (0.1s) → MyBlog.Infrastructure/bin/Debug/net10.0/MyBlog.Infrastructure.dll
  MyBlog.Web net10.0 succeeded (0.4s) → MyBlog.Web/bin/Debug/net10.0/MyBlog.Web.dll
  MyBlog.Tests net10.0 succeeded (0.2s) → MyBlog.Tests/bin/Debug/net10.0/MyBlog.Tests.dll

Build succeeded in 1.8s

real	0m1.959s
user	0m1.381s
sys	0m0.328s
Restore complete (0.5s)
  MyBlog.Tests net10.0 failed with 1 error(s) (0.0s)
    /home/kushal/.nuget/packages/microsoft.testing.platform.msbuild/2.0.2/buildMultiTargeting/Microsoft.Testing.Platform.MSBuild.targets(263,5): error Testing with VSTest target is no longer supported by Microsoft.Testing.Platform on .NET 10 SDK and later. If you use dotnet test, you should opt-in to the new dotnet test experience. For more information, see https://aka.ms/dotnet-test-mtp-error

Build failed with 1 error(s) in 0.7s

real	0m0.902s
user	0m1.001s
sys	0m0.170s
The provided file path does not exist: src/MyBlog.Tests/MyBlog.Tests.csproj.
Restore complete (0.5s)

Build succeeded in 0.6s
Project 'MyBlog.Core' has the following package references
   [net10.0]: No packages were found for this framework.
Project 'MyBlog.Infrastructure' has the following package references
   [net10.0]: 
   Top-level Package                           Requested   Resolved
   > Microsoft.AspNetCore.Identity             2.3.1       2.3.1   
   > Microsoft.EntityFrameworkCore.Sqlite      10.0.1      10.0.1  
   > OpenTelemetry                             1.14.0      1.14.0  

Project 'MyBlog.Tests' has the following package references
   [net10.0]: 
   Top-level Package                             Requested   Resolved
   > Microsoft.EntityFrameworkCore.Sqlite        10.0.1      10.0.1  
   > Microsoft.Testing.Extensions.TrxReport      2.0.2       2.0.2   
   > xunit.runner.visualstudio                   3.1.5       3.1.5   
   > xunit.v3                                    3.2.1       3.2.1   

Project 'MyBlog.Web' has the following package references
   [net10.0]: 
   Top-level Package                                  Requested    Resolved
   > Microsoft.AspNetCore.App.Internal.Assets   (A)   [10.0.1, )   10.0.1  
   > OpenTelemetry.Exporter.Console                   1.14.0       1.14.0  
   > OpenTelemetry.Extensions.Hosting                 1.14.0       1.14.0  
   > OpenTelemetry.Instrumentation.AspNetCore         1.14.0       1.14.0  
   > OpenTelemetry.Instrumentation.Http               1.14.0       1.14.0  

(A) : Auto-referenced package.

real	0m1.746s
user	0m1.741s
sys	0m0.359s
Restore complete (0.5s)

Build succeeded in 0.6s

The following sources were used:
   https://api.nuget.org/v3/index.json

The given project `MyBlog.Core` has no updates given the current sources.
The given project `MyBlog.Infrastructure` has no updates given the current sources.
The given project `MyBlog.Tests` has no updates given the current sources.
The given project `MyBlog.Web` has no updates given the current sources.

real	0m1.908s
user	0m1.880s
sys	0m0.395s
kushal@syn-2600-6c56-9840-001d-0000-0000-0000-1157:~/src/dotnet/MyBlog/src$ cd .. 
kushal@syn-2600-6c56-9840-001d-0000-0000-0000-1157:~/src/dotnet/MyBlog$ time dotnet test src/MyBlog.slnx -c Release --no-build --report-trx --results-directory TestResults
MSBUILD : error MSB1001: Unknown switch.
    Full command line: '/usr/lib64/dotnet/sdk/10.0.101/MSBuild.dll -maxcpucount --verbosity:m -tlp:default=auto --property:VsTestUseMSBuildOutput=true --property:VSTestNoBuild=true --property:VSTestResultsDirectory="/home/kushal/src/dotnet/MyBlog/TestResults" --property:Configuration=Release --property:NuGetInteractive=true --property:VSTestArtifactsProcessingMode=collect --property:VSTestSessionCorrelationId=459702_05e26d97-a7fa-4967-81bd-445b35d017b7 --target:VSTest -nologo src/MyBlog.slnx --report-trx'
  Switches appended by response files:
Switch: --report-trx

For switch syntax, type "MSBuild -help"

real	0m0.123s
user	0m0.101s
sys	0m0.033s
kushal@syn-2600-6c56-9840-001d-0000-0000-0000-1157:~/src/dotnet/MyBlog$ cd ~/src/dotnet/MyBlog/; time bash export.sh; cd ~/src/dotnet/MyBlog/src/; time dotnet format; time dotnet restore; time dotnet clean; time dotnet build; time dotnet test; dotnet run --project src/MyBlog.Tests/MyBlog.Tests.csproj; time dotnet list package; time dotnet list package --outdated;
==============================================
  Project Export for LLM Analysis
==============================================

Project Path: /home/kushal/src/dotnet/MyBlog
Output File:  docs/llm/dump.txt

Generating directory structure...
Collecting files...
Found 73 files to export

Processing (1/73): export.sh
Processing (2/73): fix-all-forms.sh
Processing (3/73): fix-auth-architecture.sh
Processing (4/73): fix-blazor-interactivity.sh
Processing (5/73): fix-login-logout.sh
Processing (6/73): fix-ordered-lists.sh
Processing (7/73): fix-program-cs.sh
Processing (8/73): fix-update-claims.sh
Processing (9/73): gemini.sh
Processing (10/73): .github/workflows/build-deploy.yml
Processing (11/73): .gitignore
Processing (12/73): implement-user-management.sh
Processing (13/73): README.md
Processing (14/73): src/Directory.Build.props
Processing (15/73): src/Directory.Packages.props
Processing (16/73): src/.editorconfig
Processing (17/73): src/fix-changepassword-and-tests.sh
Processing (18/73): src/fix-rate-limit.sh
Processing (19/73): src/generate-myblog.sh
Processing (20/73): src/.github/workflows/build-deploy.yml
Processing (21/73): src/global.json
Processing (22/73): src/MyBlog.Core/Constants/AppConstants.cs
Processing (23/73): src/MyBlog.Core/Interfaces/IAuthService.cs
Processing (24/73): src/MyBlog.Core/Interfaces/IImageRepository.cs
Processing (25/73): src/MyBlog.Core/Interfaces/IMarkdownService.cs
Processing (26/73): src/MyBlog.Core/Interfaces/IPasswordService.cs
Processing (27/73): src/MyBlog.Core/Interfaces/IPostRepository.cs
Processing (28/73): src/MyBlog.Core/Interfaces/ISlugService.cs
Processing (29/73): src/MyBlog.Core/Interfaces/ITelemetryLogRepository.cs
Processing (30/73): src/MyBlog.Core/Interfaces/IUserRepository.cs
Processing (31/73): src/MyBlog.Core/Models/Image.cs
Processing (32/73): src/MyBlog.Core/Models/Post.cs
Processing (33/73): src/MyBlog.Core/Models/PostDto.cs
Processing (34/73): src/MyBlog.Core/Models/TelemetryLog.cs
Processing (35/73): src/MyBlog.Core/Models/User.cs
Processing (36/73): src/MyBlog.Core/MyBlog.Core.csproj
Processing (37/73): src/MyBlog.Core/Services/MarkdownService.cs
Processing (38/73): src/MyBlog.Core/Services/SlugService.cs
Processing (39/73): src/MyBlog.Infrastructure/Data/BlogDbContext.cs
Processing (40/73): src/MyBlog.Infrastructure/Data/DatabasePathResolver.cs
Processing (41/73): src/MyBlog.Infrastructure/MyBlog.Infrastructure.csproj
Processing (42/73): src/MyBlog.Infrastructure/Repositories/ImageRepository.cs
Processing (43/73): src/MyBlog.Infrastructure/Repositories/PostRepository.cs
Processing (44/73): src/MyBlog.Infrastructure/Repositories/TelemetryLogRepository.cs
Processing (45/73): src/MyBlog.Infrastructure/Repositories/UserRepository.cs
Processing (46/73): src/MyBlog.Infrastructure/ServiceCollectionExtensions.cs
Processing (47/73): src/MyBlog.Infrastructure/Services/AuthService.cs
Processing (48/73): src/MyBlog.Infrastructure/Services/PasswordService.cs
Processing (49/73): src/MyBlog.Infrastructure/Services/TelemetryCleanupService.cs
Processing (50/73): src/MyBlog.Infrastructure/Telemetry/DatabaseLogExporter.cs
Processing (51/73): src/MyBlog.Infrastructure/Telemetry/FileLogExporter.cs
Processing (52/73): src/MyBlog.Infrastructure/Telemetry/TelemetryPathResolver.cs
Processing (53/73): src/MyBlog.slnx
Processing (54/73): src/MyBlog.Tests/Integration/AuthServiceLongPasswordTests.cs
Processing (55/73): src/MyBlog.Tests/Integration/AuthServiceTests.cs
Processing (56/73): src/MyBlog.Tests/Integration/PasswordChangeTests.cs
Processing (57/73): src/MyBlog.Tests/Integration/PostRepositoryTests.cs
Processing (58/73): src/MyBlog.Tests/Integration/TelemetryCleanupTests.cs
Processing (59/73): src/MyBlog.Tests/MyBlog.Tests.csproj
Processing (60/73): src/MyBlog.Tests/Unit/LoginRateLimitMiddlewareTests.cs
Processing (61/73): src/MyBlog.Tests/Unit/MarkdownServiceTests.cs
Processing (62/73): src/MyBlog.Tests/Unit/PasswordServiceTests.cs
Processing (63/73): src/MyBlog.Tests/Unit/SlugServiceTests.cs
Processing (64/73): src/MyBlog.Web/appsettings.Development.json
Processing (65/73): src/MyBlog.Web/appsettings.json
Processing (66/73): src/MyBlog.Web/Components/Pages/Admin/UserEditor.razor.css
Processing (67/73): src/MyBlog.Web/Middleware/LoginRateLimitMiddleware.cs
Processing (68/73): src/MyBlog.Web/MyBlog.Web.csproj
Processing (69/73): src/MyBlog.Web/Program.cs
Processing (70/73): src/MyBlog.Web/wwwroot/css/site.css
Processing (71/73): src/run.sh
Processing (72/73): src/test.sh
Processing (73/73): src/upgrade-myblog.sh

==============================================
  Export Complete!
==============================================

Output file:    docs/llm/dump.txt
Files exported: 73
Files skipped:  0
Output size:    451.05 KB

File types included:
  • Source code: .cs, .fs, .vb
  • UI/XAML: .axaml, .xaml, .paml
  • Projects: .csproj, .slnx, .sln, .props, .targets
  • Config: .json, .yaml, .yml, .xml, .config
  • Docs: .md, .txt
  • Scripts: .sh, .ps1, .cmd, .bat
  • Other: .sql, .resx, .css, .scss, Dockerfile, etc.


real	0m0.762s
user	0m0.393s
sys	0m0.524s
Unable to fix xUnit1013. Code fix PublicMethodShouldBeMarkedAsTestFixer doesn't support Fix All in Solution.
Unable to fix xUnit1028. No associated code fix found.

real	0m7.982s
user	0m13.030s
sys	0m1.021s
Restore complete (0.5s)

Build succeeded in 0.6s

real	0m0.814s
user	0m0.868s
sys	0m0.152s

Build succeeded in 0.6s

real	0m0.725s
user	0m0.739s
sys	0m0.134s
Restore complete (0.5s)
  MyBlog.Core net10.0 failed with 90 error(s) and 13 warning(s) (0.2s)
    /home/kushal/src/dotnet/MyBlog/src/MyBlog.Core/Models/Image.cs(9,12): error CS0246: The type or namespace name 'Guid' could not be found (are you missing a using directive or an assembly reference?)
    /home/kushal/src/dotnet/MyBlog/src/MyBlog.Core/Models/Image.cs(21,12): error CS0246: The type or namespace name 'Guid' could not be found (are you missing a using directive or an assembly reference?)
    /home/kushal/src/dotnet/MyBlog/src/MyBlog.Core/Models/Image.cs(24,12): error CS0246: The type or namespace name 'DateTime' could not be found (are you missing a using directive or an assembly reference?)
    /home/kushal/src/dotnet/MyBlog/src/MyBlog.Core/Models/Image.cs(27,12): error CS0246: The type or namespace name 'Guid' could not be found (are you missing a using directive or an assembly reference?)
    /home/kushal/src/dotnet/MyBlog/src/MyBlog.Core/Models/Post.cs(9,12): error CS0246: The type or namespace name 'Guid' could not be found (are you missing a using directive or an assembly reference?)
    /home/kushal/src/dotnet/MyBlog/src/MyBlog.Core/Models/Image.cs(30,16): warning CS8632: The annotation for nullable reference types should only be used in code within a '#nullable' annotations context.
    /home/kushal/src/dotnet/MyBlog/src/MyBlog.Core/Interfaces/IImageRepository.cs(11,44): error CS0246: The type or namespace name 'CancellationToken' could not be found (are you missing a using directive or an assembly reference?)
    /home/kushal/src/dotnet/MyBlog/src/MyBlog.Core/Interfaces/IImageRepository.cs(11,5): error CS0246: The type or namespace name 'Task<>' could not be found (are you missing a using directive or an assembly reference?)
    /home/kushal/src/dotnet/MyBlog/src/MyBlog.Core/Interfaces/IImageRepository.cs(11,10): error CS0246: The type or namespace name 'IReadOnlyList<>' could not be found (are you missing a using directive or an assembly reference?)
    /home/kushal/src/dotnet/MyBlog/src/MyBlog.Core/Interfaces/IAuthService.cs(12,43): error CS0246: The type or namespace name 'CancellationToken' could not be found (are you missing a using directive or an assembly reference?)
    /home/kushal/src/dotnet/MyBlog/src/MyBlog.Core/Interfaces/IAuthService.cs(11,5): error CS0246: The type or namespace name 'Task<>' could not be found (are you missing a using directive or an assembly reference?)
    /home/kushal/src/dotnet/MyBlog/src/MyBlog.Core/Interfaces/IAuthService.cs(11,14): warning CS8632: The annotation for nullable reference types should only be used in code within a '#nullable' annotations context.
    /home/kushal/src/dotnet/MyBlog/src/MyBlog.Core/Models/Image.cs(33,16): warning CS8632: The annotation for nullable reference types should only be used in code within a '#nullable' annotations context.
    /home/kushal/src/dotnet/MyBlog/src/MyBlog.Core/Models/Post.cs(24,12): error CS0246: The type or namespace name 'Guid' could not be found (are you missing a using directive or an assembly reference?)
    /home/kushal/src/dotnet/MyBlog/src/MyBlog.Core/Models/Post.cs(27,12): error CS0246: The type or namespace name 'DateTime' could not be found (are you missing a using directive or an assembly reference?)
    /home/kushal/src/dotnet/MyBlog/src/MyBlog.Core/Models/Post.cs(30,12): error CS0246: The type or namespace name 'DateTime' could not be found (are you missing a using directive or an assembly reference?)
    /home/kushal/src/dotnet/MyBlog/src/MyBlog.Core/Models/Post.cs(33,12): error CS0246: The type or namespace name 'DateTime' could not be found (are you missing a using directive or an assembly reference?)
    /home/kushal/src/dotnet/MyBlog/src/MyBlog.Core/Interfaces/IAuthService.cs(15,31): error CS0246: The type or namespace name 'CancellationToken' could not be found (are you missing a using directive or an assembly reference?)
    /home/kushal/src/dotnet/MyBlog/src/MyBlog.Core/Interfaces/IAuthService.cs(15,5): error CS0246: The type or namespace name 'Task' could not be found (are you missing a using directive or an assembly reference?)
    /home/kushal/src/dotnet/MyBlog/src/MyBlog.Core/Models/Post.cs(39,16): warning CS8632: The annotation for nullable reference types should only be used in code within a '#nullable' annotations context.
    /home/kushal/src/dotnet/MyBlog/src/MyBlog.Core/Interfaces/IImageRepository.cs(14,31): error CS0246: The type or namespace name 'Guid' could not be found (are you missing a using directive or an assembly reference?)
    /home/kushal/src/dotnet/MyBlog/src/MyBlog.Core/Interfaces/IImageRepository.cs(14,40): error CS0246: The type or namespace name 'CancellationToken' could not be found (are you missing a using directive or an assembly reference?)
    /home/kushal/src/dotnet/MyBlog/src/MyBlog.Core/Interfaces/IImageRepository.cs(14,5): error CS0246: The type or namespace name 'Task<>' could not be found (are you missing a using directive or an assembly reference?)
    /home/kushal/src/dotnet/MyBlog/src/MyBlog.Core/Interfaces/IImageRepository.cs(14,15): warning CS8632: The annotation for nullable reference types should only be used in code within a '#nullable' annotations context.
    /home/kushal/src/dotnet/MyBlog/src/MyBlog.Core/Interfaces/IPostRepository.cs(12,33): error CS0246: The type or namespace name 'CancellationToken' could not be found (are you missing a using directive or an assembly reference?)
    /home/kushal/src/dotnet/MyBlog/src/MyBlog.Core/Interfaces/IPostRepository.cs(11,5): error CS0246: The type or namespace name 'Task<>' could not be found (are you missing a using directive or an assembly reference?)
    /home/kushal/src/dotnet/MyBlog/src/MyBlog.Core/Interfaces/IPostRepository.cs(11,11): error CS0246: The type or namespace name 'IReadOnlyList<>' could not be found (are you missing a using directive or an assembly reference?)
    /home/kushal/src/dotnet/MyBlog/src/MyBlog.Core/Models/Post.cs(42,12): error CS0246: The type or namespace name 'ICollection<>' could not be found (are you missing a using directive or an assembly reference?)
    /home/kushal/src/dotnet/MyBlog/src/MyBlog.Core/Interfaces/ITelemetryLogRepository.cs(11,39): error CS0246: The type or namespace name 'CancellationToken' could not be found (are you missing a using directive or an assembly reference?)
    /home/kushal/src/dotnet/MyBlog/src/MyBlog.Core/Interfaces/ITelemetryLogRepository.cs(11,5): error CS0246: The type or namespace name 'Task' could not be found (are you missing a using directive or an assembly reference?)
    /home/kushal/src/dotnet/MyBlog/src/MyBlog.Core/Interfaces/IAuthService.cs(20,9): error CS0246: The type or namespace name 'Guid' could not be found (are you missing a using directive or an assembly reference?)
    /home/kushal/src/dotnet/MyBlog/src/MyBlog.Core/Interfaces/IAuthService.cs(23,9): error CS0246: The type or namespace name 'CancellationToken' could not be found (are you missing a using directive or an assembly reference?)
    /home/kushal/src/dotnet/MyBlog/src/MyBlog.Core/Interfaces/IAuthService.cs(19,5): error CS0246: The type or namespace name 'Task<>' could not be found (are you missing a using directive or an assembly reference?)
    /home/kushal/src/dotnet/MyBlog/src/MyBlog.Core/Interfaces/IImageRepository.cs(17,42): error CS0246: The type or namespace name 'CancellationToken' could not be found (are you missing a using directive or an assembly reference?)
    /home/kushal/src/dotnet/MyBlog/src/MyBlog.Core/Interfaces/IImageRepository.cs(17,5): error CS0246: The type or namespace name 'Task<>' could not be found (are you missing a using directive or an assembly reference?)
    /home/kushal/src/dotnet/MyBlog/src/MyBlog.Core/Interfaces/IPostRepository.cs(16,9): error CS0246: The type or namespace name 'CancellationToken' could not be found (are you missing a using directive or an assembly reference?)
    /home/kushal/src/dotnet/MyBlog/src/MyBlog.Core/Interfaces/IPostRepository.cs(15,5): error CS0246: The type or namespace name 'Task<>' could not be found (are you missing a using directive or an assembly reference?)
    /home/kushal/src/dotnet/MyBlog/src/MyBlog.Core/Interfaces/IPostRepository.cs(15,10): error CS0246: The type or namespace name 'IReadOnlyList<>' could not be found (are you missing a using directive or an assembly reference?)
    /home/kushal/src/dotnet/MyBlog/src/MyBlog.Core/Interfaces/IImageRepository.cs(20,22): error CS0246: The type or namespace name 'Guid' could not be found (are you missing a using directive or an assembly reference?)
    /home/kushal/src/dotnet/MyBlog/src/MyBlog.Core/Interfaces/IImageRepository.cs(20,31): error CS0246: The type or namespace name 'CancellationToken' could not be found (are you missing a using directive or an assembly reference?)
    /home/kushal/src/dotnet/MyBlog/src/MyBlog.Core/Interfaces/IImageRepository.cs(20,5): error CS0246: The type or namespace name 'Task' could not be found (are you missing a using directive or an assembly reference?)
    /home/kushal/src/dotnet/MyBlog/src/MyBlog.Core/Interfaces/IAuthService.cs(27,9): error CS0246: The type or namespace name 'Guid' could not be found (are you missing a using directive or an assembly reference?)
    /home/kushal/src/dotnet/MyBlog/src/MyBlog.Core/Interfaces/IAuthService.cs(29,9): error CS0246: The type or namespace name 'CancellationToken' could not be found (are you missing a using directive or an assembly reference?)
    /home/kushal/src/dotnet/MyBlog/src/MyBlog.Core/Interfaces/IAuthService.cs(26,5): error CS0246: The type or namespace name 'Task' could not be found (are you missing a using directive or an assembly reference?)
    /home/kushal/src/dotnet/MyBlog/src/MyBlog.Core/Interfaces/ITelemetryLogRepository.cs(14,36): error CS0246: The type or namespace name 'DateTime' could not be found (are you missing a using directive or an assembly reference?)
    /home/kushal/src/dotnet/MyBlog/src/MyBlog.Core/Interfaces/ITelemetryLogRepository.cs(14,56): error CS0246: The type or namespace name 'CancellationToken' could not be found (are you missing a using directive or an assembly reference?)
    /home/kushal/src/dotnet/MyBlog/src/MyBlog.Core/Interfaces/ITelemetryLogRepository.cs(14,5): error CS0246: The type or namespace name 'Task<>' could not be found (are you missing a using directive or an assembly reference?)
    /home/kushal/src/dotnet/MyBlog/src/MyBlog.Core/Interfaces/IPostRepository.cs(19,54): error CS0246: The type or namespace name 'CancellationToken' could not be found (are you missing a using directive or an assembly reference?)
    /home/kushal/src/dotnet/MyBlog/src/MyBlog.Core/Interfaces/IPostRepository.cs(19,5): error CS0246: The type or namespace name 'Task<>' could not be found (are you missing a using directive or an assembly reference?)
    /home/kushal/src/dotnet/MyBlog/src/MyBlog.Core/Interfaces/IPostRepository.cs(19,23): warning CS8632: The annotation for nullable reference types should only be used in code within a '#nullable' annotations context.
    /home/kushal/src/dotnet/MyBlog/src/MyBlog.Core/Interfaces/IPostRepository.cs(22,30): error CS0246: The type or namespace name 'Guid' could not be found (are you missing a using directive or an assembly reference?)
    /home/kushal/src/dotnet/MyBlog/src/MyBlog.Core/Interfaces/IPostRepository.cs(22,39): error CS0246: The type or namespace name 'CancellationToken' could not be found (are you missing a using directive or an assembly reference?)
    /home/kushal/src/dotnet/MyBlog/src/MyBlog.Core/Interfaces/IPostRepository.cs(22,5): error CS0246: The type or namespace name 'Task<>' could not be found (are you missing a using directive or an assembly reference?)
    /home/kushal/src/dotnet/MyBlog/src/MyBlog.Core/Interfaces/IPostRepository.cs(22,14): warning CS8632: The annotation for nullable reference types should only be used in code within a '#nullable' annotations context.
    /home/kushal/src/dotnet/MyBlog/src/MyBlog.Core/Models/PostDto.cs(5,5): error CS0246: The type or namespace name 'Guid' could not be found (are you missing a using directive or an assembly reference?)
    /home/kushal/src/dotnet/MyBlog/src/MyBlog.Core/Models/PostDto.cs(10,5): error CS0246: The type or namespace name 'DateTime' could not be found (are you missing a using directive or an assembly reference?)
    /home/kushal/src/dotnet/MyBlog/src/MyBlog.Core/Interfaces/ITelemetryLogRepository.cs(18,20): error CS0246: The type or namespace name 'CancellationToken' could not be found (are you missing a using directive or an assembly reference?)
    /home/kushal/src/dotnet/MyBlog/src/MyBlog.Core/Interfaces/ITelemetryLogRepository.cs(17,5): error CS0246: The type or namespace name 'Task<>' could not be found (are you missing a using directive or an assembly reference?)
    /home/kushal/src/dotnet/MyBlog/src/MyBlog.Core/Interfaces/ITelemetryLogRepository.cs(17,10): error CS0246: The type or namespace name 'IReadOnlyList<>' could not be found (are you missing a using directive or an assembly reference?)
    /home/kushal/src/dotnet/MyBlog/src/MyBlog.Core/Interfaces/IPostRepository.cs(25,39): error CS0246: The type or namespace name 'CancellationToken' could not be found (are you missing a using directive or an assembly reference?)
    /home/kushal/src/dotnet/MyBlog/src/MyBlog.Core/Interfaces/IPostRepository.cs(25,5): error CS0246: The type or namespace name 'Task<>' could not be found (are you missing a using directive or an assembly reference?)
    /home/kushal/src/dotnet/MyBlog/src/MyBlog.Core/Interfaces/IPostRepository.cs(28,33): error CS0246: The type or namespace name 'CancellationToken' could not be found (are you missing a using directive or an assembly reference?)
    /home/kushal/src/dotnet/MyBlog/src/MyBlog.Core/Interfaces/IPostRepository.cs(28,5): error CS0246: The type or namespace name 'Task' could not be found (are you missing a using directive or an assembly reference?)
    /home/kushal/src/dotnet/MyBlog/src/MyBlog.Core/Interfaces/IPostRepository.cs(31,22): error CS0246: The type or namespace name 'Guid' could not be found (are you missing a using directive or an assembly reference?)
    /home/kushal/src/dotnet/MyBlog/src/MyBlog.Core/Interfaces/IPostRepository.cs(31,31): error CS0246: The type or namespace name 'CancellationToken' could not be found (are you missing a using directive or an assembly reference?)
    /home/kushal/src/dotnet/MyBlog/src/MyBlog.Core/Interfaces/IPostRepository.cs(31,5): error CS0246: The type or namespace name 'Task' could not be found (are you missing a using directive or an assembly reference?)
    /home/kushal/src/dotnet/MyBlog/src/MyBlog.Core/Interfaces/IUserRepository.cs(11,30): error CS0246: The type or namespace name 'Guid' could not be found (are you missing a using directive or an assembly reference?)
    /home/kushal/src/dotnet/MyBlog/src/MyBlog.Core/Interfaces/IUserRepository.cs(11,39): error CS0246: The type or namespace name 'CancellationToken' could not be found (are you missing a using directive or an assembly reference?)
    /home/kushal/src/dotnet/MyBlog/src/MyBlog.Core/Interfaces/IUserRepository.cs(11,5): error CS0246: The type or namespace name 'Task<>' could not be found (are you missing a using directive or an assembly reference?)
    /home/kushal/src/dotnet/MyBlog/src/MyBlog.Core/Interfaces/IUserRepository.cs(11,14): warning CS8632: The annotation for nullable reference types should only be used in code within a '#nullable' annotations context.
    /home/kushal/src/dotnet/MyBlog/src/MyBlog.Core/Interfaces/IPostRepository.cs(34,29): error CS0246: The type or namespace name 'CancellationToken' could not be found (are you missing a using directive or an assembly reference?)
    /home/kushal/src/dotnet/MyBlog/src/MyBlog.Core/Interfaces/IPostRepository.cs(34,5): error CS0246: The type or namespace name 'Task<>' could not be found (are you missing a using directive or an assembly reference?)
    /home/kushal/src/dotnet/MyBlog/src/MyBlog.Core/Interfaces/IPostRepository.cs(38,20): error CS0246: The type or namespace name 'CancellationToken' could not be found (are you missing a using directive or an assembly reference?)
    /home/kushal/src/dotnet/MyBlog/src/MyBlog.Core/Interfaces/IPostRepository.cs(37,5): error CS0246: The type or namespace name 'Task<>' could not be found (are you missing a using directive or an assembly reference?)
    /home/kushal/src/dotnet/MyBlog/src/MyBlog.Core/Interfaces/IPostRepository.cs(37,10): error CS0246: The type or namespace name 'IReadOnlyList<>' could not be found (are you missing a using directive or an assembly reference?)
    /home/kushal/src/dotnet/MyBlog/src/MyBlog.Core/Models/PostDto.cs(29,5): error CS0246: The type or namespace name 'Guid' could not be found (are you missing a using directive or an assembly reference?)
    /home/kushal/src/dotnet/MyBlog/src/MyBlog.Core/Models/PostDto.cs(35,5): error CS0246: The type or namespace name 'DateTime' could not be found (are you missing a using directive or an assembly reference?)
    /home/kushal/src/dotnet/MyBlog/src/MyBlog.Core/Models/PostDto.cs(36,5): error CS0246: The type or namespace name 'DateTime' could not be found (are you missing a using directive or an assembly reference?)
    /home/kushal/src/dotnet/MyBlog/src/MyBlog.Core/Models/PostDto.cs(37,5): error CS0246: The type or namespace name 'DateTime' could not be found (are you missing a using directive or an assembly reference?)
    /home/kushal/src/dotnet/MyBlog/src/MyBlog.Core/Interfaces/IUserRepository.cs(14,53): error CS0246: The type or namespace name 'CancellationToken' could not be found (are you missing a using directive or an assembly reference?)
    /home/kushal/src/dotnet/MyBlog/src/MyBlog.Core/Interfaces/IUserRepository.cs(14,5): error CS0246: The type or namespace name 'Task<>' could not be found (are you missing a using directive or an assembly reference?)
    /home/kushal/src/dotnet/MyBlog/src/MyBlog.Core/Interfaces/IUserRepository.cs(14,14): warning CS8632: The annotation for nullable reference types should only be used in code within a '#nullable' annotations context.
    /home/kushal/src/dotnet/MyBlog/src/MyBlog.Core/Models/TelemetryLog.cs(12,12): error CS0246: The type or namespace name 'DateTime' could not be found (are you missing a using directive or an assembly reference?)
    /home/kushal/src/dotnet/MyBlog/src/MyBlog.Core/Interfaces/IUserRepository.cs(17,43): error CS0246: The type or namespace name 'CancellationToken' could not be found (are you missing a using directive or an assembly reference?)
    /home/kushal/src/dotnet/MyBlog/src/MyBlog.Core/Interfaces/IUserRepository.cs(17,5): error CS0246: The type or namespace name 'Task<>' could not be found (are you missing a using directive or an assembly reference?)
    /home/kushal/src/dotnet/MyBlog/src/MyBlog.Core/Interfaces/IUserRepository.cs(17,10): error CS0246: The type or namespace name 'IReadOnlyList<>' could not be found (are you missing a using directive or an assembly reference?)
    /home/kushal/src/dotnet/MyBlog/src/MyBlog.Core/Models/TelemetryLog.cs(24,18): warning CS8632: The annotation for nullable reference types should only be used in code within a '#nullable' annotations context.
    /home/kushal/src/dotnet/MyBlog/src/MyBlog.Core/Models/TelemetryLog.cs(27,18): warning CS8632: The annotation for nullable reference types should only be used in code within a '#nullable' annotations context.
    /home/kushal/src/dotnet/MyBlog/src/MyBlog.Core/Models/TelemetryLog.cs(30,18): warning CS8632: The annotation for nullable reference types should only be used in code within a '#nullable' annotations context.
    /home/kushal/src/dotnet/MyBlog/src/MyBlog.Core/Models/TelemetryLog.cs(33,18): warning CS8632: The annotation for nullable reference types should only be used in code within a '#nullable' annotations context.
    /home/kushal/src/dotnet/MyBlog/src/MyBlog.Core/Interfaces/IUserRepository.cs(20,35): error CS0246: The type or namespace name 'CancellationToken' could not be found (are you missing a using directive or an assembly reference?)
    /home/kushal/src/dotnet/MyBlog/src/MyBlog.Core/Interfaces/IUserRepository.cs(20,5): error CS0246: The type or namespace name 'Task<>' could not be found (are you missing a using directive or an assembly reference?)
    /home/kushal/src/dotnet/MyBlog/src/MyBlog.Core/Interfaces/IUserRepository.cs(23,33): error CS0246: The type or namespace name 'CancellationToken' could not be found (are you missing a using directive or an assembly reference?)
    /home/kushal/src/dotnet/MyBlog/src/MyBlog.Core/Interfaces/IUserRepository.cs(23,5): error CS0246: The type or namespace name 'Task' could not be found (are you missing a using directive or an assembly reference?)
    /home/kushal/src/dotnet/MyBlog/src/MyBlog.Core/Interfaces/IUserRepository.cs(26,33): error CS0246: The type or namespace name 'CancellationToken' could not be found (are you missing a using directive or an assembly reference?)
    /home/kushal/src/dotnet/MyBlog/src/MyBlog.Core/Interfaces/IUserRepository.cs(26,5): error CS0246: The type or namespace name 'Task' could not be found (are you missing a using directive or an assembly reference?)
    /home/kushal/src/dotnet/MyBlog/src/MyBlog.Core/Models/User.cs(9,12): error CS0246: The type or namespace name 'Guid' could not be found (are you missing a using directive or an assembly reference?)
    /home/kushal/src/dotnet/MyBlog/src/MyBlog.Core/Interfaces/IUserRepository.cs(29,22): error CS0246: The type or namespace name 'Guid' could not be found (are you missing a using directive or an assembly reference?)
    /home/kushal/src/dotnet/MyBlog/src/MyBlog.Core/Interfaces/IUserRepository.cs(29,31): error CS0246: The type or namespace name 'CancellationToken' could not be found (are you missing a using directive or an assembly reference?)
    /home/kushal/src/dotnet/MyBlog/src/MyBlog.Core/Interfaces/IUserRepository.cs(29,5): error CS0246: The type or namespace name 'Task' could not be found (are you missing a using directive or an assembly reference?)
    /home/kushal/src/dotnet/MyBlog/src/MyBlog.Core/Models/User.cs(24,12): error CS0246: The type or namespace name 'DateTime' could not be found (are you missing a using directive or an assembly reference?)
    /home/kushal/src/dotnet/MyBlog/src/MyBlog.Core/Models/User.cs(27,12): error CS0246: The type or namespace name 'ICollection<>' could not be found (are you missing a using directive or an assembly reference?)
    /home/kushal/src/dotnet/MyBlog/src/MyBlog.Core/Models/User.cs(30,12): error CS0246: The type or namespace name 'ICollection<>' could not be found (are you missing a using directive or an assembly reference?)

Build failed with 90 error(s) and 13 warning(s) in 1.0s

real	0m1.125s
user	0m1.193s
sys	0m0.191s
/home/kushal/src/dotnet/MyBlog/src/MyBlog.Core/Models/Post.cs(9,12): error CS0246: The type or namespace name 'Guid' could not be found (are you missing a using directive or an assembly reference?)
/home/kushal/src/dotnet/MyBlog/src/MyBlog.Core/Models/Image.cs(9,12): error CS0246: The type or namespace name 'Guid' could not be found (are you missing a using directive or an assembly reference?)
/home/kushal/src/dotnet/MyBlog/src/MyBlog.Core/Interfaces/IAuthService.cs(12,43): error CS0246: The type or namespace name 'CancellationToken' could not be found (are you missing a using directive or an assembly reference?)
/home/kushal/src/dotnet/MyBlog/src/MyBlog.Core/Interfaces/IAuthService.cs(11,5): error CS0246: The type or namespace name 'Task<>' could not be found (are you missing a using directive or an assembly reference?)
/home/kushal/src/dotnet/MyBlog/src/MyBlog.Core/Interfaces/IAuthService.cs(11,14): warning CS8632: The annotation for nullable reference types should only be used in code within a '#nullable' annotations context.
/home/kushal/src/dotnet/MyBlog/src/MyBlog.Core/Models/PostDto.cs(5,5): error CS0246: The type or namespace name 'Guid' could not be found (are you missing a using directive or an assembly reference?)
/home/kushal/src/dotnet/MyBlog/src/MyBlog.Core/Models/PostDto.cs(10,5): error CS0246: The type or namespace name 'DateTime' could not be found (are you missing a using directive or an assembly reference?)
/home/kushal/src/dotnet/MyBlog/src/MyBlog.Core/Models/Post.cs(24,12): error CS0246: The type or namespace name 'Guid' could not be found (are you missing a using directive or an assembly reference?)
/home/kushal/src/dotnet/MyBlog/src/MyBlog.Core/Models/PostDto.cs(29,5): error CS0246: The type or namespace name 'Guid' could not be found (are you missing a using directive or an assembly reference?)
/home/kushal/src/dotnet/MyBlog/src/MyBlog.Core/Models/PostDto.cs(35,5): error CS0246: The type or namespace name 'DateTime' could not be found (are you missing a using directive or an assembly reference?)
/home/kushal/src/dotnet/MyBlog/src/MyBlog.Core/Models/PostDto.cs(36,5): error CS0246: The type or namespace name 'DateTime' could not be found (are you missing a using directive or an assembly reference?)
/home/kushal/src/dotnet/MyBlog/src/MyBlog.Core/Models/PostDto.cs(37,5): error CS0246: The type or namespace name 'DateTime' could not be found (are you missing a using directive or an assembly reference?)
/home/kushal/src/dotnet/MyBlog/src/MyBlog.Core/Interfaces/IImageRepository.cs(11,44): error CS0246: The type or namespace name 'CancellationToken' could not be found (are you missing a using directive or an assembly reference?)
/home/kushal/src/dotnet/MyBlog/src/MyBlog.Core/Interfaces/IImageRepository.cs(11,5): error CS0246: The type or namespace name 'Task<>' could not be found (are you missing a using directive or an assembly reference?)
/home/kushal/src/dotnet/MyBlog/src/MyBlog.Core/Interfaces/IImageRepository.cs(11,10): error CS0246: The type or namespace name 'IReadOnlyList<>' could not be found (are you missing a using directive or an assembly reference?)
/home/kushal/src/dotnet/MyBlog/src/MyBlog.Core/Interfaces/ITelemetryLogRepository.cs(11,39): error CS0246: The type or namespace name 'CancellationToken' could not be found (are you missing a using directive or an assembly reference?)
/home/kushal/src/dotnet/MyBlog/src/MyBlog.Core/Interfaces/ITelemetryLogRepository.cs(11,5): error CS0246: The type or namespace name 'Task' could not be found (are you missing a using directive or an assembly reference?)
/home/kushal/src/dotnet/MyBlog/src/MyBlog.Core/Models/Image.cs(21,12): error CS0246: The type or namespace name 'Guid' could not be found (are you missing a using directive or an assembly reference?)
/home/kushal/src/dotnet/MyBlog/src/MyBlog.Core/Models/Post.cs(27,12): error CS0246: The type or namespace name 'DateTime' could not be found (are you missing a using directive or an assembly reference?)
/home/kushal/src/dotnet/MyBlog/src/MyBlog.Core/Models/Post.cs(30,12): error CS0246: The type or namespace name 'DateTime' could not be found (are you missing a using directive or an assembly reference?)
/home/kushal/src/dotnet/MyBlog/src/MyBlog.Core/Models/Image.cs(24,12): error CS0246: The type or namespace name 'DateTime' could not be found (are you missing a using directive or an assembly reference?)
/home/kushal/src/dotnet/MyBlog/src/MyBlog.Core/Interfaces/IAuthService.cs(15,31): error CS0246: The type or namespace name 'CancellationToken' could not be found (are you missing a using directive or an assembly reference?)
/home/kushal/src/dotnet/MyBlog/src/MyBlog.Core/Interfaces/IAuthService.cs(15,5): error CS0246: The type or namespace name 'Task' could not be found (are you missing a using directive or an assembly reference?)
/home/kushal/src/dotnet/MyBlog/src/MyBlog.Core/Models/Post.cs(33,12): error CS0246: The type or namespace name 'DateTime' could not be found (are you missing a using directive or an assembly reference?)
/home/kushal/src/dotnet/MyBlog/src/MyBlog.Core/Models/Image.cs(27,12): error CS0246: The type or namespace name 'Guid' could not be found (are you missing a using directive or an assembly reference?)
/home/kushal/src/dotnet/MyBlog/src/MyBlog.Core/Interfaces/IPostRepository.cs(12,33): error CS0246: The type or namespace name 'CancellationToken' could not be found (are you missing a using directive or an assembly reference?)
/home/kushal/src/dotnet/MyBlog/src/MyBlog.Core/Interfaces/IPostRepository.cs(11,5): error CS0246: The type or namespace name 'Task<>' could not be found (are you missing a using directive or an assembly reference?)
/home/kushal/src/dotnet/MyBlog/src/MyBlog.Core/Interfaces/IPostRepository.cs(11,11): error CS0246: The type or namespace name 'IReadOnlyList<>' could not be found (are you missing a using directive or an assembly reference?)
/home/kushal/src/dotnet/MyBlog/src/MyBlog.Core/Interfaces/ITelemetryLogRepository.cs(14,36): error CS0246: The type or namespace name 'DateTime' could not be found (are you missing a using directive or an assembly reference?)
/home/kushal/src/dotnet/MyBlog/src/MyBlog.Core/Interfaces/ITelemetryLogRepository.cs(14,56): error CS0246: The type or namespace name 'CancellationToken' could not be found (are you missing a using directive or an assembly reference?)
/home/kushal/src/dotnet/MyBlog/src/MyBlog.Core/Interfaces/ITelemetryLogRepository.cs(14,5): error CS0246: The type or namespace name 'Task<>' could not be found (are you missing a using directive or an assembly reference?)
/home/kushal/src/dotnet/MyBlog/src/MyBlog.Core/Models/Image.cs(30,16): warning CS8632: The annotation for nullable reference types should only be used in code within a '#nullable' annotations context.
/home/kushal/src/dotnet/MyBlog/src/MyBlog.Core/Models/Post.cs(39,16): warning CS8632: The annotation for nullable reference types should only be used in code within a '#nullable' annotations context.
/home/kushal/src/dotnet/MyBlog/src/MyBlog.Core/Models/Image.cs(33,16): warning CS8632: The annotation for nullable reference types should only be used in code within a '#nullable' annotations context.
/home/kushal/src/dotnet/MyBlog/src/MyBlog.Core/Models/TelemetryLog.cs(12,12): error CS0246: The type or namespace name 'DateTime' could not be found (are you missing a using directive or an assembly reference?)
/home/kushal/src/dotnet/MyBlog/src/MyBlog.Core/Interfaces/IImageRepository.cs(14,31): error CS0246: The type or namespace name 'Guid' could not be found (are you missing a using directive or an assembly reference?)
/home/kushal/src/dotnet/MyBlog/src/MyBlog.Core/Interfaces/IImageRepository.cs(14,40): error CS0246: The type or namespace name 'CancellationToken' could not be found (are you missing a using directive or an assembly reference?)
/home/kushal/src/dotnet/MyBlog/src/MyBlog.Core/Interfaces/IImageRepository.cs(14,5): error CS0246: The type or namespace name 'Task<>' could not be found (are you missing a using directive or an assembly reference?)
/home/kushal/src/dotnet/MyBlog/src/MyBlog.Core/Interfaces/IImageRepository.cs(14,15): warning CS8632: The annotation for nullable reference types should only be used in code within a '#nullable' annotations context.
/home/kushal/src/dotnet/MyBlog/src/MyBlog.Core/Interfaces/IUserRepository.cs(11,30): error CS0246: The type or namespace name 'Guid' could not be found (are you missing a using directive or an assembly reference?)
/home/kushal/src/dotnet/MyBlog/src/MyBlog.Core/Interfaces/IUserRepository.cs(11,39): error CS0246: The type or namespace name 'CancellationToken' could not be found (are you missing a using directive or an assembly reference?)
/home/kushal/src/dotnet/MyBlog/src/MyBlog.Core/Interfaces/IUserRepository.cs(11,5): error CS0246: The type or namespace name 'Task<>' could not be found (are you missing a using directive or an assembly reference?)
/home/kushal/src/dotnet/MyBlog/src/MyBlog.Core/Interfaces/IUserRepository.cs(11,14): warning CS8632: The annotation for nullable reference types should only be used in code within a '#nullable' annotations context.
/home/kushal/src/dotnet/MyBlog/src/MyBlog.Core/Interfaces/IAuthService.cs(20,9): error CS0246: The type or namespace name 'Guid' could not be found (are you missing a using directive or an assembly reference?)
/home/kushal/src/dotnet/MyBlog/src/MyBlog.Core/Interfaces/IAuthService.cs(23,9): error CS0246: The type or namespace name 'CancellationToken' could not be found (are you missing a using directive or an assembly reference?)
/home/kushal/src/dotnet/MyBlog/src/MyBlog.Core/Interfaces/IAuthService.cs(19,5): error CS0246: The type or namespace name 'Task<>' could not be found (are you missing a using directive or an assembly reference?)
/home/kushal/src/dotnet/MyBlog/src/MyBlog.Core/Models/Post.cs(42,12): error CS0246: The type or namespace name 'ICollection<>' could not be found (are you missing a using directive or an assembly reference?)
/home/kushal/src/dotnet/MyBlog/src/MyBlog.Core/Models/TelemetryLog.cs(24,18): warning CS8632: The annotation for nullable reference types should only be used in code within a '#nullable' annotations context.
/home/kushal/src/dotnet/MyBlog/src/MyBlog.Core/Models/TelemetryLog.cs(27,18): warning CS8632: The annotation for nullable reference types should only be used in code within a '#nullable' annotations context.
/home/kushal/src/dotnet/MyBlog/src/MyBlog.Core/Models/TelemetryLog.cs(30,18): warning CS8632: The annotation for nullable reference types should only be used in code within a '#nullable' annotations context.
/home/kushal/src/dotnet/MyBlog/src/MyBlog.Core/Models/TelemetryLog.cs(33,18): warning CS8632: The annotation for nullable reference types should only be used in code within a '#nullable' annotations context.
/home/kushal/src/dotnet/MyBlog/src/MyBlog.Core/Interfaces/IPostRepository.cs(16,9): error CS0246: The type or namespace name 'CancellationToken' could not be found (are you missing a using directive or an assembly reference?)
/home/kushal/src/dotnet/MyBlog/src/MyBlog.Core/Interfaces/IPostRepository.cs(15,5): error CS0246: The type or namespace name 'Task<>' could not be found (are you missing a using directive or an assembly reference?)
/home/kushal/src/dotnet/MyBlog/src/MyBlog.Core/Interfaces/IPostRepository.cs(15,10): error CS0246: The type or namespace name 'IReadOnlyList<>' could not be found (are you missing a using directive or an assembly reference?)
/home/kushal/src/dotnet/MyBlog/src/MyBlog.Core/Interfaces/IImageRepository.cs(17,42): error CS0246: The type or namespace name 'CancellationToken' could not be found (are you missing a using directive or an assembly reference?)
/home/kushal/src/dotnet/MyBlog/src/MyBlog.Core/Interfaces/IImageRepository.cs(17,5): error CS0246: The type or namespace name 'Task<>' could not be found (are you missing a using directive or an assembly reference?)
/home/kushal/src/dotnet/MyBlog/src/MyBlog.Core/Interfaces/IUserRepository.cs(14,53): error CS0246: The type or namespace name 'CancellationToken' could not be found (are you missing a using directive or an assembly reference?)
/home/kushal/src/dotnet/MyBlog/src/MyBlog.Core/Interfaces/IUserRepository.cs(14,5): error CS0246: The type or namespace name 'Task<>' could not be found (are you missing a using directive or an assembly reference?)
/home/kushal/src/dotnet/MyBlog/src/MyBlog.Core/Interfaces/IUserRepository.cs(14,14): warning CS8632: The annotation for nullable reference types should only be used in code within a '#nullable' annotations context.
/home/kushal/src/dotnet/MyBlog/src/MyBlog.Core/Interfaces/ITelemetryLogRepository.cs(18,20): error CS0246: The type or namespace name 'CancellationToken' could not be found (are you missing a using directive or an assembly reference?)
/home/kushal/src/dotnet/MyBlog/src/MyBlog.Core/Interfaces/ITelemetryLogRepository.cs(17,5): error CS0246: The type or namespace name 'Task<>' could not be found (are you missing a using directive or an assembly reference?)
/home/kushal/src/dotnet/MyBlog/src/MyBlog.Core/Interfaces/ITelemetryLogRepository.cs(17,10): error CS0246: The type or namespace name 'IReadOnlyList<>' could not be found (are you missing a using directive or an assembly reference?)
/home/kushal/src/dotnet/MyBlog/src/MyBlog.Core/Interfaces/IAuthService.cs(27,9): error CS0246: The type or namespace name 'Guid' could not be found (are you missing a using directive or an assembly reference?)
/home/kushal/src/dotnet/MyBlog/src/MyBlog.Core/Interfaces/IAuthService.cs(29,9): error CS0246: The type or namespace name 'CancellationToken' could not be found (are you missing a using directive or an assembly reference?)
/home/kushal/src/dotnet/MyBlog/src/MyBlog.Core/Interfaces/IAuthService.cs(26,5): error CS0246: The type or namespace name 'Task' could not be found (are you missing a using directive or an assembly reference?)
/home/kushal/src/dotnet/MyBlog/src/MyBlog.Core/Interfaces/IPostRepository.cs(19,54): error CS0246: The type or namespace name 'CancellationToken' could not be found (are you missing a using directive or an assembly reference?)
/home/kushal/src/dotnet/MyBlog/src/MyBlog.Core/Interfaces/IPostRepository.cs(19,5): error CS0246: The type or namespace name 'Task<>' could not be found (are you missing a using directive or an assembly reference?)
/home/kushal/src/dotnet/MyBlog/src/MyBlog.Core/Interfaces/IPostRepository.cs(19,23): warning CS8632: The annotation for nullable reference types should only be used in code within a '#nullable' annotations context.
/home/kushal/src/dotnet/MyBlog/src/MyBlog.Core/Interfaces/IImageRepository.cs(20,22): error CS0246: The type or namespace name 'Guid' could not be found (are you missing a using directive or an assembly reference?)
/home/kushal/src/dotnet/MyBlog/src/MyBlog.Core/Interfaces/IImageRepository.cs(20,31): error CS0246: The type or namespace name 'CancellationToken' could not be found (are you missing a using directive or an assembly reference?)
/home/kushal/src/dotnet/MyBlog/src/MyBlog.Core/Interfaces/IImageRepository.cs(20,5): error CS0246: The type or namespace name 'Task' could not be found (are you missing a using directive or an assembly reference?)
/home/kushal/src/dotnet/MyBlog/src/MyBlog.Core/Interfaces/IUserRepository.cs(17,43): error CS0246: The type or namespace name 'CancellationToken' could not be found (are you missing a using directive or an assembly reference?)
/home/kushal/src/dotnet/MyBlog/src/MyBlog.Core/Interfaces/IUserRepository.cs(17,5): error CS0246: The type or namespace name 'Task<>' could not be found (are you missing a using directive or an assembly reference?)
/home/kushal/src/dotnet/MyBlog/src/MyBlog.Core/Interfaces/IUserRepository.cs(17,10): error CS0246: The type or namespace name 'IReadOnlyList<>' could not be found (are you missing a using directive or an assembly reference?)
/home/kushal/src/dotnet/MyBlog/src/MyBlog.Core/Models/User.cs(9,12): error CS0246: The type or namespace name 'Guid' could not be found (are you missing a using directive or an assembly reference?)
/home/kushal/src/dotnet/MyBlog/src/MyBlog.Core/Interfaces/IUserRepository.cs(20,35): error CS0246: The type or namespace name 'CancellationToken' could not be found (are you missing a using directive or an assembly reference?)
/home/kushal/src/dotnet/MyBlog/src/MyBlog.Core/Interfaces/IUserRepository.cs(20,5): error CS0246: The type or namespace name 'Task<>' could not be found (are you missing a using directive or an assembly reference?)
/home/kushal/src/dotnet/MyBlog/src/MyBlog.Core/Interfaces/IPostRepository.cs(22,30): error CS0246: The type or namespace name 'Guid' could not be found (are you missing a using directive or an assembly reference?)
/home/kushal/src/dotnet/MyBlog/src/MyBlog.Core/Interfaces/IPostRepository.cs(22,39): error CS0246: The type or namespace name 'CancellationToken' could not be found (are you missing a using directive or an assembly reference?)
/home/kushal/src/dotnet/MyBlog/src/MyBlog.Core/Interfaces/IPostRepository.cs(22,5): error CS0246: The type or namespace name 'Task<>' could not be found (are you missing a using directive or an assembly reference?)
/home/kushal/src/dotnet/MyBlog/src/MyBlog.Core/Interfaces/IPostRepository.cs(22,14): warning CS8632: The annotation for nullable reference types should only be used in code within a '#nullable' annotations context.
/home/kushal/src/dotnet/MyBlog/src/MyBlog.Core/Models/User.cs(24,12): error CS0246: The type or namespace name 'DateTime' could not be found (are you missing a using directive or an assembly reference?)
/home/kushal/src/dotnet/MyBlog/src/MyBlog.Core/Interfaces/IUserRepository.cs(23,33): error CS0246: The type or namespace name 'CancellationToken' could not be found (are you missing a using directive or an assembly reference?)
/home/kushal/src/dotnet/MyBlog/src/MyBlog.Core/Interfaces/IUserRepository.cs(23,5): error CS0246: The type or namespace name 'Task' could not be found (are you missing a using directive or an assembly reference?)
/home/kushal/src/dotnet/MyBlog/src/MyBlog.Core/Interfaces/IPostRepository.cs(25,39): error CS0246: The type or namespace name 'CancellationToken' could not be found (are you missing a using directive or an assembly reference?)
/home/kushal/src/dotnet/MyBlog/src/MyBlog.Core/Interfaces/IPostRepository.cs(25,5): error CS0246: The type or namespace name 'Task<>' could not be found (are you missing a using directive or an assembly reference?)
/home/kushal/src/dotnet/MyBlog/src/MyBlog.Core/Models/User.cs(27,12): error CS0246: The type or namespace name 'ICollection<>' could not be found (are you missing a using directive or an assembly reference?)
/home/kushal/src/dotnet/MyBlog/src/MyBlog.Core/Interfaces/IUserRepository.cs(26,33): error CS0246: The type or namespace name 'CancellationToken' could not be found (are you missing a using directive or an assembly reference?)
/home/kushal/src/dotnet/MyBlog/src/MyBlog.Core/Interfaces/IUserRepository.cs(26,5): error CS0246: The type or namespace name 'Task' could not be found (are you missing a using directive or an assembly reference?)
/home/kushal/src/dotnet/MyBlog/src/MyBlog.Core/Models/User.cs(30,12): error CS0246: The type or namespace name 'ICollection<>' could not be found (are you missing a using directive or an assembly reference?)
/home/kushal/src/dotnet/MyBlog/src/MyBlog.Core/Interfaces/IPostRepository.cs(28,33): error CS0246: The type or namespace name 'CancellationToken' could not be found (are you missing a using directive or an assembly reference?)
/home/kushal/src/dotnet/MyBlog/src/MyBlog.Core/Interfaces/IPostRepository.cs(28,5): error CS0246: The type or namespace name 'Task' could not be found (are you missing a using directive or an assembly reference?)
/home/kushal/src/dotnet/MyBlog/src/MyBlog.Core/Interfaces/IUserRepository.cs(29,22): error CS0246: The type or namespace name 'Guid' could not be found (are you missing a using directive or an assembly reference?)
/home/kushal/src/dotnet/MyBlog/src/MyBlog.Core/Interfaces/IUserRepository.cs(29,31): error CS0246: The type or namespace name 'CancellationToken' could not be found (are you missing a using directive or an assembly reference?)
/home/kushal/src/dotnet/MyBlog/src/MyBlog.Core/Interfaces/IUserRepository.cs(29,5): error CS0246: The type or namespace name 'Task' could not be found (are you missing a using directive or an assembly reference?)
/home/kushal/src/dotnet/MyBlog/src/MyBlog.Core/Interfaces/IPostRepository.cs(31,22): error CS0246: The type or namespace name 'Guid' could not be found (are you missing a using directive or an assembly reference?)
/home/kushal/src/dotnet/MyBlog/src/MyBlog.Core/Interfaces/IPostRepository.cs(31,31): error CS0246: The type or namespace name 'CancellationToken' could not be found (are you missing a using directive or an assembly reference?)
/home/kushal/src/dotnet/MyBlog/src/MyBlog.Core/Interfaces/IPostRepository.cs(31,5): error CS0246: The type or namespace name 'Task' could not be found (are you missing a using directive or an assembly reference?)
/home/kushal/src/dotnet/MyBlog/src/MyBlog.Core/Interfaces/IPostRepository.cs(34,29): error CS0246: The type or namespace name 'CancellationToken' could not be found (are you missing a using directive or an assembly reference?)
/home/kushal/src/dotnet/MyBlog/src/MyBlog.Core/Interfaces/IPostRepository.cs(34,5): error CS0246: The type or namespace name 'Task<>' could not be found (are you missing a using directive or an assembly reference?)
/home/kushal/src/dotnet/MyBlog/src/MyBlog.Core/Interfaces/IPostRepository.cs(38,20): error CS0246: The type or namespace name 'CancellationToken' could not be found (are you missing a using directive or an assembly reference?)
/home/kushal/src/dotnet/MyBlog/src/MyBlog.Core/Interfaces/IPostRepository.cs(37,5): error CS0246: The type or namespace name 'Task<>' could not be found (are you missing a using directive or an assembly reference?)
/home/kushal/src/dotnet/MyBlog/src/MyBlog.Core/Interfaces/IPostRepository.cs(37,10): error CS0246: The type or namespace name 'IReadOnlyList<>' could not be found (are you missing a using directive or an assembly reference?)
Get projects properties with MSBuild didn't execute properly with exit code: 1.

real	0m1.127s
user	0m1.191s
sys	0m0.205s
The provided file path does not exist: src/MyBlog.Tests/MyBlog.Tests.csproj.
Restore complete (0.5s)

Build succeeded in 0.6s
Project 'MyBlog.Core' has the following package references
   [net10.0]: No packages were found for this framework.
Project 'MyBlog.Infrastructure' has the following package references
   [net10.0]: 
   Top-level Package                           Requested   Resolved
   > Microsoft.AspNetCore.Identity             2.3.1       2.3.1   
   > Microsoft.EntityFrameworkCore.Sqlite      10.0.1      10.0.1  
   > OpenTelemetry                             1.14.0      1.14.0  

Project 'MyBlog.Tests' has the following package references
   [net10.0]: 
   Top-level Package                             Requested   Resolved
   > Microsoft.EntityFrameworkCore.Sqlite        10.0.1      10.0.1  
   > Microsoft.Testing.Extensions.TrxReport      2.0.2       2.0.2   
   > xunit.v3                                    3.2.1       3.2.1   

Project 'MyBlog.Web' has the following package references
   [net10.0]: 
   Top-level Package                                  Requested    Resolved
   > Microsoft.AspNetCore.App.Internal.Assets   (A)   [10.0.1, )   10.0.1  
   > OpenTelemetry.Exporter.Console                   1.14.0       1.14.0  
   > OpenTelemetry.Extensions.Hosting                 1.14.0       1.14.0  
   > OpenTelemetry.Instrumentation.AspNetCore         1.14.0       1.14.0  
   > OpenTelemetry.Instrumentation.Http               1.14.0       1.14.0  

(A) : Auto-referenced package.

real	0m1.795s
user	0m1.752s
sys	0m0.385s
Restore complete (0.5s)

Build succeeded in 0.6s

The following sources were used:
   https://api.nuget.org/v3/index.json

The given project `MyBlog.Core` has no updates given the current sources.
The given project `MyBlog.Infrastructure` has no updates given the current sources.
The given project `MyBlog.Tests` has no updates given the current sources.
The given project `MyBlog.Web` has no updates given the current sources.

real	0m3.369s
user	0m2.349s
sys	0m0.418s
kushal@syn-2600-6c56-9840-001d-0000-0000-0000-1157:~/src/dotnet/MyBlog/src$ cd ~/src/dotnet/MyBlog/; time bash export.sh; cd ~/src/dotnet/MyBlog/src/; time dotnet format; time dotnet restore; time dotnet clean; time dotnet build; time dotnet test; dotnet run --project src/MyBlog.Tests/MyBlog.Tests.csproj; time dotnet list package; time dotnet list package --outdated;
==============================================
  Project Export for LLM Analysis
==============================================

Project Path: /home/kushal/src/dotnet/MyBlog
Output File:  docs/llm/dump.txt

Generating directory structure...
Collecting files...
Found 73 files to export

Processing (1/73): export.sh
Processing (2/73): fix-all-forms.sh
Processing (3/73): fix-auth-architecture.sh
Processing (4/73): fix-blazor-interactivity.sh
Processing (5/73): fix-login-logout.sh
Processing (6/73): fix-ordered-lists.sh
Processing (7/73): fix-program-cs.sh
Processing (8/73): fix-update-claims.sh
Processing (9/73): gemini.sh
Processing (10/73): .github/workflows/build-deploy.yml
Processing (11/73): .gitignore
Processing (12/73): implement-user-management.sh
Processing (13/73): README.md
Processing (14/73): src/Directory.Build.props
Processing (15/73): src/Directory.Packages.props
Processing (16/73): src/.editorconfig
Processing (17/73): src/fix-changepassword-and-tests.sh
Processing (18/73): src/fix-rate-limit.sh
Processing (19/73): src/generate-myblog.sh
Processing (20/73): src/.github/workflows/build-deploy.yml
Processing (21/73): src/global.json
Processing (22/73): src/MyBlog.Core/Constants/AppConstants.cs
Processing (23/73): src/MyBlog.Core/Interfaces/IAuthService.cs
Processing (24/73): src/MyBlog.Core/Interfaces/IImageRepository.cs
Processing (25/73): src/MyBlog.Core/Interfaces/IMarkdownService.cs
Processing (26/73): src/MyBlog.Core/Interfaces/IPasswordService.cs
Processing (27/73): src/MyBlog.Core/Interfaces/IPostRepository.cs
Processing (28/73): src/MyBlog.Core/Interfaces/ISlugService.cs
Processing (29/73): src/MyBlog.Core/Interfaces/ITelemetryLogRepository.cs
Processing (30/73): src/MyBlog.Core/Interfaces/IUserRepository.cs
Processing (31/73): src/MyBlog.Core/Models/Image.cs
Processing (32/73): src/MyBlog.Core/Models/Post.cs
Processing (33/73): src/MyBlog.Core/Models/PostDto.cs
Processing (34/73): src/MyBlog.Core/Models/TelemetryLog.cs
Processing (35/73): src/MyBlog.Core/Models/User.cs
Processing (36/73): src/MyBlog.Core/MyBlog.Core.csproj
Processing (37/73): src/MyBlog.Core/Services/MarkdownService.cs
Processing (38/73): src/MyBlog.Core/Services/SlugService.cs
Processing (39/73): src/MyBlog.Infrastructure/Data/BlogDbContext.cs
Processing (40/73): src/MyBlog.Infrastructure/Data/DatabasePathResolver.cs
Processing (41/73): src/MyBlog.Infrastructure/MyBlog.Infrastructure.csproj
Processing (42/73): src/MyBlog.Infrastructure/Repositories/ImageRepository.cs
Processing (43/73): src/MyBlog.Infrastructure/Repositories/PostRepository.cs
Processing (44/73): src/MyBlog.Infrastructure/Repositories/TelemetryLogRepository.cs
Processing (45/73): src/MyBlog.Infrastructure/Repositories/UserRepository.cs
Processing (46/73): src/MyBlog.Infrastructure/ServiceCollectionExtensions.cs
Processing (47/73): src/MyBlog.Infrastructure/Services/AuthService.cs
Processing (48/73): src/MyBlog.Infrastructure/Services/PasswordService.cs
Processing (49/73): src/MyBlog.Infrastructure/Services/TelemetryCleanupService.cs
Processing (50/73): src/MyBlog.Infrastructure/Telemetry/DatabaseLogExporter.cs
Processing (51/73): src/MyBlog.Infrastructure/Telemetry/FileLogExporter.cs
Processing (52/73): src/MyBlog.Infrastructure/Telemetry/TelemetryPathResolver.cs
Processing (53/73): src/MyBlog.slnx
Processing (54/73): src/MyBlog.Tests/Integration/AuthServiceLongPasswordTests.cs
Processing (55/73): src/MyBlog.Tests/Integration/AuthServiceTests.cs
Processing (56/73): src/MyBlog.Tests/Integration/PasswordChangeTests.cs
Processing (57/73): src/MyBlog.Tests/Integration/PostRepositoryTests.cs
Processing (58/73): src/MyBlog.Tests/Integration/TelemetryCleanupTests.cs
Processing (59/73): src/MyBlog.Tests/MyBlog.Tests.csproj
Processing (60/73): src/MyBlog.Tests/Unit/LoginRateLimitMiddlewareTests.cs
Processing (61/73): src/MyBlog.Tests/Unit/MarkdownServiceTests.cs
Processing (62/73): src/MyBlog.Tests/Unit/PasswordServiceTests.cs
Processing (63/73): src/MyBlog.Tests/Unit/SlugServiceTests.cs
Processing (64/73): src/MyBlog.Web/appsettings.Development.json
Processing (65/73): src/MyBlog.Web/appsettings.json
Processing (66/73): src/MyBlog.Web/Components/Pages/Admin/UserEditor.razor.css
Processing (67/73): src/MyBlog.Web/Middleware/LoginRateLimitMiddleware.cs
Processing (68/73): src/MyBlog.Web/MyBlog.Web.csproj
Processing (69/73): src/MyBlog.Web/Program.cs
Processing (70/73): src/MyBlog.Web/wwwroot/css/site.css
Processing (71/73): src/run.sh
Processing (72/73): src/test.sh
Processing (73/73): src/upgrade-myblog.sh

==============================================
  Export Complete!
==============================================

Output file:    docs/llm/dump.txt
Files exported: 73
Files skipped:  0
Output size:    451.53 KB

File types included:
  • Source code: .cs, .fs, .vb
  • UI/XAML: .axaml, .xaml, .paml
  • Projects: .csproj, .slnx, .sln, .props, .targets
  • Config: .json, .yaml, .yml, .xml, .config
  • Docs: .md, .txt
  • Scripts: .sh, .ps1, .cmd, .bat
  • Other: .sql, .resx, .css, .scss, Dockerfile, etc.


real	0m0.758s
user	0m0.434s
sys	0m0.481s

real	0m8.397s
user	0m13.673s
sys	0m1.017s
Restore complete (0.5s)

Build succeeded in 0.6s

real	0m0.791s
user	0m0.831s
sys	0m0.154s

Build succeeded in 0.5s

real	0m0.726s
user	0m0.759s
sys	0m0.124s
Restore complete (0.5s)
  MyBlog.Core net10.0 succeeded (0.3s) → MyBlog.Core/bin/Debug/net10.0/MyBlog.Core.dll
  MyBlog.Infrastructure net10.0 succeeded (0.1s) → MyBlog.Infrastructure/bin/Debug/net10.0/MyBlog.Infrastructure.dll
  MyBlog.Web net10.0 succeeded (0.5s) → MyBlog.Web/bin/Debug/net10.0/MyBlog.Web.dll
  MyBlog.Tests net10.0 succeeded (0.1s) → MyBlog.Tests/bin/Debug/net10.0/MyBlog.Tests.dll

Build succeeded in 1.8s

real	0m1.944s
user	0m1.378s
sys	0m0.325s
MyBlog.Tests/bin/Debug/net10.0/MyBlog.Tests.dll (net10.0) Zero tests ran
Exit code: 134
  Standard output: xUnit.net v3 Microsoft.Testing.Platform v1 Runner v3.2.1+a9cfb80929 (64-bit .NET 10.0.1)
  
  Telemetry
  ---------
  Microsoft Testing Platform collects usage data in order to help us improve your experience. The data is collected by Microsoft and are not shared with anyone.
  You can opt-out of telemetry by setting the TESTINGPLATFORM_TELEMETRY_OPTOUT or DOTNET_CLI_TELEMETRY_OPTOUT environment variable to '1' or 'true' using your favorite shell.
  
  Read more about Microsoft Testing Platform telemetry: https://aka.ms/testingplatform/telemetry
  
  Error output: Unhandled exception. System.TypeLoadException: Method 'LogEventAsync' in type 'Microsoft.Testing.Extensions.Telemetry.AppInsightsProvider' from assembly 'Microsoft.Testing.Extensions.Telemetry, Version=1.9.1.0, Culture=neutral, PublicKeyToken=b03f5f7f11d50a3a' does not have an implementation.
     at Microsoft.Testing.Extensions.AppInsightsTelemetryProviderExtensions.<>c.<AddAppInsightsTelemetryProvider>b__0_0(IServiceProvider services)
     at Microsoft.Testing.Platform.Telemetry.TelemetryManager.BuildAsync(ServiceProvider serviceProvider, ILoggerFactory loggerFactory, TestApplicationOptions testApplicationOptions) in /_/src/Platform/Microsoft.Testing.Platform/Telemetry/TelemetryManager.cs:line 59
     at Microsoft.Testing.Platform.Hosts.TestHostBuilder.BuildAsync(ApplicationLoggingState loggingState, TestApplicationOptions testApplicationOptions, IUnhandledExceptionsHandler unhandledExceptionsHandler, DateTimeOffset createBuilderStart) in /_/src/Platform/Microsoft.Testing.Platform/Hosts/TestHostBuilder.cs:line 292
     at Microsoft.Testing.Platform.Builder.TestApplicationBuilder.BuildAsync() in /_/src/Platform/Microsoft.Testing.Platform/Builder/TestApplicationBuilder.cs:line 106
     at Xunit.MicrosoftTestingPlatform.TestPlatformTestFramework.RunAsync(String[] args, Action`2 extensionRegistration) in /_/src/common/MicrosoftTestingPlatform/TestPlatformTestFramework.cs:line 315
     at MyBlog.Tests.AutoGenerated.XunitAutoGeneratedEntryPoint.Main(String[] args) in /home/kushal/src/dotnet/MyBlog/src/MyBlog.Tests/obj/Debug/net10.0/XunitAutoGeneratedEntryPoint.cs:line 11
  

Test run summary: Zero tests ran
  error: 1

  total: 0
  failed: 0
  succeeded: 0
  skipped: 0
  duration: 464ms
Test run completed with non-success exit code: 1 (see: https://aka.ms/testingplatform/exitcodes)

real	0m1.905s
user	0m1.699s
sys	0m0.396s
The provided file path does not exist: src/MyBlog.Tests/MyBlog.Tests.csproj.
Restore complete (0.5s)

Build succeeded in 0.6s
Project 'MyBlog.Core' has the following package references
   [net10.0]: No packages were found for this framework.
Project 'MyBlog.Infrastructure' has the following package references
   [net10.0]: 
   Top-level Package                           Requested   Resolved
   > Microsoft.AspNetCore.Identity             2.3.1       2.3.1   
   > Microsoft.EntityFrameworkCore.Sqlite      10.0.1      10.0.1  
   > OpenTelemetry                             1.14.0      1.14.0  

Project 'MyBlog.Tests' has the following package references
   [net10.0]: 
   Top-level Package                             Requested   Resolved
   > Microsoft.EntityFrameworkCore.Sqlite        10.0.1      10.0.1  
   > Microsoft.Testing.Extensions.TrxReport      2.0.2       2.0.2   
   > xunit.runner.visualstudio                   3.1.5       3.1.5   
   > xunit.v3                                    3.2.1       3.2.1   

Project 'MyBlog.Web' has the following package references
   [net10.0]: 
   Top-level Package                                  Requested    Resolved
   > Microsoft.AspNetCore.App.Internal.Assets   (A)   [10.0.1, )   10.0.1  
   > OpenTelemetry.Exporter.Console                   1.14.0       1.14.0  
   > OpenTelemetry.Extensions.Hosting                 1.14.0       1.14.0  
   > OpenTelemetry.Instrumentation.AspNetCore         1.14.0       1.14.0  
   > OpenTelemetry.Instrumentation.Http               1.14.0       1.14.0  

(A) : Auto-referenced package.

real	0m1.771s
user	0m1.779s
sys	0m0.346s
Restore complete (0.5s)

Build succeeded in 0.7s

The following sources were used:
   https://api.nuget.org/v3/index.json

The given project `MyBlog.Core` has no updates given the current sources.
The given project `MyBlog.Infrastructure` has no updates given the current sources.
The given project `MyBlog.Tests` has no updates given the current sources.
The given project `MyBlog.Web` has no updates given the current sources.

real	0m2.467s
user	0m2.131s
sys	0m0.411s
kushal@syn-2600-6c56-9840-001d-0000-0000-0000-1157:~/src/dotnet/MyBlog/src$ cd ~/src/dotnet/MyBlog/; time bash export.sh; cd ~/src/dotnet/MyBlog/src/; export DOTNET_CLI_TELEMETRY_OPTOUT=1; time dotnet format; time dotnet restore; time dotnet clean; time dotnet build; time dotnet test; dotnet run --project src/MyBlog.Tests/MyBlog.Tests.csproj; time dotnet list package; time dotnet list package --outdated;
==============================================
  Project Export for LLM Analysis
==============================================

Project Path: /home/kushal/src/dotnet/MyBlog
Output File:  docs/llm/dump.txt

Generating directory structure...
Collecting files...
Found 73 files to export

Processing (1/73): export.sh
Processing (2/73): fix-all-forms.sh
Processing (3/73): fix-auth-architecture.sh
Processing (4/73): fix-blazor-interactivity.sh
Processing (5/73): fix-login-logout.sh
Processing (6/73): fix-ordered-lists.sh
Processing (7/73): fix-program-cs.sh
Processing (8/73): fix-update-claims.sh
Processing (9/73): gemini.sh
Processing (10/73): .github/workflows/build-deploy.yml
Processing (11/73): .gitignore
Processing (12/73): implement-user-management.sh
Processing (13/73): README.md
Processing (14/73): src/Directory.Build.props
Processing (15/73): src/Directory.Packages.props
Processing (16/73): src/.editorconfig
Processing (17/73): src/fix-changepassword-and-tests.sh
Processing (18/73): src/fix-rate-limit.sh
Processing (19/73): src/generate-myblog.sh
Processing (20/73): src/.github/workflows/build-deploy.yml
Processing (21/73): src/global.json
Processing (22/73): src/MyBlog.Core/Constants/AppConstants.cs
Processing (23/73): src/MyBlog.Core/Interfaces/IAuthService.cs
Processing (24/73): src/MyBlog.Core/Interfaces/IImageRepository.cs
Processing (25/73): src/MyBlog.Core/Interfaces/IMarkdownService.cs
Processing (26/73): src/MyBlog.Core/Interfaces/IPasswordService.cs
Processing (27/73): src/MyBlog.Core/Interfaces/IPostRepository.cs
Processing (28/73): src/MyBlog.Core/Interfaces/ISlugService.cs
Processing (29/73): src/MyBlog.Core/Interfaces/ITelemetryLogRepository.cs
Processing (30/73): src/MyBlog.Core/Interfaces/IUserRepository.cs
Processing (31/73): src/MyBlog.Core/Models/Image.cs
Processing (32/73): src/MyBlog.Core/Models/Post.cs
Processing (33/73): src/MyBlog.Core/Models/PostDto.cs
Processing (34/73): src/MyBlog.Core/Models/TelemetryLog.cs
Processing (35/73): src/MyBlog.Core/Models/User.cs
Processing (36/73): src/MyBlog.Core/MyBlog.Core.csproj
Processing (37/73): src/MyBlog.Core/Services/MarkdownService.cs
Processing (38/73): src/MyBlog.Core/Services/SlugService.cs
Processing (39/73): src/MyBlog.Infrastructure/Data/BlogDbContext.cs
Processing (40/73): src/MyBlog.Infrastructure/Data/DatabasePathResolver.cs
Processing (41/73): src/MyBlog.Infrastructure/MyBlog.Infrastructure.csproj
Processing (42/73): src/MyBlog.Infrastructure/Repositories/ImageRepository.cs
Processing (43/73): src/MyBlog.Infrastructure/Repositories/PostRepository.cs
Processing (44/73): src/MyBlog.Infrastructure/Repositories/TelemetryLogRepository.cs
Processing (45/73): src/MyBlog.Infrastructure/Repositories/UserRepository.cs
Processing (46/73): src/MyBlog.Infrastructure/ServiceCollectionExtensions.cs
Processing (47/73): src/MyBlog.Infrastructure/Services/AuthService.cs
Processing (48/73): src/MyBlog.Infrastructure/Services/PasswordService.cs
Processing (49/73): src/MyBlog.Infrastructure/Services/TelemetryCleanupService.cs
Processing (50/73): src/MyBlog.Infrastructure/Telemetry/DatabaseLogExporter.cs
Processing (51/73): src/MyBlog.Infrastructure/Telemetry/FileLogExporter.cs
Processing (52/73): src/MyBlog.Infrastructure/Telemetry/TelemetryPathResolver.cs
Processing (53/73): src/MyBlog.slnx
Processing (54/73): src/MyBlog.Tests/Integration/AuthServiceLongPasswordTests.cs
Processing (55/73): src/MyBlog.Tests/Integration/AuthServiceTests.cs
Processing (56/73): src/MyBlog.Tests/Integration/PasswordChangeTests.cs
Processing (57/73): src/MyBlog.Tests/Integration/PostRepositoryTests.cs
Processing (58/73): src/MyBlog.Tests/Integration/TelemetryCleanupTests.cs
Processing (59/73): src/MyBlog.Tests/MyBlog.Tests.csproj
Processing (60/73): src/MyBlog.Tests/Unit/LoginRateLimitMiddlewareTests.cs
Processing (61/73): src/MyBlog.Tests/Unit/MarkdownServiceTests.cs
Processing (62/73): src/MyBlog.Tests/Unit/PasswordServiceTests.cs
Processing (63/73): src/MyBlog.Tests/Unit/SlugServiceTests.cs
Processing (64/73): src/MyBlog.Web/appsettings.Development.json
Processing (65/73): src/MyBlog.Web/appsettings.json
Processing (66/73): src/MyBlog.Web/Components/Pages/Admin/UserEditor.razor.css
Processing (67/73): src/MyBlog.Web/Middleware/LoginRateLimitMiddleware.cs
Processing (68/73): src/MyBlog.Web/MyBlog.Web.csproj
Processing (69/73): src/MyBlog.Web/Program.cs
Processing (70/73): src/MyBlog.Web/wwwroot/css/site.css
Processing (71/73): src/run.sh
Processing (72/73): src/test.sh
Processing (73/73): src/upgrade-myblog.sh

==============================================
  Export Complete!
==============================================

Output file:    docs/llm/dump.txt
Files exported: 73
Files skipped:  0
Output size:    451.53 KB

File types included:
  • Source code: .cs, .fs, .vb
  • UI/XAML: .axaml, .xaml, .paml
  • Projects: .csproj, .slnx, .sln, .props, .targets
  • Config: .json, .yaml, .yml, .xml, .config
  • Docs: .md, .txt
  • Scripts: .sh, .ps1, .cmd, .bat
  • Other: .sql, .resx, .css, .scss, Dockerfile, etc.


real	0m0.779s
user	0m0.426s
sys	0m0.515s

real	0m8.553s
user	0m15.281s
sys	0m0.995s
Restore complete (0.5s)

Build succeeded in 0.6s

real	0m0.780s
user	0m0.842s
sys	0m0.139s

Build succeeded in 0.6s

real	0m0.742s
user	0m0.756s
sys	0m0.148s
Restore complete (0.5s)
  MyBlog.Core net10.0 succeeded (0.3s) → MyBlog.Core/bin/Debug/net10.0/MyBlog.Core.dll
  MyBlog.Infrastructure net10.0 succeeded (0.1s) → MyBlog.Infrastructure/bin/Debug/net10.0/MyBlog.Infrastructure.dll
  MyBlog.Web net10.0 succeeded (0.4s) → MyBlog.Web/bin/Debug/net10.0/MyBlog.Web.dll
  MyBlog.Tests net10.0 succeeded (0.2s) → MyBlog.Tests/bin/Debug/net10.0/MyBlog.Tests.dll

Build succeeded in 1.8s

real	0m1.958s
user	0m1.445s
sys	0m0.308s
Running tests from MyBlog.Tests/bin/Debug/net10.0/MyBlog.Tests.dll (net10.0|x64)
MyBlog.Tests/bin/Debug/net10.0/MyBlog.Tests.dll (net10.0|x64) Zero tests ran (553ms)
Exit code: 134
  Standard output: xUnit.net v3 Microsoft.Testing.Platform v1 Runner v3.2.1+a9cfb80929 (64-bit .NET 10.0.1)
  
  
  Error output: Unhandled exception. System.MissingMethodException: Method not found: 'System.Threading.Tasks.Task Microsoft.Testing.Platform.OutputDevice.IOutputDevice.DisplayAsync(Microsoft.Testing.Platform.Extensions.OutputDevice.IOutputDeviceDataProducer, Microsoft.Testing.Platform.OutputDevice.IOutputDeviceData)'.
     at Xunit.MicrosoftTestingPlatform.OutputDeviceRunnerLogger.LogImportantMessage(StackFrameInfo stackFrame, String message)
     at Xunit.Runner.Common.IRunnerLoggerExtensions.LogImportantMessage(IRunnerLogger logger, String message) in /_/src/xunit.v3.runner.common/Extensions/IRunnerLoggerExtensions.cs:line 74
     at Xunit.MicrosoftTestingPlatform.TestPlatformTestFramework.CreateTestSession(SessionUid sessionUid) in /_/src/common/MicrosoftTestingPlatform/TestPlatformTestFramework.cs:line 121
     at Microsoft.Testing.Platform.Requests.TestHostTestFrameworkInvoker.ExecuteAsync(ITestFramework testFramework, ClientInfo client, CancellationToken cancellationToken) in /_/src/Platform/Microsoft.Testing.Platform/Requests/TestHostTestFrameworkInvoker.cs:line 53
     at Microsoft.Testing.Platform.Hosts.CommonHost.ExecuteRequestAsync(ProxyOutputDevice outputDevice, ITestSessionContext testSessionInfo, ServiceProvider serviceProvider, BaseMessageBus baseMessageBus, ITestFramework testFramework, ClientInfo client) in /_/src/Platform/Microsoft.Testing.Platform/Hosts/CommonTestHost.cs:line 141
     at Microsoft.Testing.Platform.Hosts.ConsoleTestHost.InternalRunAsync(CancellationToken cancellationToken) in /_/src/Platform/Microsoft.Testing.Platform/Hosts/ConsoleTestHost.cs:line 82
     at Microsoft.Testing.Platform.Hosts.ConsoleTestHost.InternalRunAsync(CancellationToken cancellationToken) in /_/src/Platform/Microsoft.Testing.Platform/Hosts/ConsoleTestHost.cs:line 114
     at Microsoft.Testing.Platform.Hosts.CommonHost.RunTestAppAsync(CancellationToken testApplicationCancellationToken) in /_/src/Platform/Microsoft.Testing.Platform/Hosts/CommonTestHost.cs:line 115
     at Microsoft.Testing.Platform.Hosts.CommonHost.RunAsync() in /_/src/Platform/Microsoft.Testing.Platform/Hosts/CommonTestHost.cs:line 54
     at Microsoft.Testing.Platform.Hosts.CommonHost.RunAsync() in /_/src/Platform/Microsoft.Testing.Platform/Hosts/CommonTestHost.cs:line 62
     at Microsoft.Testing.Platform.Hosts.CommonHost.RunAsync() in /_/src/Platform/Microsoft.Testing.Platform/Hosts/CommonTestHost.cs:line 74
     at Microsoft.Testing.Platform.Builder.TestApplication.RunAsync() in /_/src/Platform/Microsoft.Testing.Platform/Builder/TestApplication.cs:line 227
     at Xunit.MicrosoftTestingPlatform.TestPlatformTestFramework.RunAsync(String[] args, Action`2 extensionRegistration) in /_/src/common/MicrosoftTestingPlatform/TestPlatformTestFramework.cs:line 316
     at MyBlog.Tests.AutoGenerated.XunitAutoGeneratedEntryPoint.Main(String[] args) in /home/kushal/src/dotnet/MyBlog/src/MyBlog.Tests/obj/Debug/net10.0/XunitAutoGeneratedEntryPoint.cs:line 11
  
The following exception occurred when running the test module with RunCommand '/home/kushal/src/dotnet/MyBlog/src/MyBlog.Tests/bin/Debug/net10.0/MyBlog.Tests' and RunArguments ' ':

System.InvalidOperationException: A test session start event was received without a corresponding test session end.
   at Microsoft.DotNet.Cli.Commands.Test.TestApplication.RunAsync()
   at Microsoft.DotNet.Cli.Commands.Test.TestApplication.RunAsync()
   at Microsoft.DotNet.Cli.Commands.Test.TestApplicationActionQueue.Read(BuildOptions buildOptions, TestOptions testOptions, TerminalTestReporter output, Action`1 onHelpRequested)

Test run summary: Zero tests ran
  error: 1

  total: 0
  failed: 0
  succeeded: 0
  skipped: 0
  duration: 720ms
Test run completed with non-success exit code: 1 (see: https://aka.ms/testingplatform/exitcodes)

real	0m2.129s
user	0m1.791s
sys	0m0.424s
The provided file path does not exist: src/MyBlog.Tests/MyBlog.Tests.csproj.
Restore complete (0.5s)

Build succeeded in 0.6s
Project 'MyBlog.Core' has the following package references
   [net10.0]: No packages were found for this framework.
Project 'MyBlog.Infrastructure' has the following package references
   [net10.0]: 
   Top-level Package                           Requested   Resolved
   > Microsoft.AspNetCore.Identity             2.3.1       2.3.1   
   > Microsoft.EntityFrameworkCore.Sqlite      10.0.1      10.0.1  
   > OpenTelemetry                             1.14.0      1.14.0  

Project 'MyBlog.Tests' has the following package references
   [net10.0]: 
   Top-level Package                             Requested   Resolved
   > Microsoft.EntityFrameworkCore.Sqlite        10.0.1      10.0.1  
   > Microsoft.Testing.Extensions.TrxReport      2.0.2       2.0.2   
   > xunit.runner.visualstudio                   3.1.5       3.1.5   
   > xunit.v3                                    3.2.1       3.2.1   

Project 'MyBlog.Web' has the following package references
   [net10.0]: 
   Top-level Package                                  Requested    Resolved
   > Microsoft.AspNetCore.App.Internal.Assets   (A)   [10.0.1, )   10.0.1  
   > OpenTelemetry.Exporter.Console                   1.14.0       1.14.0  
   > OpenTelemetry.Extensions.Hosting                 1.14.0       1.14.0  
   > OpenTelemetry.Instrumentation.AspNetCore         1.14.0       1.14.0  
   > OpenTelemetry.Instrumentation.Http               1.14.0       1.14.0  

(A) : Auto-referenced package.

real	0m1.794s
user	0m1.781s
sys	0m0.368s
Restore complete (0.5s)

Build succeeded in 0.6s

The following sources were used:
   https://api.nuget.org/v3/index.json

The given project `MyBlog.Core` has no updates given the current sources.
The given project `MyBlog.Infrastructure` has no updates given the current sources.
The given project `MyBlog.Tests` has no updates given the current sources.
The given project `MyBlog.Web` has no updates given the current sources.

real	0m1.907s
user	0m1.893s
sys	0m0.379s
kushal@syn-2600-6c56-9840-001d-0000-0000-0000-1157:~/src/dotnet/MyBlog/src$ cd ~/src/dotnet/MyBlog/; time bash export.sh; cd ~/src/dotnet/MyBlog/src/; export DOTNET_CLI_TELEMETRY_OPTOUT=1; time dotnet format; time dotnet restore; time dotnet clean; time dotnet build; time dotnet run --project MyBlog.Tests/MyBlog.Tests.csproj; time dotnet list package; time dotnet list package --outdated;
==============================================
  Project Export for LLM Analysis
==============================================

Project Path: /home/kushal/src/dotnet/MyBlog
Output File:  docs/llm/dump.txt

Generating directory structure...
Collecting files...
Found 73 files to export

Processing (1/73): export.sh
Processing (2/73): fix-all-forms.sh
Processing (3/73): fix-auth-architecture.sh
Processing (4/73): fix-blazor-interactivity.sh
Processing (5/73): fix-login-logout.sh
Processing (6/73): fix-ordered-lists.sh
Processing (7/73): fix-program-cs.sh
Processing (8/73): fix-update-claims.sh
Processing (9/73): gemini.sh
Processing (10/73): .github/workflows/build-deploy.yml
Processing (11/73): .gitignore
Processing (12/73): implement-user-management.sh
Processing (13/73): README.md
Processing (14/73): src/Directory.Build.props
Processing (15/73): src/Directory.Packages.props
Processing (16/73): src/.editorconfig
Processing (17/73): src/fix-changepassword-and-tests.sh
Processing (18/73): src/fix-rate-limit.sh
Processing (19/73): src/generate-myblog.sh
Processing (20/73): src/.github/workflows/build-deploy.yml
Processing (21/73): src/global.json
Processing (22/73): src/MyBlog.Core/Constants/AppConstants.cs
Processing (23/73): src/MyBlog.Core/Interfaces/IAuthService.cs
Processing (24/73): src/MyBlog.Core/Interfaces/IImageRepository.cs
Processing (25/73): src/MyBlog.Core/Interfaces/IMarkdownService.cs
Processing (26/73): src/MyBlog.Core/Interfaces/IPasswordService.cs
Processing (27/73): src/MyBlog.Core/Interfaces/IPostRepository.cs
Processing (28/73): src/MyBlog.Core/Interfaces/ISlugService.cs
Processing (29/73): src/MyBlog.Core/Interfaces/ITelemetryLogRepository.cs
Processing (30/73): src/MyBlog.Core/Interfaces/IUserRepository.cs
Processing (31/73): src/MyBlog.Core/Models/Image.cs
Processing (32/73): src/MyBlog.Core/Models/Post.cs
Processing (33/73): src/MyBlog.Core/Models/PostDto.cs
Processing (34/73): src/MyBlog.Core/Models/TelemetryLog.cs
Processing (35/73): src/MyBlog.Core/Models/User.cs
Processing (36/73): src/MyBlog.Core/MyBlog.Core.csproj
Processing (37/73): src/MyBlog.Core/Services/MarkdownService.cs
Processing (38/73): src/MyBlog.Core/Services/SlugService.cs
Processing (39/73): src/MyBlog.Infrastructure/Data/BlogDbContext.cs
Processing (40/73): src/MyBlog.Infrastructure/Data/DatabasePathResolver.cs
Processing (41/73): src/MyBlog.Infrastructure/MyBlog.Infrastructure.csproj
Processing (42/73): src/MyBlog.Infrastructure/Repositories/ImageRepository.cs
Processing (43/73): src/MyBlog.Infrastructure/Repositories/PostRepository.cs
Processing (44/73): src/MyBlog.Infrastructure/Repositories/TelemetryLogRepository.cs
Processing (45/73): src/MyBlog.Infrastructure/Repositories/UserRepository.cs
Processing (46/73): src/MyBlog.Infrastructure/ServiceCollectionExtensions.cs
Processing (47/73): src/MyBlog.Infrastructure/Services/AuthService.cs
Processing (48/73): src/MyBlog.Infrastructure/Services/PasswordService.cs
Processing (49/73): src/MyBlog.Infrastructure/Services/TelemetryCleanupService.cs
Processing (50/73): src/MyBlog.Infrastructure/Telemetry/DatabaseLogExporter.cs
Processing (51/73): src/MyBlog.Infrastructure/Telemetry/FileLogExporter.cs
Processing (52/73): src/MyBlog.Infrastructure/Telemetry/TelemetryPathResolver.cs
Processing (53/73): src/MyBlog.slnx
Processing (54/73): src/MyBlog.Tests/Integration/AuthServiceLongPasswordTests.cs
Processing (55/73): src/MyBlog.Tests/Integration/AuthServiceTests.cs
Processing (56/73): src/MyBlog.Tests/Integration/PasswordChangeTests.cs
Processing (57/73): src/MyBlog.Tests/Integration/PostRepositoryTests.cs
Processing (58/73): src/MyBlog.Tests/Integration/TelemetryCleanupTests.cs
Processing (59/73): src/MyBlog.Tests/MyBlog.Tests.csproj
Processing (60/73): src/MyBlog.Tests/Unit/LoginRateLimitMiddlewareTests.cs
Processing (61/73): src/MyBlog.Tests/Unit/MarkdownServiceTests.cs
Processing (62/73): src/MyBlog.Tests/Unit/PasswordServiceTests.cs
Processing (63/73): src/MyBlog.Tests/Unit/SlugServiceTests.cs
Processing (64/73): src/MyBlog.Web/appsettings.Development.json
Processing (65/73): src/MyBlog.Web/appsettings.json
Processing (66/73): src/MyBlog.Web/Components/Pages/Admin/UserEditor.razor.css
Processing (67/73): src/MyBlog.Web/Middleware/LoginRateLimitMiddleware.cs
Processing (68/73): src/MyBlog.Web/MyBlog.Web.csproj
Processing (69/73): src/MyBlog.Web/Program.cs
Processing (70/73): src/MyBlog.Web/wwwroot/css/site.css
Processing (71/73): src/run.sh
Processing (72/73): src/test.sh
Processing (73/73): src/upgrade-myblog.sh

==============================================
  Export Complete!
==============================================

Output file:    docs/llm/dump.txt
Files exported: 73
Files skipped:  0
Output size:    451.53 KB

File types included:
  • Source code: .cs, .fs, .vb
  • UI/XAML: .axaml, .xaml, .paml
  • Projects: .csproj, .slnx, .sln, .props, .targets
  • Config: .json, .yaml, .yml, .xml, .config
  • Docs: .md, .txt
  • Scripts: .sh, .ps1, .cmd, .bat
  • Other: .sql, .resx, .css, .scss, Dockerfile, etc.


real	0m0.737s
user	0m0.402s
sys	0m0.500s

real	0m8.410s
user	0m14.437s
sys	0m1.043s
Restore complete (0.5s)

Build succeeded in 0.6s

real	0m0.793s
user	0m0.802s
sys	0m0.193s

Build succeeded in 0.5s

real	0m0.717s
user	0m0.750s
sys	0m0.136s
Restore complete (0.5s)
  MyBlog.Core net10.0 succeeded (0.3s) → MyBlog.Core/bin/Debug/net10.0/MyBlog.Core.dll
  MyBlog.Infrastructure net10.0 succeeded (0.1s) → MyBlog.Infrastructure/bin/Debug/net10.0/MyBlog.Infrastructure.dll
  MyBlog.Web net10.0 succeeded (0.4s) → MyBlog.Web/bin/Debug/net10.0/MyBlog.Web.dll
  MyBlog.Tests net10.0 succeeded (0.2s) → MyBlog.Tests/bin/Debug/net10.0/MyBlog.Tests.dll

Build succeeded in 1.8s

real	0m1.980s
user	0m1.472s
sys	0m0.306s
xUnit.net v3 In-Process Runner v3.2.1+a9cfb80929 (64-bit .NET 10.0.1)
  Discovering: MyBlog.Tests
  Discovered:  MyBlog.Tests
  Starting:    MyBlog.Tests
  Finished:    MyBlog.Tests (ID = '24cedafe73dab5684218bb3cf04cfd49ae8ce3b87ae799399cb2e301cbc1e755')
=== TEST EXECUTION SUMMARY ===
   MyBlog.Tests  Total: 70, Errors: 0, Failed: 0, Skipped: 0, Not Run: 0, Time: 41.491s

real	0m43.366s
user	0m46.288s
sys	0m0.615s
Restore complete (0.5s)

Build succeeded in 0.6s
Project 'MyBlog.Core' has the following package references
   [net10.0]: No packages were found for this framework.
Project 'MyBlog.Infrastructure' has the following package references
   [net10.0]: 
   Top-level Package                           Requested   Resolved
   > Microsoft.AspNetCore.Identity             2.3.1       2.3.1   
   > Microsoft.EntityFrameworkCore.Sqlite      10.0.1      10.0.1  
   > OpenTelemetry                             1.14.0      1.14.0  

Project 'MyBlog.Tests' has the following package references
   [net10.0]: 
   Top-level Package                             Requested   Resolved
   > Microsoft.EntityFrameworkCore.Sqlite        10.0.1      10.0.1  
   > Microsoft.Testing.Extensions.TrxReport      2.0.2       2.0.2   
   > xunit.runner.visualstudio                   3.1.5       3.1.5   
   > xunit.v3                                    3.2.1       3.2.1   

Project 'MyBlog.Web' has the following package references
   [net10.0]: 
   Top-level Package                                  Requested    Resolved
   > Microsoft.AspNetCore.App.Internal.Assets   (A)   [10.0.1, )   10.0.1  
   > OpenTelemetry.Exporter.Console                   1.14.0       1.14.0  
   > OpenTelemetry.Extensions.Hosting                 1.14.0       1.14.0  
   > OpenTelemetry.Instrumentation.AspNetCore         1.14.0       1.14.0  
   > OpenTelemetry.Instrumentation.Http               1.14.0       1.14.0  

(A) : Auto-referenced package.

real	0m1.732s
user	0m1.725s
sys	0m0.361s
Restore complete (0.5s)

Build succeeded in 0.6s

The following sources were used:
   https://api.nuget.org/v3/index.json

The given project `MyBlog.Core` has no updates given the current sources.
The given project `MyBlog.Infrastructure` has no updates given the current sources.
The given project `MyBlog.Tests` has no updates given the current sources.
The given project `MyBlog.Web` has no updates given the current sources.

real	0m1.909s
user	0m1.896s
sys	0m0.377s
kushal@syn-2600-6c56-9840-001d-0000-0000-0000-1157:~/src/dotnet/MyBlog/src$ cd ~/src/dotnet/MyBlog/; time bash export.sh; cd ~/src/dotnet/MyBlog/src/; export DOTNET_CLI_TELEMETRY_OPTOUT=1; time dotnet format; time dotnet restore; time dotnet clean; time dotnet build; time dotnet run --project MyBlog.Tests/MyBlog.Tests.csproj --report-trx --results-directory TestResults; time dotnet list package; time dotnet list package --outdated;
==============================================
  Project Export for LLM Analysis
==============================================

Project Path: /home/kushal/src/dotnet/MyBlog
Output File:  docs/llm/dump.txt

Generating directory structure...
Collecting files...
Found 73 files to export

Processing (1/73): export.sh
Processing (2/73): fix-all-forms.sh
Processing (3/73): fix-auth-architecture.sh
Processing (4/73): fix-blazor-interactivity.sh
Processing (5/73): fix-login-logout.sh
Processing (6/73): fix-ordered-lists.sh
Processing (7/73): fix-program-cs.sh
Processing (8/73): fix-update-claims.sh
Processing (9/73): gemini.sh
Processing (10/73): .github/workflows/build-deploy.yml
Processing (11/73): .gitignore
Processing (12/73): implement-user-management.sh
Processing (13/73): README.md
Processing (14/73): src/Directory.Build.props
Processing (15/73): src/Directory.Packages.props
Processing (16/73): src/.editorconfig
Processing (17/73): src/fix-changepassword-and-tests.sh
Processing (18/73): src/fix-rate-limit.sh
Processing (19/73): src/generate-myblog.sh
Processing (20/73): src/.github/workflows/build-deploy.yml
Processing (21/73): src/global.json
Processing (22/73): src/MyBlog.Core/Constants/AppConstants.cs
Processing (23/73): src/MyBlog.Core/Interfaces/IAuthService.cs
Processing (24/73): src/MyBlog.Core/Interfaces/IImageRepository.cs
Processing (25/73): src/MyBlog.Core/Interfaces/IMarkdownService.cs
Processing (26/73): src/MyBlog.Core/Interfaces/IPasswordService.cs
Processing (27/73): src/MyBlog.Core/Interfaces/IPostRepository.cs
Processing (28/73): src/MyBlog.Core/Interfaces/ISlugService.cs
Processing (29/73): src/MyBlog.Core/Interfaces/ITelemetryLogRepository.cs
Processing (30/73): src/MyBlog.Core/Interfaces/IUserRepository.cs
Processing (31/73): src/MyBlog.Core/Models/Image.cs
Processing (32/73): src/MyBlog.Core/Models/Post.cs
Processing (33/73): src/MyBlog.Core/Models/PostDto.cs
Processing (34/73): src/MyBlog.Core/Models/TelemetryLog.cs
Processing (35/73): src/MyBlog.Core/Models/User.cs
Processing (36/73): src/MyBlog.Core/MyBlog.Core.csproj
Processing (37/73): src/MyBlog.Core/Services/MarkdownService.cs
Processing (38/73): src/MyBlog.Core/Services/SlugService.cs
Processing (39/73): src/MyBlog.Infrastructure/Data/BlogDbContext.cs
Processing (40/73): src/MyBlog.Infrastructure/Data/DatabasePathResolver.cs
Processing (41/73): src/MyBlog.Infrastructure/MyBlog.Infrastructure.csproj
Processing (42/73): src/MyBlog.Infrastructure/Repositories/ImageRepository.cs
Processing (43/73): src/MyBlog.Infrastructure/Repositories/PostRepository.cs
Processing (44/73): src/MyBlog.Infrastructure/Repositories/TelemetryLogRepository.cs
Processing (45/73): src/MyBlog.Infrastructure/Repositories/UserRepository.cs
Processing (46/73): src/MyBlog.Infrastructure/ServiceCollectionExtensions.cs
Processing (47/73): src/MyBlog.Infrastructure/Services/AuthService.cs
Processing (48/73): src/MyBlog.Infrastructure/Services/PasswordService.cs
Processing (49/73): src/MyBlog.Infrastructure/Services/TelemetryCleanupService.cs
Processing (50/73): src/MyBlog.Infrastructure/Telemetry/DatabaseLogExporter.cs
Processing (51/73): src/MyBlog.Infrastructure/Telemetry/FileLogExporter.cs
Processing (52/73): src/MyBlog.Infrastructure/Telemetry/TelemetryPathResolver.cs
Processing (53/73): src/MyBlog.slnx
Processing (54/73): src/MyBlog.Tests/Integration/AuthServiceLongPasswordTests.cs
Processing (55/73): src/MyBlog.Tests/Integration/AuthServiceTests.cs
Processing (56/73): src/MyBlog.Tests/Integration/PasswordChangeTests.cs
Processing (57/73): src/MyBlog.Tests/Integration/PostRepositoryTests.cs
Processing (58/73): src/MyBlog.Tests/Integration/TelemetryCleanupTests.cs
Processing (59/73): src/MyBlog.Tests/MyBlog.Tests.csproj
Processing (60/73): src/MyBlog.Tests/Unit/LoginRateLimitMiddlewareTests.cs
Processing (61/73): src/MyBlog.Tests/Unit/MarkdownServiceTests.cs
Processing (62/73): src/MyBlog.Tests/Unit/PasswordServiceTests.cs
Processing (63/73): src/MyBlog.Tests/Unit/SlugServiceTests.cs
Processing (64/73): src/MyBlog.Web/appsettings.Development.json
Processing (65/73): src/MyBlog.Web/appsettings.json
Processing (66/73): src/MyBlog.Web/Components/Pages/Admin/UserEditor.razor.css
Processing (67/73): src/MyBlog.Web/Middleware/LoginRateLimitMiddleware.cs
Processing (68/73): src/MyBlog.Web/MyBlog.Web.csproj
Processing (69/73): src/MyBlog.Web/Program.cs
Processing (70/73): src/MyBlog.Web/wwwroot/css/site.css
Processing (71/73): src/run.sh
Processing (72/73): src/test.sh
Processing (73/73): src/upgrade-myblog.sh

==============================================
  Export Complete!
==============================================

Output file:    docs/llm/dump.txt
Files exported: 73
Files skipped:  0
Output size:    451.53 KB

File types included:
  • Source code: .cs, .fs, .vb
  • UI/XAML: .axaml, .xaml, .paml
  • Projects: .csproj, .slnx, .sln, .props, .targets
  • Config: .json, .yaml, .yml, .xml, .config
  • Docs: .md, .txt
  • Scripts: .sh, .ps1, .cmd, .bat
  • Other: .sql, .resx, .css, .scss, Dockerfile, etc.


real	0m0.759s
user	0m0.438s
sys	0m0.487s

real	0m8.350s
user	0m13.448s
sys	0m1.104s
Restore complete (0.5s)

Build succeeded in 0.6s

real	0m0.782s
user	0m0.828s
sys	0m0.160s

Build succeeded in 0.5s

real	0m0.718s
user	0m0.768s
sys	0m0.119s
Restore complete (0.5s)
  MyBlog.Core net10.0 succeeded (0.3s) → MyBlog.Core/bin/Debug/net10.0/MyBlog.Core.dll
  MyBlog.Infrastructure net10.0 succeeded (0.1s) → MyBlog.Infrastructure/bin/Debug/net10.0/MyBlog.Infrastructure.dll
  MyBlog.Web net10.0 succeeded (0.4s) → MyBlog.Web/bin/Debug/net10.0/MyBlog.Web.dll
  MyBlog.Tests net10.0 succeeded (0.2s) → MyBlog.Tests/bin/Debug/net10.0/MyBlog.Tests.dll

Build succeeded in 1.8s

real	0m1.930s
user	0m1.431s
sys	0m0.291s
error: unknown option: --report-trx

real	0m1.686s
user	0m1.636s
sys	0m0.388s
Restore complete (0.5s)

Build succeeded in 0.6s
Project 'MyBlog.Core' has the following package references
   [net10.0]: No packages were found for this framework.
Project 'MyBlog.Infrastructure' has the following package references
   [net10.0]: 
   Top-level Package                           Requested   Resolved
   > Microsoft.AspNetCore.Identity             2.3.1       2.3.1   
   > Microsoft.EntityFrameworkCore.Sqlite      10.0.1      10.0.1  
   > OpenTelemetry                             1.14.0      1.14.0  

Project 'MyBlog.Tests' has the following package references
   [net10.0]: 
   Top-level Package                             Requested   Resolved
   > Microsoft.EntityFrameworkCore.Sqlite        10.0.1      10.0.1  
   > Microsoft.Testing.Extensions.TrxReport      2.0.2       2.0.2   
   > xunit.runner.visualstudio                   3.1.5       3.1.5   
   > xunit.v3                                    3.2.1       3.2.1   

Project 'MyBlog.Web' has the following package references
   [net10.0]: 
   Top-level Package                                  Requested    Resolved
   > Microsoft.AspNetCore.App.Internal.Assets   (A)   [10.0.1, )   10.0.1  
   > OpenTelemetry.Exporter.Console                   1.14.0       1.14.0  
   > OpenTelemetry.Extensions.Hosting                 1.14.0       1.14.0  
   > OpenTelemetry.Instrumentation.AspNetCore         1.14.0       1.14.0  
   > OpenTelemetry.Instrumentation.Http               1.14.0       1.14.0  

(A) : Auto-referenced package.

real	0m1.789s
user	0m1.799s
sys	0m0.367s
Restore complete (0.5s)

Build succeeded in 0.6s

The following sources were used:
   https://api.nuget.org/v3/index.json

The given project `MyBlog.Core` has no updates given the current sources.
The given project `MyBlog.Infrastructure` has no updates given the current sources.
The given project `MyBlog.Tests` has no updates given the current sources.
The given project `MyBlog.Web` has no updates given the current sources.

real	0m1.920s
user	0m1.903s
sys	0m0.374s
kushal@syn-2600-6c56-9840-001d-0000-0000-0000-1157:~/src/dotnet/MyBlog/src$ cd ~/src/dotnet/MyBlog/; time bash export.sh; cd ~/src/dotnet/MyBlog/src/; export DOTNET_CLI_TELEMETRY_OPTOUT=1; time dotnet format; time dotnet restore; time dotnet clean; time dotnet build; time dotnet run --project MyBlog.Tests/MyBlog.Tests.csproj; time dotnet list package; time dotnet list package --outdated;
==============================================
  Project Export for LLM Analysis
==============================================

Project Path: /home/kushal/src/dotnet/MyBlog
Output File:  docs/llm/dump.txt

Generating directory structure...
Collecting files...
Found 73 files to export

Processing (1/73): export.sh
Processing (2/73): fix-all-forms.sh
Processing (3/73): fix-auth-architecture.sh
Processing (4/73): fix-blazor-interactivity.sh
Processing (5/73): fix-login-logout.sh
Processing (6/73): fix-ordered-lists.sh
Processing (7/73): fix-program-cs.sh
Processing (8/73): fix-update-claims.sh
Processing (9/73): gemini.sh
Processing (10/73): .github/workflows/build-deploy.yml
Processing (11/73): .gitignore
Processing (12/73): implement-user-management.sh
Processing (13/73): README.md
Processing (14/73): src/Directory.Build.props
Processing (15/73): src/Directory.Packages.props
Processing (16/73): src/.editorconfig
Processing (17/73): src/fix-changepassword-and-tests.sh
Processing (18/73): src/fix-rate-limit.sh
Processing (19/73): src/generate-myblog.sh
Processing (20/73): src/.github/workflows/build-deploy.yml
Processing (21/73): src/global.json
Processing (22/73): src/MyBlog.Core/Constants/AppConstants.cs
Processing (23/73): src/MyBlog.Core/Interfaces/IAuthService.cs
Processing (24/73): src/MyBlog.Core/Interfaces/IImageRepository.cs
Processing (25/73): src/MyBlog.Core/Interfaces/IMarkdownService.cs
Processing (26/73): src/MyBlog.Core/Interfaces/IPasswordService.cs
Processing (27/73): src/MyBlog.Core/Interfaces/IPostRepository.cs
Processing (28/73): src/MyBlog.Core/Interfaces/ISlugService.cs
Processing (29/73): src/MyBlog.Core/Interfaces/ITelemetryLogRepository.cs
Processing (30/73): src/MyBlog.Core/Interfaces/IUserRepository.cs
Processing (31/73): src/MyBlog.Core/Models/Image.cs
Processing (32/73): src/MyBlog.Core/Models/Post.cs
Processing (33/73): src/MyBlog.Core/Models/PostDto.cs
Processing (34/73): src/MyBlog.Core/Models/TelemetryLog.cs
Processing (35/73): src/MyBlog.Core/Models/User.cs
Processing (36/73): src/MyBlog.Core/MyBlog.Core.csproj
Processing (37/73): src/MyBlog.Core/Services/MarkdownService.cs
Processing (38/73): src/MyBlog.Core/Services/SlugService.cs
Processing (39/73): src/MyBlog.Infrastructure/Data/BlogDbContext.cs
Processing (40/73): src/MyBlog.Infrastructure/Data/DatabasePathResolver.cs
Processing (41/73): src/MyBlog.Infrastructure/MyBlog.Infrastructure.csproj
Processing (42/73): src/MyBlog.Infrastructure/Repositories/ImageRepository.cs
Processing (43/73): src/MyBlog.Infrastructure/Repositories/PostRepository.cs
Processing (44/73): src/MyBlog.Infrastructure/Repositories/TelemetryLogRepository.cs
Processing (45/73): src/MyBlog.Infrastructure/Repositories/UserRepository.cs
Processing (46/73): src/MyBlog.Infrastructure/ServiceCollectionExtensions.cs
Processing (47/73): src/MyBlog.Infrastructure/Services/AuthService.cs
Processing (48/73): src/MyBlog.Infrastructure/Services/PasswordService.cs
Processing (49/73): src/MyBlog.Infrastructure/Services/TelemetryCleanupService.cs
Processing (50/73): src/MyBlog.Infrastructure/Telemetry/DatabaseLogExporter.cs
Processing (51/73): src/MyBlog.Infrastructure/Telemetry/FileLogExporter.cs
Processing (52/73): src/MyBlog.Infrastructure/Telemetry/TelemetryPathResolver.cs
Processing (53/73): src/MyBlog.slnx
Processing (54/73): src/MyBlog.Tests/Integration/AuthServiceLongPasswordTests.cs
Processing (55/73): src/MyBlog.Tests/Integration/AuthServiceTests.cs
Processing (56/73): src/MyBlog.Tests/Integration/PasswordChangeTests.cs
Processing (57/73): src/MyBlog.Tests/Integration/PostRepositoryTests.cs
Processing (58/73): src/MyBlog.Tests/Integration/TelemetryCleanupTests.cs
Processing (59/73): src/MyBlog.Tests/MyBlog.Tests.csproj
Processing (60/73): src/MyBlog.Tests/Unit/LoginRateLimitMiddlewareTests.cs
Processing (61/73): src/MyBlog.Tests/Unit/MarkdownServiceTests.cs
Processing (62/73): src/MyBlog.Tests/Unit/PasswordServiceTests.cs
Processing (63/73): src/MyBlog.Tests/Unit/SlugServiceTests.cs
Processing (64/73): src/MyBlog.Web/appsettings.Development.json
Processing (65/73): src/MyBlog.Web/appsettings.json
Processing (66/73): src/MyBlog.Web/Components/Pages/Admin/UserEditor.razor.css
Processing (67/73): src/MyBlog.Web/Middleware/LoginRateLimitMiddleware.cs
Processing (68/73): src/MyBlog.Web/MyBlog.Web.csproj
Processing (69/73): src/MyBlog.Web/Program.cs
Processing (70/73): src/MyBlog.Web/wwwroot/css/site.css
Processing (71/73): src/run.sh
Processing (72/73): src/test.sh
Processing (73/73): src/upgrade-myblog.sh

==============================================
  Export Complete!
==============================================

Output file:    docs/llm/dump.txt
Files exported: 73
Files skipped:  0
Output size:    451.53 KB

File types included:
  • Source code: .cs, .fs, .vb
  • UI/XAML: .axaml, .xaml, .paml
  • Projects: .csproj, .slnx, .sln, .props, .targets
  • Config: .json, .yaml, .yml, .xml, .config
  • Docs: .md, .txt
  • Scripts: .sh, .ps1, .cmd, .bat
  • Other: .sql, .resx, .css, .scss, Dockerfile, etc.


real	0m0.754s
user	0m0.418s
sys	0m0.505s

real	0m8.757s
user	0m13.850s
sys	0m1.115s
Restore complete (0.5s)

Build succeeded in 0.6s

real	0m0.783s
user	0m0.829s
sys	0m0.157s

Build succeeded in 0.6s

real	0m0.745s
user	0m0.768s
sys	0m0.143s
Restore complete (0.5s)
  MyBlog.Core net10.0 succeeded (0.3s) → MyBlog.Core/bin/Debug/net10.0/MyBlog.Core.dll
  MyBlog.Infrastructure net10.0 succeeded (0.1s) → MyBlog.Infrastructure/bin/Debug/net10.0/MyBlog.Infrastructure.dll
  MyBlog.Web net10.0 succeeded (0.3s) → MyBlog.Web/bin/Debug/net10.0/MyBlog.Web.dll
  MyBlog.Tests net10.0 succeeded (0.2s) → MyBlog.Tests/bin/Debug/net10.0/MyBlog.Tests.dll

Build succeeded in 1.6s

real	0m1.769s
user	0m1.356s
sys	0m0.297s
xUnit.net v3 In-Process Runner v3.2.1+a9cfb80929 (64-bit .NET 10.0.1)
  Discovering: MyBlog.Tests
  Discovered:  MyBlog.Tests
  Starting:    MyBlog.Tests
  Finished:    MyBlog.Tests (ID = '24cedafe73dab5684218bb3cf04cfd49ae8ce3b87ae799399cb2e301cbc1e755')
=== TEST EXECUTION SUMMARY ===
   MyBlog.Tests  Total: 70, Errors: 0, Failed: 0, Skipped: 0, Not Run: 0, Time: 41.117s

real	0m42.876s
user	0m45.889s
sys	0m0.592s
Restore complete (0.5s)

Build succeeded in 0.6s
Project 'MyBlog.Core' has the following package references
   [net10.0]: No packages were found for this framework.
Project 'MyBlog.Infrastructure' has the following package references
   [net10.0]: 
   Top-level Package                           Requested   Resolved
   > Microsoft.AspNetCore.Identity             2.3.1       2.3.1   
   > Microsoft.EntityFrameworkCore.Sqlite      10.0.1      10.0.1  
   > OpenTelemetry                             1.14.0      1.14.0  

Project 'MyBlog.Tests' has the following package references
   [net10.0]: 
   Top-level Package                             Requested   Resolved
   > Microsoft.EntityFrameworkCore.Sqlite        10.0.1      10.0.1  
   > Microsoft.Testing.Extensions.TrxReport      2.0.2       2.0.2   
   > xunit.runner.visualstudio                   3.1.5       3.1.5   
   > xunit.v3                                    3.2.1       3.2.1   

Project 'MyBlog.Web' has the following package references
   [net10.0]: 
   Top-level Package                                  Requested    Resolved
   > Microsoft.AspNetCore.App.Internal.Assets   (A)   [10.0.1, )   10.0.1  
   > OpenTelemetry.Exporter.Console                   1.14.0       1.14.0  
   > OpenTelemetry.Extensions.Hosting                 1.14.0       1.14.0  
   > OpenTelemetry.Instrumentation.AspNetCore         1.14.0       1.14.0  
   > OpenTelemetry.Instrumentation.Http               1.14.0       1.14.0  

(A) : Auto-referenced package.

real	0m1.826s
user	0m1.806s
sys	0m0.373s
Restore complete (0.5s)

Build succeeded in 0.6s

The following sources were used:
   https://api.nuget.org/v3/index.json

The given project `MyBlog.Core` has no updates given the current sources.
The given project `MyBlog.Infrastructure` has no updates given the current sources.
The given project `MyBlog.Tests` has no updates given the current sources.
The given project `MyBlog.Web` has no updates given the current sources.

real	0m1.919s
user	0m1.902s
sys	0m0.383s
kushal@syn-2600-6c56-9840-001d-0000-0000-0000-1157:~/src/dotnet/MyBlog/src$ cd .. 
kushal@syn-2600-6c56-9840-001d-0000-0000-0000-1157:~/src/dotnet/MyBlog$ time dotnet run --project src/MyBlog.Tests/MyBlog.Tests.csproj
xUnit.net v3 In-Process Runner v3.2.1+a9cfb80929 (64-bit .NET 10.0.1)
  Discovering: MyBlog.Tests
  Discovered:  MyBlog.Tests
  Starting:    MyBlog.Tests
  Finished:    MyBlog.Tests (ID = '24cedafe73dab5684218bb3cf04cfd49ae8ce3b87ae799399cb2e301cbc1e755')
=== TEST EXECUTION SUMMARY ===
   MyBlog.Tests  Total: 70, Errors: 0, Failed: 0, Skipped: 0, Not Run: 0, Time: 41.711s

real	0m43.546s
user	0m46.506s
sys	0m0.563s
kushal@syn-2600-6c56-9840-001d-0000-0000-0000-1157:~/src/dotnet/MyBlog$ cd ~/src/dotnet/MyBlog/; time bash export.sh; cd ~/src/dotnet/MyBlog/src/; export DOTNET_CLI_TELEMETRY_OPTOUT=1; time dotnet format; time dotnet restore; time dotnet clean; time dotnet build; time dotnet run --project MyBlog.Tests/MyBlog.Tests.csproj; time dotnet list package; time dotnet list package --outdated;
