kushal@syn-2600-6c56-9840-001d-0000-0000-0000-1157:~/src/dotnet/MyImapDownloader$ cd ~/src/dotnet/MyBlog/; time bash export.sh; cd ~/src/dotnet/MyBlog/src/; export DOTNET_CLI_TELEMETRY_OPTOUT=1; time dotnet format; time dotnet restore; time dotnet clean; time dotnet build; time dotnet run --project MyBlog.Tests/MyBlog.Tests.csproj; time dotnet list package; time dotnet list package --outdated;
==============================================
  Project Export for LLM Analysis
==============================================

Project Path: /home/kushal/src/dotnet/MyBlog
Output File:  docs/llm/dump.txt

Generating directory structure...
Collecting files...
Found 73 files to export

Processing (1/73): export.sh
Processing (2/73): fix-all-forms.sh
Processing (3/73): fix-auth-architecture.sh
Processing (4/73): fix-blazor-interactivity.sh
Processing (5/73): fix-login-logout.sh
Processing (6/73): fix-ordered-lists.sh
Processing (7/73): fix-program-cs.sh
Processing (8/73): fix-update-claims.sh
Processing (9/73): gemini.sh
Processing (10/73): .github/workflows/build-deploy.yml
Processing (11/73): .gitignore
Processing (12/73): implement-user-management.sh
Processing (13/73): README.md
Processing (14/73): src/Directory.Build.props
Processing (15/73): src/Directory.Packages.props
Processing (16/73): src/.editorconfig
Processing (17/73): src/fix-changepassword-and-tests.sh
Processing (18/73): src/fix-rate-limit.sh
Processing (19/73): src/generate-myblog.sh
Processing (20/73): src/.github/workflows/build-deploy.yml
Processing (21/73): src/global.json
Processing (22/73): src/MyBlog.Core/Constants/AppConstants.cs
Processing (23/73): src/MyBlog.Core/Interfaces/IAuthService.cs
Processing (24/73): src/MyBlog.Core/Interfaces/IImageRepository.cs
Processing (25/73): src/MyBlog.Core/Interfaces/IMarkdownService.cs
Processing (26/73): src/MyBlog.Core/Interfaces/IPasswordService.cs
Processing (27/73): src/MyBlog.Core/Interfaces/IPostRepository.cs
Processing (28/73): src/MyBlog.Core/Interfaces/ISlugService.cs
Processing (29/73): src/MyBlog.Core/Interfaces/ITelemetryLogRepository.cs
Processing (30/73): src/MyBlog.Core/Interfaces/IUserRepository.cs
Processing (31/73): src/MyBlog.Core/Models/Image.cs
Processing (32/73): src/MyBlog.Core/Models/Post.cs
Processing (33/73): src/MyBlog.Core/Models/PostDto.cs
Processing (34/73): src/MyBlog.Core/Models/TelemetryLog.cs
Processing (35/73): src/MyBlog.Core/Models/User.cs
Processing (36/73): src/MyBlog.Core/MyBlog.Core.csproj
Processing (37/73): src/MyBlog.Core/Services/MarkdownService.cs
Processing (38/73): src/MyBlog.Core/Services/SlugService.cs
Processing (39/73): src/MyBlog.Infrastructure/Data/BlogDbContext.cs
Processing (40/73): src/MyBlog.Infrastructure/Data/DatabasePathResolver.cs
Processing (41/73): src/MyBlog.Infrastructure/MyBlog.Infrastructure.csproj
Processing (42/73): src/MyBlog.Infrastructure/Repositories/ImageRepository.cs
Processing (43/73): src/MyBlog.Infrastructure/Repositories/PostRepository.cs
Processing (44/73): src/MyBlog.Infrastructure/Repositories/TelemetryLogRepository.cs
Processing (45/73): src/MyBlog.Infrastructure/Repositories/UserRepository.cs
Processing (46/73): src/MyBlog.Infrastructure/ServiceCollectionExtensions.cs
Processing (47/73): src/MyBlog.Infrastructure/Services/AuthService.cs
Processing (48/73): src/MyBlog.Infrastructure/Services/PasswordService.cs
Processing (49/73): src/MyBlog.Infrastructure/Services/TelemetryCleanupService.cs
Processing (50/73): src/MyBlog.Infrastructure/Telemetry/DatabaseLogExporter.cs
Processing (51/73): src/MyBlog.Infrastructure/Telemetry/FileLogExporter.cs
Processing (52/73): src/MyBlog.Infrastructure/Telemetry/TelemetryPathResolver.cs
Processing (53/73): src/MyBlog.slnx
Processing (54/73): src/MyBlog.Tests/Integration/AuthServiceLongPasswordTests.cs
Processing (55/73): src/MyBlog.Tests/Integration/AuthServiceTests.cs
Processing (56/73): src/MyBlog.Tests/Integration/PasswordChangeTests.cs
Processing (57/73): src/MyBlog.Tests/Integration/PostRepositoryTests.cs
Processing (58/73): src/MyBlog.Tests/Integration/TelemetryCleanupTests.cs
Processing (59/73): src/MyBlog.Tests/MyBlog.Tests.csproj
Processing (60/73): src/MyBlog.Tests/Unit/LoginRateLimitMiddlewareTests.cs
Processing (61/73): src/MyBlog.Tests/Unit/MarkdownServiceTests.cs
Processing (62/73): src/MyBlog.Tests/Unit/PasswordServiceTests.cs
Processing (63/73): src/MyBlog.Tests/Unit/SlugServiceTests.cs
Processing (64/73): src/MyBlog.Web/appsettings.Development.json
Processing (65/73): src/MyBlog.Web/appsettings.json
Processing (66/73): src/MyBlog.Web/Components/Pages/Admin/UserEditor.razor.css
Processing (67/73): src/MyBlog.Web/Middleware/LoginRateLimitMiddleware.cs
Processing (68/73): src/MyBlog.Web/MyBlog.Web.csproj
Processing (69/73): src/MyBlog.Web/Program.cs
Processing (70/73): src/MyBlog.Web/wwwroot/css/site.css
Processing (71/73): src/run.sh
Processing (72/73): src/test.sh
Processing (73/73): src/upgrade-myblog.sh

==============================================
  Export Complete!
==============================================

Output file:    docs/llm/dump.txt
Files exported: 73
Files skipped:  0
Output size:    451.04 KB

File types included:
  • Source code: .cs, .fs, .vb
  • UI/XAML: .axaml, .xaml, .paml
  • Projects: .csproj, .slnx, .sln, .props, .targets
  • Config: .json, .yaml, .yml, .xml, .config
  • Docs: .md, .txt
  • Scripts: .sh, .ps1, .cmd, .bat
  • Other: .sql, .resx, .css, .scss, Dockerfile, etc.


real	0m0.764s
user	0m0.461s
sys	0m0.464s

real	0m9.227s
user	0m15.735s
sys	0m1.113s
Restore complete (0.5s)

Build succeeded in 0.6s

real	0m0.823s
user	0m0.879s
sys	0m0.171s

Build succeeded in 0.5s

real	0m0.717s
user	0m0.740s
sys	0m0.135s
Restore complete (0.5s)
  MyBlog.Core net10.0 succeeded (0.3s) → MyBlog.Core/bin/Debug/net10.0/MyBlog.Core.dll
  MyBlog.Infrastructure net10.0 succeeded (0.3s) → MyBlog.Infrastructure/bin/Debug/net10.0/MyBlog.Infrastructure.dll
  MyBlog.Web net10.0 succeeded (1.0s) → MyBlog.Web/bin/Debug/net10.0/MyBlog.Web.dll
  MyBlog.Tests net10.0 succeeded (0.4s) → MyBlog.Tests/bin/Debug/net10.0/MyBlog.Tests.dll

Build succeeded in 2.7s

real	0m2.882s
user	0m2.021s
sys	0m0.336s
xUnit.net v3 In-Process Runner v3.2.1+a9cfb80929 (64-bit .NET 10.0.1)
  Discovering: MyBlog.Tests
  Discovered:  MyBlog.Tests
  Starting:    MyBlog.Tests
  Finished:    MyBlog.Tests (ID = '24cedafe73dab5684218bb3cf04cfd49ae8ce3b87ae799399cb2e301cbc1e755')
=== TEST EXECUTION SUMMARY ===
   MyBlog.Tests  Total: 70, Errors: 0, Failed: 0, Skipped: 0, Not Run: 0, Time: 41.608s

real	0m43.819s
user	0m48.107s
sys	0m0.699s
Restore complete (0.5s)

Build succeeded in 0.6s
Project 'MyBlog.Core' has the following package references
   [net10.0]: No packages were found for this framework.
Project 'MyBlog.Infrastructure' has the following package references
   [net10.0]: 
   Top-level Package                           Requested   Resolved
   > Microsoft.AspNetCore.Identity             2.3.1       2.3.1   
   > Microsoft.EntityFrameworkCore.Sqlite      10.0.1      10.0.1  
   > OpenTelemetry                             1.14.0      1.14.0  

Project 'MyBlog.Tests' has the following package references
   [net10.0]: 
   Top-level Package                             Requested   Resolved
   > Microsoft.EntityFrameworkCore.Sqlite        10.0.1      10.0.1  
   > Microsoft.Testing.Extensions.TrxReport      2.0.2       2.0.2   
   > xunit.runner.visualstudio                   3.1.5       3.1.5   
   > xunit.v3                                    3.2.1       3.2.1   

Project 'MyBlog.Web' has the following package references
   [net10.0]: 
   Top-level Package                                  Requested    Resolved
   > Microsoft.AspNetCore.App.Internal.Assets   (A)   [10.0.1, )   10.0.1  
   > OpenTelemetry.Exporter.Console                   1.14.0       1.14.0  
   > OpenTelemetry.Extensions.Hosting                 1.14.0       1.14.0  
   > OpenTelemetry.Instrumentation.AspNetCore         1.14.0       1.14.0  
   > OpenTelemetry.Instrumentation.Http               1.14.0       1.14.0  

(A) : Auto-referenced package.

real	0m1.847s
user	0m1.775s
sys	0m0.394s
Restore complete (0.5s)

Build succeeded in 0.6s

The following sources were used:
   https://api.nuget.org/v3/index.json

The given project `MyBlog.Core` has no updates given the current sources.
The given project `MyBlog.Infrastructure` has no updates given the current sources.
The given project `MyBlog.Tests` has no updates given the current sources.
The given project `MyBlog.Web` has no updates given the current sources.

real	0m1.924s
user	0m1.888s
sys	0m0.369s
kushal@syn-2600-6c56-9840-001d-0000-0000-0000-1157:~/src/dotnet/MyBlog/src$ cd .. 
kushal@syn-2600-6c56-9840-001d-0000-0000-0000-1157:~/src/dotnet/MyBlog$ DOTNET_TEST_USE_MODERN_OUTPUT=1 dotnet test src/MyBlog.slnx --report-trx
MSBUILD : error MSB1001: Unknown switch.
    Full command line: '/usr/lib64/dotnet/sdk/10.0.101/MSBuild.dll -maxcpucount --verbosity:m -tlp:default=auto --property:VsTestUseMSBuildOutput=true --property:NuGetInteractive=true --property:VSTestArtifactsProcessingMode=collect --property:VSTestSessionCorrelationId=481694_9a01f974-7021-4fb8-afb8-83f66bd827f1 --restoreProperty:VsTestUseMSBuildOutput=true --restoreProperty:NuGetInteractive=true --restoreProperty:VSTestArtifactsProcessingMode=collect --restoreProperty:VSTestSessionCorrelationId=481694_9a01f974-7021-4fb8-afb8-83f66bd827f1 --restoreProperty:EnableDefaultCompileItems=false --restoreProperty:EnableDefaultEmbeddedResourceItems=false --restoreProperty:EnableDefaultNoneItems=false --target:VSTest -nologo src/MyBlog.slnx --report-trx -restore'
  Switches appended by response files:
Switch: --report-trx

For switch syntax, type "MSBuild -help"
kushal@syn-2600-6c56-9840-001d-0000-0000-0000-1157:~/src/dotnet/MyBlog$ DOTNET_TEST_USE_MODERN_OUTPUT=1 dotnet test src/MyBlog.slnx --report-trx
MSBUILD : error MSB1001: Unknown switch.
    Full command line: '/usr/lib64/dotnet/sdk/10.0.101/MSBuild.dll -maxcpucount --verbosity:m -tlp:default=auto --property:VsTestUseMSBuildOutput=true --property:NuGetInteractive=true --property:VSTestArtifactsProcessingMode=collect --property:VSTestSessionCorrelationId=483310_5ce10f78-dd58-4086-8cab-af09b8f5f859 --restoreProperty:VsTestUseMSBuildOutput=true --restoreProperty:NuGetInteractive=true --restoreProperty:VSTestArtifactsProcessingMode=collect --restoreProperty:VSTestSessionCorrelationId=483310_5ce10f78-dd58-4086-8cab-af09b8f5f859 --restoreProperty:EnableDefaultCompileItems=false --restoreProperty:EnableDefaultEmbeddedResourceItems=false --restoreProperty:EnableDefaultNoneItems=false --target:VSTest -nologo src/MyBlog.slnx --report-trx -restore'
  Switches appended by response files:
Switch: --report-trx

For switch syntax, type "MSBuild -help"
kushal@syn-2600-6c56-9840-001d-0000-0000-0000-1157:~/src/dotnet/MyBlog$ DOTNET_TEST_USE_MODERN_OUTPUT=1 dotnet test src/MyBlog.slnx -- --report-trx
Restore complete (0.5s)
  MyBlog.Tests net10.0 failed with 1 error(s) (0.0s)
    /home/kushal/.nuget/packages/microsoft.testing.platform.msbuild/2.0.2/buildMultiTargeting/Microsoft.Testing.Platform.MSBuild.targets(263,5): error Testing with VSTest target is no longer supported by Microsoft.Testing.Platform on .NET 10 SDK and later. If you use dotnet test, you should opt-in to the new dotnet test experience. For more information, see https://aka.ms/dotnet-test-mtp-error

Build failed with 1 error(s) in 0.7s
kushal@syn-2600-6c56-9840-001d-0000-0000-0000-1157:~/src/dotnet/MyBlog$ DOTNET_TEST_USE_MODERN_OUTPUT=1 dotnet test src/MyBlog.slnx -- --report-trx
Restore complete (0.5s)
  MyBlog.Tests net10.0 failed with 1 error(s) (0.0s)
    /home/kushal/.nuget/packages/microsoft.testing.platform.msbuild/2.0.2/buildMultiTargeting/Microsoft.Testing.Platform.MSBuild.targets(263,5): error Testing with VSTest target is no longer supported by Microsoft.Testing.Platform on .NET 10 SDK and later. If you use dotnet test, you should opt-in to the new dotnet test experience. For more information, see https://aka.ms/dotnet-test-mtp-error

Build failed with 1 error(s) in 0.7s
kushal@syn-2600-6c56-9840-001d-0000-0000-0000-1157:~/src/dotnet/MyBlog$ # Bypass the 'dotnet test' wrapper and MSBuild entirely
dotnet run --project src/MyBlog.Tests/MyBlog.Tests.csproj -- --report-trx
error: unknown option: --report-trx
kushal@syn-2600-6c56-9840-001d-0000-0000-0000-1157:~/src/dotnet/MyBlog$ dotnet run --project src/MyBlog.Tests/MyBlog.Tests.csproj -- --report-trx
error: unknown option: --report-trx
kushal@syn-2600-6c56-9840-001d-0000-0000-0000-1157:~/src/dotnet/MyBlog$ dotnet run --project src/MyBlog.Tests/MyBlog.Tests.csproj -- --report-trx
error: unknown option: --report-trx
kushal@syn-2600-6c56-9840-001d-0000-0000-0000-1157:~/src/dotnet/MyBlog$ DOTNET_TEST_USE_MODERN_OUTPUT=1 dotnet test src/MyBlog.slnx -- --report-trx
Restore complete (0.5s)
  MyBlog.Core net10.0 succeeded (0.2s) → src/MyBlog.Core/bin/Debug/net10.0/MyBlog.Core.dll
  MyBlog.Infrastructure net10.0 succeeded (0.0s) → src/MyBlog.Infrastructure/bin/Debug/net10.0/MyBlog.Infrastructure.dll
  MyBlog.Web net10.0 succeeded (0.1s) → src/MyBlog.Web/bin/Debug/net10.0/MyBlog.Web.dll
  MyBlog.Tests net10.0 succeeded (0.1s) → src/MyBlog.Tests/bin/Debug/net10.0/MyBlog.Tests.dll
Error:
  An assembly specified in the application dependencies manifest (testhost.deps.json) was not found:
    package: 'testhost', version: '18.0.1-release-25569-105'
    path: 'testhost.dll'
Testhost process for source(s) '/home/kushal/src/dotnet/MyBlog/src/MyBlog.Tests/bin/Debug/net10.0/MyBlog.Tests.dll' exited with error: Error:
  An assembly specified in the application dependencies manifest (testhost.deps.json) was not found:
    package: 'testhost', version: '18.0.1-release-25569-105'
    path: 'testhost.dll'
. Please check the diagnostic logs for more information.
  MyBlog.Tests test net10.0 failed with 1 error(s) (0.3s)
    /home/kushal/src/dotnet/MyBlog/src/MyBlog.Tests/bin/Debug/net10.0/MyBlog.Tests.dll : error TESTRUNABORT: Test Run Aborted.

Build failed with 1 error(s) in 1.4s
kushal@syn-2600-6c56-9840-001d-0000-0000-0000-1157:~/src/dotnet/MyBlog$ cd ~/src/dotnet/MyBlog/; time bash export.sh; cd ~/src/dotnet/MyBlog/src/; export DOTNET_CLI_TELEMETRY_OPTOUT=1; time dotnet format; time dotnet restore; time dotnet clean; time dotnet build; time dotnet run --project MyBlog.Tests/MyBlog.Tests.csproj; time dotnet list package; time dotnet list package --outdated;
==============================================
  Project Export for LLM Analysis
==============================================

Project Path: /home/kushal/src/dotnet/MyBlog
Output File:  docs/llm/dump.txt

Generating directory structure...
Collecting files...
Found 73 files to export

Processing (1/73): export.sh
Processing (2/73): fix-all-forms.sh
Processing (3/73): fix-auth-architecture.sh
Processing (4/73): fix-blazor-interactivity.sh
Processing (5/73): fix-login-logout.sh
Processing (6/73): fix-ordered-lists.sh
Processing (7/73): fix-program-cs.sh
Processing (8/73): fix-update-claims.sh
Processing (9/73): gemini.sh
Processing (10/73): .github/workflows/build-deploy.yml
Processing (11/73): .gitignore
Processing (12/73): implement-user-management.sh
Processing (13/73): README.md
Processing (14/73): src/Directory.Build.props
Processing (15/73): src/Directory.Packages.props
Processing (16/73): src/.editorconfig
Processing (17/73): src/fix-changepassword-and-tests.sh
Processing (18/73): src/fix-rate-limit.sh
Processing (19/73): src/generate-myblog.sh
Processing (20/73): src/.github/workflows/build-deploy.yml
Processing (21/73): src/global.json
Processing (22/73): src/MyBlog.Core/Constants/AppConstants.cs
Processing (23/73): src/MyBlog.Core/Interfaces/IAuthService.cs
Processing (24/73): src/MyBlog.Core/Interfaces/IImageRepository.cs
Processing (25/73): src/MyBlog.Core/Interfaces/IMarkdownService.cs
Processing (26/73): src/MyBlog.Core/Interfaces/IPasswordService.cs
Processing (27/73): src/MyBlog.Core/Interfaces/IPostRepository.cs
Processing (28/73): src/MyBlog.Core/Interfaces/ISlugService.cs
Processing (29/73): src/MyBlog.Core/Interfaces/ITelemetryLogRepository.cs
Processing (30/73): src/MyBlog.Core/Interfaces/IUserRepository.cs
Processing (31/73): src/MyBlog.Core/Models/Image.cs
Processing (32/73): src/MyBlog.Core/Models/Post.cs
Processing (33/73): src/MyBlog.Core/Models/PostDto.cs
Processing (34/73): src/MyBlog.Core/Models/TelemetryLog.cs
Processing (35/73): src/MyBlog.Core/Models/User.cs
Processing (36/73): src/MyBlog.Core/MyBlog.Core.csproj
Processing (37/73): src/MyBlog.Core/Services/MarkdownService.cs
Processing (38/73): src/MyBlog.Core/Services/SlugService.cs
Processing (39/73): src/MyBlog.Infrastructure/Data/BlogDbContext.cs
Processing (40/73): src/MyBlog.Infrastructure/Data/DatabasePathResolver.cs
Processing (41/73): src/MyBlog.Infrastructure/MyBlog.Infrastructure.csproj
Processing (42/73): src/MyBlog.Infrastructure/Repositories/ImageRepository.cs
Processing (43/73): src/MyBlog.Infrastructure/Repositories/PostRepository.cs
Processing (44/73): src/MyBlog.Infrastructure/Repositories/TelemetryLogRepository.cs
Processing (45/73): src/MyBlog.Infrastructure/Repositories/UserRepository.cs
Processing (46/73): src/MyBlog.Infrastructure/ServiceCollectionExtensions.cs
Processing (47/73): src/MyBlog.Infrastructure/Services/AuthService.cs
Processing (48/73): src/MyBlog.Infrastructure/Services/PasswordService.cs
Processing (49/73): src/MyBlog.Infrastructure/Services/TelemetryCleanupService.cs
Processing (50/73): src/MyBlog.Infrastructure/Telemetry/DatabaseLogExporter.cs
Processing (51/73): src/MyBlog.Infrastructure/Telemetry/FileLogExporter.cs
Processing (52/73): src/MyBlog.Infrastructure/Telemetry/TelemetryPathResolver.cs
Processing (53/73): src/MyBlog.slnx
Processing (54/73): src/MyBlog.Tests/Integration/AuthServiceLongPasswordTests.cs
Processing (55/73): src/MyBlog.Tests/Integration/AuthServiceTests.cs
Processing (56/73): src/MyBlog.Tests/Integration/PasswordChangeTests.cs
Processing (57/73): src/MyBlog.Tests/Integration/PostRepositoryTests.cs
Processing (58/73): src/MyBlog.Tests/Integration/TelemetryCleanupTests.cs
Processing (59/73): src/MyBlog.Tests/MyBlog.Tests.csproj
Processing (60/73): src/MyBlog.Tests/Unit/LoginRateLimitMiddlewareTests.cs
Processing (61/73): src/MyBlog.Tests/Unit/MarkdownServiceTests.cs
Processing (62/73): src/MyBlog.Tests/Unit/PasswordServiceTests.cs
Processing (63/73): src/MyBlog.Tests/Unit/SlugServiceTests.cs
Processing (64/73): src/MyBlog.Web/appsettings.Development.json
Processing (65/73): src/MyBlog.Web/appsettings.json
Processing (66/73): src/MyBlog.Web/Components/Pages/Admin/UserEditor.razor.css
Processing (67/73): src/MyBlog.Web/Middleware/LoginRateLimitMiddleware.cs
Processing (68/73): src/MyBlog.Web/MyBlog.Web.csproj
Processing (69/73): src/MyBlog.Web/Program.cs
Processing (70/73): src/MyBlog.Web/wwwroot/css/site.css
Processing (71/73): src/run.sh
Processing (72/73): src/test.sh
Processing (73/73): src/upgrade-myblog.sh

==============================================
  Export Complete!
==============================================

Output file:    docs/llm/dump.txt
Files exported: 73
Files skipped:  0
Output size:    450.92 KB

File types included:
  • Source code: .cs, .fs, .vb
  • UI/XAML: .axaml, .xaml, .paml
  • Projects: .csproj, .slnx, .sln, .props, .targets
  • Config: .json, .yaml, .yml, .xml, .config
  • Docs: .md, .txt
  • Scripts: .sh, .ps1, .cmd, .bat
  • Other: .sql, .resx, .css, .scss, Dockerfile, etc.


real	0m0.760s
user	0m0.430s
sys	0m0.483s

real	0m8.575s
user	0m13.769s
sys	0m1.049s
Restore complete (0.5s)

Build succeeded in 0.6s

real	0m0.801s
user	0m0.853s
sys	0m0.165s

Build succeeded in 0.5s

real	0m0.726s
user	0m0.736s
sys	0m0.152s
Restore complete (0.5s)
  MyBlog.Core net10.0 succeeded (0.3s) → MyBlog.Core/bin/Debug/net10.0/MyBlog.Core.dll
  MyBlog.Infrastructure net10.0 succeeded (0.1s) → MyBlog.Infrastructure/bin/Debug/net10.0/MyBlog.Infrastructure.dll
  MyBlog.Web net10.0 succeeded (0.5s) → MyBlog.Web/bin/Debug/net10.0/MyBlog.Web.dll
  MyBlog.Tests net10.0 succeeded (0.2s) → MyBlog.Tests/bin/Debug/net10.0/MyBlog.Tests.dll

Build succeeded in 1.8s

real	0m2.007s
user	0m1.469s
sys	0m0.309s
xUnit.net v3 In-Process Runner v3.2.1+a9cfb80929 (64-bit .NET 10.0.1)
  Discovering: MyBlog.Tests
  Discovered:  MyBlog.Tests
  Starting:    MyBlog.Tests
  Finished:    MyBlog.Tests (ID = '24cedafe73dab5684218bb3cf04cfd49ae8ce3b87ae799399cb2e301cbc1e755')
=== TEST EXECUTION SUMMARY ===
   MyBlog.Tests  Total: 70, Errors: 0, Failed: 0, Skipped: 0, Not Run: 0, Time: 41.502s

real	0m43.422s
user	0m46.259s
sys	0m0.640s
Restore complete (0.5s)

Build succeeded in 0.6s
Project 'MyBlog.Core' has the following package references
   [net10.0]: No packages were found for this framework.
Project 'MyBlog.Infrastructure' has the following package references
   [net10.0]: 
   Top-level Package                           Requested   Resolved
   > Microsoft.AspNetCore.Identity             2.3.1       2.3.1   
   > Microsoft.EntityFrameworkCore.Sqlite      10.0.1      10.0.1  
   > OpenTelemetry                             1.14.0      1.14.0  

Project 'MyBlog.Tests' has the following package references
   [net10.0]: 
   Top-level Package                             Requested   Resolved
   > Microsoft.EntityFrameworkCore.Sqlite        10.0.1      10.0.1  
   > Microsoft.Testing.Extensions.TrxReport      2.0.2       2.0.2   
   > xunit.runner.visualstudio                   3.1.5       3.1.5   
   > xunit.v3                                    3.2.1       3.2.1   

Project 'MyBlog.Web' has the following package references
   [net10.0]: 
   Top-level Package                                  Requested    Resolved
   > Microsoft.AspNetCore.App.Internal.Assets   (A)   [10.0.1, )   10.0.1  
   > OpenTelemetry.Exporter.Console                   1.14.0       1.14.0  
   > OpenTelemetry.Extensions.Hosting                 1.14.0       1.14.0  
   > OpenTelemetry.Instrumentation.AspNetCore         1.14.0       1.14.0  
   > OpenTelemetry.Instrumentation.Http               1.14.0       1.14.0  

(A) : Auto-referenced package.

real	0m1.780s
user	0m1.779s
sys	0m0.362s
Restore complete (0.5s)

Build succeeded in 0.6s

The following sources were used:
   https://api.nuget.org/v3/index.json

The given project `MyBlog.Core` has no updates given the current sources.
The given project `MyBlog.Infrastructure` has no updates given the current sources.
The given project `MyBlog.Tests` has no updates given the current sources.
The given project `MyBlog.Web` has no updates given the current sources.

real	0m2.724s
user	0m2.088s
sys	0m0.405s
kushal@syn-2600-6c56-9840-001d-0000-0000-0000-1157:~/src/dotnet/MyBlog/src$ cd .. 
kushal@syn-2600-6c56-9840-001d-0000-0000-0000-1157:~/src/dotnet/MyBlog$ dotnet run --project src/MyBlog.Tests/MyBlog.Tests.csproj --no-build -c Release -- --report-trx --results-directory TestResults
Unhandled exception: An error occurred trying to start process '/home/kushal/src/dotnet/MyBlog/src/MyBlog.Tests/bin/Release/net10.0/MyBlog.Tests' with working directory '/home/kushal/src/dotnet/MyBlog'. No such file or directory
kushal@syn-2600-6c56-9840-001d-0000-0000-0000-1157:~/src/dotnet/MyBlog$ dotnet run --project src/MyBlog. --no-build -c Release -- --report-trx --results-directory TestResults
MyBlog.Core/           MyBlog.Infrastructure/ MyBlog.slnx            MyBlog.Tests/          MyBlog.Web/            
kushal@syn-2600-6c56-9840-001d-0000-0000-0000-1157:~/src/dotnet/MyBlog$ dotnet run --project src/MyBlog.Tests/MyBlog.Tests.csproj --no-build -c Release -- --report-trx --results-directory TestResults
Unhandled exception: An error occurred trying to start process '/home/kushal/src/dotnet/MyBlog/src/MyBlog.Tests/bin/Release/net10.0/MyBlog.Tests' with working directory '/home/kushal/src/dotnet/MyBlog'. No such file or directory
kushal@syn-2600-6c56-9840-001d-0000-0000-0000-1157:~/src/dotnet/MyBlog$ cd ~/src/dotnet/MyBlog/src/MyBlog.Tests/; dotnet run --no-build -c Release -- --report-trx --results-directory TestResults
Unhandled exception: An error occurred trying to start process '/home/kushal/src/dotnet/MyBlog/src/MyBlog.Tests/bin/Release/net10.0/MyBlog.Tests' with working directory '/home/kushal/src/dotnet/MyBlog/src/MyBlog.Tests'. No such file or directory
kushal@syn-2600-6c56-9840-001d-0000-0000-0000-1157:~/src/dotnet/MyBlog/src/MyBlog.Tests$ cd ~/src/dotnet/MyBlog/src/MyBlog.Tests/; time dotnet build --configuration Release; time dotnet run --no-build -c Release -- --report-trx --results-directory TestResults
Restore complete (0.5s)
  MyBlog.Core net10.0 succeeded (0.1s) → /home/kushal/src/dotnet/MyBlog/src/MyBlog.Core/bin/Release/net10.0/MyBlog.Core.dll
  MyBlog.Infrastructure net10.0 succeeded (0.4s) → /home/kushal/src/dotnet/MyBlog/src/MyBlog.Infrastructure/bin/Release/net10.0/MyBlog.Infrastructure.dll
  MyBlog.Web net10.0 succeeded (0.5s) → /home/kushal/src/dotnet/MyBlog/src/MyBlog.Web/bin/Release/net10.0/MyBlog.Web.dll
  MyBlog.Tests net10.0 succeeded (0.2s) → bin/Release/net10.0/MyBlog.Tests.dll

Build succeeded in 1.9s

real	0m2.124s
user	0m1.599s
sys	0m0.315s
error: unknown option: --report-trx

real	0m0.617s
user	0m0.537s
sys	0m0.108s
kushal@syn-2600-6c56-9840-001d-0000-0000-0000-1157:~/src/dotnet/MyBlog/src/MyBlog.Tests$ dotnet run --project src/MyBlog.Tests/MyBlog.Tests.csproj --no-build -c Release -- --report-trx --results-directory TestResults
The provided file path does not exist: src/MyBlog.Tests/MyBlog.Tests.csproj.
kushal@syn-2600-6c56-9840-001d-0000-0000-0000-1157:~/src/dotnet/MyBlog/src/MyBlog.Tests$ cd ~/src/dotnet/MyBlog/src/MyBlog.Tests/; time dotnet build --configuration Release; time dotnet run --no-build -c Release -- --report-trx --results-directory TestResults
Restore complete (0.4s)
  MyBlog.Core net10.0 succeeded (0.1s) → /home/kushal/src/dotnet/MyBlog/src/MyBlog.Core/bin/Release/net10.0/MyBlog.Core.dll
  MyBlog.Infrastructure net10.0 succeeded (0.3s) → /home/kushal/src/dotnet/MyBlog/src/MyBlog.Infrastructure/bin/Release/net10.0/MyBlog.Infrastructure.dll
  MyBlog.Web net10.0 succeeded (0.5s) → /home/kushal/src/dotnet/MyBlog/src/MyBlog.Web/bin/Release/net10.0/MyBlog.Web.dll
  MyBlog.Tests net10.0 succeeded (0.2s) → bin/Release/net10.0/MyBlog.Tests.dll

Build succeeded in 1.9s

real	0m2.116s
user	0m1.479s
sys	0m0.311s
error: unknown option: --report-trx

real	0m0.651s
user	0m0.555s
sys	0m0.126s
kushal@syn-2600-6c56-9840-001d-0000-0000-0000-1157:~/src/dotnet/MyBlog/src/MyBlog.Tests$ cd ~/src/dotnet/MyBlog/src/MyBlog.Tests/; time dotnet build --configuration Release; time dotnet run --no-build -c Release -- --report-trx --results-directory TestResults
    /home/kushal/src/dotnet/MyBlog/src/MyBlog.Tests/MyBlog.Tests.csproj : error NU1010: The following PackageReference items do not define a corresponding PackageVersion item: Microsoft.Testing.Platform.MSBuild. Projects using Central Package Management must declare PackageReference and PackageVersion items with matching names. For more information, visit https://aka.ms/nuget/cpm/gettingstarted

Restore failed with 1 error(s) in 0.9s

real	0m1.098s
user	0m0.995s
sys	0m0.183s
error: unknown option: --report-trx

real	0m0.571s
user	0m0.491s
sys	0m0.113s
kushal@syn-2600-6c56-9840-001d-0000-0000-0000-1157:~/src/dotnet/MyBlog/src/MyBlog.Tests$ cd ~/src/dotnet/MyBlog/; time bash export.sh; cd ~/src/dotnet/MyBlog/src/; export DOTNET_CLI_TELEMETRY_OPTOUT=1; time dotnet format; time dotnet restore; time dotnet clean; time dotnet build; time dotnet run --project MyBlog.Tests/MyBlog.Tests.csproj; time dotnet list package; time dotnet list package --outdated;
==============================================
  Project Export for LLM Analysis
==============================================

Project Path: /home/kushal/src/dotnet/MyBlog
Output File:  docs/llm/dump.txt

Generating directory structure...
Collecting files...
Found 73 files to export

Processing (1/73): export.sh
Processing (2/73): fix-all-forms.sh
Processing (3/73): fix-auth-architecture.sh
Processing (4/73): fix-blazor-interactivity.sh
Processing (5/73): fix-login-logout.sh
Processing (6/73): fix-ordered-lists.sh
Processing (7/73): fix-program-cs.sh
Processing (8/73): fix-update-claims.sh
Processing (9/73): gemini.sh
Processing (10/73): .github/workflows/build-deploy.yml
Processing (11/73): .gitignore
Processing (12/73): implement-user-management.sh
Processing (13/73): README.md
Processing (14/73): src/Directory.Build.props
Processing (15/73): src/Directory.Packages.props
Processing (16/73): src/.editorconfig
Processing (17/73): src/fix-changepassword-and-tests.sh
Processing (18/73): src/fix-rate-limit.sh
Processing (19/73): src/generate-myblog.sh
Processing (20/73): src/.github/workflows/build-deploy.yml
Processing (21/73): src/global.json
Processing (22/73): src/MyBlog.Core/Constants/AppConstants.cs
Processing (23/73): src/MyBlog.Core/Interfaces/IAuthService.cs
Processing (24/73): src/MyBlog.Core/Interfaces/IImageRepository.cs
Processing (25/73): src/MyBlog.Core/Interfaces/IMarkdownService.cs
Processing (26/73): src/MyBlog.Core/Interfaces/IPasswordService.cs
Processing (27/73): src/MyBlog.Core/Interfaces/IPostRepository.cs
Processing (28/73): src/MyBlog.Core/Interfaces/ISlugService.cs
Processing (29/73): src/MyBlog.Core/Interfaces/ITelemetryLogRepository.cs
Processing (30/73): src/MyBlog.Core/Interfaces/IUserRepository.cs
Processing (31/73): src/MyBlog.Core/Models/Image.cs
Processing (32/73): src/MyBlog.Core/Models/Post.cs
Processing (33/73): src/MyBlog.Core/Models/PostDto.cs
Processing (34/73): src/MyBlog.Core/Models/TelemetryLog.cs
Processing (35/73): src/MyBlog.Core/Models/User.cs
Processing (36/73): src/MyBlog.Core/MyBlog.Core.csproj
Processing (37/73): src/MyBlog.Core/Services/MarkdownService.cs
Processing (38/73): src/MyBlog.Core/Services/SlugService.cs
Processing (39/73): src/MyBlog.Infrastructure/Data/BlogDbContext.cs
Processing (40/73): src/MyBlog.Infrastructure/Data/DatabasePathResolver.cs
Processing (41/73): src/MyBlog.Infrastructure/MyBlog.Infrastructure.csproj
Processing (42/73): src/MyBlog.Infrastructure/Repositories/ImageRepository.cs
Processing (43/73): src/MyBlog.Infrastructure/Repositories/PostRepository.cs
Processing (44/73): src/MyBlog.Infrastructure/Repositories/TelemetryLogRepository.cs
Processing (45/73): src/MyBlog.Infrastructure/Repositories/UserRepository.cs
Processing (46/73): src/MyBlog.Infrastructure/ServiceCollectionExtensions.cs
Processing (47/73): src/MyBlog.Infrastructure/Services/AuthService.cs
Processing (48/73): src/MyBlog.Infrastructure/Services/PasswordService.cs
Processing (49/73): src/MyBlog.Infrastructure/Services/TelemetryCleanupService.cs
Processing (50/73): src/MyBlog.Infrastructure/Telemetry/DatabaseLogExporter.cs
Processing (51/73): src/MyBlog.Infrastructure/Telemetry/FileLogExporter.cs
Processing (52/73): src/MyBlog.Infrastructure/Telemetry/TelemetryPathResolver.cs
Processing (53/73): src/MyBlog.slnx
Processing (54/73): src/MyBlog.Tests/Integration/AuthServiceLongPasswordTests.cs
Processing (55/73): src/MyBlog.Tests/Integration/AuthServiceTests.cs
Processing (56/73): src/MyBlog.Tests/Integration/PasswordChangeTests.cs
Processing (57/73): src/MyBlog.Tests/Integration/PostRepositoryTests.cs
Processing (58/73): src/MyBlog.Tests/Integration/TelemetryCleanupTests.cs
Processing (59/73): src/MyBlog.Tests/MyBlog.Tests.csproj
Processing (60/73): src/MyBlog.Tests/Unit/LoginRateLimitMiddlewareTests.cs
Processing (61/73): src/MyBlog.Tests/Unit/MarkdownServiceTests.cs
Processing (62/73): src/MyBlog.Tests/Unit/PasswordServiceTests.cs
Processing (63/73): src/MyBlog.Tests/Unit/SlugServiceTests.cs
Processing (64/73): src/MyBlog.Web/appsettings.Development.json
Processing (65/73): src/MyBlog.Web/appsettings.json
Processing (66/73): src/MyBlog.Web/Components/Pages/Admin/UserEditor.razor.css
Processing (67/73): src/MyBlog.Web/Middleware/LoginRateLimitMiddleware.cs
Processing (68/73): src/MyBlog.Web/MyBlog.Web.csproj
Processing (69/73): src/MyBlog.Web/Program.cs
Processing (70/73): src/MyBlog.Web/wwwroot/css/site.css
Processing (71/73): src/run.sh
Processing (72/73): src/test.sh
Processing (73/73): src/upgrade-myblog.sh

==============================================
  Export Complete!
==============================================

Output file:    docs/llm/dump.txt
Files exported: 73
Files skipped:  0
Output size:    450.84 KB

File types included:
  • Source code: .cs, .fs, .vb
  • UI/XAML: .axaml, .xaml, .paml
  • Projects: .csproj, .slnx, .sln, .props, .targets
  • Config: .json, .yaml, .yml, .xml, .config
  • Docs: .md, .txt
  • Scripts: .sh, .ps1, .cmd, .bat
  • Other: .sql, .resx, .css, .scss, Dockerfile, etc.


real	0m0.750s
user	0m0.429s
sys	0m0.488s

real	0m8.454s
user	0m13.778s
sys	0m1.095s
Restore complete (0.5s)

Build succeeded in 0.6s

real	0m0.789s
user	0m0.860s
sys	0m0.128s

Build succeeded in 0.5s

real	0m0.718s
user	0m0.742s
sys	0m0.138s
Restore complete (0.5s)
  MyBlog.Core net10.0 succeeded (0.3s) → MyBlog.Core/bin/Debug/net10.0/MyBlog.Core.dll
  MyBlog.Infrastructure net10.0 succeeded (0.1s) → MyBlog.Infrastructure/bin/Debug/net10.0/MyBlog.Infrastructure.dll
  MyBlog.Web net10.0 succeeded (0.6s) → MyBlog.Web/bin/Debug/net10.0/MyBlog.Web.dll
  MyBlog.Tests net10.0 succeeded (0.2s) → MyBlog.Tests/bin/Debug/net10.0/MyBlog.Tests.dll

Build succeeded in 1.9s

real	0m2.049s
user	0m1.418s
sys	0m0.310s
xUnit.net v3 In-Process Runner v3.2.1+a9cfb80929 (64-bit .NET 10.0.1)
  Discovering: MyBlog.Tests
  Discovered:  MyBlog.Tests
  Starting:    MyBlog.Tests
  Finished:    MyBlog.Tests (ID = '24cedafe73dab5684218bb3cf04cfd49ae8ce3b87ae799399cb2e301cbc1e755')
=== TEST EXECUTION SUMMARY ===
   MyBlog.Tests  Total: 70, Errors: 0, Failed: 0, Skipped: 0, Not Run: 0, Time: 41.040s

real	0m42.886s
user	0m45.838s
sys	0m0.636s
Restore complete (0.5s)

Build succeeded in 0.6s
Project 'MyBlog.Core' has the following package references
   [net10.0]: No packages were found for this framework.
Project 'MyBlog.Infrastructure' has the following package references
   [net10.0]: 
   Top-level Package                           Requested   Resolved
   > Microsoft.AspNetCore.Identity             2.3.1       2.3.1   
   > Microsoft.EntityFrameworkCore.Sqlite      10.0.1      10.0.1  
   > OpenTelemetry                             1.14.0      1.14.0  

Project 'MyBlog.Tests' has the following package references
   [net10.0]: 
   Top-level Package                             Requested   Resolved
   > Microsoft.EntityFrameworkCore.Sqlite        10.0.1      10.0.1  
   > Microsoft.Testing.Extensions.TrxReport      2.0.2       2.0.2   
   > xunit.v3                                    3.2.1       3.2.1   

Project 'MyBlog.Web' has the following package references
   [net10.0]: 
   Top-level Package                                  Requested    Resolved
   > Microsoft.AspNetCore.App.Internal.Assets   (A)   [10.0.1, )   10.0.1  
   > OpenTelemetry.Exporter.Console                   1.14.0       1.14.0  
   > OpenTelemetry.Extensions.Hosting                 1.14.0       1.14.0  
   > OpenTelemetry.Instrumentation.AspNetCore         1.14.0       1.14.0  
   > OpenTelemetry.Instrumentation.Http               1.14.0       1.14.0  

(A) : Auto-referenced package.

real	0m1.781s
user	0m1.766s
sys	0m0.366s
Restore complete (0.5s)

Build succeeded in 0.6s

The following sources were used:
   https://api.nuget.org/v3/index.json

The given project `MyBlog.Core` has no updates given the current sources.
The given project `MyBlog.Infrastructure` has no updates given the current sources.
The given project `MyBlog.Tests` has no updates given the current sources.
The given project `MyBlog.Web` has no updates given the current sources.

real	0m3.310s
user	0m2.688s
sys	0m0.420s
kushal@syn-2600-6c56-9840-001d-0000-0000-0000-1157:~/src/dotnet/MyBlog/src$ 
