kushal@fedora:~/src/dotnet/MyBlog$ cd ~/src/dotnet/MyBlog/ && export DOTNET_CLI_TELEMETRY_OPTOUT=1 && (cd src && time dotnet format; time dotnet restore; time dotnet clean; time dotnet build; time dotnet run --project MyBlog.Tests/MyBlog.Tests.csproj; time dotnet list package; time dotnet list package --outdated); cd ~/src/dotnet/MyBlog/ && time bash export.sh; cat run-e2e.sh; time bash run-e2e.sh --clean; time bash run-e2e.sh;

real	0m8.187s
user	0m13.917s
sys	0m1.065s
Restore complete (0.4s)

Build succeeded in 0.5s

real	0m0.678s
user	0m0.755s
sys	0m0.168s

Build succeeded in 0.5s

real	0m0.637s
user	0m0.686s
sys	0m0.179s
Restore complete (0.5s)
  MyBlog.Core net10.0 succeeded (2.8s) → MyBlog.Core/bin/Debug/net10.0/MyBlog.Core.dll
  MyBlog.Infrastructure net10.0 succeeded (0.4s) → MyBlog.Infrastructure/bin/Debug/net10.0/MyBlog.Infrastructure.dll
  MyBlog.Web net10.0 succeeded (2.3s) → MyBlog.Web/bin/Debug/net10.0/MyBlog.Web.dll
  MyBlog.Tests net10.0 succeeded (0.7s) → MyBlog.Tests/bin/Debug/net10.0/MyBlog.Tests.dll
  MyBlog.E2E net10.0 succeeded (0.7s) → MyBlog.E2E/bin/Debug/net10.0/MyBlog.E2E.dll

Build succeeded in 6.9s

real	0m7.023s
user	0m2.460s
sys	0m0.425s
xUnit.net v3 In-Process Runner v3.2.2+728c1dce01 (64-bit .NET 10.0.2)
  Discovering: MyBlog.Tests
  Discovered:  MyBlog.Tests
  Starting:    MyBlog.Tests
  Finished:    MyBlog.Tests (ID = '24cedafe73dab5684218bb3cf04cfd49ae8ce3b87ae799399cb2e301cbc1e755')
=== TEST EXECUTION SUMMARY ===
   MyBlog.Tests  Total: 77, Errors: 0, Failed: 0, Skipped: 0, Not Run: 0, Time: 39.791s

real	0m41.599s
user	0m43.987s
sys	0m0.587s
Restore complete (0.4s)

Build succeeded in 0.5s
Project 'MyBlog.Core' has the following package references
   [net10.0]: 
   Top-level Package                   Requested   Resolved
   > Microsoft.Extensions.Logging      10.0.2      10.0.2  

Project 'MyBlog.E2E' has the following package references
   [net10.0]: 
   Top-level Package             Requested   Resolved
   > Microsoft.NET.Test.Sdk      18.0.1      18.0.1  
   > Microsoft.Playwright        1.57.0      1.57.0  
   > xunit.v3                    3.2.2       3.2.2   

Project 'MyBlog.Infrastructure' has the following package references
   [net10.0]: 
   Top-level Package                           Requested   Resolved
   > Microsoft.AspNetCore.Identity             2.3.9       2.3.9   
   > Microsoft.EntityFrameworkCore.Sqlite      10.0.2      10.0.2  
   > Microsoft.Extensions.Http                 10.0.2      10.0.2  
   > OpenTelemetry                             1.15.0      1.15.0  

Project 'MyBlog.Tests' has the following package references
   [net10.0]: 
   Top-level Package                             Requested   Resolved
   > Microsoft.EntityFrameworkCore.Sqlite        10.0.2      10.0.2  
   > Microsoft.NET.Test.Sdk                      18.0.1      18.0.1  
   > Microsoft.Testing.Extensions.TrxReport      2.0.2       2.0.2   
   > xunit.v3                                    3.2.2       3.2.2   

Project 'MyBlog.Web' has the following package references
   [net10.0]: 
   Top-level Package                                  Requested    Resolved
   > Microsoft.AspNetCore.App.Internal.Assets   (A)   [10.0.2, )   10.0.2  
   > Microsoft.AspNetCore.SignalR.Client              10.0.2       10.0.2  
   > OpenTelemetry.Exporter.Console                   1.15.0       1.15.0  
   > OpenTelemetry.Extensions.Hosting                 1.15.0       1.15.0  
   > OpenTelemetry.Instrumentation.AspNetCore         1.15.0       1.15.0  
   > OpenTelemetry.Instrumentation.Http               1.15.0       1.15.0  

(A) : Auto-referenced package.

real	0m1.482s
user	0m1.509s
sys	0m0.342s
Restore complete (0.4s)

Build succeeded in 0.5s

The following sources were used:
   https://api.nuget.org/v3/index.json

The given project `MyBlog.Core` has no updates given the current sources.
The given project `MyBlog.E2E` has no updates given the current sources.
The given project `MyBlog.Infrastructure` has no updates given the current sources.
The given project `MyBlog.Tests` has no updates given the current sources.
The given project `MyBlog.Web` has no updates given the current sources.

real	0m3.031s
user	0m2.106s
sys	0m0.422s
==============================================
  Project Export for LLM Analysis
==============================================

Project Path: /home/kushal/src/dotnet/MyBlog
Output File:  docs/llm/dump.txt

Generating directory structure...
Collecting files...
Found 119 files to export

Processing (1/119): docker-compose.e2e.yml
Processing (2/119): docker-compose.yml
Processing (3/119): .editorconfig
Processing (4/119): export.sh
Processing (5/119): .github/workflows/build-deploy.yml
Processing (6/119): .gitignore
Processing (7/119): README.md
Processing (8/119): run-e2e.sh
Processing (9/119): src/Directory.Build.props
Processing (10/119): src/Directory.Packages.props
Processing (11/119): src/.github/workflows/build-deploy.yml
Processing (12/119): src/global.json
Processing (13/119): src/MyBlog.Core/Constants/AppConstants.cs
Processing (14/119): src/MyBlog.Core/Interfaces/IAuthService.cs
Processing (15/119): src/MyBlog.Core/Interfaces/IImageDimensionService.cs
Processing (16/119): src/MyBlog.Core/Interfaces/IImageRepository.cs
Processing (17/119): src/MyBlog.Core/Interfaces/IMarkdownService.cs
Processing (18/119): src/MyBlog.Core/Interfaces/IPasswordService.cs
Processing (19/119): src/MyBlog.Core/Interfaces/IPostRepository.cs
Processing (20/119): src/MyBlog.Core/Interfaces/IReaderTrackingService.cs
Processing (21/119): src/MyBlog.Core/Interfaces/ISlugService.cs
Processing (22/119): src/MyBlog.Core/Interfaces/ITelemetryLogRepository.cs
Processing (23/119): src/MyBlog.Core/Interfaces/IUserRepository.cs
Processing (24/119): src/MyBlog.Core/Models/Image.cs
Processing (25/119): src/MyBlog.Core/Models/ImageDimensionCache.cs
Processing (26/119): src/MyBlog.Core/Models/Post.cs
Processing (27/119): src/MyBlog.Core/Models/PostDto.cs
Processing (28/119): src/MyBlog.Core/Models/TelemetryLog.cs
Processing (29/119): src/MyBlog.Core/Models/User.cs
Processing (30/119): src/MyBlog.Core/MyBlog.Core.csproj
Processing (31/119): src/MyBlog.Core/Services/MarkdownService.cs
Processing (32/119): src/MyBlog.Core/Services/SlugService.cs
Processing (33/119): src/MyBlog.E2E/Dockerfile
Processing (34/119): src/MyBlog.E2E/MyBlog.E2E.csproj
Processing (35/119): src/MyBlog.E2E/PlaywrightCollection.cs
Processing (36/119): src/MyBlog.E2E/PlaywrightFixture.cs
Processing (37/119): src/MyBlog.E2E/Tests/AboutPageTests.cs
Processing (38/119): src/MyBlog.E2E/Tests/AdminPageTests.cs
Processing (39/119): src/MyBlog.E2E/Tests/AuthenticationTests.cs
Processing (40/119): src/MyBlog.E2E/Tests/HomePageTests.cs
Processing (41/119): src/MyBlog.E2E/Tests/LoginPageTests.cs
Processing (42/119): src/MyBlog.E2E/Tests/NavigationTests.cs
Processing (43/119): src/MyBlog.E2E/Tests/SeoTests.cs
Processing (44/119): src/MyBlog.E2E/Tests/ThemeSwitcherTests.cs
Processing (45/119): src/MyBlog.Infrastructure/Data/BlogDbContext.cs
Processing (46/119): src/MyBlog.Infrastructure/Data/DatabasePathResolver.cs
Processing (47/119): src/MyBlog.Infrastructure/Data/DatabaseSchemaUpdater.cs
Processing (48/119): src/MyBlog.Infrastructure/MyBlog.Infrastructure.csproj
Processing (49/119): src/MyBlog.Infrastructure/Repositories/ImageRepository.cs
Processing (50/119): src/MyBlog.Infrastructure/Repositories/PostRepository.cs
Processing (51/119): src/MyBlog.Infrastructure/Repositories/TelemetryLogRepository.cs
Processing (52/119): src/MyBlog.Infrastructure/Repositories/UserRepository.cs
Processing (53/119): src/MyBlog.Infrastructure/ServiceCollectionExtensions.cs
Processing (54/119): src/MyBlog.Infrastructure/Services/AuthService.cs
Processing (55/119): src/MyBlog.Infrastructure/Services/ImageCacheWarmerService.cs
Processing (56/119): src/MyBlog.Infrastructure/Services/ImageDimensionService.cs
Processing (57/119): src/MyBlog.Infrastructure/Services/PasswordService.cs
Processing (58/119): src/MyBlog.Infrastructure/Services/ReaderTrackingService.cs
Processing (59/119): src/MyBlog.Infrastructure/Services/TelemetryCleanupService.cs
Processing (60/119): src/MyBlog.Infrastructure/Telemetry/DatabaseLogExporter.cs
Processing (61/119): src/MyBlog.Infrastructure/Telemetry/FileLogExporter.cs
Processing (62/119): src/MyBlog.Infrastructure/Telemetry/TelemetryPathResolver.cs
Processing (63/119): src/MyBlog.slnx
Processing (64/119): src/MyBlog.Tests/Integration/AuthServiceLongPasswordTests.cs
Processing (65/119): src/MyBlog.Tests/Integration/AuthServiceTests.cs
Processing (66/119): src/MyBlog.Tests/Integration/PasswordChangeTests.cs
Processing (67/119): src/MyBlog.Tests/Integration/PostRepositoryTests.cs
Processing (68/119): src/MyBlog.Tests/Integration/TelemetryCleanupTests.cs
Processing (69/119): src/MyBlog.Tests/MyBlog.Tests.csproj
Processing (70/119): src/MyBlog.Tests/Unit/LoginRateLimitMiddlewareTests.cs
Processing (71/119): src/MyBlog.Tests/Unit/MarkdownServiceTests.cs
Processing (72/119): src/MyBlog.Tests/Unit/PasswordServiceTests.cs
Processing (73/119): src/MyBlog.Tests/Unit/SlugServiceTests.cs
Processing (74/119): src/MyBlog.Web/appsettings.Development.json
Processing (75/119): src/MyBlog.Web/appsettings.json
Processing (76/119): src/MyBlog.Web/Components/App.razor
Processing (77/119): src/MyBlog.Web/Components/_Imports.razor
Processing (78/119): src/MyBlog.Web/Components/Layout/MainLayout.razor
Processing (79/119): src/MyBlog.Web/Components/Pages/About.razor
Processing (80/119): src/MyBlog.Web/Components/Pages/About.razor.css
Processing (81/119): src/MyBlog.Web/Components/Pages/AccessDenied.razor
Processing (82/119): src/MyBlog.Web/Components/Pages/Admin/ChangePassword.razor
Processing (83/119): src/MyBlog.Web/Components/Pages/Admin/ChangePassword.razor.css
Processing (84/119): src/MyBlog.Web/Components/Pages/Admin/Dashboard.razor
Processing (85/119): src/MyBlog.Web/Components/Pages/Admin/Dashboard.razor.css
Processing (86/119): src/MyBlog.Web/Components/Pages/Admin/ImageManager.razor
Processing (87/119): src/MyBlog.Web/Components/Pages/Admin/ImageManager.razor.css
Processing (88/119): src/MyBlog.Web/Components/Pages/Admin/PostEditor.razor
Processing (89/119): src/MyBlog.Web/Components/Pages/Admin/PostEditor.razor.css
Processing (90/119): src/MyBlog.Web/Components/Pages/Admin/PostList.razor
Processing (91/119): src/MyBlog.Web/Components/Pages/Admin/UserEditor.razor
Processing (92/119): src/MyBlog.Web/Components/Pages/Admin/UserEditor.razor.css
Processing (93/119): src/MyBlog.Web/Components/Pages/Admin/UserList.razor
Processing (94/119): src/MyBlog.Web/Components/Pages/Admin/UserList.razor.css
Processing (95/119): src/MyBlog.Web/Components/Pages/Home.razor
Processing (96/119): src/MyBlog.Web/Components/Pages/Login.razor
Processing (97/119): src/MyBlog.Web/Components/Pages/Login.razor.css
Processing (98/119): src/MyBlog.Web/Components/Pages/PostDetail.razor
Processing (99/119): src/MyBlog.Web/Components/Pages/PostDetail.razor.css
Processing (100/119): src/MyBlog.Web/Components/Routes.razor
Processing (101/119): src/MyBlog.Web/Components/Shared/Footer.razor
Processing (102/119): src/MyBlog.Web/Components/Shared/Footer.razor.css
Processing (103/119): src/MyBlog.Web/Components/Shared/MarkdownRenderer.razor
Processing (104/119): src/MyBlog.Web/Components/Shared/Pagination.razor
Processing (105/119): src/MyBlog.Web/Components/Shared/PostCard.razor
Processing (106/119): src/MyBlog.Web/Components/Shared/PostCard.razor.css
Processing (107/119): src/MyBlog.Web/Components/Shared/ReaderBadge.razor
Processing (108/119): src/MyBlog.Web/Components/Shared/ReaderBadge.razor.css
Processing (109/119): src/MyBlog.Web/Components/Shared/RedirectToLogin.razor
Processing (110/119): src/MyBlog.Web/Components/Shared/ThemeSwitcher.razor
Processing (111/119): src/MyBlog.Web/Components/Shared/ThemeSwitcher.razor.css
Processing (112/119): src/MyBlog.Web/Dockerfile
Processing (113/119): src/MyBlog.Web/Hubs/ReaderHub.cs
Processing (114/119): src/MyBlog.Web/Middleware/LoginRateLimitMiddleware.cs
Processing (115/119): src/MyBlog.Web/MyBlog.Web.csproj
Processing (116/119): src/MyBlog.Web/Program.cs
Processing (117/119): src/MyBlog.Web/Properties/launchSettings.json
Processing (118/119): src/MyBlog.Web/wwwroot/css/site.css
Processing (119/119): src/MyBlog.Web/wwwroot/js/site.js

==============================================
  Export Complete!
==============================================

Output file:    docs/llm/dump.txt
Files exported: 119
Files skipped:  0
Output size:    458.64 KB

File types included:
  • Source code: .cs, .fs, .vb
  • Blazor/Razor: .razor
  • UI/XAML: .axaml, .xaml, .paml
  • Projects: .csproj, .slnx, .sln, .props, .targets
  • Config: .json, .yaml, .yml, .xml, .config
  • Docs: .md, .txt
  • Scripts: .sh, .ps1, .cmd, .bat
  • Web: .css, .scss, .js, .ts
  • Other: .sql, .resx, Dockerfile, etc.


real	0m1.204s
user	0m0.710s
sys	0m0.722s
#!/bin/bash
# =============================================================================
# Run E2E Tests with Podman Compose
# =============================================================================
# This script runs Playwright E2E tests against MyBlog using containers.
# Designed for Fedora with SELinux and Podman.
#
# Usage:
#   ./run-e2e.sh          # Run all E2E tests
#   ./run-e2e.sh --build  # Force rebuild containers
#   ./run-e2e.sh --clean  # Clean up and remove volumes
# =============================================================================

set -e

SCRIPT_DIR="$(cd "$(dirname "${BASH_SOURCE[0]}")" && pwd)"
cd "$SCRIPT_DIR"

# Colors for output
RED='\033[0;31m'
GREEN='\033[0;32m'
YELLOW='\033[1;33m'
NC='\033[0m' # No Color

log_info() {
    echo -e "${GREEN}[INFO]${NC} $1"
}

log_warn() {
    echo -e "${YELLOW}[WARN]${NC} $1"
}

log_error() {
    echo -e "${RED}[ERROR]${NC} $1"
}

# Parse arguments
BUILD_FLAG=""
CLEAN_FLAG=""

for arg in "$@"; do
    case $arg in
        --build)
            BUILD_FLAG="--build"
            ;;
        --clean)
            CLEAN_FLAG="true"
            ;;
    esac
done

# Clean up if requested
if [ "$CLEAN_FLAG" == "true" ]; then
    log_info "Cleaning up containers and volumes..."
    podman-compose -f docker-compose.e2e.yml down -v --remove-orphans 2>/dev/null || true
    podman system prune -f 2>/dev/null || true
    log_info "Cleanup complete"
    exit 0
fi

# Create test results directory
mkdir -p test-results
# Set SELinux context if on Fedora with SELinux
if command -v chcon &> /dev/null && getenforce 2>/dev/null | grep -q "Enforcing"; then
    log_info "Setting SELinux context for test-results directory..."
    chcon -Rt svirt_sandbox_file_t test-results 2>/dev/null || true
fi

log_info "Starting E2E test environment..."

# Build and start services
log_info "Building containers..."
podman-compose -f docker-compose.e2e.yml build $BUILD_FLAG

log_info "Starting MyBlog web service..."
podman-compose -f docker-compose.e2e.yml up -d myblog-web

# Wait for web service to be healthy
log_info "Waiting for MyBlog to be ready..."
RETRIES=30
until podman exec myblog-web curl -sf http://localhost:5000/ > /dev/null 2>&1; do
    RETRIES=$((RETRIES - 1))
    if [ $RETRIES -eq 0 ]; then
        log_error "MyBlog failed to start within timeout"
        podman-compose -f docker-compose.e2e.yml logs myblog-web
        podman-compose -f docker-compose.e2e.yml down -v
        exit 1
    fi
    echo -n "."
    sleep 2
done
echo ""
log_info "MyBlog is ready!"

# Run E2E tests
log_info "Running E2E tests..."
podman-compose -f docker-compose.e2e.yml up myblog-e2e
E2E_EXIT_CODE=$?

# Capture logs
log_info "Capturing logs..."
podman-compose -f docker-compose.e2e.yml logs myblog-web > test-results/myblog-web.log 2>&1
podman-compose -f docker-compose.e2e.yml logs myblog-e2e > test-results/myblog-e2e.log 2>&1

# Clean up
log_info "Cleaning up..."
podman-compose -f docker-compose.e2e.yml down -v

if [ $E2E_EXIT_CODE -eq 0 ]; then
    log_info "E2E tests passed! ✓"
else
    log_error "E2E tests failed with exit code $E2E_EXIT_CODE"
    log_info "Check test-results/ directory for logs"
fi

exit $E2E_EXIT_CODE
[INFO] Cleaning up containers and volumes...
Deleted Images
b12d32918145ae75006f2b590a34284d611f29fbd025696077f8d1bdc78882b5
c5fe327cb8cb2404860e2336ec537b820228b94cd8ea1318bb14d780fc0eb857
0fbedd11b26991e6736468cd8fa50de750d3150acc971082a2480dd16d73befe
fa45cf9f0ac034f0b3e5bccc61ac8d4374c368bf60d121e7d384832bbe537dca
65b1de58bf6f1ea0df4d92fe95c9c7f35d25bfc80880abbe7ce274642927e684
4b88a7d6bfccc839fbcd997546bf6c29ae4a19731f0aa2e82c36fe87f0aef38c
d3cfa06bc4816afe07f51ec23bdb3950484efd06c9b022773ed287a31603c10a
9402534c69a2f2781f77d82f224cbfa4b1da62590cf3e0ac04290eb1bcfc3cb9
8971ec2d74b2eb523554c5353c6dd85028392863b83c571bc3032c1868ef660d
c7fdb79e6e4eea18e5556fc6c96b14a71d020cf8e56b6dcb060b31138dbc4d10
3bd25eda6509f61ca26068bc67f45d1564f7f6ec5f56fe3948d1d37926c32926
04a5722106e64c2a84c70e23a62eee1ad4ea47df10c33422a7ceb4701d0fce6d
564a4f4055a3e29cb9e0041ee028c869111b54df1cf0fe8847a015d8e542e1c7
1d0fc59e62133f2271a685e5fb6eff504b13f85691cd36fdae16d086d9fe9c74
7d2163df36a81a45a2402712b8ff03f0e26c18a7b7c53faad2c52a3c0290bb0c
4bb15ad53e3719eca8cb3915bc57ddc2a66c536de6f709f2a9c19e18026adf70
fd6f3d087e69b65c2b4235a67356cc1104f0e3927c689c56229d41de1e543659
d5b6eec42a02b0f79a56c2b7d9811abff8194f40afa6daf839086d77d93cb84b
92581ea8fce97b0122ff100a6d90af317c11d7301303c9adab1605e01ed6e36e
f50c64fc940f3c6a6f50c8d0f180aa5e8d3bfd49215643ec7cc7944d34077bc3
7550f12ddbf6eba19b668164f3302985a78273b46be706fd01f08b9a5f7e0359
43ab17c959bb78e948c046528fefa6587b946db1bfadfe90523dabb6be55189c
09868816d91d0e97e274d75383ad2ca11126518cfc0d6bd7a3c3e24642d3861e
7f7d9d695adddd30ce3a826c9b3754afc9bb30d4b9d6b47a18472c6fe9b34373
Total reclaimed space: 42.06GB
[INFO] Cleanup complete

real	0m0.960s
user	0m0.462s
sys	0m0.517s
[INFO] Setting SELinux context for test-results directory...
[INFO] Starting E2E test environment...
[INFO] Building containers...
[1/2] STEP 1/12: FROM mcr.microsoft.com/dotnet/sdk:10.0 AS build
STEP 1/18: FROM mcr.microsoft.com/dotnet/sdk:10.0 AS build
STEP 2/18: WORKDIR /src
--> Using cache c0f951cdf7818c25a801d76241c43a519f74913b58ca3c8d68071526ad1473dc
--> c0f951cdf781
STEP 3/18: RUN apt-get update && apt-get install -y nodejs npm && rm -rf /var/lib/apt/lists/*
--> Using cache 7bd3245d151178c6b376f4a7a4b67fe7ecce8ed2c53cb934a8f07a078aa635e8
--> 7bd3245d1511
STEP 4/18: RUN apt-get update && apt-get install -y wget &&     wget -q https://packages.microsoft.com/config/debian/12/packages-microsoft-prod.deb &&     dpkg -i packages-microsoft-prod.deb &&     rm packages-microsoft-prod.deb &&     apt-get update && apt-get install -y powershell &&     rm -rf /var/lib/apt/lists/*
--> Using cache 948346108d6ac93fe878f7bab089dc72f5498ab7a4fa30e51d4df43308391228
--> 948346108d6a
STEP 5/18: COPY Directory.Build.props .
--> Using cache c4a9dc18c3762fdd409b0baae14ef2f48b5f524cbb656d3b110ca4970ddb4ceb
--> c4a9dc18c376
STEP 6/18: COPY Directory.Packages.props .
--> Using cache 6dea2813ee479703c367db1d0ab238785857ce0c0dfd02d46c8e47699f40706a
--> 6dea2813ee47
STEP 7/18: COPY MyBlog.Core/MyBlog.Core.csproj MyBlog.Core/
[1/2] STEP 2/12: WORKDIR /src
--> Using cache c0f951cdf7818c25a801d76241c43a519f74913b58ca3c8d68071526ad1473dc
--> c0f951cdf781
[1/2] STEP 3/12: COPY Directory.Build.props .
--> Using cache 26b7167e9d33e3adf018ba3f02fa415c50df7db2ea9ef3d3b696a6c25fddeb07
--> 26b7167e9d33
STEP 8/18: COPY MyBlog.Infrastructure/MyBlog.Infrastructure.csproj MyBlog.Infrastructure/
--> 4f1671c39bdd
[1/2] STEP 4/12: COPY Directory.Packages.props .
--> Using cache 39fa24c9fb5e73db4ea74e2ea5eba8ab223f1e7b58d032dd3027222d0e3f10c3
--> 39fa24c9fb5e
STEP 9/18: COPY MyBlog.Web/MyBlog.Web.csproj MyBlog.Web/
--> Using cache 0676640a9fb43a68fca885c900e335d76f35378125a1643e488abf4952dc6fbc
--> 0676640a9fb4
STEP 10/18: COPY MyBlog.E2E/MyBlog.E2E.csproj MyBlog.E2E/
--> a1defc285d3d
[1/2] STEP 5/12: COPY MyBlog.Core/MyBlog.Core.csproj MyBlog.Core/
--> Using cache aaa696cb65b279c939a4b49ed9026de4481280814a6e466076cf0a72f284e18b
--> aaa696cb65b2
STEP 11/18: RUN dotnet restore MyBlog.Core/MyBlog.Core.csproj &&     dotnet restore MyBlog.Infrastructure/MyBlog.Infrastructure.csproj &&     dotnet restore MyBlog.Web/MyBlog.Web.csproj &&     dotnet restore MyBlog.E2E/MyBlog.E2E.csproj
--> Using cache df6530599f3bc2d10e357ab437426be3e28ab5006d07886f20e131fbb2eb339d
--> df6530599f3b
STEP 12/18: COPY . .
--> e357ea423274
[1/2] STEP 6/12: COPY MyBlog.Infrastructure/MyBlog.Infrastructure.csproj MyBlog.Infrastructure/
--> 1c9e1b1ba732
[1/2] STEP 7/12: COPY MyBlog.Web/MyBlog.Web.csproj MyBlog.Web/
--> 9df946ddd336
[1/2] STEP 8/12: RUN dotnet restore MyBlog.Web/MyBlog.Web.csproj
  Determining projects to restore...
--> 19bcf96bf08a
STEP 13/18: RUN dotnet build MyBlog.E2E/MyBlog.E2E.csproj -c Release
  Restored /src/MyBlog.Core/MyBlog.Core.csproj (in 1.53 sec).
  Determining projects to restore...
  Restored /src/MyBlog.Web/MyBlog.Web.csproj (in 2 sec).
  Restored /src/MyBlog.Core/MyBlog.Core.csproj (in 363 ms).
  Restored /src/MyBlog.Infrastructure/MyBlog.Infrastructure.csproj (in 363 ms).
  Restored /src/MyBlog.E2E/MyBlog.E2E.csproj (in 368 ms).
  Restored /src/MyBlog.Infrastructure/MyBlog.Infrastructure.csproj (in 2.61 sec).
  Restored /src/MyBlog.Web/MyBlog.Web.csproj (in 518 ms).
--> 13137ee18e21
[1/2] STEP 9/12: COPY MyBlog.Core/ MyBlog.Core/
--> 5b10e439fc30
[1/2] STEP 10/12: COPY MyBlog.Infrastructure/ MyBlog.Infrastructure/
--> 4da6cbc5e2ea
[1/2] STEP 11/12: COPY MyBlog.Web/ MyBlog.Web/
--> ad172c496462
[1/2] STEP 12/12: RUN dotnet publish MyBlog.Web/MyBlog.Web.csproj -c Release -o /app/publish
  Determining projects to restore...
  MyBlog.Core -> /src/MyBlog.Core/bin/Release/net10.0/MyBlog.Core.dll
  Restored /src/MyBlog.Core/MyBlog.Core.csproj (in 170 ms).
  Restored /src/MyBlog.Infrastructure/MyBlog.Infrastructure.csproj (in 170 ms).
  MyBlog.Infrastructure -> /src/MyBlog.Infrastructure/bin/Release/net10.0/MyBlog.Infrastructure.dll
  Restored /src/MyBlog.Web/MyBlog.Web.csproj (in 524 ms).
  MyBlog.Web -> /src/MyBlog.Web/bin/Release/net10.0/MyBlog.Web.dll
  MyBlog.E2E -> /src/MyBlog.E2E/bin/Release/net10.0/MyBlog.E2E.dll

Build succeeded.
    0 Warning(s)
    0 Error(s)

Time Elapsed 00:00:07.42
  MyBlog.Core -> /src/MyBlog.Core/bin/Release/net10.0/MyBlog.Core.dll
  MyBlog.Infrastructure -> /src/MyBlog.Infrastructure/bin/Release/net10.0/MyBlog.Infrastructure.dll
--> 59cf35219c5d
STEP 14/18: RUN pwsh ./MyBlog.E2E/bin/Release/net10.0/playwright.ps1 install chromium --with-deps
Installing dependencies...
Get:1 https://packages.microsoft.com/debian/12/prod bookworm InRelease [3618 B]
Get:2 https://packages.microsoft.com/debian/12/prod bookworm/main arm64 Packages [57.4 kB]
Get:3 http://security.ubuntu.com/ubuntu noble-security InRelease [126 kB]
Get:4 https://packages.microsoft.com/debian/12/prod bookworm/main all Packages [573 B]
Get:5 http://archive.ubuntu.com/ubuntu noble InRelease [256 kB]
Get:6 https://packages.microsoft.com/debian/12/prod bookworm/main armhf Packages [19.0 kB]
Get:7 https://packages.microsoft.com/debian/12/prod bookworm/main amd64 Packages [150 kB]
Get:8 http://security.ubuntu.com/ubuntu noble-security/main amd64 Packages [1776 kB]
  MyBlog.Web -> /src/MyBlog.Web/bin/Release/net10.0/MyBlog.Web.dll
Get:9 http://archive.ubuntu.com/ubuntu noble-updates InRelease [126 kB]
  MyBlog.Web -> /app/publish/
Get:10 http://archive.ubuntu.com/ubuntu noble-backports InRelease [126 kB]
Get:11 http://security.ubuntu.com/ubuntu noble-security/restricted amd64 Packages [3008 kB]
Get:12 http://archive.ubuntu.com/ubuntu noble/multiverse amd64 Packages [331 kB]
Get:13 http://archive.ubuntu.com/ubuntu noble/restricted amd64 Packages [117 kB]
Get:14 http://security.ubuntu.com/ubuntu noble-security/universe amd64 Packages [1194 kB]
Get:15 http://archive.ubuntu.com/ubuntu noble/universe amd64 Packages [19.3 MB]
Get:16 http://security.ubuntu.com/ubuntu noble-security/multiverse amd64 Packages [34.8 kB]
--> a6035901a995
[2/2] STEP 1/12: FROM mcr.microsoft.com/dotnet/aspnet:10.0 AS runtime
[2/2] STEP 2/12: WORKDIR /app
--> Using cache 7ab200e45b1fba59b74177866b30af0761e035beacbc6a5d1607edc1b649f36a
--> 7ab200e45b1f
[2/2] STEP 3/12: RUN apt-get update && apt-get install -y --no-install-recommends curl && rm -rf /var/lib/apt/lists/*
--> Using cache 1e21b972573d10c4ea9d7b8076e58aed09bb9967e8ee6d5a8c3c77e2cddd1001
--> 1e21b972573d
[2/2] STEP 4/12: RUN useradd -m -s /bin/bash appuser
--> Using cache 7b0ba419cc37495396a1969cd185514b97ee464988ce4bddc954893f0ac664d5
--> 7b0ba419cc37
[2/2] STEP 5/12: RUN mkdir -p /app/data && chown appuser:appuser /app/data
--> Using cache 1a52159880ea26e77195a71342eb88df7e9cb2112f4b48a28ce51dfc69734231
--> 1a52159880ea
[2/2] STEP 6/12: COPY --from=build /app/publish .
--> Using cache 2ea36036da2545cbe9fa8a03635f872527e68f47cb7277bd00905f858dadeb50
--> 2ea36036da25
[2/2] STEP 7/12: ENV ASPNETCORE_URLS=http://+:5000
--> Using cache c861d5ca83ecd62c09ec5a327b201b242d1f8f0d29a46eecae30f1ac4bcf0725
--> c861d5ca83ec
[2/2] STEP 8/12: ENV ASPNETCORE_ENVIRONMENT=Production
--> Using cache 215d5814cea14e1d9e3d16fb5cfdf20558356d877c3049415e07d938b466d486
--> 215d5814cea1
[2/2] STEP 9/12: ENV ConnectionStrings__DefaultConnection="Data Source=/app/data/myblog.db"
--> Using cache 2bbb96c21619bafea7307041372bea076a2f976d825c2c960a1d815263af26d5
--> 2bbb96c21619
[2/2] STEP 10/12: USER appuser
--> Using cache 9a13cf0570f08456555251f29dd558ef753f12ee0d4c75a128cb90ba46f1c716
--> 9a13cf0570f0
[2/2] STEP 11/12: EXPOSE 5000
--> Using cache 6b27c97e215d683c5a002afd1ea988f7f597123f27129b89496a2df6854fc790
--> 6b27c97e215d
[2/2] STEP 12/12: ENTRYPOINT ["dotnet", "MyBlog.Web.dll"]
Get:17 http://archive.ubuntu.com/ubuntu noble/main amd64 Packages [1808 kB]
Get:18 http://archive.ubuntu.com/ubuntu noble-updates/main amd64 Packages [2150 kB]
--> Using cache 6e7871e4a5b1cefa53c30b66ff7089199170538b8cc81d0acae475f760536726
[2/2] COMMIT myblog_myblog-web
Get:19 http://archive.ubuntu.com/ubuntu noble-updates/multiverse amd64 Packages [37.6 kB]
Get:20 http://archive.ubuntu.com/ubuntu noble-updates/restricted amd64 Packages [3182 kB]
--> 6e7871e4a5b1
Successfully tagged localhost/myblog_myblog-web:latest
Get:21 http://archive.ubuntu.com/ubuntu noble-updates/universe amd64 Packages [1967 kB]
6e7871e4a5b1cefa53c30b66ff7089199170538b8cc81d0acae475f760536726
Get:22 http://archive.ubuntu.com/ubuntu noble-backports/universe amd64 Packages [34.6 kB]
Get:23 http://archive.ubuntu.com/ubuntu noble-backports/main amd64 Packages [49.5 kB]
Fetched 35.9 MB in 3s (13.0 MB/s)
Reading package lists...
Reading package lists...
Building dependency tree...
Reading state information...
libdbus-1-3 is already the newest version (1.14.10-4ubuntu4.1).
libdbus-1-3 set to manually installed.
libdrm2 is already the newest version (2.4.122-1~ubuntu0.24.04.2).
libdrm2 set to manually installed.
libgbm1 is already the newest version (25.0.7-0ubuntu0.24.04.2).
libgbm1 set to manually installed.
libglib2.0-0t64 is already the newest version (2.80.0-6ubuntu3.7).
libglib2.0-0t64 set to manually installed.
libx11-6 is already the newest version (2:1.8.7-1build1).
libx11-6 set to manually installed.
libxcb1 is already the newest version (1.15-1ubuntu2).
libxcb1 set to manually installed.
libxcomposite1 is already the newest version (1:0.4.5-1build3).
libxcomposite1 set to manually installed.
libxext6 is already the newest version (2:1.3.4-1build2).
libxext6 set to manually installed.
libxfixes3 is already the newest version (1:6.0.0-2build1).
libxfixes3 set to manually installed.
libxrandr2 is already the newest version (2:1.5.2-2build1).
libxrandr2 set to manually installed.
libfontconfig1 is already the newest version (2.15.0-1.1ubuntu2).
libfontconfig1 set to manually installed.
libfreetype6 is already the newest version (2.13.2+dfsg-1build3).
libfreetype6 set to manually installed.
The following additional packages will be installed:
  at-spi2-common fontconfig libasound2-data libavahi-client3
  libavahi-common-data libavahi-common3 libdatrie1 libfontenc1 libfribidi0
  libgraphite2-3 libharfbuzz0b libpixman-1-0 libthai-data libthai0 libunwind8
  libxcb-render0 libxfont2 x11-xkb-utils xauth xfonts-encodings xfonts-utils
  xkb-data xserver-common
Suggested packages:
  alsa-utils libasound2-plugins cups-common
Recommended packages:
  fonts-ipafont-mincho fonts-liberation-sans-narrow fonts-tlwg-loma
  alsa-ucm-conf alsa-topology-conf at-spi2-core xfonts-base
The following NEW packages will be installed:
  at-spi2-common fontconfig fonts-freefont-ttf fonts-ipafont-gothic
  fonts-liberation fonts-noto-color-emoji fonts-tlwg-loma-otf fonts-unifont
  fonts-wqy-zenhei libasound2-data libasound2t64 libatk-bridge2.0-0t64
  libatk1.0-0t64 libatspi2.0-0t64 libavahi-client3 libavahi-common-data
  libavahi-common3 libcairo2 libcups2t64 libdatrie1 libfontenc1 libfribidi0
  libgraphite2-3 libharfbuzz0b libnspr4 libnss3 libpango-1.0-0 libpixman-1-0
  libthai-data libthai0 libunwind8 libxcb-render0 libxdamage1 libxfont2
  libxkbcommon0 x11-xkb-utils xauth xfonts-cyrillic xfonts-encodings
  xfonts-scalable xfonts-utils xkb-data xserver-common xvfb
0 upgraded, 44 newly installed, 0 to remove and 0 not upgraded.
Need to get 38.8 MB of archives.
After this operation, 116 MB of additional disk space will be used.
Get:1 http://archive.ubuntu.com/ubuntu noble/universe amd64 fonts-ipafont-gothic all 00303-21ubuntu1 [3513 kB]
Get:2 http://archive.ubuntu.com/ubuntu noble/main amd64 libfribidi0 amd64 1.0.13-3build1 [26.1 kB]
Get:3 http://archive.ubuntu.com/ubuntu noble-updates/main amd64 xkb-data all 2.41-2ubuntu1.1 [397 kB]
Get:4 http://archive.ubuntu.com/ubuntu noble/main amd64 libxkbcommon0 amd64 1.6.0-1build1 [122 kB]
Get:5 http://archive.ubuntu.com/ubuntu noble/main amd64 xauth amd64 1:1.1.2-1build1 [25.6 kB]
Get:6 http://archive.ubuntu.com/ubuntu noble/main amd64 at-spi2-common all 2.52.0-1build1 [8674 B]
Get:7 http://archive.ubuntu.com/ubuntu noble/main amd64 fontconfig amd64 2.15.0-1.1ubuntu2 [180 kB]
Get:8 http://archive.ubuntu.com/ubuntu noble/main amd64 fonts-freefont-ttf all 20211204+svn4273-2 [5641 kB]
Get:9 http://archive.ubuntu.com/ubuntu noble/main amd64 fonts-liberation all 1:2.1.5-3 [1603 kB]
Get:10 http://archive.ubuntu.com/ubuntu noble-updates/main amd64 fonts-noto-color-emoji all 2.047-0ubuntu0.24.04.1 [9764 kB]
Get:11 http://archive.ubuntu.com/ubuntu noble/universe amd64 fonts-tlwg-loma-otf all 1:0.7.3-1 [107 kB]
Get:12 http://archive.ubuntu.com/ubuntu noble/universe amd64 fonts-unifont all 1:15.1.01-1build1 [2993 kB]
Get:13 http://archive.ubuntu.com/ubuntu noble/universe amd64 fonts-wqy-zenhei all 0.9.45-8 [7472 kB]
Get:14 http://archive.ubuntu.com/ubuntu noble-updates/main amd64 libasound2-data all 1.2.11-1ubuntu0.1 [21.1 kB]
Get:15 http://archive.ubuntu.com/ubuntu noble-updates/main amd64 libasound2t64 amd64 1.2.11-1ubuntu0.1 [399 kB]
Get:16 http://archive.ubuntu.com/ubuntu noble/main amd64 libatk1.0-0t64 amd64 2.52.0-1build1 [55.3 kB]
Get:17 http://archive.ubuntu.com/ubuntu noble/main amd64 libatspi2.0-0t64 amd64 2.52.0-1build1 [80.5 kB]
Get:18 http://archive.ubuntu.com/ubuntu noble/main amd64 libatk-bridge2.0-0t64 amd64 2.52.0-1build1 [66.0 kB]
Get:19 http://archive.ubuntu.com/ubuntu noble-updates/main amd64 libavahi-common-data amd64 0.8-13ubuntu6.1 [29.9 kB]
Get:20 http://archive.ubuntu.com/ubuntu noble-updates/main amd64 libavahi-common3 amd64 0.8-13ubuntu6.1 [23.4 kB]
Get:21 http://archive.ubuntu.com/ubuntu noble-updates/main amd64 libavahi-client3 amd64 0.8-13ubuntu6.1 [26.8 kB]
Get:22 http://archive.ubuntu.com/ubuntu noble/main amd64 libpixman-1-0 amd64 0.42.2-1build1 [279 kB]
Get:23 http://archive.ubuntu.com/ubuntu noble/main amd64 libxcb-render0 amd64 1.15-1ubuntu2 [16.2 kB]
Get:24 http://archive.ubuntu.com/ubuntu noble/main amd64 libcairo2 amd64 1.18.0-3build1 [566 kB]
Get:25 http://archive.ubuntu.com/ubuntu noble-updates/main amd64 libcups2t64 amd64 2.4.7-1.2ubuntu7.9 [273 kB]
Get:26 http://archive.ubuntu.com/ubuntu noble/main amd64 libdatrie1 amd64 0.2.13-3build1 [19.0 kB]
Get:27 http://archive.ubuntu.com/ubuntu noble/main amd64 libfontenc1 amd64 1:1.1.8-1build1 [14.0 kB]
Get:28 http://archive.ubuntu.com/ubuntu noble/main amd64 libgraphite2-3 amd64 1.3.14-2build1 [73.0 kB]
Get:29 http://archive.ubuntu.com/ubuntu noble/main amd64 libharfbuzz0b amd64 8.3.0-2build2 [469 kB]
Get:30 http://archive.ubuntu.com/ubuntu noble/main amd64 libnspr4 amd64 2:4.35-1.1build1 [117 kB]
Get:31 http://archive.ubuntu.com/ubuntu noble/main amd64 libnss3 amd64 2:3.98-1build1 [1445 kB]
Get:32 http://archive.ubuntu.com/ubuntu noble/main amd64 libthai-data all 0.1.29-2build1 [158 kB]
Get:33 http://archive.ubuntu.com/ubuntu noble/main amd64 libthai0 amd64 0.1.29-2build1 [18.9 kB]
Get:34 http://archive.ubuntu.com/ubuntu noble/main amd64 libpango-1.0-0 amd64 1.52.1+ds-1build1 [231 kB]
Get:35 http://archive.ubuntu.com/ubuntu noble-updates/main amd64 libunwind8 amd64 1.6.2-3build1.1 [55.3 kB]
Get:36 http://archive.ubuntu.com/ubuntu noble/main amd64 libxdamage1 amd64 1:1.1.6-1build1 [6150 B]
Get:37 http://archive.ubuntu.com/ubuntu noble/main amd64 libxfont2 amd64 1:2.0.6-1build1 [93.0 kB]
Get:38 http://archive.ubuntu.com/ubuntu noble/main amd64 x11-xkb-utils amd64 7.7+8build2 [170 kB]
Get:39 http://archive.ubuntu.com/ubuntu noble/main amd64 xfonts-encodings all 1:1.0.5-0ubuntu2 [578 kB]
Get:40 http://archive.ubuntu.com/ubuntu noble/main amd64 xfonts-utils amd64 1:7.7+6build3 [94.4 kB]
Get:41 http://archive.ubuntu.com/ubuntu noble/universe amd64 xfonts-cyrillic all 1:1.0.5+nmu1 [384 kB]
Get:42 http://archive.ubuntu.com/ubuntu noble/main amd64 xfonts-scalable all 1:1.0.3-1.3 [304 kB]
Get:43 http://archive.ubuntu.com/ubuntu noble-updates/main amd64 xserver-common all 2:21.1.12-1ubuntu1.5 [34.6 kB]
Get:44 http://archive.ubuntu.com/ubuntu noble-updates/universe amd64 xvfb amd64 2:21.1.12-1ubuntu1.5 [877 kB]
debconf: delaying package configuration, since apt-utils is not installed
Fetched 38.8 MB in 3s (12.7 MB/s)
Selecting previously unselected package fonts-ipafont-gothic.
(Reading database ... 50881 files and directories currently installed.)
Preparing to unpack .../00-fonts-ipafont-gothic_00303-21ubuntu1_all.deb ...
Unpacking fonts-ipafont-gothic (00303-21ubuntu1) ...
Selecting previously unselected package libfribidi0:amd64.
Preparing to unpack .../01-libfribidi0_1.0.13-3build1_amd64.deb ...
Unpacking libfribidi0:amd64 (1.0.13-3build1) ...
Selecting previously unselected package xkb-data.
Preparing to unpack .../02-xkb-data_2.41-2ubuntu1.1_all.deb ...
Unpacking xkb-data (2.41-2ubuntu1.1) ...
Selecting previously unselected package libxkbcommon0:amd64.
Preparing to unpack .../03-libxkbcommon0_1.6.0-1build1_amd64.deb ...
Unpacking libxkbcommon0:amd64 (1.6.0-1build1) ...
Selecting previously unselected package xauth.
Preparing to unpack .../04-xauth_1%3a1.1.2-1build1_amd64.deb ...
Unpacking xauth (1:1.1.2-1build1) ...
Selecting previously unselected package at-spi2-common.
Preparing to unpack .../05-at-spi2-common_2.52.0-1build1_all.deb ...
Unpacking at-spi2-common (2.52.0-1build1) ...
Selecting previously unselected package fontconfig.
Preparing to unpack .../06-fontconfig_2.15.0-1.1ubuntu2_amd64.deb ...
Unpacking fontconfig (2.15.0-1.1ubuntu2) ...
Selecting previously unselected package fonts-freefont-ttf.
Preparing to unpack .../07-fonts-freefont-ttf_20211204+svn4273-2_all.deb ...
Unpacking fonts-freefont-ttf (20211204+svn4273-2) ...
Selecting previously unselected package fonts-liberation.
Preparing to unpack .../08-fonts-liberation_1%3a2.1.5-3_all.deb ...
Unpacking fonts-liberation (1:2.1.5-3) ...
Selecting previously unselected package fonts-noto-color-emoji.
Preparing to unpack .../09-fonts-noto-color-emoji_2.047-0ubuntu0.24.04.1_all.deb ...
Unpacking fonts-noto-color-emoji (2.047-0ubuntu0.24.04.1) ...
Selecting previously unselected package fonts-tlwg-loma-otf.
Preparing to unpack .../10-fonts-tlwg-loma-otf_1%3a0.7.3-1_all.deb ...
Unpacking fonts-tlwg-loma-otf (1:0.7.3-1) ...
Selecting previously unselected package fonts-unifont.
Preparing to unpack .../11-fonts-unifont_1%3a15.1.01-1build1_all.deb ...
Unpacking fonts-unifont (1:15.1.01-1build1) ...
Selecting previously unselected package fonts-wqy-zenhei.
Preparing to unpack .../12-fonts-wqy-zenhei_0.9.45-8_all.deb ...
Unpacking fonts-wqy-zenhei (0.9.45-8) ...
Selecting previously unselected package libasound2-data.
Preparing to unpack .../13-libasound2-data_1.2.11-1ubuntu0.1_all.deb ...
Unpacking libasound2-data (1.2.11-1ubuntu0.1) ...
Selecting previously unselected package libasound2t64:amd64.
Preparing to unpack .../14-libasound2t64_1.2.11-1ubuntu0.1_amd64.deb ...
Unpacking libasound2t64:amd64 (1.2.11-1ubuntu0.1) ...
Selecting previously unselected package libatk1.0-0t64:amd64.
Preparing to unpack .../15-libatk1.0-0t64_2.52.0-1build1_amd64.deb ...
Unpacking libatk1.0-0t64:amd64 (2.52.0-1build1) ...
Selecting previously unselected package libatspi2.0-0t64:amd64.
Preparing to unpack .../16-libatspi2.0-0t64_2.52.0-1build1_amd64.deb ...
Unpacking libatspi2.0-0t64:amd64 (2.52.0-1build1) ...
Selecting previously unselected package libatk-bridge2.0-0t64:amd64.
Preparing to unpack .../17-libatk-bridge2.0-0t64_2.52.0-1build1_amd64.deb ...
Unpacking libatk-bridge2.0-0t64:amd64 (2.52.0-1build1) ...
Selecting previously unselected package libavahi-common-data:amd64.
Preparing to unpack .../18-libavahi-common-data_0.8-13ubuntu6.1_amd64.deb ...
Unpacking libavahi-common-data:amd64 (0.8-13ubuntu6.1) ...
Selecting previously unselected package libavahi-common3:amd64.
Preparing to unpack .../19-libavahi-common3_0.8-13ubuntu6.1_amd64.deb ...
Unpacking libavahi-common3:amd64 (0.8-13ubuntu6.1) ...
Selecting previously unselected package libavahi-client3:amd64.
Preparing to unpack .../20-libavahi-client3_0.8-13ubuntu6.1_amd64.deb ...
Unpacking libavahi-client3:amd64 (0.8-13ubuntu6.1) ...
Selecting previously unselected package libpixman-1-0:amd64.
Preparing to unpack .../21-libpixman-1-0_0.42.2-1build1_amd64.deb ...
Unpacking libpixman-1-0:amd64 (0.42.2-1build1) ...
Selecting previously unselected package libxcb-render0:amd64.
Preparing to unpack .../22-libxcb-render0_1.15-1ubuntu2_amd64.deb ...
Unpacking libxcb-render0:amd64 (1.15-1ubuntu2) ...
Selecting previously unselected package libcairo2:amd64.
Preparing to unpack .../23-libcairo2_1.18.0-3build1_amd64.deb ...
Unpacking libcairo2:amd64 (1.18.0-3build1) ...
Selecting previously unselected package libcups2t64:amd64.
Preparing to unpack .../24-libcups2t64_2.4.7-1.2ubuntu7.9_amd64.deb ...
Unpacking libcups2t64:amd64 (2.4.7-1.2ubuntu7.9) ...
Selecting previously unselected package libdatrie1:amd64.
Preparing to unpack .../25-libdatrie1_0.2.13-3build1_amd64.deb ...
Unpacking libdatrie1:amd64 (0.2.13-3build1) ...
Selecting previously unselected package libfontenc1:amd64.
Preparing to unpack .../26-libfontenc1_1%3a1.1.8-1build1_amd64.deb ...
Unpacking libfontenc1:amd64 (1:1.1.8-1build1) ...
Selecting previously unselected package libgraphite2-3:amd64.
Preparing to unpack .../27-libgraphite2-3_1.3.14-2build1_amd64.deb ...
Unpacking libgraphite2-3:amd64 (1.3.14-2build1) ...
Selecting previously unselected package libharfbuzz0b:amd64.
Preparing to unpack .../28-libharfbuzz0b_8.3.0-2build2_amd64.deb ...
Unpacking libharfbuzz0b:amd64 (8.3.0-2build2) ...
Selecting previously unselected package libnspr4:amd64.
Preparing to unpack .../29-libnspr4_2%3a4.35-1.1build1_amd64.deb ...
Unpacking libnspr4:amd64 (2:4.35-1.1build1) ...
Selecting previously unselected package libnss3:amd64.
Preparing to unpack .../30-libnss3_2%3a3.98-1build1_amd64.deb ...
Unpacking libnss3:amd64 (2:3.98-1build1) ...
Selecting previously unselected package libthai-data.
Preparing to unpack .../31-libthai-data_0.1.29-2build1_all.deb ...
Unpacking libthai-data (0.1.29-2build1) ...
Selecting previously unselected package libthai0:amd64.
Preparing to unpack .../32-libthai0_0.1.29-2build1_amd64.deb ...
Unpacking libthai0:amd64 (0.1.29-2build1) ...
Selecting previously unselected package libpango-1.0-0:amd64.
Preparing to unpack .../33-libpango-1.0-0_1.52.1+ds-1build1_amd64.deb ...
Unpacking libpango-1.0-0:amd64 (1.52.1+ds-1build1) ...
Selecting previously unselected package libunwind8:amd64.
Preparing to unpack .../34-libunwind8_1.6.2-3build1.1_amd64.deb ...
Unpacking libunwind8:amd64 (1.6.2-3build1.1) ...
Selecting previously unselected package libxdamage1:amd64.
Preparing to unpack .../35-libxdamage1_1%3a1.1.6-1build1_amd64.deb ...
Unpacking libxdamage1:amd64 (1:1.1.6-1build1) ...
Selecting previously unselected package libxfont2:amd64.
Preparing to unpack .../36-libxfont2_1%3a2.0.6-1build1_amd64.deb ...
Unpacking libxfont2:amd64 (1:2.0.6-1build1) ...
Selecting previously unselected package x11-xkb-utils.
Preparing to unpack .../37-x11-xkb-utils_7.7+8build2_amd64.deb ...
Unpacking x11-xkb-utils (7.7+8build2) ...
Selecting previously unselected package xfonts-encodings.
Preparing to unpack .../38-xfonts-encodings_1%3a1.0.5-0ubuntu2_all.deb ...
Unpacking xfonts-encodings (1:1.0.5-0ubuntu2) ...
Selecting previously unselected package xfonts-utils.
Preparing to unpack .../39-xfonts-utils_1%3a7.7+6build3_amd64.deb ...
Unpacking xfonts-utils (1:7.7+6build3) ...
Selecting previously unselected package xfonts-cyrillic.
Preparing to unpack .../40-xfonts-cyrillic_1%3a1.0.5+nmu1_all.deb ...
Unpacking xfonts-cyrillic (1:1.0.5+nmu1) ...
Selecting previously unselected package xfonts-scalable.
Preparing to unpack .../41-xfonts-scalable_1%3a1.0.3-1.3_all.deb ...
Unpacking xfonts-scalable (1:1.0.3-1.3) ...
Selecting previously unselected package xserver-common.
Preparing to unpack .../42-xserver-common_2%3a21.1.12-1ubuntu1.5_all.deb ...
Unpacking xserver-common (2:21.1.12-1ubuntu1.5) ...
Selecting previously unselected package xvfb.
Preparing to unpack .../43-xvfb_2%3a21.1.12-1ubuntu1.5_amd64.deb ...
Unpacking xvfb (2:21.1.12-1ubuntu1.5) ...
Setting up libgraphite2-3:amd64 (1.3.14-2build1) ...
Setting up libpixman-1-0:amd64 (0.42.2-1build1) ...
Setting up fontconfig (2.15.0-1.1ubuntu2) ...
Regenerating fonts cache... done.
Setting up libxdamage1:amd64 (1:1.1.6-1build1) ...
Setting up libdatrie1:amd64 (0.2.13-3build1) ...
Setting up fonts-noto-color-emoji (2.047-0ubuntu0.24.04.1) ...
Setting up libxcb-render0:amd64 (1.15-1ubuntu2) ...
Setting up x11-xkb-utils (7.7+8build2) ...
Setting up fonts-wqy-zenhei (0.9.45-8) ...
Setting up fonts-freefont-ttf (20211204+svn4273-2) ...
Setting up xkb-data (2.41-2ubuntu1.1) ...
Setting up libunwind8:amd64 (1.6.2-3build1.1) ...
Setting up libcairo2:amd64 (1.18.0-3build1) ...
Setting up libasound2-data (1.2.11-1ubuntu0.1) ...
Setting up libfontenc1:amd64 (1:1.1.8-1build1) ...
Setting up libasound2t64:amd64 (1.2.11-1ubuntu0.1) ...
Setting up fonts-tlwg-loma-otf (1:0.7.3-1) ...
Setting up libnspr4:amd64 (2:4.35-1.1build1) ...
Setting up libavahi-common-data:amd64 (0.8-13ubuntu6.1) ...
Setting up libatspi2.0-0t64:amd64 (2.52.0-1build1) ...
Setting up xfonts-encodings (1:1.0.5-0ubuntu2) ...
Setting up libfribidi0:amd64 (1.0.13-3build1) ...
Setting up fonts-ipafont-gothic (00303-21ubuntu1) ...
update-alternatives: using /usr/share/fonts/opentype/ipafont-gothic/ipag.ttf to provide /usr/share/fonts/truetype/fonts-japanese-gothic.ttf (fonts-japanese-gothic.ttf) in auto mode
Setting up xauth (1:1.1.2-1build1) ...
Setting up at-spi2-common (2.52.0-1build1) ...
Setting up fonts-liberation (1:2.1.5-3) ...
Setting up libharfbuzz0b:amd64 (8.3.0-2build2) ...
Setting up libthai-data (0.1.29-2build1) ...
Setting up xserver-common (2:21.1.12-1ubuntu1.5) ...
Setting up libxfont2:amd64 (1:2.0.6-1build1) ...
Setting up fonts-unifont (1:15.1.01-1build1) ...
Setting up libxkbcommon0:amd64 (1.6.0-1build1) ...
Setting up libatk1.0-0t64:amd64 (2.52.0-1build1) ...
Setting up xvfb (2:21.1.12-1ubuntu1.5) ...
Setting up libavahi-common3:amd64 (0.8-13ubuntu6.1) ...
Setting up libnss3:amd64 (2:3.98-1build1) ...
Setting up xfonts-utils (1:7.7+6build3) ...
Setting up libthai0:amd64 (0.1.29-2build1) ...
Setting up xfonts-cyrillic (1:1.0.5+nmu1) ...
Setting up libavahi-client3:amd64 (0.8-13ubuntu6.1) ...
Setting up xfonts-scalable (1:1.0.3-1.3) ...
Setting up libatk-bridge2.0-0t64:amd64 (2.52.0-1build1) ...
Setting up libpango-1.0-0:amd64 (1.52.1+ds-1build1) ...
Setting up libcups2t64:amd64 (2.4.7-1.2ubuntu7.9) ...
Processing triggers for libc-bin (2.39-0ubuntu8.6) ...
Downloading Chromium 143.0.7499.4 (playwright build v1200) from https://cdn.playwright.dev/dbazure/download/playwright/builds/chromium/1200/chromium-linux.zip
(node:704) [DEP0169] DeprecationWarning: `url.parse()` behavior is not standardized and prone to errors that have security implications. Use the WHATWG URL API instead. CVEs are not issued for `url.parse()` vulnerabilities.
(Use `node --trace-deprecation ...` to show where the warning was created)
|                                                                                |   0% of 164.7 MiB
|■■■■■■■■                                                                        |  10% of 164.7 MiB
|■■■■■■■■■■■■■■■■                                                                |  20% of 164.7 MiB
|■■■■■■■■■■■■■■■■■■■■■■■■                                                        |  30% of 164.7 MiB
|■■■■■■■■■■■■■■■■■■■■■■■■■■■■■■■■                                                |  40% of 164.7 MiB
|■■■■■■■■■■■■■■■■■■■■■■■■■■■■■■■■■■■■■■■■                                        |  50% of 164.7 MiB
|■■■■■■■■■■■■■■■■■■■■■■■■■■■■■■■■■■■■■■■■■■■■■■■■                                |  60% of 164.7 MiB
|■■■■■■■■■■■■■■■■■■■■■■■■■■■■■■■■■■■■■■■■■■■■■■■■■■■■■■■■                        |  70% of 164.7 MiB
|■■■■■■■■■■■■■■■■■■■■■■■■■■■■■■■■■■■■■■■■■■■■■■■■■■■■■■■■■■■■■■■■                |  80% of 164.7 MiB
|■■■■■■■■■■■■■■■■■■■■■■■■■■■■■■■■■■■■■■■■■■■■■■■■■■■■■■■■■■■■■■■■■■■■■■■■        |  90% of 164.7 MiB
|■■■■■■■■■■■■■■■■■■■■■■■■■■■■■■■■■■■■■■■■■■■■■■■■■■■■■■■■■■■■■■■■■■■■■■■■■■■■■■■■| 100% of 164.7 MiB
Chromium 143.0.7499.4 (playwright build v1200) downloaded to /root/.cache/ms-playwright/chromium-1200
Downloading FFMPEG playwright build v1011 from https://cdn.playwright.dev/dbazure/download/playwright/builds/ffmpeg/1011/ffmpeg-linux.zip
(node:715) [DEP0169] DeprecationWarning: `url.parse()` behavior is not standardized and prone to errors that have security implications. Use the WHATWG URL API instead. CVEs are not issued for `url.parse()` vulnerabilities.
(Use `node --trace-deprecation ...` to show where the warning was created)
|                                                                                |   0% of 2.3 MiB
|■■■■■■■■                                                                        |  10% of 2.3 MiB
|■■■■■■■■■■■■■■■■                                                                |  20% of 2.3 MiB
|■■■■■■■■■■■■■■■■■■■■■■■■                                                        |  30% of 2.3 MiB
|■■■■■■■■■■■■■■■■■■■■■■■■■■■■■■■■                                                |  40% of 2.3 MiB
|■■■■■■■■■■■■■■■■■■■■■■■■■■■■■■■■■■■■■■■■                                        |  50% of 2.3 MiB
|■■■■■■■■■■■■■■■■■■■■■■■■■■■■■■■■■■■■■■■■■■■■■■■■                                |  60% of 2.3 MiB
|■■■■■■■■■■■■■■■■■■■■■■■■■■■■■■■■■■■■■■■■■■■■■■■■■■■■■■■■                        |  70% of 2.3 MiB
|■■■■■■■■■■■■■■■■■■■■■■■■■■■■■■■■■■■■■■■■■■■■■■■■■■■■■■■■■■■■■■■■                |  80% of 2.3 MiB
|■■■■■■■■■■■■■■■■■■■■■■■■■■■■■■■■■■■■■■■■■■■■■■■■■■■■■■■■■■■■■■■■■■■■■■■■        |  90% of 2.3 MiB
|■■■■■■■■■■■■■■■■■■■■■■■■■■■■■■■■■■■■■■■■■■■■■■■■■■■■■■■■■■■■■■■■■■■■■■■■■■■■■■■■| 100% of 2.3 MiB
FFMPEG playwright build v1011 downloaded to /root/.cache/ms-playwright/ffmpeg-1011
Downloading Chromium Headless Shell 143.0.7499.4 (playwright build v1200) from https://cdn.playwright.dev/dbazure/download/playwright/builds/chromium/1200/chromium-headless-shell-linux.zip
(node:726) [DEP0169] DeprecationWarning: `url.parse()` behavior is not standardized and prone to errors that have security implications. Use the WHATWG URL API instead. CVEs are not issued for `url.parse()` vulnerabilities.
(Use `node --trace-deprecation ...` to show where the warning was created)
|                                                                                |   0% of 109.7 MiB
|■■■■■■■■                                                                        |  10% of 109.7 MiB
|■■■■■■■■■■■■■■■■                                                                |  20% of 109.7 MiB
|■■■■■■■■■■■■■■■■■■■■■■■■                                                        |  30% of 109.7 MiB
|■■■■■■■■■■■■■■■■■■■■■■■■■■■■■■■■                                                |  40% of 109.7 MiB
|■■■■■■■■■■■■■■■■■■■■■■■■■■■■■■■■■■■■■■■■                                        |  50% of 109.7 MiB
|■■■■■■■■■■■■■■■■■■■■■■■■■■■■■■■■■■■■■■■■■■■■■■■■                                |  60% of 109.7 MiB
|■■■■■■■■■■■■■■■■■■■■■■■■■■■■■■■■■■■■■■■■■■■■■■■■■■■■■■■■                        |  70% of 109.7 MiB
|■■■■■■■■■■■■■■■■■■■■■■■■■■■■■■■■■■■■■■■■■■■■■■■■■■■■■■■■■■■■■■■■                |  80% of 109.7 MiB
|■■■■■■■■■■■■■■■■■■■■■■■■■■■■■■■■■■■■■■■■■■■■■■■■■■■■■■■■■■■■■■■■■■■■■■■■        |  90% of 109.7 MiB
|■■■■■■■■■■■■■■■■■■■■■■■■■■■■■■■■■■■■■■■■■■■■■■■■■■■■■■■■■■■■■■■■■■■■■■■■■■■■■■■■| 100% of 109.7 MiB
Chromium Headless Shell 143.0.7499.4 (playwright build v1200) downloaded to /root/.cache/ms-playwright/chromium_headless_shell-1200
--> 7905d39aa82a
STEP 15/18: WORKDIR /src/MyBlog.E2E
--> 7eb4c66824e4
STEP 16/18: ENV MYBLOG_BASE_URL=http://myblog-web:5000
--> 8c2a287c46c0
STEP 17/18: ENV PLAYWRIGHT_HEADLESS=true
--> 43869994aa96
STEP 18/18: ENTRYPOINT ["dotnet", "run", "-c", "Release", "--no-build"]
COMMIT myblog_myblog-e2e
--> dbd4f4bb7d9e
Successfully tagged localhost/myblog_myblog-e2e:latest
dbd4f4bb7d9e9e74f264d79433e0482c3ebd67391f63e52b3084d35e837f2260
[INFO] Starting MyBlog web service...
675f856d154b6d6ecc8f82b89de19192bb1e6407b53c1c013bfc79984e7a39f8
02141dd0b9b2a74c00caa73bd1f3484a9e562d9c761626e1ddc7c11b150e4b46
myblog-web
[INFO] Waiting for MyBlog to be ready...
.
[INFO] MyBlog is ready!
[INFO] Running E2E tests...
9f06d9523046a4c37903a889571a5ef305544d27193a2233c0853f01b105c906
[myblog-web] | cannot open `/run/user/1000/crun/02141dd0b9b2a74c00caa73bd1f3484a9e562d9c761626e1ddc7c11b150e4b46/exec.fifo`: No such file or directory
[myblog-web] | Error: unable to start container 02141dd0b9b2a74c00caa73bd1f3484a9e562d9c761626e1ddc7c11b150e4b46: `/usr/bin/crun start 02141dd0b9b2a74c00caa73bd1f3484a9e562d9c761626e1ddc7c11b150e4b46` failed: exit status 1
[myblog-e2e] | xUnit.net v3 In-Process Runner v3.2.2+728c1dce01 (64-bit .NET 10.0.2)
[myblog-e2e] |   Discovering: MyBlog.E2E
[myblog-e2e] |   Discovered:  MyBlog.E2E
[myblog-e2e] |   Starting:    MyBlog.E2E
[myblog-e2e] |   Finished:    MyBlog.E2E (ID = '4d488734a9156ea8719a93bca3e9cb47dfeac4715a7981582060bf185a1e7bf4')
[myblog-e2e] | === TEST EXECUTION SUMMARY ===
[myblog-e2e] |    MyBlog.E2E  Total: 78, Errors: 0, Failed: 0, Skipped: 0, Not Run: 0, Time: 24.496s
[myblog-e2e] | 
[INFO] Capturing logs...
[INFO] Cleaning up...
myblog-e2e
myblog-web
myblog-e2e
myblog-web
myblog_myblog-data
675f856d154b6d6ecc8f82b89de19192bb1e6407b53c1c013bfc79984e7a39f8
myblog_myblog-network
[INFO] E2E tests passed! ✓

real	1m14.942s
user	0m33.457s
sys	0m17.790s
kushal@fedora:~/src/dotnet/MyBlog$ cd ~/src/dotnet/MyBlog/ && export DOTNET_CLI_TELEMETRY_OPTOUT=1 && (cd src && time dotnet format; time dotnet restore; time dotnet clean; time dotnet build; time dotnet run --project MyBlog.Tests/MyBlog.Tests.csproj; time dotnet list package; time dotnet list package --outdated); cd ~/src/dotnet/MyBlog/ && time bash export.sh; cat run-e2e.sh; time bash run-e2e.sh --clean; time bash run-e2e.sh;
Unable to fix xUnit1031. No associated code fix found.
Unable to fix xUnit1051. Code fix UseCancellationTokenFixer doesn't support Fix All in Solution.
Unable to fix xUnit1051. Code fix UseCancellationTokenFixer doesn't support Fix All in Solution.

real	0m9.414s
user	0m17.884s
sys	0m1.164s
Restore complete (0.5s)

Build succeeded in 0.6s

real	0m0.762s
user	0m0.843s
sys	0m0.173s

Build succeeded in 0.5s

real	0m0.697s
user	0m0.748s
sys	0m0.178s
Restore complete (0.5s)
  MyBlog.Core net10.0 succeeded (3.0s) → MyBlog.Core/bin/Debug/net10.0/MyBlog.Core.dll
  MyBlog.Infrastructure net10.0 succeeded (0.6s) → MyBlog.Infrastructure/bin/Debug/net10.0/MyBlog.Infrastructure.dll
  MyBlog.Web net10.0 succeeded (2.4s) → MyBlog.Web/bin/Debug/net10.0/MyBlog.Web.dll
  MyBlog.Tests net10.0 failed with 8 error(s) (0.7s)
    /home/kushal/src/dotnet/MyBlog/src/MyBlog.Tests/Integration/PostRepositoryExtendedTests.cs(236,64): error CS1739: The best overload for 'IsSlugTakenAsync' does not have a parameter named 'ct'
    /home/kushal/src/dotnet/MyBlog/src/MyBlog.Tests/Integration/PostRepositoryExtendedTests.cs(246,72): error CS1739: The best overload for 'IsSlugTakenAsync' does not have a parameter named 'ct'
    /home/kushal/src/dotnet/MyBlog/src/MyBlog.Tests/Unit/ReaderTrackingServiceTests.cs(155,14): error xUnit1031: Test methods should not use blocking task operations, as they can cause deadlocks. Use an async test method and await instead. (https://xunit.net/xunit.analyzers/rules/xUnit1031)
    /home/kushal/src/dotnet/MyBlog/src/MyBlog.Tests/Unit/ReaderTrackingServiceTests.cs(155,9): error xUnit1051: Calls to methods which accept CancellationToken should use TestContext.Current.CancellationToken to allow test cancellation to be more responsive. (https://xunit.net/xunit.analyzers/rules/xUnit1051)
    /home/kushal/src/dotnet/MyBlog/src/MyBlog.Tests/Unit/ReaderTrackingServiceTests.cs(185,14): error xUnit1031: Test methods should not use blocking task operations, as they can cause deadlocks. Use an async test method and await instead. (https://xunit.net/xunit.analyzers/rules/xUnit1031)
    /home/kushal/src/dotnet/MyBlog/src/MyBlog.Tests/Unit/ReaderTrackingServiceTests.cs(185,9): error xUnit1051: Calls to methods which accept CancellationToken should use TestContext.Current.CancellationToken to allow test cancellation to be more responsive. (https://xunit.net/xunit.analyzers/rules/xUnit1051)
    /home/kushal/src/dotnet/MyBlog/src/MyBlog.Tests/Unit/ReaderTrackingServiceTests.cs(211,14): error xUnit1031: Test methods should not use blocking task operations, as they can cause deadlocks. Use an async test method and await instead. (https://xunit.net/xunit.analyzers/rules/xUnit1031)
    /home/kushal/src/dotnet/MyBlog/src/MyBlog.Tests/Unit/ReaderTrackingServiceTests.cs(211,9): error xUnit1051: Calls to methods which accept CancellationToken should use TestContext.Current.CancellationToken to allow test cancellation to be more responsive. (https://xunit.net/xunit.analyzers/rules/xUnit1051)
  MyBlog.E2E net10.0 succeeded (0.8s) → MyBlog.E2E/bin/Debug/net10.0/MyBlog.E2E.dll

Build failed with 8 error(s) in 7.4s

real	0m7.596s
user	0m2.654s
sys	0m0.468s
/home/kushal/src/dotnet/MyBlog/src/MyBlog.Tests/Integration/PostRepositoryExtendedTests.cs(236,64): error CS1739: The best overload for 'IsSlugTakenAsync' does not have a parameter named 'ct'
/home/kushal/src/dotnet/MyBlog/src/MyBlog.Tests/Integration/PostRepositoryExtendedTests.cs(246,72): error CS1739: The best overload for 'IsSlugTakenAsync' does not have a parameter named 'ct'
/home/kushal/src/dotnet/MyBlog/src/MyBlog.Tests/Unit/ReaderTrackingServiceTests.cs(155,14): error xUnit1031: Test methods should not use blocking task operations, as they can cause deadlocks. Use an async test method and await instead. (https://xunit.net/xunit.analyzers/rules/xUnit1031)
/home/kushal/src/dotnet/MyBlog/src/MyBlog.Tests/Unit/ReaderTrackingServiceTests.cs(155,9): error xUnit1051: Calls to methods which accept CancellationToken should use TestContext.Current.CancellationToken to allow test cancellation to be more responsive. (https://xunit.net/xunit.analyzers/rules/xUnit1051)
/home/kushal/src/dotnet/MyBlog/src/MyBlog.Tests/Unit/ReaderTrackingServiceTests.cs(185,14): error xUnit1031: Test methods should not use blocking task operations, as they can cause deadlocks. Use an async test method and await instead. (https://xunit.net/xunit.analyzers/rules/xUnit1031)
/home/kushal/src/dotnet/MyBlog/src/MyBlog.Tests/Unit/ReaderTrackingServiceTests.cs(185,9): error xUnit1051: Calls to methods which accept CancellationToken should use TestContext.Current.CancellationToken to allow test cancellation to be more responsive. (https://xunit.net/xunit.analyzers/rules/xUnit1051)
/home/kushal/src/dotnet/MyBlog/src/MyBlog.Tests/Unit/ReaderTrackingServiceTests.cs(211,14): error xUnit1031: Test methods should not use blocking task operations, as they can cause deadlocks. Use an async test method and await instead. (https://xunit.net/xunit.analyzers/rules/xUnit1031)
/home/kushal/src/dotnet/MyBlog/src/MyBlog.Tests/Unit/ReaderTrackingServiceTests.cs(211,9): error xUnit1051: Calls to methods which accept CancellationToken should use TestContext.Current.CancellationToken to allow test cancellation to be more responsive. (https://xunit.net/xunit.analyzers/rules/xUnit1051)

The build failed. Fix the build errors and run again.

real	0m1.686s
user	0m1.356s
sys	0m0.287s
Restore complete (0.6s)

Build succeeded in 0.7s
Project 'MyBlog.Core' has the following package references
   [net10.0]: 
   Top-level Package                   Requested   Resolved
   > Microsoft.Extensions.Logging      10.0.2      10.0.2  

Project 'MyBlog.E2E' has the following package references
   [net10.0]: 
   Top-level Package             Requested   Resolved
   > Microsoft.NET.Test.Sdk      18.0.1      18.0.1  
   > Microsoft.Playwright        1.57.0      1.57.0  
   > xunit.v3                    3.2.2       3.2.2   

Project 'MyBlog.Infrastructure' has the following package references
   [net10.0]: 
   Top-level Package                           Requested   Resolved
   > Microsoft.AspNetCore.Identity             2.3.9       2.3.9   
   > Microsoft.EntityFrameworkCore.Sqlite      10.0.2      10.0.2  
   > Microsoft.Extensions.Http                 10.0.2      10.0.2  
   > OpenTelemetry                             1.15.0      1.15.0  

Project 'MyBlog.Tests' has the following package references
   [net10.0]: 
   Top-level Package                             Requested   Resolved
   > Microsoft.EntityFrameworkCore.Sqlite        10.0.2      10.0.2  
   > Microsoft.NET.Test.Sdk                      18.0.1      18.0.1  
   > Microsoft.Testing.Extensions.TrxReport      2.0.2       2.0.2   
   > xunit.v3                                    3.2.2       3.2.2   

Project 'MyBlog.Web' has the following package references
   [net10.0]: 
   Top-level Package                                  Requested    Resolved
   > Microsoft.AspNetCore.App.Internal.Assets   (A)   [10.0.2, )   10.0.2  
   > Microsoft.AspNetCore.SignalR.Client              10.0.2       10.0.2  
   > OpenTelemetry.Exporter.Console                   1.15.0       1.15.0  
   > OpenTelemetry.Extensions.Hosting                 1.15.0       1.15.0  
   > OpenTelemetry.Instrumentation.AspNetCore         1.15.0       1.15.0  
   > OpenTelemetry.Instrumentation.Http               1.15.0       1.15.0  

(A) : Auto-referenced package.

real	0m1.725s
user	0m1.741s
sys	0m0.387s
Restore complete (0.4s)

Build succeeded in 0.5s

The following sources were used:
   https://api.nuget.org/v3/index.json

The given project `MyBlog.Core` has no updates given the current sources.
The given project `MyBlog.E2E` has no updates given the current sources.
The given project `MyBlog.Infrastructure` has no updates given the current sources.
The given project `MyBlog.Tests` has no updates given the current sources.
The given project `MyBlog.Web` has no updates given the current sources.

real	0m1.731s
user	0m1.721s
sys	0m0.374s
==============================================
  Project Export for LLM Analysis
==============================================

Project Path: /home/kushal/src/dotnet/MyBlog
Output File:  docs/llm/dump.txt

Generating directory structure...
Collecting files...
Found 126 files to export

Processing (1/126): docker-compose.e2e.yml
Processing (2/126): docker-compose.yml
Processing (3/126): .editorconfig
Processing (4/126): export.sh
Processing (5/126): .github/workflows/build-deploy.yml
Processing (6/126): .gitignore
Processing (7/126): README.md
Processing (8/126): run-e2e.sh
Processing (9/126): src/Directory.Build.props
Processing (10/126): src/Directory.Packages.props
Processing (11/126): src/.github/workflows/build-deploy.yml
Processing (12/126): src/global.json
Processing (13/126): src/MyBlog.Core/Constants/AppConstants.cs
Processing (14/126): src/MyBlog.Core/Interfaces/IAuthService.cs
Processing (15/126): src/MyBlog.Core/Interfaces/IImageDimensionService.cs
Processing (16/126): src/MyBlog.Core/Interfaces/IImageRepository.cs
Processing (17/126): src/MyBlog.Core/Interfaces/IMarkdownService.cs
Processing (18/126): src/MyBlog.Core/Interfaces/IPasswordService.cs
Processing (19/126): src/MyBlog.Core/Interfaces/IPostRepository.cs
Processing (20/126): src/MyBlog.Core/Interfaces/IReaderTrackingService.cs
Processing (21/126): src/MyBlog.Core/Interfaces/ISlugService.cs
Processing (22/126): src/MyBlog.Core/Interfaces/ITelemetryLogRepository.cs
Processing (23/126): src/MyBlog.Core/Interfaces/IUserRepository.cs
Processing (24/126): src/MyBlog.Core/Models/Image.cs
Processing (25/126): src/MyBlog.Core/Models/ImageDimensionCache.cs
Processing (26/126): src/MyBlog.Core/Models/Post.cs
Processing (27/126): src/MyBlog.Core/Models/PostDto.cs
Processing (28/126): src/MyBlog.Core/Models/TelemetryLog.cs
Processing (29/126): src/MyBlog.Core/Models/User.cs
Processing (30/126): src/MyBlog.Core/MyBlog.Core.csproj
Processing (31/126): src/MyBlog.Core/Services/MarkdownService.cs
Processing (32/126): src/MyBlog.Core/Services/SlugService.cs
Processing (33/126): src/MyBlog.E2E/Dockerfile
Processing (34/126): src/MyBlog.E2E/MyBlog.E2E.csproj
Processing (35/126): src/MyBlog.E2E/PlaywrightCollection.cs
Processing (36/126): src/MyBlog.E2E/PlaywrightFixture.cs
Processing (37/126): src/MyBlog.E2E/Tests/AboutPageTests.cs
Processing (38/126): src/MyBlog.E2E/Tests/AdminPageTests.cs
Processing (39/126): src/MyBlog.E2E/Tests/AuthenticationTests.cs
Processing (40/126): src/MyBlog.E2E/Tests/HomePageTests.cs
Processing (41/126): src/MyBlog.E2E/Tests/LoginPageTests.cs
Processing (42/126): src/MyBlog.E2E/Tests/NavigationTests.cs
Processing (43/126): src/MyBlog.E2E/Tests/SeoTests.cs
Processing (44/126): src/MyBlog.E2E/Tests/ThemeSwitcherTests.cs
Processing (45/126): src/MyBlog.Infrastructure/Data/BlogDbContext.cs
Processing (46/126): src/MyBlog.Infrastructure/Data/DatabasePathResolver.cs
Processing (47/126): src/MyBlog.Infrastructure/Data/DatabaseSchemaUpdater.cs
Processing (48/126): src/MyBlog.Infrastructure/MyBlog.Infrastructure.csproj
Processing (49/126): src/MyBlog.Infrastructure/Repositories/ImageRepository.cs
Processing (50/126): src/MyBlog.Infrastructure/Repositories/PostRepository.cs
Processing (51/126): src/MyBlog.Infrastructure/Repositories/TelemetryLogRepository.cs
Processing (52/126): src/MyBlog.Infrastructure/Repositories/UserRepository.cs
Processing (53/126): src/MyBlog.Infrastructure/ServiceCollectionExtensions.cs
Processing (54/126): src/MyBlog.Infrastructure/Services/AuthService.cs
Processing (55/126): src/MyBlog.Infrastructure/Services/ImageCacheWarmerService.cs
Processing (56/126): src/MyBlog.Infrastructure/Services/ImageDimensionService.cs
Processing (57/126): src/MyBlog.Infrastructure/Services/PasswordService.cs
Processing (58/126): src/MyBlog.Infrastructure/Services/ReaderTrackingService.cs
Processing (59/126): src/MyBlog.Infrastructure/Services/TelemetryCleanupService.cs
Processing (60/126): src/MyBlog.Infrastructure/Telemetry/DatabaseLogExporter.cs
Processing (61/126): src/MyBlog.Infrastructure/Telemetry/FileLogExporter.cs
Processing (62/126): src/MyBlog.Infrastructure/Telemetry/TelemetryPathResolver.cs
Processing (63/126): src/MyBlog.slnx
Processing (64/126): src/MyBlog.Tests/Integration/AuthServiceLongPasswordTests.cs
Processing (65/126): src/MyBlog.Tests/Integration/AuthServiceTests.cs
Processing (66/126): src/MyBlog.Tests/Integration/ImageRepositoryTests.cs
Processing (67/126): src/MyBlog.Tests/Integration/PasswordChangeTests.cs
Processing (68/126): src/MyBlog.Tests/Integration/PostRepositoryExtendedTests.cs
Processing (69/126): src/MyBlog.Tests/Integration/PostRepositoryTests.cs
Processing (70/126): src/MyBlog.Tests/Integration/TelemetryCleanupTests.cs
Processing (71/126): src/MyBlog.Tests/Integration/TelemetryLogRepositoryTests.cs
Processing (72/126): src/MyBlog.Tests/Integration/UserRepositoryTests.cs
Processing (73/126): src/MyBlog.Tests/MyBlog.Tests.csproj
Processing (74/126): src/MyBlog.Tests/Unit/DatabasePathResolverTests.cs
Processing (75/126): src/MyBlog.Tests/Unit/LoginRateLimitMiddlewareTests.cs
Processing (76/126): src/MyBlog.Tests/Unit/MarkdownServiceEdgeCaseTests.cs
Processing (77/126): src/MyBlog.Tests/Unit/MarkdownServiceTests.cs
Processing (78/126): src/MyBlog.Tests/Unit/PasswordServiceTests.cs
Processing (79/126): src/MyBlog.Tests/Unit/ReaderTrackingServiceTests.cs
Processing (80/126): src/MyBlog.Tests/Unit/SlugServiceTests.cs
Processing (81/126): src/MyBlog.Web/appsettings.Development.json
Processing (82/126): src/MyBlog.Web/appsettings.json
Processing (83/126): src/MyBlog.Web/Components/App.razor
Processing (84/126): src/MyBlog.Web/Components/_Imports.razor
Processing (85/126): src/MyBlog.Web/Components/Layout/MainLayout.razor
Processing (86/126): src/MyBlog.Web/Components/Pages/About.razor
Processing (87/126): src/MyBlog.Web/Components/Pages/About.razor.css
Processing (88/126): src/MyBlog.Web/Components/Pages/AccessDenied.razor
Processing (89/126): src/MyBlog.Web/Components/Pages/Admin/ChangePassword.razor
Processing (90/126): src/MyBlog.Web/Components/Pages/Admin/ChangePassword.razor.css
Processing (91/126): src/MyBlog.Web/Components/Pages/Admin/Dashboard.razor
Processing (92/126): src/MyBlog.Web/Components/Pages/Admin/Dashboard.razor.css
Processing (93/126): src/MyBlog.Web/Components/Pages/Admin/ImageManager.razor
Processing (94/126): src/MyBlog.Web/Components/Pages/Admin/ImageManager.razor.css
Processing (95/126): src/MyBlog.Web/Components/Pages/Admin/PostEditor.razor
Processing (96/126): src/MyBlog.Web/Components/Pages/Admin/PostEditor.razor.css
Processing (97/126): src/MyBlog.Web/Components/Pages/Admin/PostList.razor
Processing (98/126): src/MyBlog.Web/Components/Pages/Admin/UserEditor.razor
Processing (99/126): src/MyBlog.Web/Components/Pages/Admin/UserEditor.razor.css
Processing (100/126): src/MyBlog.Web/Components/Pages/Admin/UserList.razor
Processing (101/126): src/MyBlog.Web/Components/Pages/Admin/UserList.razor.css
Processing (102/126): src/MyBlog.Web/Components/Pages/Home.razor
Processing (103/126): src/MyBlog.Web/Components/Pages/Login.razor
Processing (104/126): src/MyBlog.Web/Components/Pages/Login.razor.css
Processing (105/126): src/MyBlog.Web/Components/Pages/PostDetail.razor
Processing (106/126): src/MyBlog.Web/Components/Pages/PostDetail.razor.css
Processing (107/126): src/MyBlog.Web/Components/Routes.razor
Processing (108/126): src/MyBlog.Web/Components/Shared/Footer.razor
Processing (109/126): src/MyBlog.Web/Components/Shared/Footer.razor.css
Processing (110/126): src/MyBlog.Web/Components/Shared/MarkdownRenderer.razor
Processing (111/126): src/MyBlog.Web/Components/Shared/Pagination.razor
Processing (112/126): src/MyBlog.Web/Components/Shared/PostCard.razor
Processing (113/126): src/MyBlog.Web/Components/Shared/PostCard.razor.css
Processing (114/126): src/MyBlog.Web/Components/Shared/ReaderBadge.razor
Processing (115/126): src/MyBlog.Web/Components/Shared/ReaderBadge.razor.css
Processing (116/126): src/MyBlog.Web/Components/Shared/RedirectToLogin.razor
Processing (117/126): src/MyBlog.Web/Components/Shared/ThemeSwitcher.razor
Processing (118/126): src/MyBlog.Web/Components/Shared/ThemeSwitcher.razor.css
Processing (119/126): src/MyBlog.Web/Dockerfile
Processing (120/126): src/MyBlog.Web/Hubs/ReaderHub.cs
Processing (121/126): src/MyBlog.Web/Middleware/LoginRateLimitMiddleware.cs
Processing (122/126): src/MyBlog.Web/MyBlog.Web.csproj
Processing (123/126): src/MyBlog.Web/Program.cs
Processing (124/126): src/MyBlog.Web/Properties/launchSettings.json
Processing (125/126): src/MyBlog.Web/wwwroot/css/site.css
Processing (126/126): src/MyBlog.Web/wwwroot/js/site.js

==============================================
  Export Complete!
==============================================

Output file:    docs/llm/dump.txt
Files exported: 126
Files skipped:  0
Output size:    508.02 KB

File types included:
  • Source code: .cs, .fs, .vb
  • Blazor/Razor: .razor
  • UI/XAML: .axaml, .xaml, .paml
  • Projects: .csproj, .slnx, .sln, .props, .targets
  • Config: .json, .yaml, .yml, .xml, .config
  • Docs: .md, .txt
  • Scripts: .sh, .ps1, .cmd, .bat
  • Web: .css, .scss, .js, .ts
  • Other: .sql, .resx, Dockerfile, etc.


real	0m1.309s
user	0m0.753s
sys	0m0.810s
#!/bin/bash
# =============================================================================
# Run E2E Tests with Podman Compose
# =============================================================================
# This script runs Playwright E2E tests against MyBlog using containers.
# Designed for Fedora with SELinux and Podman.
#
# Usage:
#   ./run-e2e.sh          # Run all E2E tests
#   ./run-e2e.sh --build  # Force rebuild containers
#   ./run-e2e.sh --clean  # Clean up and remove volumes
# =============================================================================

set -e

SCRIPT_DIR="$(cd "$(dirname "${BASH_SOURCE[0]}")" && pwd)"
cd "$SCRIPT_DIR"

# Colors for output
RED='\033[0;31m'
GREEN='\033[0;32m'
YELLOW='\033[1;33m'
NC='\033[0m' # No Color

log_info() {
    echo -e "${GREEN}[INFO]${NC} $1"
}

log_warn() {
    echo -e "${YELLOW}[WARN]${NC} $1"
}

log_error() {
    echo -e "${RED}[ERROR]${NC} $1"
}

# Parse arguments
BUILD_FLAG=""
CLEAN_FLAG=""

for arg in "$@"; do
    case $arg in
        --build)
            BUILD_FLAG="--build"
            ;;
        --clean)
            CLEAN_FLAG="true"
            ;;
    esac
done

# Clean up if requested
if [ "$CLEAN_FLAG" == "true" ]; then
    log_info "Cleaning up containers and volumes..."
    podman-compose -f docker-compose.e2e.yml down -v --remove-orphans 2>/dev/null || true
    podman system prune -f 2>/dev/null || true
    log_info "Cleanup complete"
    exit 0
fi

# Create test results directory
mkdir -p test-results
# Set SELinux context if on Fedora with SELinux
if command -v chcon &> /dev/null && getenforce 2>/dev/null | grep -q "Enforcing"; then
    log_info "Setting SELinux context for test-results directory..."
    chcon -Rt svirt_sandbox_file_t test-results 2>/dev/null || true
fi

log_info "Starting E2E test environment..."

# Build and start services
log_info "Building containers..."
podman-compose -f docker-compose.e2e.yml build $BUILD_FLAG

log_info "Starting MyBlog web service..."
podman-compose -f docker-compose.e2e.yml up -d myblog-web

# Wait for web service to be healthy
log_info "Waiting for MyBlog to be ready..."
RETRIES=30
until podman exec myblog-web curl -sf http://localhost:5000/ > /dev/null 2>&1; do
    RETRIES=$((RETRIES - 1))
    if [ $RETRIES -eq 0 ]; then
        log_error "MyBlog failed to start within timeout"
        podman-compose -f docker-compose.e2e.yml logs myblog-web
        podman-compose -f docker-compose.e2e.yml down -v
        exit 1
    fi
    echo -n "."
    sleep 2
done
echo ""
log_info "MyBlog is ready!"

# Run E2E tests
log_info "Running E2E tests..."
podman-compose -f docker-compose.e2e.yml up myblog-e2e
E2E_EXIT_CODE=$?

# Capture logs
log_info "Capturing logs..."
podman-compose -f docker-compose.e2e.yml logs myblog-web > test-results/myblog-web.log 2>&1
podman-compose -f docker-compose.e2e.yml logs myblog-e2e > test-results/myblog-e2e.log 2>&1

# Clean up
log_info "Cleaning up..."
podman-compose -f docker-compose.e2e.yml down -v

if [ $E2E_EXIT_CODE -eq 0 ]; then
    log_info "E2E tests passed! ✓"
else
    log_error "E2E tests failed with exit code $E2E_EXIT_CODE"
    log_info "Check test-results/ directory for logs"
fi

exit $E2E_EXIT_CODE
[INFO] Cleaning up containers and volumes...
Deleted Images
ca9eabaf60668df798301fa696c8f553770cd53b35c025b52b130ceb6f57de9a
be55d984e35b76b6f568e8534b7aea10648582608e46f872ff0ad2a87acdc132
4429e45f39cd6cab9ee814c17428c4f48482fd1d6ff9b7b35d87dc63b0179cb9
9157d87ec0448d08f7b8ee5ac07d3fa448126fdeb249f4a02e87a7debd89038c
21bb4b90c26420c2d3df399ddcc07b65e36ad082e6f18bf0f38455cf83956b09
48bd4a69c6f10069993c6903bc3cc9b96ba0c6b876ee21950dadaf84b6233272
2545738b837d5f2eb9e71eab1d4d746109aee6830091f7d4e44b33f6c0b5cbe2
a6035901a9958e79cd9e4aabb261c4b474944528f837474f03b37c746ec9aa54
ad172c496462db2902c56f53c404fed32aea4f95a8286597f92c4853bd7eeefb
4da6cbc5e2ea06140020edfdf020d37d2f2db0663fbcfc6e2cda0486e79fe7b3
5b10e439fc3040fbcd413763ecd24d38f911d9880d9a5b35ecf281d18bd92e40
13137ee18e21747670661dfc879e65c42a53ad248577ba4f0ecd109f91b667e8
9df946ddd3367887c260f7d995bc8114110a9d7cbf3630f8faea5dc36354cce4
1c9e1b1ba73282973c0f789d72758d6aff0e99eff25403665c2d5adf446dbfed
e357ea423274137c904e776b62dfbd7bb6c1e0da971c5f08b17662fa6f449cf6
a1defc285d3ded19afc8f8ce649184405d55ed63070c52ee34d5b0a4f81a08b9
4f1671c39bdd6e96d74c645bc8e6f15b27616d1464015ed730edf0a92965510a
Total reclaimed space: 40.1GB
[INFO] Cleanup complete

real	0m0.972s
user	0m0.439s
sys	0m0.514s
[INFO] Setting SELinux context for test-results directory...
[INFO] Starting E2E test environment...
[INFO] Building containers...
[1/2] STEP 1/12: FROM mcr.microsoft.com/dotnet/sdk:10.0 AS build
STEP 1/18: FROM mcr.microsoft.com/dotnet/sdk:10.0 AS build
STEP 2/18: WORKDIR /src
--> Using cache c0f951cdf7818c25a801d76241c43a519f74913b58ca3c8d68071526ad1473dc
--> c0f951cdf781
STEP 3/18: RUN apt-get update && apt-get install -y nodejs npm && rm -rf /var/lib/apt/lists/*
--> Using cache 7bd3245d151178c6b376f4a7a4b67fe7ecce8ed2c53cb934a8f07a078aa635e8
--> 7bd3245d1511
STEP 4/18: RUN apt-get update && apt-get install -y wget &&     wget -q https://packages.microsoft.com/config/debian/12/packages-microsoft-prod.deb &&     dpkg -i packages-microsoft-prod.deb &&     rm packages-microsoft-prod.deb &&     apt-get update && apt-get install -y powershell &&     rm -rf /var/lib/apt/lists/*
--> Using cache 948346108d6ac93fe878f7bab089dc72f5498ab7a4fa30e51d4df43308391228
--> 948346108d6a
STEP 5/18: COPY Directory.Build.props .
--> Using cache c4a9dc18c3762fdd409b0baae14ef2f48b5f524cbb656d3b110ca4970ddb4ceb
--> c4a9dc18c376
STEP 6/18: COPY Directory.Packages.props .
--> Using cache 6dea2813ee479703c367db1d0ab238785857ce0c0dfd02d46c8e47699f40706a
--> 6dea2813ee47
STEP 7/18: COPY MyBlog.Core/MyBlog.Core.csproj MyBlog.Core/
[1/2] STEP 2/12: WORKDIR /src
--> Using cache 26b7167e9d33e3adf018ba3f02fa415c50df7db2ea9ef3d3b696a6c25fddeb07
--> 26b7167e9d33
--> Using cache c0f951cdf7818c25a801d76241c43a519f74913b58ca3c8d68071526ad1473dc
--> c0f951cdf781
STEP 8/18: COPY MyBlog.Infrastructure/MyBlog.Infrastructure.csproj MyBlog.Infrastructure/
[1/2] STEP 3/12: COPY Directory.Build.props .
--> Using cache 39fa24c9fb5e73db4ea74e2ea5eba8ab223f1e7b58d032dd3027222d0e3f10c3
--> 39fa24c9fb5e
STEP 9/18: COPY MyBlog.Web/MyBlog.Web.csproj MyBlog.Web/
--> 88a636ef86f5
[1/2] STEP 4/12: COPY Directory.Packages.props .
--> Using cache 0676640a9fb43a68fca885c900e335d76f35378125a1643e488abf4952dc6fbc
--> 0676640a9fb4
STEP 10/18: COPY MyBlog.E2E/MyBlog.E2E.csproj MyBlog.E2E/
--> 3f30ba6af5dc
[1/2] STEP 5/12: COPY MyBlog.Core/MyBlog.Core.csproj MyBlog.Core/
--> Using cache aaa696cb65b279c939a4b49ed9026de4481280814a6e466076cf0a72f284e18b
--> aaa696cb65b2
STEP 11/18: RUN dotnet restore MyBlog.Core/MyBlog.Core.csproj &&     dotnet restore MyBlog.Infrastructure/MyBlog.Infrastructure.csproj &&     dotnet restore MyBlog.Web/MyBlog.Web.csproj &&     dotnet restore MyBlog.E2E/MyBlog.E2E.csproj
--> Using cache df6530599f3bc2d10e357ab437426be3e28ab5006d07886f20e131fbb2eb339d
--> df6530599f3b
STEP 12/18: COPY . .
--> d8a581de86dc
[1/2] STEP 6/12: COPY MyBlog.Infrastructure/MyBlog.Infrastructure.csproj MyBlog.Infrastructure/
--> d819a48a15f0
[1/2] STEP 7/12: COPY MyBlog.Web/MyBlog.Web.csproj MyBlog.Web/
--> f90f438263d9
[1/2] STEP 8/12: RUN dotnet restore MyBlog.Web/MyBlog.Web.csproj
  Determining projects to restore...
--> 76f5848c40f1
STEP 13/18: RUN dotnet build MyBlog.E2E/MyBlog.E2E.csproj -c Release
  Determining projects to restore...
  Restored /src/MyBlog.Core/MyBlog.Core.csproj (in 1.55 sec).
  Restored /src/MyBlog.Core/MyBlog.Core.csproj (in 303 ms).
  Restored /src/MyBlog.Infrastructure/MyBlog.Infrastructure.csproj (in 304 ms).
  Restored /src/MyBlog.E2E/MyBlog.E2E.csproj (in 314 ms).
  Restored /src/MyBlog.Web/MyBlog.Web.csproj (in 509 ms).
  Restored /src/MyBlog.Web/MyBlog.Web.csproj (in 2.58 sec).
  Restored /src/MyBlog.Infrastructure/MyBlog.Infrastructure.csproj (in 3.05 sec).
--> eb19e08fb3a1
[1/2] STEP 9/12: COPY MyBlog.Core/ MyBlog.Core/
--> 34fe39d6753c
[1/2] STEP 10/12: COPY MyBlog.Infrastructure/ MyBlog.Infrastructure/
--> 860120d916db
[1/2] STEP 11/12: COPY MyBlog.Web/ MyBlog.Web/
--> 0670622b25f6
[1/2] STEP 12/12: RUN dotnet publish MyBlog.Web/MyBlog.Web.csproj -c Release -o /app/publish
  MyBlog.Core -> /src/MyBlog.Core/bin/Release/net10.0/MyBlog.Core.dll
  Determining projects to restore...
  MyBlog.Infrastructure -> /src/MyBlog.Infrastructure/bin/Release/net10.0/MyBlog.Infrastructure.dll
  Restored /src/MyBlog.Core/MyBlog.Core.csproj (in 166 ms).
  Restored /src/MyBlog.Infrastructure/MyBlog.Infrastructure.csproj (in 168 ms).
  Restored /src/MyBlog.Web/MyBlog.Web.csproj (in 491 ms).
  MyBlog.Web -> /src/MyBlog.Web/bin/Release/net10.0/MyBlog.Web.dll
  MyBlog.E2E -> /src/MyBlog.E2E/bin/Release/net10.0/MyBlog.E2E.dll

Build succeeded.
    0 Warning(s)
    0 Error(s)

Time Elapsed 00:00:07.83
  MyBlog.Core -> /src/MyBlog.Core/bin/Release/net10.0/MyBlog.Core.dll
--> b7fba6c492c6
STEP 14/18: RUN pwsh ./MyBlog.E2E/bin/Release/net10.0/playwright.ps1 install chromium --with-deps
  MyBlog.Infrastructure -> /src/MyBlog.Infrastructure/bin/Release/net10.0/MyBlog.Infrastructure.dll
Installing dependencies...
Get:1 https://packages.microsoft.com/debian/12/prod bookworm InRelease [3618 B]
Get:2 https://packages.microsoft.com/debian/12/prod bookworm/main arm64 Packages [57.4 kB]
Get:3 http://archive.ubuntu.com/ubuntu noble InRelease [256 kB]
Get:4 http://security.ubuntu.com/ubuntu noble-security InRelease [126 kB]
Get:5 https://packages.microsoft.com/debian/12/prod bookworm/main all Packages [573 B]
Get:6 https://packages.microsoft.com/debian/12/prod bookworm/main amd64 Packages [150 kB]
Get:7 https://packages.microsoft.com/debian/12/prod bookworm/main armhf Packages [19.0 kB]
Get:8 http://security.ubuntu.com/ubuntu noble-security/restricted amd64 Packages [3008 kB]
Get:9 http://archive.ubuntu.com/ubuntu noble-updates InRelease [126 kB]
Get:10 http://archive.ubuntu.com/ubuntu noble-backports InRelease [126 kB]
Get:11 http://archive.ubuntu.com/ubuntu noble/restricted amd64 Packages [117 kB]
Get:12 http://archive.ubuntu.com/ubuntu noble/multiverse amd64 Packages [331 kB]
Get:13 http://archive.ubuntu.com/ubuntu noble/universe amd64 Packages [19.3 MB]
Get:14 http://security.ubuntu.com/ubuntu noble-security/universe amd64 Packages [1194 kB]
Get:15 http://security.ubuntu.com/ubuntu noble-security/main amd64 Packages [1776 kB]
Get:16 http://security.ubuntu.com/ubuntu noble-security/multiverse amd64 Packages [34.8 kB]
  MyBlog.Web -> /src/MyBlog.Web/bin/Release/net10.0/MyBlog.Web.dll
Get:17 http://archive.ubuntu.com/ubuntu noble/main amd64 Packages [1808 kB]
Get:18 http://archive.ubuntu.com/ubuntu noble-updates/multiverse amd64 Packages [37.6 kB]
Get:19 http://archive.ubuntu.com/ubuntu noble-updates/main amd64 Packages [2150 kB]
  MyBlog.Web -> /app/publish/
Get:20 http://archive.ubuntu.com/ubuntu noble-updates/universe amd64 Packages [1967 kB]
Get:21 http://archive.ubuntu.com/ubuntu noble-updates/restricted amd64 Packages [3182 kB]
Get:22 http://archive.ubuntu.com/ubuntu noble-backports/universe amd64 Packages [34.6 kB]
Get:23 http://archive.ubuntu.com/ubuntu noble-backports/main amd64 Packages [49.5 kB]
--> 5ed5768911b1
[2/2] STEP 1/12: FROM mcr.microsoft.com/dotnet/aspnet:10.0 AS runtime
Fetched 35.9 MB in 3s (13.0 MB/s)
Reading package lists...[2/2] STEP 2/12: WORKDIR /app
--> Using cache 7ab200e45b1fba59b74177866b30af0761e035beacbc6a5d1607edc1b649f36a
--> 7ab200e45b1f
[2/2] STEP 3/12: RUN apt-get update && apt-get install -y --no-install-recommends curl && rm -rf /var/lib/apt/lists/*
--> Using cache 1e21b972573d10c4ea9d7b8076e58aed09bb9967e8ee6d5a8c3c77e2cddd1001
--> 1e21b972573d
[2/2] STEP 4/12: RUN useradd -m -s /bin/bash appuser
--> Using cache 7b0ba419cc37495396a1969cd185514b97ee464988ce4bddc954893f0ac664d5
--> 7b0ba419cc37
[2/2] STEP 5/12: RUN mkdir -p /app/data && chown appuser:appuser /app/data
--> Using cache 1a52159880ea26e77195a71342eb88df7e9cb2112f4b48a28ce51dfc69734231
--> 1a52159880ea
[2/2] STEP 6/12: COPY --from=build /app/publish .
--> Using cache 2ea36036da2545cbe9fa8a03635f872527e68f47cb7277bd00905f858dadeb50
--> 2ea36036da25
[2/2] STEP 7/12: ENV ASPNETCORE_URLS=http://+:5000
--> Using cache c861d5ca83ecd62c09ec5a327b201b242d1f8f0d29a46eecae30f1ac4bcf0725
--> c861d5ca83ec
[2/2] STEP 8/12: ENV ASPNETCORE_ENVIRONMENT=Production
--> Using cache 215d5814cea14e1d9e3d16fb5cfdf20558356d877c3049415e07d938b466d486
--> 215d5814cea1
[2/2] STEP 9/12: ENV ConnectionStrings__DefaultConnection="Data Source=/app/data/myblog.db"
--> Using cache 2bbb96c21619bafea7307041372bea076a2f976d825c2c960a1d815263af26d5
--> 2bbb96c21619
[2/2] STEP 10/12: USER appuser
--> Using cache 9a13cf0570f08456555251f29dd558ef753f12ee0d4c75a128cb90ba46f1c716
--> 9a13cf0570f0
[2/2] STEP 11/12: EXPOSE 5000

Reading package lists...--> Using cache 6b27c97e215d683c5a002afd1ea988f7f597123f27129b89496a2df6854fc790
--> 6b27c97e215d
[2/2] STEP 12/12: ENTRYPOINT ["dotnet", "MyBlog.Web.dll"]
--> Using cache 6e7871e4a5b1cefa53c30b66ff7089199170538b8cc81d0acae475f760536726
[2/2] COMMIT myblog_myblog-web
--> 6e7871e4a5b1
Successfully tagged localhost/myblog_myblog-web:latest
6e7871e4a5b1cefa53c30b66ff7089199170538b8cc81d0acae475f760536726

Building dependency tree...
Reading state information...
libdbus-1-3 is already the newest version (1.14.10-4ubuntu4.1).
libdbus-1-3 set to manually installed.
libdrm2 is already the newest version (2.4.122-1~ubuntu0.24.04.2).
libdrm2 set to manually installed.
libgbm1 is already the newest version (25.0.7-0ubuntu0.24.04.2).
libgbm1 set to manually installed.
libglib2.0-0t64 is already the newest version (2.80.0-6ubuntu3.7).
libglib2.0-0t64 set to manually installed.
libx11-6 is already the newest version (2:1.8.7-1build1).
libx11-6 set to manually installed.
libxcb1 is already the newest version (1.15-1ubuntu2).
libxcb1 set to manually installed.
libxcomposite1 is already the newest version (1:0.4.5-1build3).
libxcomposite1 set to manually installed.
libxext6 is already the newest version (2:1.3.4-1build2).
libxext6 set to manually installed.
libxfixes3 is already the newest version (1:6.0.0-2build1).
libxfixes3 set to manually installed.
libxrandr2 is already the newest version (2:1.5.2-2build1).
libxrandr2 set to manually installed.
libfontconfig1 is already the newest version (2.15.0-1.1ubuntu2).
libfontconfig1 set to manually installed.
libfreetype6 is already the newest version (2.13.2+dfsg-1build3).
libfreetype6 set to manually installed.
The following additional packages will be installed:
  at-spi2-common fontconfig libasound2-data libavahi-client3
  libavahi-common-data libavahi-common3 libdatrie1 libfontenc1 libfribidi0
  libgraphite2-3 libharfbuzz0b libpixman-1-0 libthai-data libthai0 libunwind8
  libxcb-render0 libxfont2 x11-xkb-utils xauth xfonts-encodings xfonts-utils
  xkb-data xserver-common
Suggested packages:
  alsa-utils libasound2-plugins cups-common
Recommended packages:
  fonts-ipafont-mincho fonts-liberation-sans-narrow fonts-tlwg-loma
  alsa-ucm-conf alsa-topology-conf at-spi2-core xfonts-base
The following NEW packages will be installed:
  at-spi2-common fontconfig fonts-freefont-ttf fonts-ipafont-gothic
  fonts-liberation fonts-noto-color-emoji fonts-tlwg-loma-otf fonts-unifont
  fonts-wqy-zenhei libasound2-data libasound2t64 libatk-bridge2.0-0t64
  libatk1.0-0t64 libatspi2.0-0t64 libavahi-client3 libavahi-common-data
  libavahi-common3 libcairo2 libcups2t64 libdatrie1 libfontenc1 libfribidi0
  libgraphite2-3 libharfbuzz0b libnspr4 libnss3 libpango-1.0-0 libpixman-1-0
  libthai-data libthai0 libunwind8 libxcb-render0 libxdamage1 libxfont2
  libxkbcommon0 x11-xkb-utils xauth xfonts-cyrillic xfonts-encodings
  xfonts-scalable xfonts-utils xkb-data xserver-common xvfb
0 upgraded, 44 newly installed, 0 to remove and 0 not upgraded.
Need to get 38.8 MB of archives.
After this operation, 116 MB of additional disk space will be used.
Get:1 http://archive.ubuntu.com/ubuntu noble/universe amd64 fonts-ipafont-gothic all 00303-21ubuntu1 [3513 kB]
Get:2 http://archive.ubuntu.com/ubuntu noble/main amd64 libfribidi0 amd64 1.0.13-3build1 [26.1 kB]
Get:3 http://archive.ubuntu.com/ubuntu noble-updates/main amd64 xkb-data all 2.41-2ubuntu1.1 [397 kB]
Get:4 http://archive.ubuntu.com/ubuntu noble/main amd64 libxkbcommon0 amd64 1.6.0-1build1 [122 kB]
Get:5 http://archive.ubuntu.com/ubuntu noble/main amd64 xauth amd64 1:1.1.2-1build1 [25.6 kB]
Get:6 http://archive.ubuntu.com/ubuntu noble/main amd64 at-spi2-common all 2.52.0-1build1 [8674 B]
Get:7 http://archive.ubuntu.com/ubuntu noble/main amd64 fontconfig amd64 2.15.0-1.1ubuntu2 [180 kB]
Get:8 http://archive.ubuntu.com/ubuntu noble/main amd64 fonts-freefont-ttf all 20211204+svn4273-2 [5641 kB]
Get:9 http://archive.ubuntu.com/ubuntu noble/main amd64 fonts-liberation all 1:2.1.5-3 [1603 kB]
Get:10 http://archive.ubuntu.com/ubuntu noble-updates/main amd64 fonts-noto-color-emoji all 2.047-0ubuntu0.24.04.1 [9764 kB]
Get:11 http://archive.ubuntu.com/ubuntu noble/universe amd64 fonts-tlwg-loma-otf all 1:0.7.3-1 [107 kB]
Get:12 http://archive.ubuntu.com/ubuntu noble/universe amd64 fonts-unifont all 1:15.1.01-1build1 [2993 kB]
Get:13 http://archive.ubuntu.com/ubuntu noble/universe amd64 fonts-wqy-zenhei all 0.9.45-8 [7472 kB]
Get:14 http://archive.ubuntu.com/ubuntu noble-updates/main amd64 libasound2-data all 1.2.11-1ubuntu0.1 [21.1 kB]
Get:15 http://archive.ubuntu.com/ubuntu noble-updates/main amd64 libasound2t64 amd64 1.2.11-1ubuntu0.1 [399 kB]
Get:16 http://archive.ubuntu.com/ubuntu noble/main amd64 libatk1.0-0t64 amd64 2.52.0-1build1 [55.3 kB]
Get:17 http://archive.ubuntu.com/ubuntu noble/main amd64 libatspi2.0-0t64 amd64 2.52.0-1build1 [80.5 kB]
Get:18 http://archive.ubuntu.com/ubuntu noble/main amd64 libatk-bridge2.0-0t64 amd64 2.52.0-1build1 [66.0 kB]
Get:19 http://archive.ubuntu.com/ubuntu noble-updates/main amd64 libavahi-common-data amd64 0.8-13ubuntu6.1 [29.9 kB]
Get:20 http://archive.ubuntu.com/ubuntu noble-updates/main amd64 libavahi-common3 amd64 0.8-13ubuntu6.1 [23.4 kB]
Get:21 http://archive.ubuntu.com/ubuntu noble-updates/main amd64 libavahi-client3 amd64 0.8-13ubuntu6.1 [26.8 kB]
Get:22 http://archive.ubuntu.com/ubuntu noble/main amd64 libpixman-1-0 amd64 0.42.2-1build1 [279 kB]
Get:23 http://archive.ubuntu.com/ubuntu noble/main amd64 libxcb-render0 amd64 1.15-1ubuntu2 [16.2 kB]
Get:24 http://archive.ubuntu.com/ubuntu noble/main amd64 libcairo2 amd64 1.18.0-3build1 [566 kB]
Get:25 http://archive.ubuntu.com/ubuntu noble-updates/main amd64 libcups2t64 amd64 2.4.7-1.2ubuntu7.9 [273 kB]
Get:26 http://archive.ubuntu.com/ubuntu noble/main amd64 libdatrie1 amd64 0.2.13-3build1 [19.0 kB]
Get:27 http://archive.ubuntu.com/ubuntu noble/main amd64 libfontenc1 amd64 1:1.1.8-1build1 [14.0 kB]
Get:28 http://archive.ubuntu.com/ubuntu noble/main amd64 libgraphite2-3 amd64 1.3.14-2build1 [73.0 kB]
Get:29 http://archive.ubuntu.com/ubuntu noble/main amd64 libharfbuzz0b amd64 8.3.0-2build2 [469 kB]
Get:30 http://archive.ubuntu.com/ubuntu noble/main amd64 libnspr4 amd64 2:4.35-1.1build1 [117 kB]
Get:31 http://archive.ubuntu.com/ubuntu noble/main amd64 libnss3 amd64 2:3.98-1build1 [1445 kB]
Get:32 http://archive.ubuntu.com/ubuntu noble/main amd64 libthai-data all 0.1.29-2build1 [158 kB]
Get:33 http://archive.ubuntu.com/ubuntu noble/main amd64 libthai0 amd64 0.1.29-2build1 [18.9 kB]
Get:34 http://archive.ubuntu.com/ubuntu noble/main amd64 libpango-1.0-0 amd64 1.52.1+ds-1build1 [231 kB]
Get:35 http://archive.ubuntu.com/ubuntu noble-updates/main amd64 libunwind8 amd64 1.6.2-3build1.1 [55.3 kB]
Get:36 http://archive.ubuntu.com/ubuntu noble/main amd64 libxdamage1 amd64 1:1.1.6-1build1 [6150 B]
Get:37 http://archive.ubuntu.com/ubuntu noble/main amd64 libxfont2 amd64 1:2.0.6-1build1 [93.0 kB]
Get:38 http://archive.ubuntu.com/ubuntu noble/main amd64 x11-xkb-utils amd64 7.7+8build2 [170 kB]
Get:39 http://archive.ubuntu.com/ubuntu noble/main amd64 xfonts-encodings all 1:1.0.5-0ubuntu2 [578 kB]
Get:40 http://archive.ubuntu.com/ubuntu noble/main amd64 xfonts-utils amd64 1:7.7+6build3 [94.4 kB]
Get:41 http://archive.ubuntu.com/ubuntu noble/universe amd64 xfonts-cyrillic all 1:1.0.5+nmu1 [384 kB]
Get:42 http://archive.ubuntu.com/ubuntu noble/main amd64 xfonts-scalable all 1:1.0.3-1.3 [304 kB]
Get:43 http://archive.ubuntu.com/ubuntu noble-updates/main amd64 xserver-common all 2:21.1.12-1ubuntu1.5 [34.6 kB]
Get:44 http://archive.ubuntu.com/ubuntu noble-updates/universe amd64 xvfb amd64 2:21.1.12-1ubuntu1.5 [877 kB]
debconf: delaying package configuration, since apt-utils is not installed
Fetched 38.8 MB in 1s (27.6 MB/s)
Selecting previously unselected package fonts-ipafont-gothic.
(Reading database ... 50881 files and directories currently installed.)
Preparing to unpack .../00-fonts-ipafont-gothic_00303-21ubuntu1_all.deb ...
Unpacking fonts-ipafont-gothic (00303-21ubuntu1) ...
Selecting previously unselected package libfribidi0:amd64.
Preparing to unpack .../01-libfribidi0_1.0.13-3build1_amd64.deb ...
Unpacking libfribidi0:amd64 (1.0.13-3build1) ...
Selecting previously unselected package xkb-data.
Preparing to unpack .../02-xkb-data_2.41-2ubuntu1.1_all.deb ...
Unpacking xkb-data (2.41-2ubuntu1.1) ...
Selecting previously unselected package libxkbcommon0:amd64.
Preparing to unpack .../03-libxkbcommon0_1.6.0-1build1_amd64.deb ...
Unpacking libxkbcommon0:amd64 (1.6.0-1build1) ...
Selecting previously unselected package xauth.
Preparing to unpack .../04-xauth_1%3a1.1.2-1build1_amd64.deb ...
Unpacking xauth (1:1.1.2-1build1) ...
Selecting previously unselected package at-spi2-common.
Preparing to unpack .../05-at-spi2-common_2.52.0-1build1_all.deb ...
Unpacking at-spi2-common (2.52.0-1build1) ...
Selecting previously unselected package fontconfig.
Preparing to unpack .../06-fontconfig_2.15.0-1.1ubuntu2_amd64.deb ...
Unpacking fontconfig (2.15.0-1.1ubuntu2) ...
Selecting previously unselected package fonts-freefont-ttf.
Preparing to unpack .../07-fonts-freefont-ttf_20211204+svn4273-2_all.deb ...
Unpacking fonts-freefont-ttf (20211204+svn4273-2) ...
Selecting previously unselected package fonts-liberation.
Preparing to unpack .../08-fonts-liberation_1%3a2.1.5-3_all.deb ...
Unpacking fonts-liberation (1:2.1.5-3) ...
Selecting previously unselected package fonts-noto-color-emoji.
Preparing to unpack .../09-fonts-noto-color-emoji_2.047-0ubuntu0.24.04.1_all.deb ...
Unpacking fonts-noto-color-emoji (2.047-0ubuntu0.24.04.1) ...
Selecting previously unselected package fonts-tlwg-loma-otf.
Preparing to unpack .../10-fonts-tlwg-loma-otf_1%3a0.7.3-1_all.deb ...
Unpacking fonts-tlwg-loma-otf (1:0.7.3-1) ...
Selecting previously unselected package fonts-unifont.
Preparing to unpack .../11-fonts-unifont_1%3a15.1.01-1build1_all.deb ...
Unpacking fonts-unifont (1:15.1.01-1build1) ...
Selecting previously unselected package fonts-wqy-zenhei.
Preparing to unpack .../12-fonts-wqy-zenhei_0.9.45-8_all.deb ...
Unpacking fonts-wqy-zenhei (0.9.45-8) ...
Selecting previously unselected package libasound2-data.
Preparing to unpack .../13-libasound2-data_1.2.11-1ubuntu0.1_all.deb ...
Unpacking libasound2-data (1.2.11-1ubuntu0.1) ...
Selecting previously unselected package libasound2t64:amd64.
Preparing to unpack .../14-libasound2t64_1.2.11-1ubuntu0.1_amd64.deb ...
Unpacking libasound2t64:amd64 (1.2.11-1ubuntu0.1) ...
Selecting previously unselected package libatk1.0-0t64:amd64.
Preparing to unpack .../15-libatk1.0-0t64_2.52.0-1build1_amd64.deb ...
Unpacking libatk1.0-0t64:amd64 (2.52.0-1build1) ...
Selecting previously unselected package libatspi2.0-0t64:amd64.
Preparing to unpack .../16-libatspi2.0-0t64_2.52.0-1build1_amd64.deb ...
Unpacking libatspi2.0-0t64:amd64 (2.52.0-1build1) ...
Selecting previously unselected package libatk-bridge2.0-0t64:amd64.
Preparing to unpack .../17-libatk-bridge2.0-0t64_2.52.0-1build1_amd64.deb ...
Unpacking libatk-bridge2.0-0t64:amd64 (2.52.0-1build1) ...
Selecting previously unselected package libavahi-common-data:amd64.
Preparing to unpack .../18-libavahi-common-data_0.8-13ubuntu6.1_amd64.deb ...
Unpacking libavahi-common-data:amd64 (0.8-13ubuntu6.1) ...
Selecting previously unselected package libavahi-common3:amd64.
Preparing to unpack .../19-libavahi-common3_0.8-13ubuntu6.1_amd64.deb ...
Unpacking libavahi-common3:amd64 (0.8-13ubuntu6.1) ...
Selecting previously unselected package libavahi-client3:amd64.
Preparing to unpack .../20-libavahi-client3_0.8-13ubuntu6.1_amd64.deb ...
Unpacking libavahi-client3:amd64 (0.8-13ubuntu6.1) ...
Selecting previously unselected package libpixman-1-0:amd64.
Preparing to unpack .../21-libpixman-1-0_0.42.2-1build1_amd64.deb ...
Unpacking libpixman-1-0:amd64 (0.42.2-1build1) ...
Selecting previously unselected package libxcb-render0:amd64.
Preparing to unpack .../22-libxcb-render0_1.15-1ubuntu2_amd64.deb ...
Unpacking libxcb-render0:amd64 (1.15-1ubuntu2) ...
Selecting previously unselected package libcairo2:amd64.
Preparing to unpack .../23-libcairo2_1.18.0-3build1_amd64.deb ...
Unpacking libcairo2:amd64 (1.18.0-3build1) ...
Selecting previously unselected package libcups2t64:amd64.
Preparing to unpack .../24-libcups2t64_2.4.7-1.2ubuntu7.9_amd64.deb ...
Unpacking libcups2t64:amd64 (2.4.7-1.2ubuntu7.9) ...
Selecting previously unselected package libdatrie1:amd64.
Preparing to unpack .../25-libdatrie1_0.2.13-3build1_amd64.deb ...
Unpacking libdatrie1:amd64 (0.2.13-3build1) ...
Selecting previously unselected package libfontenc1:amd64.
Preparing to unpack .../26-libfontenc1_1%3a1.1.8-1build1_amd64.deb ...
Unpacking libfontenc1:amd64 (1:1.1.8-1build1) ...
Selecting previously unselected package libgraphite2-3:amd64.
Preparing to unpack .../27-libgraphite2-3_1.3.14-2build1_amd64.deb ...
Unpacking libgraphite2-3:amd64 (1.3.14-2build1) ...
Selecting previously unselected package libharfbuzz0b:amd64.
Preparing to unpack .../28-libharfbuzz0b_8.3.0-2build2_amd64.deb ...
Unpacking libharfbuzz0b:amd64 (8.3.0-2build2) ...
Selecting previously unselected package libnspr4:amd64.
Preparing to unpack .../29-libnspr4_2%3a4.35-1.1build1_amd64.deb ...
Unpacking libnspr4:amd64 (2:4.35-1.1build1) ...
Selecting previously unselected package libnss3:amd64.
Preparing to unpack .../30-libnss3_2%3a3.98-1build1_amd64.deb ...
Unpacking libnss3:amd64 (2:3.98-1build1) ...
Selecting previously unselected package libthai-data.
Preparing to unpack .../31-libthai-data_0.1.29-2build1_all.deb ...
Unpacking libthai-data (0.1.29-2build1) ...
Selecting previously unselected package libthai0:amd64.
Preparing to unpack .../32-libthai0_0.1.29-2build1_amd64.deb ...
Unpacking libthai0:amd64 (0.1.29-2build1) ...
Selecting previously unselected package libpango-1.0-0:amd64.
Preparing to unpack .../33-libpango-1.0-0_1.52.1+ds-1build1_amd64.deb ...
Unpacking libpango-1.0-0:amd64 (1.52.1+ds-1build1) ...
Selecting previously unselected package libunwind8:amd64.
Preparing to unpack .../34-libunwind8_1.6.2-3build1.1_amd64.deb ...
Unpacking libunwind8:amd64 (1.6.2-3build1.1) ...
Selecting previously unselected package libxdamage1:amd64.
Preparing to unpack .../35-libxdamage1_1%3a1.1.6-1build1_amd64.deb ...
Unpacking libxdamage1:amd64 (1:1.1.6-1build1) ...
Selecting previously unselected package libxfont2:amd64.
Preparing to unpack .../36-libxfont2_1%3a2.0.6-1build1_amd64.deb ...
Unpacking libxfont2:amd64 (1:2.0.6-1build1) ...
Selecting previously unselected package x11-xkb-utils.
Preparing to unpack .../37-x11-xkb-utils_7.7+8build2_amd64.deb ...
Unpacking x11-xkb-utils (7.7+8build2) ...
Selecting previously unselected package xfonts-encodings.
Preparing to unpack .../38-xfonts-encodings_1%3a1.0.5-0ubuntu2_all.deb ...
Unpacking xfonts-encodings (1:1.0.5-0ubuntu2) ...
Selecting previously unselected package xfonts-utils.
Preparing to unpack .../39-xfonts-utils_1%3a7.7+6build3_amd64.deb ...
Unpacking xfonts-utils (1:7.7+6build3) ...
Selecting previously unselected package xfonts-cyrillic.
Preparing to unpack .../40-xfonts-cyrillic_1%3a1.0.5+nmu1_all.deb ...
Unpacking xfonts-cyrillic (1:1.0.5+nmu1) ...
Selecting previously unselected package xfonts-scalable.
Preparing to unpack .../41-xfonts-scalable_1%3a1.0.3-1.3_all.deb ...
Unpacking xfonts-scalable (1:1.0.3-1.3) ...
Selecting previously unselected package xserver-common.
Preparing to unpack .../42-xserver-common_2%3a21.1.12-1ubuntu1.5_all.deb ...
Unpacking xserver-common (2:21.1.12-1ubuntu1.5) ...
Selecting previously unselected package xvfb.
Preparing to unpack .../43-xvfb_2%3a21.1.12-1ubuntu1.5_amd64.deb ...
Unpacking xvfb (2:21.1.12-1ubuntu1.5) ...
Setting up libgraphite2-3:amd64 (1.3.14-2build1) ...
Setting up libpixman-1-0:amd64 (0.42.2-1build1) ...
Setting up fontconfig (2.15.0-1.1ubuntu2) ...
Regenerating fonts cache... done.
Setting up libxdamage1:amd64 (1:1.1.6-1build1) ...
Setting up libdatrie1:amd64 (0.2.13-3build1) ...
Setting up fonts-noto-color-emoji (2.047-0ubuntu0.24.04.1) ...
Setting up libxcb-render0:amd64 (1.15-1ubuntu2) ...
Setting up x11-xkb-utils (7.7+8build2) ...
Setting up fonts-wqy-zenhei (0.9.45-8) ...
Setting up fonts-freefont-ttf (20211204+svn4273-2) ...
Setting up xkb-data (2.41-2ubuntu1.1) ...
Setting up libunwind8:amd64 (1.6.2-3build1.1) ...
Setting up libcairo2:amd64 (1.18.0-3build1) ...
Setting up libasound2-data (1.2.11-1ubuntu0.1) ...
Setting up libfontenc1:amd64 (1:1.1.8-1build1) ...
Setting up libasound2t64:amd64 (1.2.11-1ubuntu0.1) ...
Setting up fonts-tlwg-loma-otf (1:0.7.3-1) ...
Setting up libnspr4:amd64 (2:4.35-1.1build1) ...
Setting up libavahi-common-data:amd64 (0.8-13ubuntu6.1) ...
Setting up libatspi2.0-0t64:amd64 (2.52.0-1build1) ...
Setting up xfonts-encodings (1:1.0.5-0ubuntu2) ...
Setting up libfribidi0:amd64 (1.0.13-3build1) ...
Setting up fonts-ipafont-gothic (00303-21ubuntu1) ...
update-alternatives: using /usr/share/fonts/opentype/ipafont-gothic/ipag.ttf to provide /usr/share/fonts/truetype/fonts-japanese-gothic.ttf (fonts-japanese-gothic.ttf) in auto mode
Setting up xauth (1:1.1.2-1build1) ...
Setting up at-spi2-common (2.52.0-1build1) ...
Setting up fonts-liberation (1:2.1.5-3) ...
Setting up libharfbuzz0b:amd64 (8.3.0-2build2) ...
Setting up libthai-data (0.1.29-2build1) ...
Setting up xserver-common (2:21.1.12-1ubuntu1.5) ...
Setting up libxfont2:amd64 (1:2.0.6-1build1) ...
Setting up fonts-unifont (1:15.1.01-1build1) ...
Setting up libxkbcommon0:amd64 (1.6.0-1build1) ...
Setting up libatk1.0-0t64:amd64 (2.52.0-1build1) ...
Setting up xvfb (2:21.1.12-1ubuntu1.5) ...
Setting up libavahi-common3:amd64 (0.8-13ubuntu6.1) ...
Setting up libnss3:amd64 (2:3.98-1build1) ...
Setting up xfonts-utils (1:7.7+6build3) ...
Setting up libthai0:amd64 (0.1.29-2build1) ...
Setting up xfonts-cyrillic (1:1.0.5+nmu1) ...
Setting up libavahi-client3:amd64 (0.8-13ubuntu6.1) ...
Setting up xfonts-scalable (1:1.0.3-1.3) ...
Setting up libatk-bridge2.0-0t64:amd64 (2.52.0-1build1) ...
Setting up libpango-1.0-0:amd64 (1.52.1+ds-1build1) ...
Setting up libcups2t64:amd64 (2.4.7-1.2ubuntu7.9) ...
Processing triggers for libc-bin (2.39-0ubuntu8.6) ...
Downloading Chromium 143.0.7499.4 (playwright build v1200) from https://cdn.playwright.dev/dbazure/download/playwright/builds/chromium/1200/chromium-linux.zip
(node:703) [DEP0169] DeprecationWarning: `url.parse()` behavior is not standardized and prone to errors that have security implications. Use the WHATWG URL API instead. CVEs are not issued for `url.parse()` vulnerabilities.
(Use `node --trace-deprecation ...` to show where the warning was created)
|                                                                                |   0% of 164.7 MiB
|■■■■■■■■                                                                        |  10% of 164.7 MiB
|■■■■■■■■■■■■■■■■                                                                |  20% of 164.7 MiB
|■■■■■■■■■■■■■■■■■■■■■■■■                                                        |  30% of 164.7 MiB
|■■■■■■■■■■■■■■■■■■■■■■■■■■■■■■■■                                                |  40% of 164.7 MiB
|■■■■■■■■■■■■■■■■■■■■■■■■■■■■■■■■■■■■■■■■                                        |  50% of 164.7 MiB
|■■■■■■■■■■■■■■■■■■■■■■■■■■■■■■■■■■■■■■■■■■■■■■■■                                |  60% of 164.7 MiB
|■■■■■■■■■■■■■■■■■■■■■■■■■■■■■■■■■■■■■■■■■■■■■■■■■■■■■■■■                        |  70% of 164.7 MiB
|■■■■■■■■■■■■■■■■■■■■■■■■■■■■■■■■■■■■■■■■■■■■■■■■■■■■■■■■■■■■■■■■                |  80% of 164.7 MiB
|■■■■■■■■■■■■■■■■■■■■■■■■■■■■■■■■■■■■■■■■■■■■■■■■■■■■■■■■■■■■■■■■■■■■■■■■        |  90% of 164.7 MiB
|■■■■■■■■■■■■■■■■■■■■■■■■■■■■■■■■■■■■■■■■■■■■■■■■■■■■■■■■■■■■■■■■■■■■■■■■■■■■■■■■| 100% of 164.7 MiB
Chromium 143.0.7499.4 (playwright build v1200) downloaded to /root/.cache/ms-playwright/chromium-1200
Downloading FFMPEG playwright build v1011 from https://cdn.playwright.dev/dbazure/download/playwright/builds/ffmpeg/1011/ffmpeg-linux.zip
(node:714) [DEP0169] DeprecationWarning: `url.parse()` behavior is not standardized and prone to errors that have security implications. Use the WHATWG URL API instead. CVEs are not issued for `url.parse()` vulnerabilities.
(Use `node --trace-deprecation ...` to show where the warning was created)
|                                                                                |   0% of 2.3 MiB
|■■■■■■■■                                                                        |  10% of 2.3 MiB
|■■■■■■■■■■■■■■■■                                                                |  20% of 2.3 MiB
|■■■■■■■■■■■■■■■■■■■■■■■■                                                        |  30% of 2.3 MiB
|■■■■■■■■■■■■■■■■■■■■■■■■■■■■■■■■                                                |  40% of 2.3 MiB
|■■■■■■■■■■■■■■■■■■■■■■■■■■■■■■■■■■■■■■■■                                        |  50% of 2.3 MiB
|■■■■■■■■■■■■■■■■■■■■■■■■■■■■■■■■■■■■■■■■■■■■■■■■                                |  60% of 2.3 MiB
|■■■■■■■■■■■■■■■■■■■■■■■■■■■■■■■■■■■■■■■■■■■■■■■■■■■■■■■■                        |  70% of 2.3 MiB
|■■■■■■■■■■■■■■■■■■■■■■■■■■■■■■■■■■■■■■■■■■■■■■■■■■■■■■■■■■■■■■■■                |  80% of 2.3 MiB
|■■■■■■■■■■■■■■■■■■■■■■■■■■■■■■■■■■■■■■■■■■■■■■■■■■■■■■■■■■■■■■■■■■■■■■■■        |  90% of 2.3 MiB
|■■■■■■■■■■■■■■■■■■■■■■■■■■■■■■■■■■■■■■■■■■■■■■■■■■■■■■■■■■■■■■■■■■■■■■■■■■■■■■■■| 100% of 2.3 MiB
FFMPEG playwright build v1011 downloaded to /root/.cache/ms-playwright/ffmpeg-1011
Downloading Chromium Headless Shell 143.0.7499.4 (playwright build v1200) from https://cdn.playwright.dev/dbazure/download/playwright/builds/chromium/1200/chromium-headless-shell-linux.zip
(node:725) [DEP0169] DeprecationWarning: `url.parse()` behavior is not standardized and prone to errors that have security implications. Use the WHATWG URL API instead. CVEs are not issued for `url.parse()` vulnerabilities.
(Use `node --trace-deprecation ...` to show where the warning was created)
|                                                                                |   0% of 109.7 MiB
|■■■■■■■■                                                                        |  10% of 109.7 MiB
|■■■■■■■■■■■■■■■■                                                                |  20% of 109.7 MiB
|■■■■■■■■■■■■■■■■■■■■■■■■                                                        |  30% of 109.7 MiB
|■■■■■■■■■■■■■■■■■■■■■■■■■■■■■■■■                                                |  40% of 109.7 MiB
|■■■■■■■■■■■■■■■■■■■■■■■■■■■■■■■■■■■■■■■■                                        |  50% of 109.7 MiB
|■■■■■■■■■■■■■■■■■■■■■■■■■■■■■■■■■■■■■■■■■■■■■■■■                                |  60% of 109.7 MiB
|■■■■■■■■■■■■■■■■■■■■■■■■■■■■■■■■■■■■■■■■■■■■■■■■■■■■■■■■                        |  70% of 109.7 MiB
|■■■■■■■■■■■■■■■■■■■■■■■■■■■■■■■■■■■■■■■■■■■■■■■■■■■■■■■■■■■■■■■■                |  80% of 109.7 MiB
|■■■■■■■■■■■■■■■■■■■■■■■■■■■■■■■■■■■■■■■■■■■■■■■■■■■■■■■■■■■■■■■■■■■■■■■■        |  90% of 109.7 MiB
|■■■■■■■■■■■■■■■■■■■■■■■■■■■■■■■■■■■■■■■■■■■■■■■■■■■■■■■■■■■■■■■■■■■■■■■■■■■■■■■■| 100% of 109.7 MiB
Chromium Headless Shell 143.0.7499.4 (playwright build v1200) downloaded to /root/.cache/ms-playwright/chromium_headless_shell-1200
--> 9f3bc20392d3
STEP 15/18: WORKDIR /src/MyBlog.E2E
--> cbf9a8290ba9
STEP 16/18: ENV MYBLOG_BASE_URL=http://myblog-web:5000
--> a8fdb7dcf116
STEP 17/18: ENV PLAYWRIGHT_HEADLESS=true
--> 5ee50d8820f9
STEP 18/18: ENTRYPOINT ["dotnet", "run", "-c", "Release", "--no-build"]
COMMIT myblog_myblog-e2e
--> 98855073ab81
Successfully tagged localhost/myblog_myblog-e2e:latest
98855073ab8193174670aeb94a7ded213e0dd0e326368fad1564c4b686175a34
[INFO] Starting MyBlog web service...
9c66bd9d55be736bff9e1cb0357fe29ff35eee9b7e121f1ef37cdfade895b32c
dcca1136e86028a67a9996d7c7147aae9b9b99b48af80f3fd6b30c44adddd758
myblog-web
[INFO] Waiting for MyBlog to be ready...
.
[INFO] MyBlog is ready!
[INFO] Running E2E tests...
e8e1e3befd813861cd405153e583c4e1cf6822f02dbefebfe5890e99f8f19063
[myblog-web] | cannot open `/run/user/1000/crun/dcca1136e86028a67a9996d7c7147aae9b9b99b48af80f3fd6b30c44adddd758/exec.fifo`: No such file or directory
[myblog-web] | Error: unable to start container dcca1136e86028a67a9996d7c7147aae9b9b99b48af80f3fd6b30c44adddd758: `/usr/bin/crun start dcca1136e86028a67a9996d7c7147aae9b9b99b48af80f3fd6b30c44adddd758` failed: exit status 1
[myblog-e2e] | xUnit.net v3 In-Process Runner v3.2.2+728c1dce01 (64-bit .NET 10.0.2)
[myblog-e2e] |   Discovering: MyBlog.E2E
[myblog-e2e] |   Discovered:  MyBlog.E2E
[myblog-e2e] |   Starting:    MyBlog.E2E
[myblog-e2e] |   Finished:    MyBlog.E2E (ID = '4d488734a9156ea8719a93bca3e9cb47dfeac4715a7981582060bf185a1e7bf4')
[myblog-e2e] | === TEST EXECUTION SUMMARY ===
[myblog-e2e] |    MyBlog.E2E  Total: 78, Errors: 0, Failed: 0, Skipped: 0, Not Run: 0, Time: 25.095s
[myblog-e2e] | 
[INFO] Capturing logs...
[INFO] Cleaning up...
myblog-e2e
myblog-web
myblog-e2e
myblog-web
myblog_myblog-data
9c66bd9d55be736bff9e1cb0357fe29ff35eee9b7e121f1ef37cdfade895b32c
myblog_myblog-network
[INFO] E2E tests passed! ✓

real	1m13.719s
user	0m34.238s
sys	0m19.880s
kushal@fedora:~/src/dotnet/MyBlog$ cd ~/src/dotnet/MyBlog/ && export DOTNET_CLI_TELEMETRY_OPTOUT=1 && (cd src && time dotnet format; time dotnet restore; time dotnet clean; time dotnet build; time dotnet run --project MyBlog.Tests/MyBlog.Tests.csproj; time dotnet list package; time dotnet list package --outdated); cd ~/src/dotnet/MyBlog/ && time bash export.sh; cat run-e2e.sh; time bash run-e2e.sh --clean; time bash run-e2e.sh;

real	0m8.314s
user	0m15.853s
sys	0m0.974s
Restore complete (0.4s)

Build succeeded in 0.5s

real	0m0.692s
user	0m0.776s
sys	0m0.143s

Build succeeded in 0.5s

real	0m0.630s
user	0m0.652s
sys	0m0.149s
Restore complete (0.5s)
  MyBlog.Core net10.0 succeeded (0.3s) → MyBlog.Core/bin/Debug/net10.0/MyBlog.Core.dll
  MyBlog.Infrastructure net10.0 succeeded (0.2s) → MyBlog.Infrastructure/bin/Debug/net10.0/MyBlog.Infrastructure.dll
  MyBlog.Web net10.0 succeeded (0.5s) → MyBlog.Web/bin/Debug/net10.0/MyBlog.Web.dll
  MyBlog.Tests net10.0 succeeded (0.4s) → MyBlog.Tests/bin/Debug/net10.0/MyBlog.Tests.dll
  MyBlog.E2E net10.0 succeeded (0.5s) → MyBlog.E2E/bin/Debug/net10.0/MyBlog.E2E.dll

Build succeeded in 2.2s

real	0m2.359s
user	0m1.665s
sys	0m0.413s
xUnit.net v3 In-Process Runner v3.2.2+728c1dce01 (64-bit .NET 10.0.2)
  Discovering: MyBlog.Tests
  Discovered:  MyBlog.Tests
  Starting:    MyBlog.Tests
    MyBlog.Tests.Unit.MarkdownServiceEdgeCaseTests.ToHtml_WithEmojiInContent_PreservesEmoji [FAIL]
      Assert.Contains() Failure: Sub-string not found
      String:    "<p>Hello &#128075; World &#127757;</p>\n"
      Not found: "👋"
      Stack Trace:
        MyBlog.Tests/Unit/MarkdownServiceEdgeCaseTests.cs(204,0): at MyBlog.Tests.Unit.MarkdownServiceEdgeCaseTests.ToHtml_WithEmojiInContent_PreservesEmoji()
        --- End of stack trace from previous location ---
    MyBlog.Tests.Unit.MarkdownServiceEdgeCaseTests.ToHtml_WithNestedBoldAndItalic_ProcessesBothCorrectly [FAIL]
      Assert.Contains() Failure: Sub-string not found
      String:    "<p>This is **bold with <em>nested italic</em> insi"···
      Not found: "<strong>bold with <em>nested italic</em> inside</s"···
      Stack Trace:
        MyBlog.Tests/Unit/MarkdownServiceEdgeCaseTests.cs(34,0): at MyBlog.Tests.Unit.MarkdownServiceEdgeCaseTests.ToHtml_WithNestedBoldAndItalic_ProcessesBothCorrectly()
        --- End of stack trace from previous location ---
  Finished:    MyBlog.Tests (ID = '24cedafe73dab5684218bb3cf04cfd49ae8ce3b87ae799399cb2e301cbc1e755')
=== TEST EXECUTION SUMMARY ===
   MyBlog.Tests  Total: 182, Errors: 0, Failed: 2, Skipped: 0, Not Run: 0, Time: 43.874s

real	0m45.664s
user	0m49.583s
sys	0m0.782s
Restore complete (0.5s)

Build succeeded in 0.6s
Project 'MyBlog.Core' has the following package references
   [net10.0]: 
   Top-level Package                   Requested   Resolved
   > Microsoft.Extensions.Logging      10.0.2      10.0.2  

Project 'MyBlog.E2E' has the following package references
   [net10.0]: 
   Top-level Package             Requested   Resolved
   > Microsoft.NET.Test.Sdk      18.0.1      18.0.1  
   > Microsoft.Playwright        1.57.0      1.57.0  
   > xunit.v3                    3.2.2       3.2.2   

Project 'MyBlog.Infrastructure' has the following package references
   [net10.0]: 
   Top-level Package                           Requested   Resolved
   > Microsoft.AspNetCore.Identity             2.3.9       2.3.9   
   > Microsoft.EntityFrameworkCore.Sqlite      10.0.2      10.0.2  
   > Microsoft.Extensions.Http                 10.0.2      10.0.2  
   > OpenTelemetry                             1.15.0      1.15.0  

Project 'MyBlog.Tests' has the following package references
   [net10.0]: 
   Top-level Package                             Requested   Resolved
   > Microsoft.EntityFrameworkCore.Sqlite        10.0.2      10.0.2  
   > Microsoft.NET.Test.Sdk                      18.0.1      18.0.1  
   > Microsoft.Testing.Extensions.TrxReport      2.0.2       2.0.2   
   > xunit.v3                                    3.2.2       3.2.2   

Project 'MyBlog.Web' has the following package references
   [net10.0]: 
   Top-level Package                                  Requested    Resolved
   > Microsoft.AspNetCore.App.Internal.Assets   (A)   [10.0.2, )   10.0.2  
   > Microsoft.AspNetCore.SignalR.Client              10.0.2       10.0.2  
   > OpenTelemetry.Exporter.Console                   1.15.0       1.15.0  
   > OpenTelemetry.Extensions.Hosting                 1.15.0       1.15.0  
   > OpenTelemetry.Instrumentation.AspNetCore         1.15.0       1.15.0  
   > OpenTelemetry.Instrumentation.Http               1.15.0       1.15.0  

(A) : Auto-referenced package.

real	0m1.637s
user	0m1.649s
sys	0m0.423s
Restore complete (0.5s)

Build succeeded in 0.6s

The following sources were used:
   https://api.nuget.org/v3/index.json

The given project `MyBlog.Core` has no updates given the current sources.
The given project `MyBlog.E2E` has no updates given the current sources.
The given project `MyBlog.Infrastructure` has no updates given the current sources.
The given project `MyBlog.Tests` has no updates given the current sources.
The given project `MyBlog.Web` has no updates given the current sources.

real	0m3.358s
user	0m2.382s
sys	0m0.453s
==============================================
  Project Export for LLM Analysis
==============================================

Project Path: /home/kushal/src/dotnet/MyBlog
Output File:  docs/llm/dump.txt

Generating directory structure...
Collecting files...
Found 126 files to export

Processing (1/126): docker-compose.e2e.yml
Processing (2/126): docker-compose.yml
Processing (3/126): .editorconfig
Processing (4/126): export.sh
Processing (5/126): .github/workflows/build-deploy.yml
Processing (6/126): .gitignore
Processing (7/126): README.md
Processing (8/126): run-e2e.sh
Processing (9/126): src/Directory.Build.props
Processing (10/126): src/Directory.Packages.props
Processing (11/126): src/.github/workflows/build-deploy.yml
Processing (12/126): src/global.json
Processing (13/126): src/MyBlog.Core/Constants/AppConstants.cs
Processing (14/126): src/MyBlog.Core/Interfaces/IAuthService.cs
Processing (15/126): src/MyBlog.Core/Interfaces/IImageDimensionService.cs
Processing (16/126): src/MyBlog.Core/Interfaces/IImageRepository.cs
Processing (17/126): src/MyBlog.Core/Interfaces/IMarkdownService.cs
Processing (18/126): src/MyBlog.Core/Interfaces/IPasswordService.cs
Processing (19/126): src/MyBlog.Core/Interfaces/IPostRepository.cs
Processing (20/126): src/MyBlog.Core/Interfaces/IReaderTrackingService.cs
Processing (21/126): src/MyBlog.Core/Interfaces/ISlugService.cs
Processing (22/126): src/MyBlog.Core/Interfaces/ITelemetryLogRepository.cs
Processing (23/126): src/MyBlog.Core/Interfaces/IUserRepository.cs
Processing (24/126): src/MyBlog.Core/Models/Image.cs
Processing (25/126): src/MyBlog.Core/Models/ImageDimensionCache.cs
Processing (26/126): src/MyBlog.Core/Models/Post.cs
Processing (27/126): src/MyBlog.Core/Models/PostDto.cs
Processing (28/126): src/MyBlog.Core/Models/TelemetryLog.cs
Processing (29/126): src/MyBlog.Core/Models/User.cs
Processing (30/126): src/MyBlog.Core/MyBlog.Core.csproj
Processing (31/126): src/MyBlog.Core/Services/MarkdownService.cs
Processing (32/126): src/MyBlog.Core/Services/SlugService.cs
Processing (33/126): src/MyBlog.E2E/Dockerfile
Processing (34/126): src/MyBlog.E2E/MyBlog.E2E.csproj
Processing (35/126): src/MyBlog.E2E/PlaywrightCollection.cs
Processing (36/126): src/MyBlog.E2E/PlaywrightFixture.cs
Processing (37/126): src/MyBlog.E2E/Tests/AboutPageTests.cs
Processing (38/126): src/MyBlog.E2E/Tests/AdminPageTests.cs
Processing (39/126): src/MyBlog.E2E/Tests/AuthenticationTests.cs
Processing (40/126): src/MyBlog.E2E/Tests/HomePageTests.cs
Processing (41/126): src/MyBlog.E2E/Tests/LoginPageTests.cs
Processing (42/126): src/MyBlog.E2E/Tests/NavigationTests.cs
Processing (43/126): src/MyBlog.E2E/Tests/SeoTests.cs
Processing (44/126): src/MyBlog.E2E/Tests/ThemeSwitcherTests.cs
Processing (45/126): src/MyBlog.Infrastructure/Data/BlogDbContext.cs
Processing (46/126): src/MyBlog.Infrastructure/Data/DatabasePathResolver.cs
Processing (47/126): src/MyBlog.Infrastructure/Data/DatabaseSchemaUpdater.cs
Processing (48/126): src/MyBlog.Infrastructure/MyBlog.Infrastructure.csproj
Processing (49/126): src/MyBlog.Infrastructure/Repositories/ImageRepository.cs
Processing (50/126): src/MyBlog.Infrastructure/Repositories/PostRepository.cs
Processing (51/126): src/MyBlog.Infrastructure/Repositories/TelemetryLogRepository.cs
Processing (52/126): src/MyBlog.Infrastructure/Repositories/UserRepository.cs
Processing (53/126): src/MyBlog.Infrastructure/ServiceCollectionExtensions.cs
Processing (54/126): src/MyBlog.Infrastructure/Services/AuthService.cs
Processing (55/126): src/MyBlog.Infrastructure/Services/ImageCacheWarmerService.cs
Processing (56/126): src/MyBlog.Infrastructure/Services/ImageDimensionService.cs
Processing (57/126): src/MyBlog.Infrastructure/Services/PasswordService.cs
Processing (58/126): src/MyBlog.Infrastructure/Services/ReaderTrackingService.cs
Processing (59/126): src/MyBlog.Infrastructure/Services/TelemetryCleanupService.cs
Processing (60/126): src/MyBlog.Infrastructure/Telemetry/DatabaseLogExporter.cs
Processing (61/126): src/MyBlog.Infrastructure/Telemetry/FileLogExporter.cs
Processing (62/126): src/MyBlog.Infrastructure/Telemetry/TelemetryPathResolver.cs
Processing (63/126): src/MyBlog.slnx
Processing (64/126): src/MyBlog.Tests/Integration/AuthServiceLongPasswordTests.cs
Processing (65/126): src/MyBlog.Tests/Integration/AuthServiceTests.cs
Processing (66/126): src/MyBlog.Tests/Integration/ImageRepositoryTests.cs
Processing (67/126): src/MyBlog.Tests/Integration/PasswordChangeTests.cs
Processing (68/126): src/MyBlog.Tests/Integration/PostRepositoryExtendedTests.cs
Processing (69/126): src/MyBlog.Tests/Integration/PostRepositoryTests.cs
Processing (70/126): src/MyBlog.Tests/Integration/TelemetryCleanupTests.cs
Processing (71/126): src/MyBlog.Tests/Integration/TelemetryLogRepositoryTests.cs
Processing (72/126): src/MyBlog.Tests/Integration/UserRepositoryTests.cs
Processing (73/126): src/MyBlog.Tests/MyBlog.Tests.csproj
Processing (74/126): src/MyBlog.Tests/Unit/DatabasePathResolverTests.cs
Processing (75/126): src/MyBlog.Tests/Unit/LoginRateLimitMiddlewareTests.cs
Processing (76/126): src/MyBlog.Tests/Unit/MarkdownServiceEdgeCaseTests.cs
Processing (77/126): src/MyBlog.Tests/Unit/MarkdownServiceTests.cs
Processing (78/126): src/MyBlog.Tests/Unit/PasswordServiceTests.cs
Processing (79/126): src/MyBlog.Tests/Unit/ReaderTrackingServiceTests.cs
Processing (80/126): src/MyBlog.Tests/Unit/SlugServiceTests.cs
Processing (81/126): src/MyBlog.Web/appsettings.Development.json
Processing (82/126): src/MyBlog.Web/appsettings.json
Processing (83/126): src/MyBlog.Web/Components/App.razor
Processing (84/126): src/MyBlog.Web/Components/_Imports.razor
Processing (85/126): src/MyBlog.Web/Components/Layout/MainLayout.razor
Processing (86/126): src/MyBlog.Web/Components/Pages/About.razor
Processing (87/126): src/MyBlog.Web/Components/Pages/About.razor.css
Processing (88/126): src/MyBlog.Web/Components/Pages/AccessDenied.razor
Processing (89/126): src/MyBlog.Web/Components/Pages/Admin/ChangePassword.razor
Processing (90/126): src/MyBlog.Web/Components/Pages/Admin/ChangePassword.razor.css
Processing (91/126): src/MyBlog.Web/Components/Pages/Admin/Dashboard.razor
Processing (92/126): src/MyBlog.Web/Components/Pages/Admin/Dashboard.razor.css
Processing (93/126): src/MyBlog.Web/Components/Pages/Admin/ImageManager.razor
Processing (94/126): src/MyBlog.Web/Components/Pages/Admin/ImageManager.razor.css
Processing (95/126): src/MyBlog.Web/Components/Pages/Admin/PostEditor.razor
Processing (96/126): src/MyBlog.Web/Components/Pages/Admin/PostEditor.razor.css
Processing (97/126): src/MyBlog.Web/Components/Pages/Admin/PostList.razor
Processing (98/126): src/MyBlog.Web/Components/Pages/Admin/UserEditor.razor
Processing (99/126): src/MyBlog.Web/Components/Pages/Admin/UserEditor.razor.css
Processing (100/126): src/MyBlog.Web/Components/Pages/Admin/UserList.razor
Processing (101/126): src/MyBlog.Web/Components/Pages/Admin/UserList.razor.css
Processing (102/126): src/MyBlog.Web/Components/Pages/Home.razor
Processing (103/126): src/MyBlog.Web/Components/Pages/Login.razor
Processing (104/126): src/MyBlog.Web/Components/Pages/Login.razor.css
Processing (105/126): src/MyBlog.Web/Components/Pages/PostDetail.razor
Processing (106/126): src/MyBlog.Web/Components/Pages/PostDetail.razor.css
Processing (107/126): src/MyBlog.Web/Components/Routes.razor
Processing (108/126): src/MyBlog.Web/Components/Shared/Footer.razor
Processing (109/126): src/MyBlog.Web/Components/Shared/Footer.razor.css
Processing (110/126): src/MyBlog.Web/Components/Shared/MarkdownRenderer.razor
Processing (111/126): src/MyBlog.Web/Components/Shared/Pagination.razor
Processing (112/126): src/MyBlog.Web/Components/Shared/PostCard.razor
Processing (113/126): src/MyBlog.Web/Components/Shared/PostCard.razor.css
Processing (114/126): src/MyBlog.Web/Components/Shared/ReaderBadge.razor
Processing (115/126): src/MyBlog.Web/Components/Shared/ReaderBadge.razor.css
Processing (116/126): src/MyBlog.Web/Components/Shared/RedirectToLogin.razor
Processing (117/126): src/MyBlog.Web/Components/Shared/ThemeSwitcher.razor
Processing (118/126): src/MyBlog.Web/Components/Shared/ThemeSwitcher.razor.css
Processing (119/126): src/MyBlog.Web/Dockerfile
Processing (120/126): src/MyBlog.Web/Hubs/ReaderHub.cs
Processing (121/126): src/MyBlog.Web/Middleware/LoginRateLimitMiddleware.cs
Processing (122/126): src/MyBlog.Web/MyBlog.Web.csproj
Processing (123/126): src/MyBlog.Web/Program.cs
Processing (124/126): src/MyBlog.Web/Properties/launchSettings.json
Processing (125/126): src/MyBlog.Web/wwwroot/css/site.css
Processing (126/126): src/MyBlog.Web/wwwroot/js/site.js

==============================================
  Export Complete!
==============================================

Output file:    docs/llm/dump.txt
Files exported: 126
Files skipped:  0
Output size:    508.20 KB

File types included:
  • Source code: .cs, .fs, .vb
  • Blazor/Razor: .razor
  • UI/XAML: .axaml, .xaml, .paml
  • Projects: .csproj, .slnx, .sln, .props, .targets
  • Config: .json, .yaml, .yml, .xml, .config
  • Docs: .md, .txt
  • Scripts: .sh, .ps1, .cmd, .bat
  • Web: .css, .scss, .js, .ts
  • Other: .sql, .resx, Dockerfile, etc.


real	0m1.287s
user	0m0.752s
sys	0m0.769s
#!/bin/bash
# =============================================================================
# Run E2E Tests with Podman Compose
# =============================================================================
# This script runs Playwright E2E tests against MyBlog using containers.
# Designed for Fedora with SELinux and Podman.
#
# Usage:
#   ./run-e2e.sh          # Run all E2E tests
#   ./run-e2e.sh --build  # Force rebuild containers
#   ./run-e2e.sh --clean  # Clean up and remove volumes
# =============================================================================

set -e

SCRIPT_DIR="$(cd "$(dirname "${BASH_SOURCE[0]}")" && pwd)"
cd "$SCRIPT_DIR"

# Colors for output
RED='\033[0;31m'
GREEN='\033[0;32m'
YELLOW='\033[1;33m'
NC='\033[0m' # No Color

log_info() {
    echo -e "${GREEN}[INFO]${NC} $1"
}

log_warn() {
    echo -e "${YELLOW}[WARN]${NC} $1"
}

log_error() {
    echo -e "${RED}[ERROR]${NC} $1"
}

# Parse arguments
BUILD_FLAG=""
CLEAN_FLAG=""

for arg in "$@"; do
    case $arg in
        --build)
            BUILD_FLAG="--build"
            ;;
        --clean)
            CLEAN_FLAG="true"
            ;;
    esac
done

# Clean up if requested
if [ "$CLEAN_FLAG" == "true" ]; then
    log_info "Cleaning up containers and volumes..."
    podman-compose -f docker-compose.e2e.yml down -v --remove-orphans 2>/dev/null || true
    podman system prune -f 2>/dev/null || true
    log_info "Cleanup complete"
    exit 0
fi

# Create test results directory
mkdir -p test-results
# Set SELinux context if on Fedora with SELinux
if command -v chcon &> /dev/null && getenforce 2>/dev/null | grep -q "Enforcing"; then
    log_info "Setting SELinux context for test-results directory..."
    chcon -Rt svirt_sandbox_file_t test-results 2>/dev/null || true
fi

log_info "Starting E2E test environment..."

# Build and start services
log_info "Building containers..."
podman-compose -f docker-compose.e2e.yml build $BUILD_FLAG

log_info "Starting MyBlog web service..."
podman-compose -f docker-compose.e2e.yml up -d myblog-web

# Wait for web service to be healthy
log_info "Waiting for MyBlog to be ready..."
RETRIES=30
until podman exec myblog-web curl -sf http://localhost:5000/ > /dev/null 2>&1; do
    RETRIES=$((RETRIES - 1))
    if [ $RETRIES -eq 0 ]; then
        log_error "MyBlog failed to start within timeout"
        podman-compose -f docker-compose.e2e.yml logs myblog-web
        podman-compose -f docker-compose.e2e.yml down -v
        exit 1
    fi
    echo -n "."
    sleep 2
done
echo ""
log_info "MyBlog is ready!"

# Run E2E tests
log_info "Running E2E tests..."
podman-compose -f docker-compose.e2e.yml up myblog-e2e
E2E_EXIT_CODE=$?

# Capture logs
log_info "Capturing logs..."
podman-compose -f docker-compose.e2e.yml logs myblog-web > test-results/myblog-web.log 2>&1
podman-compose -f docker-compose.e2e.yml logs myblog-e2e > test-results/myblog-e2e.log 2>&1

# Clean up
log_info "Cleaning up..."
podman-compose -f docker-compose.e2e.yml down -v

if [ $E2E_EXIT_CODE -eq 0 ]; then
    log_info "E2E tests passed! ✓"
else
    log_error "E2E tests failed with exit code $E2E_EXIT_CODE"
    log_info "Check test-results/ directory for logs"
fi

exit $E2E_EXIT_CODE
[INFO] Cleaning up containers and volumes...
Deleted Images
dbd4f4bb7d9e9e74f264d79433e0482c3ebd67391f63e52b3084d35e837f2260
43869994aa96a59a2d31e08a1fa5f400b07ca6137683d5e19dbc1bceade5b0e3
8c2a287c46c070552c9802d3659e697d5f67baa3637ae0a483afe408f56ec8b4
7eb4c66824e4771429a3cce2332b637a79a4312e3c657aa06d72024a5c37bef6
7905d39aa82a0a75499bfb12d7e0086055b1cdbf797e621165350d17a1a3a1bc
59cf35219c5d4ce30982ce588fdae1bec7f29489c2286b5fdcd2849ece7738d3
19bcf96bf08a621c8a151586f40e4fc72cb19eb034612e733bc1c7a10e513eb5
5ed5768911b193a35dd7b5d2501b571960c12c83c6ec2310ae399728437a6ec0
0670622b25f627486cb0fceeea80f02bcfac73b104c577fbf669d77b7ba1b638
860120d916db3a3f45f595695165aee02234559de00e1a79e4fe52bec013a60b
34fe39d6753cefe4a49376e767dae404ca4cc3915ed8c3d563bc115b0ee33f8f
eb19e08fb3a11ba347e64ff589e3ab54d1367e928b5246b7955559a76c906ba2
f90f438263d9c19b9f78477c6d0a547ec12ab1f2d681f57e3c426bfd851caf0f
d819a48a15f00094cd5cf75ce4a80941cfc1caa5ec2ff8d4b25f07ffd4314ccd
d8a581de86dc4d87a55a003733e735bb19809995304330c6f2e80a78574d87af
3f30ba6af5dcfd82369cbdd3b31629b8fb5e3ecac7cdb31ebd0856c1aff83959
88a636ef86f59132618952395363935df675d04d41c6f64843291d7870d6c373
Total reclaimed space: 40.1GB
[INFO] Cleanup complete

real	0m0.874s
user	0m0.423s
sys	0m0.528s
[INFO] Setting SELinux context for test-results directory...
[INFO] Starting E2E test environment...
[INFO] Building containers...
[1/2] STEP 1/12: FROM mcr.microsoft.com/dotnet/sdk:10.0 AS build
STEP 1/18: FROM mcr.microsoft.com/dotnet/sdk:10.0 AS build
STEP 2/18: WORKDIR /src
--> Using cache c0f951cdf7818c25a801d76241c43a519f74913b58ca3c8d68071526ad1473dc
--> c0f951cdf781
STEP 3/18: RUN apt-get update && apt-get install -y nodejs npm && rm -rf /var/lib/apt/lists/*
--> Using cache 7bd3245d151178c6b376f4a7a4b67fe7ecce8ed2c53cb934a8f07a078aa635e8
--> 7bd3245d1511
STEP 4/18: RUN apt-get update && apt-get install -y wget &&     wget -q https://packages.microsoft.com/config/debian/12/packages-microsoft-prod.deb &&     dpkg -i packages-microsoft-prod.deb &&     rm packages-microsoft-prod.deb &&     apt-get update && apt-get install -y powershell &&     rm -rf /var/lib/apt/lists/*
--> Using cache 948346108d6ac93fe878f7bab089dc72f5498ab7a4fa30e51d4df43308391228
--> 948346108d6a
STEP 5/18: COPY Directory.Build.props .
--> Using cache c4a9dc18c3762fdd409b0baae14ef2f48b5f524cbb656d3b110ca4970ddb4ceb
--> c4a9dc18c376
STEP 6/18: COPY Directory.Packages.props .
--> Using cache 6dea2813ee479703c367db1d0ab238785857ce0c0dfd02d46c8e47699f40706a
--> 6dea2813ee47
STEP 7/18: COPY MyBlog.Core/MyBlog.Core.csproj MyBlog.Core/
[1/2] STEP 2/12: WORKDIR /src
--> Using cache c0f951cdf7818c25a801d76241c43a519f74913b58ca3c8d68071526ad1473dc
--> c0f951cdf781
[1/2] STEP 3/12: COPY Directory.Build.props .
--> Using cache 26b7167e9d33e3adf018ba3f02fa415c50df7db2ea9ef3d3b696a6c25fddeb07
--> 26b7167e9d33
STEP 8/18: COPY MyBlog.Infrastructure/MyBlog.Infrastructure.csproj MyBlog.Infrastructure/
--> 4396e33cc544
[1/2] STEP 4/12: COPY Directory.Packages.props .
--> Using cache 39fa24c9fb5e73db4ea74e2ea5eba8ab223f1e7b58d032dd3027222d0e3f10c3
--> 39fa24c9fb5e
STEP 9/18: COPY MyBlog.Web/MyBlog.Web.csproj MyBlog.Web/
--> Using cache 0676640a9fb43a68fca885c900e335d76f35378125a1643e488abf4952dc6fbc
--> 0676640a9fb4
STEP 10/18: COPY MyBlog.E2E/MyBlog.E2E.csproj MyBlog.E2E/
--> 6d3c94fd1d64
[1/2] STEP 5/12: COPY MyBlog.Core/MyBlog.Core.csproj MyBlog.Core/
--> Using cache aaa696cb65b279c939a4b49ed9026de4481280814a6e466076cf0a72f284e18b
--> aaa696cb65b2
STEP 11/18: RUN dotnet restore MyBlog.Core/MyBlog.Core.csproj &&     dotnet restore MyBlog.Infrastructure/MyBlog.Infrastructure.csproj &&     dotnet restore MyBlog.Web/MyBlog.Web.csproj &&     dotnet restore MyBlog.E2E/MyBlog.E2E.csproj
--> Using cache df6530599f3bc2d10e357ab437426be3e28ab5006d07886f20e131fbb2eb339d
--> df6530599f3b
STEP 12/18: COPY . .
--> 966249365efd
[1/2] STEP 6/12: COPY MyBlog.Infrastructure/MyBlog.Infrastructure.csproj MyBlog.Infrastructure/
--> 29047cda3feb
[1/2] STEP 7/12: COPY MyBlog.Web/MyBlog.Web.csproj MyBlog.Web/
--> cb68c543a2ca
[1/2] STEP 8/12: RUN dotnet restore MyBlog.Web/MyBlog.Web.csproj
  Determining projects to restore...
--> 002d72c59bf4
STEP 13/18: RUN dotnet build MyBlog.E2E/MyBlog.E2E.csproj -c Release
  Restored /src/MyBlog.Core/MyBlog.Core.csproj (in 1.49 sec).
  Determining projects to restore...
  Restored /src/MyBlog.Web/MyBlog.Web.csproj (in 2.37 sec).
  Restored /src/MyBlog.Infrastructure/MyBlog.Infrastructure.csproj (in 381 ms).
  Restored /src/MyBlog.Core/MyBlog.Core.csproj (in 381 ms).
  Restored /src/MyBlog.E2E/MyBlog.E2E.csproj (in 387 ms).
  Restored /src/MyBlog.Infrastructure/MyBlog.Infrastructure.csproj (in 2.86 sec).
  Restored /src/MyBlog.Web/MyBlog.Web.csproj (in 556 ms).
--> bea3f1d585cd
[1/2] STEP 9/12: COPY MyBlog.Core/ MyBlog.Core/
--> 7dc8a5e7e6d5
[1/2] STEP 10/12: COPY MyBlog.Infrastructure/ MyBlog.Infrastructure/
--> 5b7bb71a41aa
[1/2] STEP 11/12: COPY MyBlog.Web/ MyBlog.Web/
--> e485f6edeb4e
[1/2] STEP 12/12: RUN dotnet publish MyBlog.Web/MyBlog.Web.csproj -c Release -o /app/publish
  Determining projects to restore...
  MyBlog.Core -> /src/MyBlog.Core/bin/Release/net10.0/MyBlog.Core.dll
  Restored /src/MyBlog.Core/MyBlog.Core.csproj (in 160 ms).
  Restored /src/MyBlog.Infrastructure/MyBlog.Infrastructure.csproj (in 164 ms).
  MyBlog.Infrastructure -> /src/MyBlog.Infrastructure/bin/Release/net10.0/MyBlog.Infrastructure.dll
  Restored /src/MyBlog.Web/MyBlog.Web.csproj (in 533 ms).
  MyBlog.Web -> /src/MyBlog.Web/bin/Release/net10.0/MyBlog.Web.dll
  MyBlog.E2E -> /src/MyBlog.E2E/bin/Release/net10.0/MyBlog.E2E.dll

Build succeeded.
    0 Warning(s)
    0 Error(s)

Time Elapsed 00:00:07.81
  MyBlog.Core -> /src/MyBlog.Core/bin/Release/net10.0/MyBlog.Core.dll
  MyBlog.Infrastructure -> /src/MyBlog.Infrastructure/bin/Release/net10.0/MyBlog.Infrastructure.dll
--> c6887309d1e2
STEP 14/18: RUN pwsh ./MyBlog.E2E/bin/Release/net10.0/playwright.ps1 install chromium --with-deps
Installing dependencies...
Get:1 http://security.ubuntu.com/ubuntu noble-security InRelease [126 kB]
Get:2 https://packages.microsoft.com/debian/12/prod bookworm InRelease [3618 B]
Get:3 http://archive.ubuntu.com/ubuntu noble InRelease [256 kB]
Get:4 http://security.ubuntu.com/ubuntu noble-security/restricted amd64 Packages [3008 kB]
Get:5 https://packages.microsoft.com/debian/12/prod bookworm/main armhf Packages [19.0 kB]
Get:6 https://packages.microsoft.com/debian/12/prod bookworm/main arm64 Packages [57.4 kB]
Get:7 https://packages.microsoft.com/debian/12/prod bookworm/main all Packages [573 B]
Get:8 https://packages.microsoft.com/debian/12/prod bookworm/main amd64 Packages [150 kB]
Get:9 http://security.ubuntu.com/ubuntu noble-security/universe amd64 Packages [1194 kB]
Get:10 http://security.ubuntu.com/ubuntu noble-security/multiverse amd64 Packages [34.8 kB]
Get:11 http://security.ubuntu.com/ubuntu noble-security/main amd64 Packages [1776 kB]
Get:12 http://archive.ubuntu.com/ubuntu noble-updates InRelease [126 kB]
Get:13 http://archive.ubuntu.com/ubuntu noble-backports InRelease [126 kB]
Get:14 http://archive.ubuntu.com/ubuntu noble/main amd64 Packages [1808 kB]
  MyBlog.Web -> /src/MyBlog.Web/bin/Release/net10.0/MyBlog.Web.dll
Get:15 http://archive.ubuntu.com/ubuntu noble/restricted amd64 Packages [117 kB]
Get:16 http://archive.ubuntu.com/ubuntu noble/multiverse amd64 Packages [331 kB]
  MyBlog.Web -> /app/publish/
Get:17 http://archive.ubuntu.com/ubuntu noble/universe amd64 Packages [19.3 MB]
--> 2f10bc4a0073
[2/2] STEP 1/12: FROM mcr.microsoft.com/dotnet/aspnet:10.0 AS runtime
Get:18 http://archive.ubuntu.com/ubuntu noble-updates/multiverse amd64 Packages [37.6 kB]
Get:19 http://archive.ubuntu.com/ubuntu noble-updates/restricted amd64 Packages [3182 kB]
Get:20 http://archive.ubuntu.com/ubuntu noble-updates/main amd64 Packages [2150 kB]
Get:21 http://archive.ubuntu.com/ubuntu noble-updates/universe amd64 Packages [1967 kB]
Get:22 http://archive.ubuntu.com/ubuntu noble-backports/universe amd64 Packages [34.6 kB]
Get:23 http://archive.ubuntu.com/ubuntu noble-backports/main amd64 Packages [49.5 kB]
[2/2] STEP 2/12: WORKDIR /app
--> Using cache 7ab200e45b1fba59b74177866b30af0761e035beacbc6a5d1607edc1b649f36a
--> 7ab200e45b1f
[2/2] STEP 3/12: RUN apt-get update && apt-get install -y --no-install-recommends curl && rm -rf /var/lib/apt/lists/*
--> Using cache 1e21b972573d10c4ea9d7b8076e58aed09bb9967e8ee6d5a8c3c77e2cddd1001
--> 1e21b972573d
[2/2] STEP 4/12: RUN useradd -m -s /bin/bash appuser
--> Using cache 7b0ba419cc37495396a1969cd185514b97ee464988ce4bddc954893f0ac664d5
--> 7b0ba419cc37
[2/2] STEP 5/12: RUN mkdir -p /app/data && chown appuser:appuser /app/data
--> Using cache 1a52159880ea26e77195a71342eb88df7e9cb2112f4b48a28ce51dfc69734231
--> 1a52159880ea
[2/2] STEP 6/12: COPY --from=build /app/publish .
Fetched 35.9 MB in 3s (14.2 MB/s)
Reading package lists...--> Using cache 2ea36036da2545cbe9fa8a03635f872527e68f47cb7277bd00905f858dadeb50
--> 2ea36036da25
[2/2] STEP 7/12: ENV ASPNETCORE_URLS=http://+:5000
--> Using cache c861d5ca83ecd62c09ec5a327b201b242d1f8f0d29a46eecae30f1ac4bcf0725
--> c861d5ca83ec
[2/2] STEP 8/12: ENV ASPNETCORE_ENVIRONMENT=Production
--> Using cache 215d5814cea14e1d9e3d16fb5cfdf20558356d877c3049415e07d938b466d486
--> 215d5814cea1
[2/2] STEP 9/12: ENV ConnectionStrings__DefaultConnection="Data Source=/app/data/myblog.db"
--> Using cache 2bbb96c21619bafea7307041372bea076a2f976d825c2c960a1d815263af26d5
--> 2bbb96c21619
[2/2] STEP 10/12: USER appuser
--> Using cache 9a13cf0570f08456555251f29dd558ef753f12ee0d4c75a128cb90ba46f1c716
--> 9a13cf0570f0
[2/2] STEP 11/12: EXPOSE 5000
--> Using cache 6b27c97e215d683c5a002afd1ea988f7f597123f27129b89496a2df6854fc790
--> 6b27c97e215d
[2/2] STEP 12/12: ENTRYPOINT ["dotnet", "MyBlog.Web.dll"]
--> Using cache 6e7871e4a5b1cefa53c30b66ff7089199170538b8cc81d0acae475f760536726
[2/2] COMMIT myblog_myblog-web
--> 6e7871e4a5b1
Successfully tagged localhost/myblog_myblog-web:latest
6e7871e4a5b1cefa53c30b66ff7089199170538b8cc81d0acae475f760536726

Reading package lists...
Building dependency tree...
Reading state information...
libdbus-1-3 is already the newest version (1.14.10-4ubuntu4.1).
libdbus-1-3 set to manually installed.
libdrm2 is already the newest version (2.4.122-1~ubuntu0.24.04.2).
libdrm2 set to manually installed.
libgbm1 is already the newest version (25.0.7-0ubuntu0.24.04.2).
libgbm1 set to manually installed.
libglib2.0-0t64 is already the newest version (2.80.0-6ubuntu3.7).
libglib2.0-0t64 set to manually installed.
libx11-6 is already the newest version (2:1.8.7-1build1).
libx11-6 set to manually installed.
libxcb1 is already the newest version (1.15-1ubuntu2).
libxcb1 set to manually installed.
libxcomposite1 is already the newest version (1:0.4.5-1build3).
libxcomposite1 set to manually installed.
libxext6 is already the newest version (2:1.3.4-1build2).
libxext6 set to manually installed.
libxfixes3 is already the newest version (1:6.0.0-2build1).
libxfixes3 set to manually installed.
libxrandr2 is already the newest version (2:1.5.2-2build1).
libxrandr2 set to manually installed.
libfontconfig1 is already the newest version (2.15.0-1.1ubuntu2).
libfontconfig1 set to manually installed.
libfreetype6 is already the newest version (2.13.2+dfsg-1build3).
libfreetype6 set to manually installed.
The following additional packages will be installed:
  at-spi2-common fontconfig libasound2-data libavahi-client3
  libavahi-common-data libavahi-common3 libdatrie1 libfontenc1 libfribidi0
  libgraphite2-3 libharfbuzz0b libpixman-1-0 libthai-data libthai0 libunwind8
  libxcb-render0 libxfont2 x11-xkb-utils xauth xfonts-encodings xfonts-utils
  xkb-data xserver-common
Suggested packages:
  alsa-utils libasound2-plugins cups-common
Recommended packages:
  fonts-ipafont-mincho fonts-liberation-sans-narrow fonts-tlwg-loma
  alsa-ucm-conf alsa-topology-conf at-spi2-core xfonts-base
The following NEW packages will be installed:
  at-spi2-common fontconfig fonts-freefont-ttf fonts-ipafont-gothic
  fonts-liberation fonts-noto-color-emoji fonts-tlwg-loma-otf fonts-unifont
  fonts-wqy-zenhei libasound2-data libasound2t64 libatk-bridge2.0-0t64
  libatk1.0-0t64 libatspi2.0-0t64 libavahi-client3 libavahi-common-data
  libavahi-common3 libcairo2 libcups2t64 libdatrie1 libfontenc1 libfribidi0
  libgraphite2-3 libharfbuzz0b libnspr4 libnss3 libpango-1.0-0 libpixman-1-0
  libthai-data libthai0 libunwind8 libxcb-render0 libxdamage1 libxfont2
  libxkbcommon0 x11-xkb-utils xauth xfonts-cyrillic xfonts-encodings
  xfonts-scalable xfonts-utils xkb-data xserver-common xvfb
0 upgraded, 44 newly installed, 0 to remove and 0 not upgraded.
Need to get 38.8 MB of archives.
After this operation, 116 MB of additional disk space will be used.
Get:1 http://archive.ubuntu.com/ubuntu noble/universe amd64 fonts-ipafont-gothic all 00303-21ubuntu1 [3513 kB]
Get:2 http://archive.ubuntu.com/ubuntu noble/main amd64 libfribidi0 amd64 1.0.13-3build1 [26.1 kB]
Get:3 http://archive.ubuntu.com/ubuntu noble-updates/main amd64 xkb-data all 2.41-2ubuntu1.1 [397 kB]
Get:4 http://archive.ubuntu.com/ubuntu noble/main amd64 libxkbcommon0 amd64 1.6.0-1build1 [122 kB]
Get:5 http://archive.ubuntu.com/ubuntu noble/main amd64 xauth amd64 1:1.1.2-1build1 [25.6 kB]
Get:6 http://archive.ubuntu.com/ubuntu noble/main amd64 at-spi2-common all 2.52.0-1build1 [8674 B]
Get:7 http://archive.ubuntu.com/ubuntu noble/main amd64 fontconfig amd64 2.15.0-1.1ubuntu2 [180 kB]
Get:8 http://archive.ubuntu.com/ubuntu noble/main amd64 fonts-freefont-ttf all 20211204+svn4273-2 [5641 kB]
Get:9 http://archive.ubuntu.com/ubuntu noble/main amd64 fonts-liberation all 1:2.1.5-3 [1603 kB]
Get:10 http://archive.ubuntu.com/ubuntu noble-updates/main amd64 fonts-noto-color-emoji all 2.047-0ubuntu0.24.04.1 [9764 kB]
Get:11 http://archive.ubuntu.com/ubuntu noble/universe amd64 fonts-tlwg-loma-otf all 1:0.7.3-1 [107 kB]
Get:12 http://archive.ubuntu.com/ubuntu noble/universe amd64 fonts-unifont all 1:15.1.01-1build1 [2993 kB]
Get:13 http://archive.ubuntu.com/ubuntu noble/universe amd64 fonts-wqy-zenhei all 0.9.45-8 [7472 kB]
Get:14 http://archive.ubuntu.com/ubuntu noble-updates/main amd64 libasound2-data all 1.2.11-1ubuntu0.1 [21.1 kB]
Get:15 http://archive.ubuntu.com/ubuntu noble-updates/main amd64 libasound2t64 amd64 1.2.11-1ubuntu0.1 [399 kB]
Get:16 http://archive.ubuntu.com/ubuntu noble/main amd64 libatk1.0-0t64 amd64 2.52.0-1build1 [55.3 kB]
Get:17 http://archive.ubuntu.com/ubuntu noble/main amd64 libatspi2.0-0t64 amd64 2.52.0-1build1 [80.5 kB]
Get:18 http://archive.ubuntu.com/ubuntu noble/main amd64 libatk-bridge2.0-0t64 amd64 2.52.0-1build1 [66.0 kB]
Get:19 http://archive.ubuntu.com/ubuntu noble-updates/main amd64 libavahi-common-data amd64 0.8-13ubuntu6.1 [29.9 kB]
Get:20 http://archive.ubuntu.com/ubuntu noble-updates/main amd64 libavahi-common3 amd64 0.8-13ubuntu6.1 [23.4 kB]
Get:21 http://archive.ubuntu.com/ubuntu noble-updates/main amd64 libavahi-client3 amd64 0.8-13ubuntu6.1 [26.8 kB]
Get:22 http://archive.ubuntu.com/ubuntu noble/main amd64 libpixman-1-0 amd64 0.42.2-1build1 [279 kB]
Get:23 http://archive.ubuntu.com/ubuntu noble/main amd64 libxcb-render0 amd64 1.15-1ubuntu2 [16.2 kB]
Get:24 http://archive.ubuntu.com/ubuntu noble/main amd64 libcairo2 amd64 1.18.0-3build1 [566 kB]
Get:25 http://archive.ubuntu.com/ubuntu noble-updates/main amd64 libcups2t64 amd64 2.4.7-1.2ubuntu7.9 [273 kB]
Get:26 http://archive.ubuntu.com/ubuntu noble/main amd64 libdatrie1 amd64 0.2.13-3build1 [19.0 kB]
Get:27 http://archive.ubuntu.com/ubuntu noble/main amd64 libfontenc1 amd64 1:1.1.8-1build1 [14.0 kB]
Get:28 http://archive.ubuntu.com/ubuntu noble/main amd64 libgraphite2-3 amd64 1.3.14-2build1 [73.0 kB]
Get:29 http://archive.ubuntu.com/ubuntu noble/main amd64 libharfbuzz0b amd64 8.3.0-2build2 [469 kB]
Get:30 http://archive.ubuntu.com/ubuntu noble/main amd64 libnspr4 amd64 2:4.35-1.1build1 [117 kB]
Get:31 http://archive.ubuntu.com/ubuntu noble/main amd64 libnss3 amd64 2:3.98-1build1 [1445 kB]
Get:32 http://archive.ubuntu.com/ubuntu noble/main amd64 libthai-data all 0.1.29-2build1 [158 kB]
Get:33 http://archive.ubuntu.com/ubuntu noble/main amd64 libthai0 amd64 0.1.29-2build1 [18.9 kB]
Get:34 http://archive.ubuntu.com/ubuntu noble/main amd64 libpango-1.0-0 amd64 1.52.1+ds-1build1 [231 kB]
Get:35 http://archive.ubuntu.com/ubuntu noble-updates/main amd64 libunwind8 amd64 1.6.2-3build1.1 [55.3 kB]
Get:36 http://archive.ubuntu.com/ubuntu noble/main amd64 libxdamage1 amd64 1:1.1.6-1build1 [6150 B]
Get:37 http://archive.ubuntu.com/ubuntu noble/main amd64 libxfont2 amd64 1:2.0.6-1build1 [93.0 kB]
Get:38 http://archive.ubuntu.com/ubuntu noble/main amd64 x11-xkb-utils amd64 7.7+8build2 [170 kB]
Get:39 http://archive.ubuntu.com/ubuntu noble/main amd64 xfonts-encodings all 1:1.0.5-0ubuntu2 [578 kB]
Get:40 http://archive.ubuntu.com/ubuntu noble/main amd64 xfonts-utils amd64 1:7.7+6build3 [94.4 kB]
Get:41 http://archive.ubuntu.com/ubuntu noble/universe amd64 xfonts-cyrillic all 1:1.0.5+nmu1 [384 kB]
Get:42 http://archive.ubuntu.com/ubuntu noble/main amd64 xfonts-scalable all 1:1.0.3-1.3 [304 kB]
Get:43 http://archive.ubuntu.com/ubuntu noble-updates/main amd64 xserver-common all 2:21.1.12-1ubuntu1.5 [34.6 kB]
Get:44 http://archive.ubuntu.com/ubuntu noble-updates/universe amd64 xvfb amd64 2:21.1.12-1ubuntu1.5 [877 kB]
debconf: delaying package configuration, since apt-utils is not installed
Fetched 38.8 MB in 3s (12.0 MB/s)
Selecting previously unselected package fonts-ipafont-gothic.
(Reading database ... 50881 files and directories currently installed.)
Preparing to unpack .../00-fonts-ipafont-gothic_00303-21ubuntu1_all.deb ...
Unpacking fonts-ipafont-gothic (00303-21ubuntu1) ...
Selecting previously unselected package libfribidi0:amd64.
Preparing to unpack .../01-libfribidi0_1.0.13-3build1_amd64.deb ...
Unpacking libfribidi0:amd64 (1.0.13-3build1) ...
Selecting previously unselected package xkb-data.
Preparing to unpack .../02-xkb-data_2.41-2ubuntu1.1_all.deb ...
Unpacking xkb-data (2.41-2ubuntu1.1) ...
Selecting previously unselected package libxkbcommon0:amd64.
Preparing to unpack .../03-libxkbcommon0_1.6.0-1build1_amd64.deb ...
Unpacking libxkbcommon0:amd64 (1.6.0-1build1) ...
Selecting previously unselected package xauth.
Preparing to unpack .../04-xauth_1%3a1.1.2-1build1_amd64.deb ...
Unpacking xauth (1:1.1.2-1build1) ...
Selecting previously unselected package at-spi2-common.
Preparing to unpack .../05-at-spi2-common_2.52.0-1build1_all.deb ...
Unpacking at-spi2-common (2.52.0-1build1) ...
Selecting previously unselected package fontconfig.
Preparing to unpack .../06-fontconfig_2.15.0-1.1ubuntu2_amd64.deb ...
Unpacking fontconfig (2.15.0-1.1ubuntu2) ...
Selecting previously unselected package fonts-freefont-ttf.
Preparing to unpack .../07-fonts-freefont-ttf_20211204+svn4273-2_all.deb ...
Unpacking fonts-freefont-ttf (20211204+svn4273-2) ...
Selecting previously unselected package fonts-liberation.
Preparing to unpack .../08-fonts-liberation_1%3a2.1.5-3_all.deb ...
Unpacking fonts-liberation (1:2.1.5-3) ...
Selecting previously unselected package fonts-noto-color-emoji.
Preparing to unpack .../09-fonts-noto-color-emoji_2.047-0ubuntu0.24.04.1_all.deb ...
Unpacking fonts-noto-color-emoji (2.047-0ubuntu0.24.04.1) ...
Selecting previously unselected package fonts-tlwg-loma-otf.
Preparing to unpack .../10-fonts-tlwg-loma-otf_1%3a0.7.3-1_all.deb ...
Unpacking fonts-tlwg-loma-otf (1:0.7.3-1) ...
Selecting previously unselected package fonts-unifont.
Preparing to unpack .../11-fonts-unifont_1%3a15.1.01-1build1_all.deb ...
Unpacking fonts-unifont (1:15.1.01-1build1) ...
Selecting previously unselected package fonts-wqy-zenhei.
Preparing to unpack .../12-fonts-wqy-zenhei_0.9.45-8_all.deb ...
Unpacking fonts-wqy-zenhei (0.9.45-8) ...
Selecting previously unselected package libasound2-data.
Preparing to unpack .../13-libasound2-data_1.2.11-1ubuntu0.1_all.deb ...
Unpacking libasound2-data (1.2.11-1ubuntu0.1) ...
Selecting previously unselected package libasound2t64:amd64.
Preparing to unpack .../14-libasound2t64_1.2.11-1ubuntu0.1_amd64.deb ...
Unpacking libasound2t64:amd64 (1.2.11-1ubuntu0.1) ...
Selecting previously unselected package libatk1.0-0t64:amd64.
Preparing to unpack .../15-libatk1.0-0t64_2.52.0-1build1_amd64.deb ...
Unpacking libatk1.0-0t64:amd64 (2.52.0-1build1) ...
Selecting previously unselected package libatspi2.0-0t64:amd64.
Preparing to unpack .../16-libatspi2.0-0t64_2.52.0-1build1_amd64.deb ...
Unpacking libatspi2.0-0t64:amd64 (2.52.0-1build1) ...
Selecting previously unselected package libatk-bridge2.0-0t64:amd64.
Preparing to unpack .../17-libatk-bridge2.0-0t64_2.52.0-1build1_amd64.deb ...
Unpacking libatk-bridge2.0-0t64:amd64 (2.52.0-1build1) ...
Selecting previously unselected package libavahi-common-data:amd64.
Preparing to unpack .../18-libavahi-common-data_0.8-13ubuntu6.1_amd64.deb ...
Unpacking libavahi-common-data:amd64 (0.8-13ubuntu6.1) ...
Selecting previously unselected package libavahi-common3:amd64.
Preparing to unpack .../19-libavahi-common3_0.8-13ubuntu6.1_amd64.deb ...
Unpacking libavahi-common3:amd64 (0.8-13ubuntu6.1) ...
Selecting previously unselected package libavahi-client3:amd64.
Preparing to unpack .../20-libavahi-client3_0.8-13ubuntu6.1_amd64.deb ...
Unpacking libavahi-client3:amd64 (0.8-13ubuntu6.1) ...
Selecting previously unselected package libpixman-1-0:amd64.
Preparing to unpack .../21-libpixman-1-0_0.42.2-1build1_amd64.deb ...
Unpacking libpixman-1-0:amd64 (0.42.2-1build1) ...
Selecting previously unselected package libxcb-render0:amd64.
Preparing to unpack .../22-libxcb-render0_1.15-1ubuntu2_amd64.deb ...
Unpacking libxcb-render0:amd64 (1.15-1ubuntu2) ...
Selecting previously unselected package libcairo2:amd64.
Preparing to unpack .../23-libcairo2_1.18.0-3build1_amd64.deb ...
Unpacking libcairo2:amd64 (1.18.0-3build1) ...
Selecting previously unselected package libcups2t64:amd64.
Preparing to unpack .../24-libcups2t64_2.4.7-1.2ubuntu7.9_amd64.deb ...
Unpacking libcups2t64:amd64 (2.4.7-1.2ubuntu7.9) ...
Selecting previously unselected package libdatrie1:amd64.
Preparing to unpack .../25-libdatrie1_0.2.13-3build1_amd64.deb ...
Unpacking libdatrie1:amd64 (0.2.13-3build1) ...
Selecting previously unselected package libfontenc1:amd64.
Preparing to unpack .../26-libfontenc1_1%3a1.1.8-1build1_amd64.deb ...
Unpacking libfontenc1:amd64 (1:1.1.8-1build1) ...
Selecting previously unselected package libgraphite2-3:amd64.
Preparing to unpack .../27-libgraphite2-3_1.3.14-2build1_amd64.deb ...
Unpacking libgraphite2-3:amd64 (1.3.14-2build1) ...
Selecting previously unselected package libharfbuzz0b:amd64.
Preparing to unpack .../28-libharfbuzz0b_8.3.0-2build2_amd64.deb ...
Unpacking libharfbuzz0b:amd64 (8.3.0-2build2) ...
Selecting previously unselected package libnspr4:amd64.
Preparing to unpack .../29-libnspr4_2%3a4.35-1.1build1_amd64.deb ...
Unpacking libnspr4:amd64 (2:4.35-1.1build1) ...
Selecting previously unselected package libnss3:amd64.
Preparing to unpack .../30-libnss3_2%3a3.98-1build1_amd64.deb ...
Unpacking libnss3:amd64 (2:3.98-1build1) ...
Selecting previously unselected package libthai-data.
Preparing to unpack .../31-libthai-data_0.1.29-2build1_all.deb ...
Unpacking libthai-data (0.1.29-2build1) ...
Selecting previously unselected package libthai0:amd64.
Preparing to unpack .../32-libthai0_0.1.29-2build1_amd64.deb ...
Unpacking libthai0:amd64 (0.1.29-2build1) ...
Selecting previously unselected package libpango-1.0-0:amd64.
Preparing to unpack .../33-libpango-1.0-0_1.52.1+ds-1build1_amd64.deb ...
Unpacking libpango-1.0-0:amd64 (1.52.1+ds-1build1) ...
Selecting previously unselected package libunwind8:amd64.
Preparing to unpack .../34-libunwind8_1.6.2-3build1.1_amd64.deb ...
Unpacking libunwind8:amd64 (1.6.2-3build1.1) ...
Selecting previously unselected package libxdamage1:amd64.
Preparing to unpack .../35-libxdamage1_1%3a1.1.6-1build1_amd64.deb ...
Unpacking libxdamage1:amd64 (1:1.1.6-1build1) ...
Selecting previously unselected package libxfont2:amd64.
Preparing to unpack .../36-libxfont2_1%3a2.0.6-1build1_amd64.deb ...
Unpacking libxfont2:amd64 (1:2.0.6-1build1) ...
Selecting previously unselected package x11-xkb-utils.
Preparing to unpack .../37-x11-xkb-utils_7.7+8build2_amd64.deb ...
Unpacking x11-xkb-utils (7.7+8build2) ...
Selecting previously unselected package xfonts-encodings.
Preparing to unpack .../38-xfonts-encodings_1%3a1.0.5-0ubuntu2_all.deb ...
Unpacking xfonts-encodings (1:1.0.5-0ubuntu2) ...
Selecting previously unselected package xfonts-utils.
Preparing to unpack .../39-xfonts-utils_1%3a7.7+6build3_amd64.deb ...
Unpacking xfonts-utils (1:7.7+6build3) ...
Selecting previously unselected package xfonts-cyrillic.
Preparing to unpack .../40-xfonts-cyrillic_1%3a1.0.5+nmu1_all.deb ...
Unpacking xfonts-cyrillic (1:1.0.5+nmu1) ...
Selecting previously unselected package xfonts-scalable.
Preparing to unpack .../41-xfonts-scalable_1%3a1.0.3-1.3_all.deb ...
Unpacking xfonts-scalable (1:1.0.3-1.3) ...
Selecting previously unselected package xserver-common.
Preparing to unpack .../42-xserver-common_2%3a21.1.12-1ubuntu1.5_all.deb ...
Unpacking xserver-common (2:21.1.12-1ubuntu1.5) ...
Selecting previously unselected package xvfb.
Preparing to unpack .../43-xvfb_2%3a21.1.12-1ubuntu1.5_amd64.deb ...
Unpacking xvfb (2:21.1.12-1ubuntu1.5) ...
Setting up libgraphite2-3:amd64 (1.3.14-2build1) ...
Setting up libpixman-1-0:amd64 (0.42.2-1build1) ...
Setting up fontconfig (2.15.0-1.1ubuntu2) ...
Regenerating fonts cache... done.
Setting up libxdamage1:amd64 (1:1.1.6-1build1) ...
Setting up libdatrie1:amd64 (0.2.13-3build1) ...
Setting up fonts-noto-color-emoji (2.047-0ubuntu0.24.04.1) ...
Setting up libxcb-render0:amd64 (1.15-1ubuntu2) ...
Setting up x11-xkb-utils (7.7+8build2) ...
Setting up fonts-wqy-zenhei (0.9.45-8) ...
Setting up fonts-freefont-ttf (20211204+svn4273-2) ...
Setting up xkb-data (2.41-2ubuntu1.1) ...
Setting up libunwind8:amd64 (1.6.2-3build1.1) ...
Setting up libcairo2:amd64 (1.18.0-3build1) ...
Setting up libasound2-data (1.2.11-1ubuntu0.1) ...
Setting up libfontenc1:amd64 (1:1.1.8-1build1) ...
Setting up libasound2t64:amd64 (1.2.11-1ubuntu0.1) ...
Setting up fonts-tlwg-loma-otf (1:0.7.3-1) ...
Setting up libnspr4:amd64 (2:4.35-1.1build1) ...
Setting up libavahi-common-data:amd64 (0.8-13ubuntu6.1) ...
Setting up libatspi2.0-0t64:amd64 (2.52.0-1build1) ...
Setting up xfonts-encodings (1:1.0.5-0ubuntu2) ...
Setting up libfribidi0:amd64 (1.0.13-3build1) ...
Setting up fonts-ipafont-gothic (00303-21ubuntu1) ...
update-alternatives: using /usr/share/fonts/opentype/ipafont-gothic/ipag.ttf to provide /usr/share/fonts/truetype/fonts-japanese-gothic.ttf (fonts-japanese-gothic.ttf) in auto mode
Setting up xauth (1:1.1.2-1build1) ...
Setting up at-spi2-common (2.52.0-1build1) ...
Setting up fonts-liberation (1:2.1.5-3) ...
Setting up libharfbuzz0b:amd64 (8.3.0-2build2) ...
Setting up libthai-data (0.1.29-2build1) ...
Setting up xserver-common (2:21.1.12-1ubuntu1.5) ...
Setting up libxfont2:amd64 (1:2.0.6-1build1) ...
Setting up fonts-unifont (1:15.1.01-1build1) ...
Setting up libxkbcommon0:amd64 (1.6.0-1build1) ...
Setting up libatk1.0-0t64:amd64 (2.52.0-1build1) ...
Setting up xvfb (2:21.1.12-1ubuntu1.5) ...
Setting up libavahi-common3:amd64 (0.8-13ubuntu6.1) ...
Setting up libnss3:amd64 (2:3.98-1build1) ...
Setting up xfonts-utils (1:7.7+6build3) ...
Setting up libthai0:amd64 (0.1.29-2build1) ...
Setting up xfonts-cyrillic (1:1.0.5+nmu1) ...
Setting up libavahi-client3:amd64 (0.8-13ubuntu6.1) ...
Setting up xfonts-scalable (1:1.0.3-1.3) ...
Setting up libatk-bridge2.0-0t64:amd64 (2.52.0-1build1) ...
Setting up libpango-1.0-0:amd64 (1.52.1+ds-1build1) ...
Setting up libcups2t64:amd64 (2.4.7-1.2ubuntu7.9) ...
Processing triggers for libc-bin (2.39-0ubuntu8.6) ...
Downloading Chromium 143.0.7499.4 (playwright build v1200) from https://cdn.playwright.dev/dbazure/download/playwright/builds/chromium/1200/chromium-linux.zip
(node:705) [DEP0169] DeprecationWarning: `url.parse()` behavior is not standardized and prone to errors that have security implications. Use the WHATWG URL API instead. CVEs are not issued for `url.parse()` vulnerabilities.
(Use `node --trace-deprecation ...` to show where the warning was created)
|                                                                                |   0% of 164.7 MiB
|■■■■■■■■                                                                        |  10% of 164.7 MiB
|■■■■■■■■■■■■■■■■                                                                |  20% of 164.7 MiB
|■■■■■■■■■■■■■■■■■■■■■■■■                                                        |  30% of 164.7 MiB
|■■■■■■■■■■■■■■■■■■■■■■■■■■■■■■■■                                                |  40% of 164.7 MiB
|■■■■■■■■■■■■■■■■■■■■■■■■■■■■■■■■■■■■■■■■                                        |  50% of 164.7 MiB
|■■■■■■■■■■■■■■■■■■■■■■■■■■■■■■■■■■■■■■■■■■■■■■■■                                |  60% of 164.7 MiB
|■■■■■■■■■■■■■■■■■■■■■■■■■■■■■■■■■■■■■■■■■■■■■■■■■■■■■■■■                        |  70% of 164.7 MiB
|■■■■■■■■■■■■■■■■■■■■■■■■■■■■■■■■■■■■■■■■■■■■■■■■■■■■■■■■■■■■■■■■                |  80% of 164.7 MiB
|■■■■■■■■■■■■■■■■■■■■■■■■■■■■■■■■■■■■■■■■■■■■■■■■■■■■■■■■■■■■■■■■■■■■■■■■        |  90% of 164.7 MiB
|■■■■■■■■■■■■■■■■■■■■■■■■■■■■■■■■■■■■■■■■■■■■■■■■■■■■■■■■■■■■■■■■■■■■■■■■■■■■■■■■| 100% of 164.7 MiB
Chromium 143.0.7499.4 (playwright build v1200) downloaded to /root/.cache/ms-playwright/chromium-1200
Downloading FFMPEG playwright build v1011 from https://cdn.playwright.dev/dbazure/download/playwright/builds/ffmpeg/1011/ffmpeg-linux.zip
(node:716) [DEP0169] DeprecationWarning: `url.parse()` behavior is not standardized and prone to errors that have security implications. Use the WHATWG URL API instead. CVEs are not issued for `url.parse()` vulnerabilities.
(Use `node --trace-deprecation ...` to show where the warning was created)
|                                                                                |   0% of 2.3 MiB
|■■■■■■■■                                                                        |  10% of 2.3 MiB
|■■■■■■■■■■■■■■■■                                                                |  20% of 2.3 MiB
|■■■■■■■■■■■■■■■■■■■■■■■■                                                        |  30% of 2.3 MiB
|■■■■■■■■■■■■■■■■■■■■■■■■■■■■■■■■                                                |  40% of 2.3 MiB
|■■■■■■■■■■■■■■■■■■■■■■■■■■■■■■■■■■■■■■■■                                        |  50% of 2.3 MiB
|■■■■■■■■■■■■■■■■■■■■■■■■■■■■■■■■■■■■■■■■■■■■■■■■                                |  60% of 2.3 MiB
|■■■■■■■■■■■■■■■■■■■■■■■■■■■■■■■■■■■■■■■■■■■■■■■■■■■■■■■■                        |  70% of 2.3 MiB
|■■■■■■■■■■■■■■■■■■■■■■■■■■■■■■■■■■■■■■■■■■■■■■■■■■■■■■■■■■■■■■■■                |  80% of 2.3 MiB
|■■■■■■■■■■■■■■■■■■■■■■■■■■■■■■■■■■■■■■■■■■■■■■■■■■■■■■■■■■■■■■■■■■■■■■■■        |  90% of 2.3 MiB
|■■■■■■■■■■■■■■■■■■■■■■■■■■■■■■■■■■■■■■■■■■■■■■■■■■■■■■■■■■■■■■■■■■■■■■■■■■■■■■■■| 100% of 2.3 MiB
FFMPEG playwright build v1011 downloaded to /root/.cache/ms-playwright/ffmpeg-1011
Downloading Chromium Headless Shell 143.0.7499.4 (playwright build v1200) from https://cdn.playwright.dev/dbazure/download/playwright/builds/chromium/1200/chromium-headless-shell-linux.zip
(node:727) [DEP0169] DeprecationWarning: `url.parse()` behavior is not standardized and prone to errors that have security implications. Use the WHATWG URL API instead. CVEs are not issued for `url.parse()` vulnerabilities.
(Use `node --trace-deprecation ...` to show where the warning was created)
|                                                                                |   0% of 109.7 MiB
|■■■■■■■■                                                                        |  10% of 109.7 MiB
|■■■■■■■■■■■■■■■■                                                                |  20% of 109.7 MiB
|■■■■■■■■■■■■■■■■■■■■■■■■                                                        |  30% of 109.7 MiB
|■■■■■■■■■■■■■■■■■■■■■■■■■■■■■■■■                                                |  40% of 109.7 MiB
|■■■■■■■■■■■■■■■■■■■■■■■■■■■■■■■■■■■■■■■■                                        |  50% of 109.7 MiB
|■■■■■■■■■■■■■■■■■■■■■■■■■■■■■■■■■■■■■■■■■■■■■■■■                                |  60% of 109.7 MiB
|■■■■■■■■■■■■■■■■■■■■■■■■■■■■■■■■■■■■■■■■■■■■■■■■■■■■■■■■                        |  70% of 109.7 MiB
|■■■■■■■■■■■■■■■■■■■■■■■■■■■■■■■■■■■■■■■■■■■■■■■■■■■■■■■■■■■■■■■■                |  80% of 109.7 MiB
|■■■■■■■■■■■■■■■■■■■■■■■■■■■■■■■■■■■■■■■■■■■■■■■■■■■■■■■■■■■■■■■■■■■■■■■■        |  90% of 109.7 MiB
|■■■■■■■■■■■■■■■■■■■■■■■■■■■■■■■■■■■■■■■■■■■■■■■■■■■■■■■■■■■■■■■■■■■■■■■■■■■■■■■■| 100% of 109.7 MiB
Chromium Headless Shell 143.0.7499.4 (playwright build v1200) downloaded to /root/.cache/ms-playwright/chromium_headless_shell-1200
--> 185261a85eac
STEP 15/18: WORKDIR /src/MyBlog.E2E
--> 350e5db9e666
STEP 16/18: ENV MYBLOG_BASE_URL=http://myblog-web:5000
--> 0ede4ebf1e32
STEP 17/18: ENV PLAYWRIGHT_HEADLESS=true
--> cf524a66d4ad
STEP 18/18: ENTRYPOINT ["dotnet", "run", "-c", "Release", "--no-build"]
COMMIT myblog_myblog-e2e
--> 25b68a3f01e6
Successfully tagged localhost/myblog_myblog-e2e:latest
25b68a3f01e6c122497556e8642732c18aab2999e5de4a2ca5a0031cf542e2e2
[INFO] Starting MyBlog web service...
41d53643e6a285e315a5930472ecf49022d04e4195cdb98f454e5f7d8fc57397
4eeba981f30bda16dbbe321addc691507d5b550cb0c9352c5e8123288535547e
myblog-web
[INFO] Waiting for MyBlog to be ready...
.
[INFO] MyBlog is ready!
[INFO] Running E2E tests...
405584e2f3fcefa3c2f5c4f6682537bcb1ed17bc995d96fcfc2cc6e071c79b2b
[myblog-web] | cannot open `/run/user/1000/crun/4eeba981f30bda16dbbe321addc691507d5b550cb0c9352c5e8123288535547e/exec.fifo`: No such file or directory
[myblog-web] | Error: unable to start container 4eeba981f30bda16dbbe321addc691507d5b550cb0c9352c5e8123288535547e: `/usr/bin/crun start 4eeba981f30bda16dbbe321addc691507d5b550cb0c9352c5e8123288535547e` failed: exit status 1
[myblog-e2e] | xUnit.net v3 In-Process Runner v3.2.2+728c1dce01 (64-bit .NET 10.0.2)
[myblog-e2e] |   Discovering: MyBlog.E2E
[myblog-e2e] |   Discovered:  MyBlog.E2E
[myblog-e2e] |   Starting:    MyBlog.E2E
[myblog-e2e] |   Finished:    MyBlog.E2E (ID = '4d488734a9156ea8719a93bca3e9cb47dfeac4715a7981582060bf185a1e7bf4')
[myblog-e2e] | === TEST EXECUTION SUMMARY ===
[myblog-e2e] |    MyBlog.E2E  Total: 78, Errors: 0, Failed: 0, Skipped: 0, Not Run: 0, Time: 24.874s
[myblog-e2e] | 
[INFO] Capturing logs...
[INFO] Cleaning up...
myblog-e2e
myblog-web
myblog-e2e
myblog-web
myblog_myblog-data
41d53643e6a285e315a5930472ecf49022d04e4195cdb98f454e5f7d8fc57397
myblog_myblog-network
[INFO] E2E tests passed! ✓

real	1m17.265s
user	0m34.412s
sys	0m19.132s
kushal@fedora:~/src/dotnet/MyBlog$ cd ~/src/dotnet/MyBlog/ && export DOTNET_CLI_TELEMETRY_OPTOUT=1 && (cd src && time dotnet format; time dotnet restore; time dotnet clean; time dotnet build; time dotnet run --project MyBlog.Tests/MyBlog.Tests.csproj; time dotnet list package; time dotnet list package --outdated); cd ~/src/dotnet/MyBlog/ && time bash export.sh; cat run-e2e.sh; time bash run-e2e.sh --clean; time bash run-e2e.sh;

real	0m9.365s
user	0m17.022s
sys	0m1.090s
Restore complete (0.5s)

Build succeeded in 0.6s

real	0m0.793s
user	0m0.883s
sys	0m0.188s

Build succeeded in 0.5s

real	0m0.699s
user	0m0.724s
sys	0m0.200s
Restore complete (0.5s)
  MyBlog.Core net10.0 succeeded (3.0s) → MyBlog.Core/bin/Debug/net10.0/MyBlog.Core.dll
  MyBlog.Infrastructure net10.0 succeeded (0.5s) → MyBlog.Infrastructure/bin/Debug/net10.0/MyBlog.Infrastructure.dll
  MyBlog.Web net10.0 succeeded (2.7s) → MyBlog.Web/bin/Debug/net10.0/MyBlog.Web.dll
  MyBlog.E2E net10.0 succeeded (0.7s) → MyBlog.E2E/bin/Debug/net10.0/MyBlog.E2E.dll
  MyBlog.Tests net10.0 succeeded (0.7s) → MyBlog.Tests/bin/Debug/net10.0/MyBlog.Tests.dll

Build succeeded in 7.5s

real	0m7.658s
user	0m2.629s
sys	0m0.522s
xUnit.net v3 In-Process Runner v3.2.2+728c1dce01 (64-bit .NET 10.0.2)
  Discovering: MyBlog.Tests
  Discovered:  MyBlog.Tests
  Starting:    MyBlog.Tests
    MyBlog.Tests.Unit.MarkdownServiceEdgeCaseTests.ToHtml_WithEmojiInContent_PreservesEmoji [FAIL]
      Assert.Contains() Failure: Sub-string not found
      String:    "<p>Hello &#128075; World &#127757;</p>\n"
      Not found: "👋"
      Stack Trace:
        MyBlog.Tests/Unit/MarkdownServiceEdgeCaseTests.cs(204,0): at MyBlog.Tests.Unit.MarkdownServiceEdgeCaseTests.ToHtml_WithEmojiInContent_PreservesEmoji()
        --- End of stack trace from previous location ---
    MyBlog.Tests.Unit.MarkdownServiceEdgeCaseTests.ToHtml_WithNestedBoldAndItalic_ProcessesBothCorrectly [FAIL]
      Assert.Contains() Failure: Sub-string not found
      String:    "<p>This is **bold with <em>nested italic</em> insi"···
      Not found: "<strong>bold with <em>nested italic</em> inside</s"···
      Stack Trace:
        MyBlog.Tests/Unit/MarkdownServiceEdgeCaseTests.cs(34,0): at MyBlog.Tests.Unit.MarkdownServiceEdgeCaseTests.ToHtml_WithNestedBoldAndItalic_ProcessesBothCorrectly()
        --- End of stack trace from previous location ---
  Finished:    MyBlog.Tests (ID = '24cedafe73dab5684218bb3cf04cfd49ae8ce3b87ae799399cb2e301cbc1e755')
=== TEST EXECUTION SUMMARY ===
   MyBlog.Tests  Total: 182, Errors: 0, Failed: 2, Skipped: 0, Not Run: 0, Time: 40.594s

real	0m42.523s
user	0m45.961s
sys	0m0.721s
Restore complete (0.5s)

Build succeeded in 0.6s
Project 'MyBlog.Core' has the following package references
   [net10.0]: 
   Top-level Package                   Requested   Resolved
   > Microsoft.Extensions.Logging      10.0.2      10.0.2  

Project 'MyBlog.E2E' has the following package references
   [net10.0]: 
   Top-level Package             Requested   Resolved
   > Microsoft.NET.Test.Sdk      18.0.1      18.0.1  
   > Microsoft.Playwright        1.57.0      1.57.0  
   > xunit.v3                    3.2.2       3.2.2   

Project 'MyBlog.Infrastructure' has the following package references
   [net10.0]: 
   Top-level Package                           Requested   Resolved
   > Microsoft.AspNetCore.Identity             2.3.9       2.3.9   
   > Microsoft.EntityFrameworkCore.Sqlite      10.0.2      10.0.2  
   > Microsoft.Extensions.Http                 10.0.2      10.0.2  
   > OpenTelemetry                             1.15.0      1.15.0  

Project 'MyBlog.Tests' has the following package references
   [net10.0]: 
   Top-level Package                             Requested   Resolved
   > Microsoft.EntityFrameworkCore.Sqlite        10.0.2      10.0.2  
   > Microsoft.NET.Test.Sdk                      18.0.1      18.0.1  
   > Microsoft.Testing.Extensions.TrxReport      2.0.2       2.0.2   
   > xunit.v3                                    3.2.2       3.2.2   

Project 'MyBlog.Web' has the following package references
   [net10.0]: 
   Top-level Package                                  Requested    Resolved
   > Microsoft.AspNetCore.App.Internal.Assets   (A)   [10.0.2, )   10.0.2  
   > Microsoft.AspNetCore.SignalR.Client              10.0.2       10.0.2  
   > OpenTelemetry.Exporter.Console                   1.15.0       1.15.0  
   > OpenTelemetry.Extensions.Hosting                 1.15.0       1.15.0  
   > OpenTelemetry.Instrumentation.AspNetCore         1.15.0       1.15.0  
   > OpenTelemetry.Instrumentation.Http               1.15.0       1.15.0  

(A) : Auto-referenced package.

real	0m1.597s
user	0m1.599s
sys	0m0.420s
Restore complete (0.5s)

Build succeeded in 0.6s

The following sources were used:
   https://api.nuget.org/v3/index.json

The given project `MyBlog.Core` has no updates given the current sources.
The given project `MyBlog.E2E` has no updates given the current sources.
The given project `MyBlog.Infrastructure` has no updates given the current sources.
The given project `MyBlog.Tests` has no updates given the current sources.
The given project `MyBlog.Web` has no updates given the current sources.

real	0m1.757s
user	0m1.729s
sys	0m0.389s
==============================================
  Project Export for LLM Analysis
==============================================

Project Path: /home/kushal/src/dotnet/MyBlog
Output File:  docs/llm/dump.txt

Generating directory structure...
Collecting files...
Found 126 files to export

Processing (1/126): docker-compose.e2e.yml
Processing (2/126): docker-compose.yml
Processing (3/126): .editorconfig
Processing (4/126): export.sh
Processing (5/126): .github/workflows/build-deploy.yml
Processing (6/126): .gitignore
Processing (7/126): README.md
Processing (8/126): run-e2e.sh
Processing (9/126): src/Directory.Build.props
Processing (10/126): src/Directory.Packages.props
Processing (11/126): src/.github/workflows/build-deploy.yml
Processing (12/126): src/global.json
Processing (13/126): src/MyBlog.Core/Constants/AppConstants.cs
Processing (14/126): src/MyBlog.Core/Interfaces/IAuthService.cs
Processing (15/126): src/MyBlog.Core/Interfaces/IImageDimensionService.cs
Processing (16/126): src/MyBlog.Core/Interfaces/IImageRepository.cs
Processing (17/126): src/MyBlog.Core/Interfaces/IMarkdownService.cs
Processing (18/126): src/MyBlog.Core/Interfaces/IPasswordService.cs
Processing (19/126): src/MyBlog.Core/Interfaces/IPostRepository.cs
Processing (20/126): src/MyBlog.Core/Interfaces/IReaderTrackingService.cs
Processing (21/126): src/MyBlog.Core/Interfaces/ISlugService.cs
Processing (22/126): src/MyBlog.Core/Interfaces/ITelemetryLogRepository.cs
Processing (23/126): src/MyBlog.Core/Interfaces/IUserRepository.cs
Processing (24/126): src/MyBlog.Core/Models/Image.cs
Processing (25/126): src/MyBlog.Core/Models/ImageDimensionCache.cs
Processing (26/126): src/MyBlog.Core/Models/Post.cs
Processing (27/126): src/MyBlog.Core/Models/PostDto.cs
Processing (28/126): src/MyBlog.Core/Models/TelemetryLog.cs
Processing (29/126): src/MyBlog.Core/Models/User.cs
Processing (30/126): src/MyBlog.Core/MyBlog.Core.csproj
Processing (31/126): src/MyBlog.Core/Services/MarkdownService.cs
Processing (32/126): src/MyBlog.Core/Services/SlugService.cs
Processing (33/126): src/MyBlog.E2E/Dockerfile
Processing (34/126): src/MyBlog.E2E/MyBlog.E2E.csproj
Processing (35/126): src/MyBlog.E2E/PlaywrightCollection.cs
Processing (36/126): src/MyBlog.E2E/PlaywrightFixture.cs
Processing (37/126): src/MyBlog.E2E/Tests/AboutPageTests.cs
Processing (38/126): src/MyBlog.E2E/Tests/AdminPageTests.cs
Processing (39/126): src/MyBlog.E2E/Tests/AuthenticationTests.cs
Processing (40/126): src/MyBlog.E2E/Tests/HomePageTests.cs
Processing (41/126): src/MyBlog.E2E/Tests/LoginPageTests.cs
Processing (42/126): src/MyBlog.E2E/Tests/NavigationTests.cs
Processing (43/126): src/MyBlog.E2E/Tests/SeoTests.cs
Processing (44/126): src/MyBlog.E2E/Tests/ThemeSwitcherTests.cs
Processing (45/126): src/MyBlog.Infrastructure/Data/BlogDbContext.cs
Processing (46/126): src/MyBlog.Infrastructure/Data/DatabasePathResolver.cs
Processing (47/126): src/MyBlog.Infrastructure/Data/DatabaseSchemaUpdater.cs
Processing (48/126): src/MyBlog.Infrastructure/MyBlog.Infrastructure.csproj
Processing (49/126): src/MyBlog.Infrastructure/Repositories/ImageRepository.cs
Processing (50/126): src/MyBlog.Infrastructure/Repositories/PostRepository.cs
Processing (51/126): src/MyBlog.Infrastructure/Repositories/TelemetryLogRepository.cs
Processing (52/126): src/MyBlog.Infrastructure/Repositories/UserRepository.cs
Processing (53/126): src/MyBlog.Infrastructure/ServiceCollectionExtensions.cs
Processing (54/126): src/MyBlog.Infrastructure/Services/AuthService.cs
Processing (55/126): src/MyBlog.Infrastructure/Services/ImageCacheWarmerService.cs
Processing (56/126): src/MyBlog.Infrastructure/Services/ImageDimensionService.cs
Processing (57/126): src/MyBlog.Infrastructure/Services/PasswordService.cs
Processing (58/126): src/MyBlog.Infrastructure/Services/ReaderTrackingService.cs
Processing (59/126): src/MyBlog.Infrastructure/Services/TelemetryCleanupService.cs
Processing (60/126): src/MyBlog.Infrastructure/Telemetry/DatabaseLogExporter.cs
Processing (61/126): src/MyBlog.Infrastructure/Telemetry/FileLogExporter.cs
Processing (62/126): src/MyBlog.Infrastructure/Telemetry/TelemetryPathResolver.cs
Processing (63/126): src/MyBlog.slnx
Processing (64/126): src/MyBlog.Tests/Integration/AuthServiceLongPasswordTests.cs
Processing (65/126): src/MyBlog.Tests/Integration/AuthServiceTests.cs
Processing (66/126): src/MyBlog.Tests/Integration/ImageRepositoryTests.cs
Processing (67/126): src/MyBlog.Tests/Integration/PasswordChangeTests.cs
Processing (68/126): src/MyBlog.Tests/Integration/PostRepositoryExtendedTests.cs
Processing (69/126): src/MyBlog.Tests/Integration/PostRepositoryTests.cs
Processing (70/126): src/MyBlog.Tests/Integration/TelemetryCleanupTests.cs
Processing (71/126): src/MyBlog.Tests/Integration/TelemetryLogRepositoryTests.cs
Processing (72/126): src/MyBlog.Tests/Integration/UserRepositoryTests.cs
Processing (73/126): src/MyBlog.Tests/MyBlog.Tests.csproj
Processing (74/126): src/MyBlog.Tests/Unit/DatabasePathResolverTests.cs
Processing (75/126): src/MyBlog.Tests/Unit/LoginRateLimitMiddlewareTests.cs
Processing (76/126): src/MyBlog.Tests/Unit/MarkdownServiceEdgeCaseTests.cs
Processing (77/126): src/MyBlog.Tests/Unit/MarkdownServiceTests.cs
Processing (78/126): src/MyBlog.Tests/Unit/PasswordServiceTests.cs
Processing (79/126): src/MyBlog.Tests/Unit/ReaderTrackingServiceTests.cs
Processing (80/126): src/MyBlog.Tests/Unit/SlugServiceTests.cs
Processing (81/126): src/MyBlog.Web/appsettings.Development.json
Processing (82/126): src/MyBlog.Web/appsettings.json
Processing (83/126): src/MyBlog.Web/Components/App.razor
Processing (84/126): src/MyBlog.Web/Components/_Imports.razor
Processing (85/126): src/MyBlog.Web/Components/Layout/MainLayout.razor
Processing (86/126): src/MyBlog.Web/Components/Pages/About.razor
Processing (87/126): src/MyBlog.Web/Components/Pages/About.razor.css
Processing (88/126): src/MyBlog.Web/Components/Pages/AccessDenied.razor
Processing (89/126): src/MyBlog.Web/Components/Pages/Admin/ChangePassword.razor
Processing (90/126): src/MyBlog.Web/Components/Pages/Admin/ChangePassword.razor.css
Processing (91/126): src/MyBlog.Web/Components/Pages/Admin/Dashboard.razor
Processing (92/126): src/MyBlog.Web/Components/Pages/Admin/Dashboard.razor.css
Processing (93/126): src/MyBlog.Web/Components/Pages/Admin/ImageManager.razor
Processing (94/126): src/MyBlog.Web/Components/Pages/Admin/ImageManager.razor.css
Processing (95/126): src/MyBlog.Web/Components/Pages/Admin/PostEditor.razor
Processing (96/126): src/MyBlog.Web/Components/Pages/Admin/PostEditor.razor.css
Processing (97/126): src/MyBlog.Web/Components/Pages/Admin/PostList.razor
Processing (98/126): src/MyBlog.Web/Components/Pages/Admin/UserEditor.razor
Processing (99/126): src/MyBlog.Web/Components/Pages/Admin/UserEditor.razor.css
Processing (100/126): src/MyBlog.Web/Components/Pages/Admin/UserList.razor
Processing (101/126): src/MyBlog.Web/Components/Pages/Admin/UserList.razor.css
Processing (102/126): src/MyBlog.Web/Components/Pages/Home.razor
Processing (103/126): src/MyBlog.Web/Components/Pages/Login.razor
Processing (104/126): src/MyBlog.Web/Components/Pages/Login.razor.css
Processing (105/126): src/MyBlog.Web/Components/Pages/PostDetail.razor
Processing (106/126): src/MyBlog.Web/Components/Pages/PostDetail.razor.css
Processing (107/126): src/MyBlog.Web/Components/Routes.razor
Processing (108/126): src/MyBlog.Web/Components/Shared/Footer.razor
Processing (109/126): src/MyBlog.Web/Components/Shared/Footer.razor.css
Processing (110/126): src/MyBlog.Web/Components/Shared/MarkdownRenderer.razor
Processing (111/126): src/MyBlog.Web/Components/Shared/Pagination.razor
Processing (112/126): src/MyBlog.Web/Components/Shared/PostCard.razor
Processing (113/126): src/MyBlog.Web/Components/Shared/PostCard.razor.css
Processing (114/126): src/MyBlog.Web/Components/Shared/ReaderBadge.razor
Processing (115/126): src/MyBlog.Web/Components/Shared/ReaderBadge.razor.css
Processing (116/126): src/MyBlog.Web/Components/Shared/RedirectToLogin.razor
Processing (117/126): src/MyBlog.Web/Components/Shared/ThemeSwitcher.razor
Processing (118/126): src/MyBlog.Web/Components/Shared/ThemeSwitcher.razor.css
Processing (119/126): src/MyBlog.Web/Dockerfile
Processing (120/126): src/MyBlog.Web/Hubs/ReaderHub.cs
Processing (121/126): src/MyBlog.Web/Middleware/LoginRateLimitMiddleware.cs
Processing (122/126): src/MyBlog.Web/MyBlog.Web.csproj
Processing (123/126): src/MyBlog.Web/Program.cs
Processing (124/126): src/MyBlog.Web/Properties/launchSettings.json
Processing (125/126): src/MyBlog.Web/wwwroot/css/site.css
Processing (126/126): src/MyBlog.Web/wwwroot/js/site.js

==============================================
  Export Complete!
==============================================

Output file:    docs/llm/dump.txt
Files exported: 126
Files skipped:  0
Output size:    508.20 KB

File types included:
  • Source code: .cs, .fs, .vb
  • Blazor/Razor: .razor
  • UI/XAML: .axaml, .xaml, .paml
  • Projects: .csproj, .slnx, .sln, .props, .targets
  • Config: .json, .yaml, .yml, .xml, .config
  • Docs: .md, .txt
  • Scripts: .sh, .ps1, .cmd, .bat
  • Web: .css, .scss, .js, .ts
  • Other: .sql, .resx, Dockerfile, etc.


real	0m1.351s
user	0m0.792s
sys	0m0.810s
#!/bin/bash
# =============================================================================
# Run E2E Tests with Podman Compose
# =============================================================================
# This script runs Playwright E2E tests against MyBlog using containers.
# Designed for Fedora with SELinux and Podman.
#
# Usage:
#   ./run-e2e.sh          # Run all E2E tests
#   ./run-e2e.sh --build  # Force rebuild containers
#   ./run-e2e.sh --clean  # Clean up and remove volumes
# =============================================================================

set -e

SCRIPT_DIR="$(cd "$(dirname "${BASH_SOURCE[0]}")" && pwd)"
cd "$SCRIPT_DIR"

# Colors for output
RED='\033[0;31m'
GREEN='\033[0;32m'
YELLOW='\033[1;33m'
NC='\033[0m' # No Color

log_info() {
    echo -e "${GREEN}[INFO]${NC} $1"
}

log_warn() {
    echo -e "${YELLOW}[WARN]${NC} $1"
}

log_error() {
    echo -e "${RED}[ERROR]${NC} $1"
}

# Parse arguments
BUILD_FLAG=""
CLEAN_FLAG=""

for arg in "$@"; do
    case $arg in
        --build)
            BUILD_FLAG="--build"
            ;;
        --clean)
            CLEAN_FLAG="true"
            ;;
    esac
done

# Clean up if requested
if [ "$CLEAN_FLAG" == "true" ]; then
    log_info "Cleaning up containers and volumes..."
    podman-compose -f docker-compose.e2e.yml down -v --remove-orphans 2>/dev/null || true
    podman system prune -f 2>/dev/null || true
    log_info "Cleanup complete"
    exit 0
fi

# Create test results directory
mkdir -p test-results
# Set SELinux context if on Fedora with SELinux
if command -v chcon &> /dev/null && getenforce 2>/dev/null | grep -q "Enforcing"; then
    log_info "Setting SELinux context for test-results directory..."
    chcon -Rt svirt_sandbox_file_t test-results 2>/dev/null || true
fi

log_info "Starting E2E test environment..."

# Build and start services
log_info "Building containers..."
podman-compose -f docker-compose.e2e.yml build $BUILD_FLAG

log_info "Starting MyBlog web service..."
podman-compose -f docker-compose.e2e.yml up -d myblog-web

# Wait for web service to be healthy
log_info "Waiting for MyBlog to be ready..."
RETRIES=30
until podman exec myblog-web curl -sf http://localhost:5000/ > /dev/null 2>&1; do
    RETRIES=$((RETRIES - 1))
    if [ $RETRIES -eq 0 ]; then
        log_error "MyBlog failed to start within timeout"
        podman-compose -f docker-compose.e2e.yml logs myblog-web
        podman-compose -f docker-compose.e2e.yml down -v
        exit 1
    fi
    echo -n "."
    sleep 2
done
echo ""
log_info "MyBlog is ready!"

# Run E2E tests
log_info "Running E2E tests..."
podman-compose -f docker-compose.e2e.yml up myblog-e2e
E2E_EXIT_CODE=$?

# Capture logs
log_info "Capturing logs..."
podman-compose -f docker-compose.e2e.yml logs myblog-web > test-results/myblog-web.log 2>&1
podman-compose -f docker-compose.e2e.yml logs myblog-e2e > test-results/myblog-e2e.log 2>&1

# Clean up
log_info "Cleaning up..."
podman-compose -f docker-compose.e2e.yml down -v

if [ $E2E_EXIT_CODE -eq 0 ]; then
    log_info "E2E tests passed! ✓"
else
    log_error "E2E tests failed with exit code $E2E_EXIT_CODE"
    log_info "Check test-results/ directory for logs"
fi

exit $E2E_EXIT_CODE
[INFO] Cleaning up containers and volumes...
Deleted Images
98855073ab8193174670aeb94a7ded213e0dd0e326368fad1564c4b686175a34
5ee50d8820f94c75996e843f8df1217c38b929d2f1010b42cc7f9ed6c9751dc6
a8fdb7dcf116bcb41a2def34f5b809e23ebebdf80e593a9efa8c8086b7ccf2c2
cbf9a8290ba946881c76f2d08eadec46bab12e8fec51fc94994e9ab2c7170c09
9f3bc20392d3ff810f4288dc0e184052fa1a0dc6c740f424421f8610e85dc779
b7fba6c492c6353a851ce3a643c8bf3747a3509ba16490b530c08b406cde3d10
76f5848c40f1c00f9f05e8bd373a2fad41f7dd3dd0f31c0f2a059a1d1932aaf0
2f10bc4a00739576bf5ab67dfc9a63f5971123a33e5e5d173d0fb07075a44625
e485f6edeb4edffb5c624627c53e2aaebd967281ed606f81d498e301aa1a2b66
5b7bb71a41aa9b23f91763a43418c2141ee1ef8c7e2f6270df25a5e70ec7ab05
7dc8a5e7e6d5e103198d9692675eed9af0fe131d18eef5bac80edb7aa257a75e
bea3f1d585cdcf53fc1e94b66955128a90b512a74b96b23775c08bc0f788ec57
cb68c543a2ca617fd099947543df829deba0f09975c64338ab62c8c3affd0ab5
29047cda3febd337b747741cdb1eb7d5dc281c5072db586cf9b206992172030b
966249365efd83c36f5002d476d35e62c1c490a65e997367b93bf262fb66a100
6d3c94fd1d6487808d4f038cb56684f70f73a59c3f0d780b5ea0593a3f10c1df
4396e33cc544504c855ef8d9f1ab933fcb91e7ecb915a3b6fe36648b9f604c07
Total reclaimed space: 39.76GB
[INFO] Cleanup complete

real	0m0.884s
user	0m0.413s
sys	0m0.554s
[INFO] Setting SELinux context for test-results directory...
[INFO] Starting E2E test environment...
[INFO] Building containers...
STEP 1/18: FROM mcr.microsoft.com/dotnet/sdk:10.0 AS build
[1/2] STEP 1/12: FROM mcr.microsoft.com/dotnet/sdk:10.0 AS build
STEP 2/18: WORKDIR /src
--> Using cache c0f951cdf7818c25a801d76241c43a519f74913b58ca3c8d68071526ad1473dc
--> c0f951cdf781
STEP 3/18: RUN apt-get update && apt-get install -y nodejs npm && rm -rf /var/lib/apt/lists/*
--> Using cache 7bd3245d151178c6b376f4a7a4b67fe7ecce8ed2c53cb934a8f07a078aa635e8
--> 7bd3245d1511
STEP 4/18: RUN apt-get update && apt-get install -y wget &&     wget -q https://packages.microsoft.com/config/debian/12/packages-microsoft-prod.deb &&     dpkg -i packages-microsoft-prod.deb &&     rm packages-microsoft-prod.deb &&     apt-get update && apt-get install -y powershell &&     rm -rf /var/lib/apt/lists/*
--> Using cache 948346108d6ac93fe878f7bab089dc72f5498ab7a4fa30e51d4df43308391228
--> 948346108d6a
STEP 5/18: COPY Directory.Build.props .
--> Using cache c4a9dc18c3762fdd409b0baae14ef2f48b5f524cbb656d3b110ca4970ddb4ceb
--> c4a9dc18c376
STEP 6/18: COPY Directory.Packages.props .
--> Using cache 6dea2813ee479703c367db1d0ab238785857ce0c0dfd02d46c8e47699f40706a
--> 6dea2813ee47
STEP 7/18: COPY MyBlog.Core/MyBlog.Core.csproj MyBlog.Core/
[1/2] STEP 2/12: WORKDIR /src
--> Using cache c0f951cdf7818c25a801d76241c43a519f74913b58ca3c8d68071526ad1473dc
--> c0f951cdf781
[1/2] STEP 3/12: COPY Directory.Build.props .
--> Using cache 26b7167e9d33e3adf018ba3f02fa415c50df7db2ea9ef3d3b696a6c25fddeb07
--> 26b7167e9d33
STEP 8/18: COPY MyBlog.Infrastructure/MyBlog.Infrastructure.csproj MyBlog.Infrastructure/
--> Using cache 39fa24c9fb5e73db4ea74e2ea5eba8ab223f1e7b58d032dd3027222d0e3f10c3
--> 39fa24c9fb5e
STEP 9/18: COPY MyBlog.Web/MyBlog.Web.csproj MyBlog.Web/
--> 8197b3ed851c
[1/2] STEP 4/12: COPY Directory.Packages.props .
--> Using cache 0676640a9fb43a68fca885c900e335d76f35378125a1643e488abf4952dc6fbc
--> 0676640a9fb4
STEP 10/18: COPY MyBlog.E2E/MyBlog.E2E.csproj MyBlog.E2E/
--> 592e581c7bca
[1/2] STEP 5/12: COPY MyBlog.Core/MyBlog.Core.csproj MyBlog.Core/
--> Using cache aaa696cb65b279c939a4b49ed9026de4481280814a6e466076cf0a72f284e18b
--> aaa696cb65b2
STEP 11/18: RUN dotnet restore MyBlog.Core/MyBlog.Core.csproj &&     dotnet restore MyBlog.Infrastructure/MyBlog.Infrastructure.csproj &&     dotnet restore MyBlog.Web/MyBlog.Web.csproj &&     dotnet restore MyBlog.E2E/MyBlog.E2E.csproj
--> Using cache df6530599f3bc2d10e357ab437426be3e28ab5006d07886f20e131fbb2eb339d
--> df6530599f3b
STEP 12/18: COPY . .
--> dac8ce44d46d
[1/2] STEP 6/12: COPY MyBlog.Infrastructure/MyBlog.Infrastructure.csproj MyBlog.Infrastructure/
--> eef857331058
[1/2] STEP 7/12: COPY MyBlog.Web/MyBlog.Web.csproj MyBlog.Web/
--> 201642830ba0
[1/2] STEP 8/12: RUN dotnet restore MyBlog.Web/MyBlog.Web.csproj
  Determining projects to restore...
--> 3a90a70b225d
STEP 13/18: RUN dotnet build MyBlog.E2E/MyBlog.E2E.csproj -c Release
  Determining projects to restore...
  Restored /src/MyBlog.Core/MyBlog.Core.csproj (in 953 ms).
  Restored /src/MyBlog.Infrastructure/MyBlog.Infrastructure.csproj (in 955 ms).
  Restored /src/MyBlog.E2E/MyBlog.E2E.csproj (in 965 ms).
  Restored /src/MyBlog.Core/MyBlog.Core.csproj (in 3.25 sec).
  Restored /src/MyBlog.Web/MyBlog.Web.csproj (in 1.64 sec).
  Restored /src/MyBlog.Web/MyBlog.Web.csproj (in 3.96 sec).
  Restored /src/MyBlog.Infrastructure/MyBlog.Infrastructure.csproj (in 4.7 sec).
--> 204357fa24b7
[1/2] STEP 9/12: COPY MyBlog.Core/ MyBlog.Core/
--> cef7aeaeba77
[1/2] STEP 10/12: COPY MyBlog.Infrastructure/ MyBlog.Infrastructure/
--> 575047230f0f
[1/2] STEP 11/12: COPY MyBlog.Web/ MyBlog.Web/
  MyBlog.Core -> /src/MyBlog.Core/bin/Release/net10.0/MyBlog.Core.dll
--> 54cd9e5fb080
[1/2] STEP 12/12: RUN dotnet publish MyBlog.Web/MyBlog.Web.csproj -c Release -o /app/publish
  MyBlog.Infrastructure -> /src/MyBlog.Infrastructure/bin/Release/net10.0/MyBlog.Infrastructure.dll
  Determining projects to restore...
  Restored /src/MyBlog.Core/MyBlog.Core.csproj (in 181 ms).
  Restored /src/MyBlog.Infrastructure/MyBlog.Infrastructure.csproj (in 186 ms).
  Restored /src/MyBlog.Web/MyBlog.Web.csproj (in 1.21 sec).
  MyBlog.Web -> /src/MyBlog.Web/bin/Release/net10.0/MyBlog.Web.dll
  MyBlog.E2E -> /src/MyBlog.E2E/bin/Release/net10.0/MyBlog.E2E.dll

Build succeeded.
    0 Warning(s)
    0 Error(s)

Time Elapsed 00:00:08.94
--> 419b04274d29
STEP 14/18: RUN pwsh ./MyBlog.E2E/bin/Release/net10.0/playwright.ps1 install chromium --with-deps
Installing dependencies...
Get:1 http://security.ubuntu.com/ubuntu noble-security InRelease [126 kB]
Get:2 http://archive.ubuntu.com/ubuntu noble InRelease [256 kB]
Get:3 http://security.ubuntu.com/ubuntu noble-security/multiverse amd64 Packages [34.8 kB]
Get:4 https://packages.microsoft.com/debian/12/prod bookworm InRelease [3618 B]
  MyBlog.Core -> /src/MyBlog.Core/bin/Release/net10.0/MyBlog.Core.dll
Get:5 http://security.ubuntu.com/ubuntu noble-security/universe amd64 Packages [1194 kB]
Get:6 https://packages.microsoft.com/debian/12/prod bookworm/main arm64 Packages [57.4 kB]
Get:7 https://packages.microsoft.com/debian/12/prod bookworm/main amd64 Packages [150 kB]
Get:8 http://security.ubuntu.com/ubuntu noble-security/main amd64 Packages [1776 kB]
Get:9 https://packages.microsoft.com/debian/12/prod bookworm/main armhf Packages [19.0 kB]
Get:10 https://packages.microsoft.com/debian/12/prod bookworm/main all Packages [573 B]
Get:11 http://security.ubuntu.com/ubuntu noble-security/restricted amd64 Packages [3008 kB]
  MyBlog.Infrastructure -> /src/MyBlog.Infrastructure/bin/Release/net10.0/MyBlog.Infrastructure.dll
Get:12 http://archive.ubuntu.com/ubuntu noble-updates InRelease [126 kB]
Get:13 http://archive.ubuntu.com/ubuntu noble-backports InRelease [126 kB]
Get:14 http://archive.ubuntu.com/ubuntu noble/universe amd64 Packages [19.3 MB]
Get:15 http://archive.ubuntu.com/ubuntu noble/main amd64 Packages [1808 kB]
Get:16 http://archive.ubuntu.com/ubuntu noble/multiverse amd64 Packages [331 kB]
Get:17 http://archive.ubuntu.com/ubuntu noble/restricted amd64 Packages [117 kB]
Get:18 http://archive.ubuntu.com/ubuntu noble-updates/multiverse amd64 Packages [37.6 kB]
Get:19 http://archive.ubuntu.com/ubuntu noble-updates/main amd64 Packages [2151 kB]
Get:20 http://archive.ubuntu.com/ubuntu noble-updates/restricted amd64 Packages [3182 kB]
Get:21 http://archive.ubuntu.com/ubuntu noble-updates/universe amd64 Packages [1969 kB]
Get:22 http://archive.ubuntu.com/ubuntu noble-backports/universe amd64 Packages [34.6 kB]
Get:23 http://archive.ubuntu.com/ubuntu noble-backports/main amd64 Packages [49.5 kB]
Fetched 35.9 MB in 3s (12.9 MB/s)
Reading package lists...  MyBlog.Web -> /src/MyBlog.Web/bin/Release/net10.0/MyBlog.Web.dll
  MyBlog.Web -> /app/publish/

Reading package lists...--> 9b47416c7566
[2/2] STEP 1/12: FROM mcr.microsoft.com/dotnet/aspnet:10.0 AS runtime
[2/2] STEP 2/12: WORKDIR /app
--> Using cache 7ab200e45b1fba59b74177866b30af0761e035beacbc6a5d1607edc1b649f36a
--> 7ab200e45b1f
[2/2] STEP 3/12: RUN apt-get update && apt-get install -y --no-install-recommends curl && rm -rf /var/lib/apt/lists/*

--> Using cache 1e21b972573d10c4ea9d7b8076e58aed09bb9967e8ee6d5a8c3c77e2cddd1001
--> 1e21b972573d
[2/2] STEP 4/12: RUN useradd -m -s /bin/bash appuser
Building dependency tree...--> Using cache 7b0ba419cc37495396a1969cd185514b97ee464988ce4bddc954893f0ac664d5
--> 7b0ba419cc37
[2/2] STEP 5/12: RUN mkdir -p /app/data && chown appuser:appuser /app/data
--> Using cache 1a52159880ea26e77195a71342eb88df7e9cb2112f4b48a28ce51dfc69734231
--> 1a52159880ea
[2/2] STEP 6/12: COPY --from=build /app/publish .

Reading state information...--> Using cache 2ea36036da2545cbe9fa8a03635f872527e68f47cb7277bd00905f858dadeb50
--> 2ea36036da25

[2/2] STEP 7/12: ENV ASPNETCORE_URLS=http://+:5000
--> Using cache c861d5ca83ecd62c09ec5a327b201b242d1f8f0d29a46eecae30f1ac4bcf0725
--> c861d5ca83ec
[2/2] STEP 8/12: ENV ASPNETCORE_ENVIRONMENT=Production
--> Using cache 215d5814cea14e1d9e3d16fb5cfdf20558356d877c3049415e07d938b466d486
--> 215d5814cea1
[2/2] STEP 9/12: ENV ConnectionStrings__DefaultConnection="Data Source=/app/data/myblog.db"
--> Using cache 2bbb96c21619bafea7307041372bea076a2f976d825c2c960a1d815263af26d5
--> 2bbb96c21619
[2/2] STEP 10/12: USER appuser
libdbus-1-3 is already the newest version (1.14.10-4ubuntu4.1).
libdbus-1-3 set to manually installed.
libdrm2 is already the newest version (2.4.122-1~ubuntu0.24.04.2).
libdrm2 set to manually installed.
libgbm1 is already the newest version (25.0.7-0ubuntu0.24.04.2).
libgbm1 set to manually installed.
libglib2.0-0t64 is already the newest version (2.80.0-6ubuntu3.7).
libglib2.0-0t64 set to manually installed.
libx11-6 is already the newest version (2:1.8.7-1build1).
libx11-6 set to manually installed.
libxcb1 is already the newest version (1.15-1ubuntu2).
libxcb1 set to manually installed.
libxcomposite1 is already the newest version (1:0.4.5-1build3).
libxcomposite1 set to manually installed.
libxext6 is already the newest version (2:1.3.4-1build2).
libxext6 set to manually installed.
libxfixes3 is already the newest version (1:6.0.0-2build1).
libxfixes3 set to manually installed.
libxrandr2 is already the newest version (2:1.5.2-2build1).
libxrandr2 set to manually installed.
libfontconfig1 is already the newest version (2.15.0-1.1ubuntu2).
libfontconfig1 set to manually installed.
libfreetype6 is already the newest version (2.13.2+dfsg-1build3).
libfreetype6 set to manually installed.
The following additional packages will be installed:
  at-spi2-common fontconfig libasound2-data libavahi-client3
  libavahi-common-data libavahi-common3 libdatrie1 libfontenc1 libfribidi0
  libgraphite2-3 libharfbuzz0b libpixman-1-0 libthai-data libthai0 libunwind8
  libxcb-render0 libxfont2 x11-xkb-utils xauth xfonts-encodings xfonts-utils
  xkb-data xserver-common
Suggested packages:
  alsa-utils libasound2-plugins cups-common
Recommended packages:
  fonts-ipafont-mincho fonts-liberation-sans-narrow fonts-tlwg-loma
  alsa-ucm-conf alsa-topology-conf at-spi2-core xfonts-base
--> Using cache 9a13cf0570f08456555251f29dd558ef753f12ee0d4c75a128cb90ba46f1c716
--> 9a13cf0570f0
[2/2] STEP 11/12: EXPOSE 5000
The following NEW packages will be installed:
  at-spi2-common fontconfig fonts-freefont-ttf fonts-ipafont-gothic
  fonts-liberation fonts-noto-color-emoji fonts-tlwg-loma-otf fonts-unifont
  fonts-wqy-zenhei libasound2-data libasound2t64 libatk-bridge2.0-0t64
  libatk1.0-0t64 libatspi2.0-0t64 libavahi-client3 libavahi-common-data
  libavahi-common3 libcairo2 libcups2t64 libdatrie1 libfontenc1 libfribidi0
  libgraphite2-3 libharfbuzz0b libnspr4 libnss3 libpango-1.0-0 libpixman-1-0
  libthai-data libthai0 libunwind8 libxcb-render0 libxdamage1 libxfont2
  libxkbcommon0 x11-xkb-utils xauth xfonts-cyrillic xfonts-encodings
  xfonts-scalable xfonts-utils xkb-data xserver-common xvfb
--> Using cache 6b27c97e215d683c5a002afd1ea988f7f597123f27129b89496a2df6854fc790
--> 6b27c97e215d
[2/2] STEP 12/12: ENTRYPOINT ["dotnet", "MyBlog.Web.dll"]
--> Using cache 6e7871e4a5b1cefa53c30b66ff7089199170538b8cc81d0acae475f760536726
[2/2] COMMIT myblog_myblog-web
--> 6e7871e4a5b1
Successfully tagged localhost/myblog_myblog-web:latest
0 upgraded, 44 newly installed, 0 to remove and 0 not upgraded.
Need to get 38.8 MB of archives.
After this operation, 116 MB of additional disk space will be used.
Get:1 http://archive.ubuntu.com/ubuntu noble/universe amd64 fonts-ipafont-gothic all 00303-21ubuntu1 [3513 kB]
6e7871e4a5b1cefa53c30b66ff7089199170538b8cc81d0acae475f760536726
Get:2 http://archive.ubuntu.com/ubuntu noble/main amd64 libfribidi0 amd64 1.0.13-3build1 [26.1 kB]
Get:3 http://archive.ubuntu.com/ubuntu noble-updates/main amd64 xkb-data all 2.41-2ubuntu1.1 [397 kB]
Get:4 http://archive.ubuntu.com/ubuntu noble/main amd64 libxkbcommon0 amd64 1.6.0-1build1 [122 kB]
Get:5 http://archive.ubuntu.com/ubuntu noble/main amd64 xauth amd64 1:1.1.2-1build1 [25.6 kB]
Get:6 http://archive.ubuntu.com/ubuntu noble/main amd64 at-spi2-common all 2.52.0-1build1 [8674 B]
Get:7 http://archive.ubuntu.com/ubuntu noble/main amd64 fontconfig amd64 2.15.0-1.1ubuntu2 [180 kB]
Get:8 http://archive.ubuntu.com/ubuntu noble/main amd64 fonts-freefont-ttf all 20211204+svn4273-2 [5641 kB]
Get:9 http://archive.ubuntu.com/ubuntu noble/main amd64 fonts-liberation all 1:2.1.5-3 [1603 kB]
Get:10 http://archive.ubuntu.com/ubuntu noble-updates/main amd64 fonts-noto-color-emoji all 2.047-0ubuntu0.24.04.1 [9764 kB]
Get:11 http://archive.ubuntu.com/ubuntu noble/universe amd64 fonts-tlwg-loma-otf all 1:0.7.3-1 [107 kB]
Get:12 http://archive.ubuntu.com/ubuntu noble/universe amd64 fonts-unifont all 1:15.1.01-1build1 [2993 kB]
Get:13 http://archive.ubuntu.com/ubuntu noble/universe amd64 fonts-wqy-zenhei all 0.9.45-8 [7472 kB]
Get:14 http://archive.ubuntu.com/ubuntu noble-updates/main amd64 libasound2-data all 1.2.11-1ubuntu0.1 [21.1 kB]
Get:15 http://archive.ubuntu.com/ubuntu noble-updates/main amd64 libasound2t64 amd64 1.2.11-1ubuntu0.1 [399 kB]
Get:16 http://archive.ubuntu.com/ubuntu noble/main amd64 libatk1.0-0t64 amd64 2.52.0-1build1 [55.3 kB]
Get:17 http://archive.ubuntu.com/ubuntu noble/main amd64 libatspi2.0-0t64 amd64 2.52.0-1build1 [80.5 kB]
Get:18 http://archive.ubuntu.com/ubuntu noble/main amd64 libatk-bridge2.0-0t64 amd64 2.52.0-1build1 [66.0 kB]
Get:19 http://archive.ubuntu.com/ubuntu noble-updates/main amd64 libavahi-common-data amd64 0.8-13ubuntu6.1 [29.9 kB]
Get:20 http://archive.ubuntu.com/ubuntu noble-updates/main amd64 libavahi-common3 amd64 0.8-13ubuntu6.1 [23.4 kB]
Get:21 http://archive.ubuntu.com/ubuntu noble-updates/main amd64 libavahi-client3 amd64 0.8-13ubuntu6.1 [26.8 kB]
Get:22 http://archive.ubuntu.com/ubuntu noble/main amd64 libpixman-1-0 amd64 0.42.2-1build1 [279 kB]
Get:23 http://archive.ubuntu.com/ubuntu noble/main amd64 libxcb-render0 amd64 1.15-1ubuntu2 [16.2 kB]
Get:24 http://archive.ubuntu.com/ubuntu noble/main amd64 libcairo2 amd64 1.18.0-3build1 [566 kB]
Get:25 http://archive.ubuntu.com/ubuntu noble-updates/main amd64 libcups2t64 amd64 2.4.7-1.2ubuntu7.9 [273 kB]
Get:26 http://archive.ubuntu.com/ubuntu noble/main amd64 libdatrie1 amd64 0.2.13-3build1 [19.0 kB]
Get:27 http://archive.ubuntu.com/ubuntu noble/main amd64 libfontenc1 amd64 1:1.1.8-1build1 [14.0 kB]
Get:28 http://archive.ubuntu.com/ubuntu noble/main amd64 libgraphite2-3 amd64 1.3.14-2build1 [73.0 kB]
Get:29 http://archive.ubuntu.com/ubuntu noble/main amd64 libharfbuzz0b amd64 8.3.0-2build2 [469 kB]
Get:30 http://archive.ubuntu.com/ubuntu noble/main amd64 libnspr4 amd64 2:4.35-1.1build1 [117 kB]
Get:31 http://archive.ubuntu.com/ubuntu noble/main amd64 libnss3 amd64 2:3.98-1build1 [1445 kB]
Get:32 http://archive.ubuntu.com/ubuntu noble/main amd64 libthai-data all 0.1.29-2build1 [158 kB]
Get:33 http://archive.ubuntu.com/ubuntu noble/main amd64 libthai0 amd64 0.1.29-2build1 [18.9 kB]
Get:34 http://archive.ubuntu.com/ubuntu noble/main amd64 libpango-1.0-0 amd64 1.52.1+ds-1build1 [231 kB]
Get:35 http://archive.ubuntu.com/ubuntu noble-updates/main amd64 libunwind8 amd64 1.6.2-3build1.1 [55.3 kB]
Get:36 http://archive.ubuntu.com/ubuntu noble/main amd64 libxdamage1 amd64 1:1.1.6-1build1 [6150 B]
Get:37 http://archive.ubuntu.com/ubuntu noble/main amd64 libxfont2 amd64 1:2.0.6-1build1 [93.0 kB]
Get:38 http://archive.ubuntu.com/ubuntu noble/main amd64 x11-xkb-utils amd64 7.7+8build2 [170 kB]
Get:39 http://archive.ubuntu.com/ubuntu noble/main amd64 xfonts-encodings all 1:1.0.5-0ubuntu2 [578 kB]
Get:40 http://archive.ubuntu.com/ubuntu noble/main amd64 xfonts-utils amd64 1:7.7+6build3 [94.4 kB]
Get:41 http://archive.ubuntu.com/ubuntu noble/universe amd64 xfonts-cyrillic all 1:1.0.5+nmu1 [384 kB]
Get:42 http://archive.ubuntu.com/ubuntu noble/main amd64 xfonts-scalable all 1:1.0.3-1.3 [304 kB]
Get:43 http://archive.ubuntu.com/ubuntu noble-updates/main amd64 xserver-common all 2:21.1.12-1ubuntu1.5 [34.6 kB]
Get:44 http://archive.ubuntu.com/ubuntu noble-updates/universe amd64 xvfb amd64 2:21.1.12-1ubuntu1.5 [877 kB]
debconf: delaying package configuration, since apt-utils is not installed
Fetched 38.8 MB in 3s (14.0 MB/s)
Selecting previously unselected package fonts-ipafont-gothic.
(Reading database ... 50881 files and directories currently installed.)
Preparing to unpack .../00-fonts-ipafont-gothic_00303-21ubuntu1_all.deb ...
Unpacking fonts-ipafont-gothic (00303-21ubuntu1) ...
Selecting previously unselected package libfribidi0:amd64.
Preparing to unpack .../01-libfribidi0_1.0.13-3build1_amd64.deb ...
Unpacking libfribidi0:amd64 (1.0.13-3build1) ...
Selecting previously unselected package xkb-data.
Preparing to unpack .../02-xkb-data_2.41-2ubuntu1.1_all.deb ...
Unpacking xkb-data (2.41-2ubuntu1.1) ...
Selecting previously unselected package libxkbcommon0:amd64.
Preparing to unpack .../03-libxkbcommon0_1.6.0-1build1_amd64.deb ...
Unpacking libxkbcommon0:amd64 (1.6.0-1build1) ...
Selecting previously unselected package xauth.
Preparing to unpack .../04-xauth_1%3a1.1.2-1build1_amd64.deb ...
Unpacking xauth (1:1.1.2-1build1) ...
Selecting previously unselected package at-spi2-common.
Preparing to unpack .../05-at-spi2-common_2.52.0-1build1_all.deb ...
Unpacking at-spi2-common (2.52.0-1build1) ...
Selecting previously unselected package fontconfig.
Preparing to unpack .../06-fontconfig_2.15.0-1.1ubuntu2_amd64.deb ...
Unpacking fontconfig (2.15.0-1.1ubuntu2) ...
Selecting previously unselected package fonts-freefont-ttf.
Preparing to unpack .../07-fonts-freefont-ttf_20211204+svn4273-2_all.deb ...
Unpacking fonts-freefont-ttf (20211204+svn4273-2) ...
Selecting previously unselected package fonts-liberation.
Preparing to unpack .../08-fonts-liberation_1%3a2.1.5-3_all.deb ...
Unpacking fonts-liberation (1:2.1.5-3) ...
Selecting previously unselected package fonts-noto-color-emoji.
Preparing to unpack .../09-fonts-noto-color-emoji_2.047-0ubuntu0.24.04.1_all.deb ...
Unpacking fonts-noto-color-emoji (2.047-0ubuntu0.24.04.1) ...
Selecting previously unselected package fonts-tlwg-loma-otf.
Preparing to unpack .../10-fonts-tlwg-loma-otf_1%3a0.7.3-1_all.deb ...
Unpacking fonts-tlwg-loma-otf (1:0.7.3-1) ...
Selecting previously unselected package fonts-unifont.
Preparing to unpack .../11-fonts-unifont_1%3a15.1.01-1build1_all.deb ...
Unpacking fonts-unifont (1:15.1.01-1build1) ...
Selecting previously unselected package fonts-wqy-zenhei.
Preparing to unpack .../12-fonts-wqy-zenhei_0.9.45-8_all.deb ...
Unpacking fonts-wqy-zenhei (0.9.45-8) ...
Selecting previously unselected package libasound2-data.
Preparing to unpack .../13-libasound2-data_1.2.11-1ubuntu0.1_all.deb ...
Unpacking libasound2-data (1.2.11-1ubuntu0.1) ...
Selecting previously unselected package libasound2t64:amd64.
Preparing to unpack .../14-libasound2t64_1.2.11-1ubuntu0.1_amd64.deb ...
Unpacking libasound2t64:amd64 (1.2.11-1ubuntu0.1) ...
Selecting previously unselected package libatk1.0-0t64:amd64.
Preparing to unpack .../15-libatk1.0-0t64_2.52.0-1build1_amd64.deb ...
Unpacking libatk1.0-0t64:amd64 (2.52.0-1build1) ...
Selecting previously unselected package libatspi2.0-0t64:amd64.
Preparing to unpack .../16-libatspi2.0-0t64_2.52.0-1build1_amd64.deb ...
Unpacking libatspi2.0-0t64:amd64 (2.52.0-1build1) ...
Selecting previously unselected package libatk-bridge2.0-0t64:amd64.
Preparing to unpack .../17-libatk-bridge2.0-0t64_2.52.0-1build1_amd64.deb ...
Unpacking libatk-bridge2.0-0t64:amd64 (2.52.0-1build1) ...
Selecting previously unselected package libavahi-common-data:amd64.
Preparing to unpack .../18-libavahi-common-data_0.8-13ubuntu6.1_amd64.deb ...
Unpacking libavahi-common-data:amd64 (0.8-13ubuntu6.1) ...
Selecting previously unselected package libavahi-common3:amd64.
Preparing to unpack .../19-libavahi-common3_0.8-13ubuntu6.1_amd64.deb ...
Unpacking libavahi-common3:amd64 (0.8-13ubuntu6.1) ...
Selecting previously unselected package libavahi-client3:amd64.
Preparing to unpack .../20-libavahi-client3_0.8-13ubuntu6.1_amd64.deb ...
Unpacking libavahi-client3:amd64 (0.8-13ubuntu6.1) ...
Selecting previously unselected package libpixman-1-0:amd64.
Preparing to unpack .../21-libpixman-1-0_0.42.2-1build1_amd64.deb ...
Unpacking libpixman-1-0:amd64 (0.42.2-1build1) ...
Selecting previously unselected package libxcb-render0:amd64.
Preparing to unpack .../22-libxcb-render0_1.15-1ubuntu2_amd64.deb ...
Unpacking libxcb-render0:amd64 (1.15-1ubuntu2) ...
Selecting previously unselected package libcairo2:amd64.
Preparing to unpack .../23-libcairo2_1.18.0-3build1_amd64.deb ...
Unpacking libcairo2:amd64 (1.18.0-3build1) ...
Selecting previously unselected package libcups2t64:amd64.
Preparing to unpack .../24-libcups2t64_2.4.7-1.2ubuntu7.9_amd64.deb ...
Unpacking libcups2t64:amd64 (2.4.7-1.2ubuntu7.9) ...
Selecting previously unselected package libdatrie1:amd64.
Preparing to unpack .../25-libdatrie1_0.2.13-3build1_amd64.deb ...
Unpacking libdatrie1:amd64 (0.2.13-3build1) ...
Selecting previously unselected package libfontenc1:amd64.
Preparing to unpack .../26-libfontenc1_1%3a1.1.8-1build1_amd64.deb ...
Unpacking libfontenc1:amd64 (1:1.1.8-1build1) ...
Selecting previously unselected package libgraphite2-3:amd64.
Preparing to unpack .../27-libgraphite2-3_1.3.14-2build1_amd64.deb ...
Unpacking libgraphite2-3:amd64 (1.3.14-2build1) ...
Selecting previously unselected package libharfbuzz0b:amd64.
Preparing to unpack .../28-libharfbuzz0b_8.3.0-2build2_amd64.deb ...
Unpacking libharfbuzz0b:amd64 (8.3.0-2build2) ...
Selecting previously unselected package libnspr4:amd64.
Preparing to unpack .../29-libnspr4_2%3a4.35-1.1build1_amd64.deb ...
Unpacking libnspr4:amd64 (2:4.35-1.1build1) ...
Selecting previously unselected package libnss3:amd64.
Preparing to unpack .../30-libnss3_2%3a3.98-1build1_amd64.deb ...
Unpacking libnss3:amd64 (2:3.98-1build1) ...
Selecting previously unselected package libthai-data.
Preparing to unpack .../31-libthai-data_0.1.29-2build1_all.deb ...
Unpacking libthai-data (0.1.29-2build1) ...
Selecting previously unselected package libthai0:amd64.
Preparing to unpack .../32-libthai0_0.1.29-2build1_amd64.deb ...
Unpacking libthai0:amd64 (0.1.29-2build1) ...
Selecting previously unselected package libpango-1.0-0:amd64.
Preparing to unpack .../33-libpango-1.0-0_1.52.1+ds-1build1_amd64.deb ...
Unpacking libpango-1.0-0:amd64 (1.52.1+ds-1build1) ...
Selecting previously unselected package libunwind8:amd64.
Preparing to unpack .../34-libunwind8_1.6.2-3build1.1_amd64.deb ...
Unpacking libunwind8:amd64 (1.6.2-3build1.1) ...
Selecting previously unselected package libxdamage1:amd64.
Preparing to unpack .../35-libxdamage1_1%3a1.1.6-1build1_amd64.deb ...
Unpacking libxdamage1:amd64 (1:1.1.6-1build1) ...
Selecting previously unselected package libxfont2:amd64.
Preparing to unpack .../36-libxfont2_1%3a2.0.6-1build1_amd64.deb ...
Unpacking libxfont2:amd64 (1:2.0.6-1build1) ...
Selecting previously unselected package x11-xkb-utils.
Preparing to unpack .../37-x11-xkb-utils_7.7+8build2_amd64.deb ...
Unpacking x11-xkb-utils (7.7+8build2) ...
Selecting previously unselected package xfonts-encodings.
Preparing to unpack .../38-xfonts-encodings_1%3a1.0.5-0ubuntu2_all.deb ...
Unpacking xfonts-encodings (1:1.0.5-0ubuntu2) ...
Selecting previously unselected package xfonts-utils.
Preparing to unpack .../39-xfonts-utils_1%3a7.7+6build3_amd64.deb ...
Unpacking xfonts-utils (1:7.7+6build3) ...
Selecting previously unselected package xfonts-cyrillic.
Preparing to unpack .../40-xfonts-cyrillic_1%3a1.0.5+nmu1_all.deb ...
Unpacking xfonts-cyrillic (1:1.0.5+nmu1) ...
Selecting previously unselected package xfonts-scalable.
Preparing to unpack .../41-xfonts-scalable_1%3a1.0.3-1.3_all.deb ...
Unpacking xfonts-scalable (1:1.0.3-1.3) ...
Selecting previously unselected package xserver-common.
Preparing to unpack .../42-xserver-common_2%3a21.1.12-1ubuntu1.5_all.deb ...
Unpacking xserver-common (2:21.1.12-1ubuntu1.5) ...
Selecting previously unselected package xvfb.
Preparing to unpack .../43-xvfb_2%3a21.1.12-1ubuntu1.5_amd64.deb ...
Unpacking xvfb (2:21.1.12-1ubuntu1.5) ...
Setting up libgraphite2-3:amd64 (1.3.14-2build1) ...
Setting up libpixman-1-0:amd64 (0.42.2-1build1) ...
Setting up fontconfig (2.15.0-1.1ubuntu2) ...
Regenerating fonts cache... done.
Setting up libxdamage1:amd64 (1:1.1.6-1build1) ...
Setting up libdatrie1:amd64 (0.2.13-3build1) ...
Setting up fonts-noto-color-emoji (2.047-0ubuntu0.24.04.1) ...
Setting up libxcb-render0:amd64 (1.15-1ubuntu2) ...
Setting up x11-xkb-utils (7.7+8build2) ...
Setting up fonts-wqy-zenhei (0.9.45-8) ...
Setting up fonts-freefont-ttf (20211204+svn4273-2) ...
Setting up xkb-data (2.41-2ubuntu1.1) ...
Setting up libunwind8:amd64 (1.6.2-3build1.1) ...
Setting up libcairo2:amd64 (1.18.0-3build1) ...
Setting up libasound2-data (1.2.11-1ubuntu0.1) ...
Setting up libfontenc1:amd64 (1:1.1.8-1build1) ...
Setting up libasound2t64:amd64 (1.2.11-1ubuntu0.1) ...
Setting up fonts-tlwg-loma-otf (1:0.7.3-1) ...
Setting up libnspr4:amd64 (2:4.35-1.1build1) ...
Setting up libavahi-common-data:amd64 (0.8-13ubuntu6.1) ...
Setting up libatspi2.0-0t64:amd64 (2.52.0-1build1) ...
Setting up xfonts-encodings (1:1.0.5-0ubuntu2) ...
Setting up libfribidi0:amd64 (1.0.13-3build1) ...
Setting up fonts-ipafont-gothic (00303-21ubuntu1) ...
update-alternatives: using /usr/share/fonts/opentype/ipafont-gothic/ipag.ttf to provide /usr/share/fonts/truetype/fonts-japanese-gothic.ttf (fonts-japanese-gothic.ttf) in auto mode
Setting up xauth (1:1.1.2-1build1) ...
Setting up at-spi2-common (2.52.0-1build1) ...
Setting up fonts-liberation (1:2.1.5-3) ...
Setting up libharfbuzz0b:amd64 (8.3.0-2build2) ...
Setting up libthai-data (0.1.29-2build1) ...
Setting up xserver-common (2:21.1.12-1ubuntu1.5) ...
Setting up libxfont2:amd64 (1:2.0.6-1build1) ...
Setting up fonts-unifont (1:15.1.01-1build1) ...
Setting up libxkbcommon0:amd64 (1.6.0-1build1) ...
Setting up libatk1.0-0t64:amd64 (2.52.0-1build1) ...
Setting up xvfb (2:21.1.12-1ubuntu1.5) ...
Setting up libavahi-common3:amd64 (0.8-13ubuntu6.1) ...
Setting up libnss3:amd64 (2:3.98-1build1) ...
Setting up xfonts-utils (1:7.7+6build3) ...
Setting up libthai0:amd64 (0.1.29-2build1) ...
Setting up xfonts-cyrillic (1:1.0.5+nmu1) ...
Setting up libavahi-client3:amd64 (0.8-13ubuntu6.1) ...
Setting up xfonts-scalable (1:1.0.3-1.3) ...
Setting up libatk-bridge2.0-0t64:amd64 (2.52.0-1build1) ...
Setting up libpango-1.0-0:amd64 (1.52.1+ds-1build1) ...
Setting up libcups2t64:amd64 (2.4.7-1.2ubuntu7.9) ...
Processing triggers for libc-bin (2.39-0ubuntu8.6) ...
Downloading Chromium 143.0.7499.4 (playwright build v1200) from https://cdn.playwright.dev/dbazure/download/playwright/builds/chromium/1200/chromium-linux.zip
(node:704) [DEP0169] DeprecationWarning: `url.parse()` behavior is not standardized and prone to errors that have security implications. Use the WHATWG URL API instead. CVEs are not issued for `url.parse()` vulnerabilities.
(Use `node --trace-deprecation ...` to show where the warning was created)
|                                                                                |   0% of 164.7 MiB
|■■■■■■■■                                                                        |  10% of 164.7 MiB
|■■■■■■■■■■■■■■■■                                                                |  20% of 164.7 MiB
|■■■■■■■■■■■■■■■■■■■■■■■■                                                        |  30% of 164.7 MiB
|■■■■■■■■■■■■■■■■■■■■■■■■■■■■■■■■                                                |  40% of 164.7 MiB
|■■■■■■■■■■■■■■■■■■■■■■■■■■■■■■■■■■■■■■■■                                        |  50% of 164.7 MiB
|■■■■■■■■■■■■■■■■■■■■■■■■■■■■■■■■■■■■■■■■■■■■■■■■                                |  60% of 164.7 MiB
|■■■■■■■■■■■■■■■■■■■■■■■■■■■■■■■■■■■■■■■■■■■■■■■■■■■■■■■■                        |  70% of 164.7 MiB
|■■■■■■■■■■■■■■■■■■■■■■■■■■■■■■■■■■■■■■■■■■■■■■■■■■■■■■■■■■■■■■■■                |  80% of 164.7 MiB
|■■■■■■■■■■■■■■■■■■■■■■■■■■■■■■■■■■■■■■■■■■■■■■■■■■■■■■■■■■■■■■■■■■■■■■■■        |  90% of 164.7 MiB
|■■■■■■■■■■■■■■■■■■■■■■■■■■■■■■■■■■■■■■■■■■■■■■■■■■■■■■■■■■■■■■■■■■■■■■■■■■■■■■■■| 100% of 164.7 MiB
Chromium 143.0.7499.4 (playwright build v1200) downloaded to /root/.cache/ms-playwright/chromium-1200
Downloading FFMPEG playwright build v1011 from https://cdn.playwright.dev/dbazure/download/playwright/builds/ffmpeg/1011/ffmpeg-linux.zip
(node:715) [DEP0169] DeprecationWarning: `url.parse()` behavior is not standardized and prone to errors that have security implications. Use the WHATWG URL API instead. CVEs are not issued for `url.parse()` vulnerabilities.
(Use `node --trace-deprecation ...` to show where the warning was created)
|                                                                                |   0% of 2.3 MiB
|■■■■■■■■                                                                        |  10% of 2.3 MiB
|■■■■■■■■■■■■■■■■                                                                |  20% of 2.3 MiB
|■■■■■■■■■■■■■■■■■■■■■■■■                                                        |  30% of 2.3 MiB
|■■■■■■■■■■■■■■■■■■■■■■■■■■■■■■■■                                                |  40% of 2.3 MiB
|■■■■■■■■■■■■■■■■■■■■■■■■■■■■■■■■■■■■■■■■                                        |  50% of 2.3 MiB
|■■■■■■■■■■■■■■■■■■■■■■■■■■■■■■■■■■■■■■■■■■■■■■■■                                |  60% of 2.3 MiB
|■■■■■■■■■■■■■■■■■■■■■■■■■■■■■■■■■■■■■■■■■■■■■■■■■■■■■■■■                        |  70% of 2.3 MiB
|■■■■■■■■■■■■■■■■■■■■■■■■■■■■■■■■■■■■■■■■■■■■■■■■■■■■■■■■■■■■■■■■                |  80% of 2.3 MiB
|■■■■■■■■■■■■■■■■■■■■■■■■■■■■■■■■■■■■■■■■■■■■■■■■■■■■■■■■■■■■■■■■■■■■■■■■        |  90% of 2.3 MiB
|■■■■■■■■■■■■■■■■■■■■■■■■■■■■■■■■■■■■■■■■■■■■■■■■■■■■■■■■■■■■■■■■■■■■■■■■■■■■■■■■| 100% of 2.3 MiB
FFMPEG playwright build v1011 downloaded to /root/.cache/ms-playwright/ffmpeg-1011
Downloading Chromium Headless Shell 143.0.7499.4 (playwright build v1200) from https://cdn.playwright.dev/dbazure/download/playwright/builds/chromium/1200/chromium-headless-shell-linux.zip
(node:726) [DEP0169] DeprecationWarning: `url.parse()` behavior is not standardized and prone to errors that have security implications. Use the WHATWG URL API instead. CVEs are not issued for `url.parse()` vulnerabilities.
(Use `node --trace-deprecation ...` to show where the warning was created)
|                                                                                |   0% of 109.7 MiB
|■■■■■■■■                                                                        |  10% of 109.7 MiB
|■■■■■■■■■■■■■■■■                                                                |  20% of 109.7 MiB
|■■■■■■■■■■■■■■■■■■■■■■■■                                                        |  30% of 109.7 MiB
|■■■■■■■■■■■■■■■■■■■■■■■■■■■■■■■■                                                |  40% of 109.7 MiB
|■■■■■■■■■■■■■■■■■■■■■■■■■■■■■■■■■■■■■■■■                                        |  50% of 109.7 MiB
|■■■■■■■■■■■■■■■■■■■■■■■■■■■■■■■■■■■■■■■■■■■■■■■■                                |  60% of 109.7 MiB
|■■■■■■■■■■■■■■■■■■■■■■■■■■■■■■■■■■■■■■■■■■■■■■■■■■■■■■■■                        |  70% of 109.7 MiB
|■■■■■■■■■■■■■■■■■■■■■■■■■■■■■■■■■■■■■■■■■■■■■■■■■■■■■■■■■■■■■■■■                |  80% of 109.7 MiB
|■■■■■■■■■■■■■■■■■■■■■■■■■■■■■■■■■■■■■■■■■■■■■■■■■■■■■■■■■■■■■■■■■■■■■■■■        |  90% of 109.7 MiB
|■■■■■■■■■■■■■■■■■■■■■■■■■■■■■■■■■■■■■■■■■■■■■■■■■■■■■■■■■■■■■■■■■■■■■■■■■■■■■■■■| 100% of 109.7 MiB
Chromium Headless Shell 143.0.7499.4 (playwright build v1200) downloaded to /root/.cache/ms-playwright/chromium_headless_shell-1200
--> 611348c73cdf
STEP 15/18: WORKDIR /src/MyBlog.E2E
--> 4a3ca37b14ee
STEP 16/18: ENV MYBLOG_BASE_URL=http://myblog-web:5000
--> 08cd4a616c2d
STEP 17/18: ENV PLAYWRIGHT_HEADLESS=true
--> 328fb8c5abf6
STEP 18/18: ENTRYPOINT ["dotnet", "run", "-c", "Release", "--no-build"]
COMMIT myblog_myblog-e2e
--> 31b97e354f34
Successfully tagged localhost/myblog_myblog-e2e:latest
31b97e354f34e3e8f800d1656e8783f732ea926c1cecbe6b973b253a86e322d7
[INFO] Starting MyBlog web service...
431cf96a1358ab3a7155f700c5c4d3f516dc71518e329c9a238f2bffaf73349c
b90a2d0bb17cf3bc19cdf40be90771fa82082d03830a772e3a82550557a225a6
myblog-web
[INFO] Waiting for MyBlog to be ready...
.
[INFO] MyBlog is ready!
[INFO] Running E2E tests...
ff9fe7452dfa6f8d606573131646f113a5e73586117a717bc8e8aa6b1fa6e36d
[myblog-web] | cannot open `/run/user/1000/crun/b90a2d0bb17cf3bc19cdf40be90771fa82082d03830a772e3a82550557a225a6/exec.fifo`: No such file or directory
[myblog-web] | Error: unable to start container b90a2d0bb17cf3bc19cdf40be90771fa82082d03830a772e3a82550557a225a6: `/usr/bin/crun start b90a2d0bb17cf3bc19cdf40be90771fa82082d03830a772e3a82550557a225a6` failed: exit status 1
[myblog-e2e] | xUnit.net v3 In-Process Runner v3.2.2+728c1dce01 (64-bit .NET 10.0.2)
[myblog-e2e] |   Discovering: MyBlog.E2E
[myblog-e2e] |   Discovered:  MyBlog.E2E
[myblog-e2e] |   Starting:    MyBlog.E2E
[myblog-e2e] |   Finished:    MyBlog.E2E (ID = '4d488734a9156ea8719a93bca3e9cb47dfeac4715a7981582060bf185a1e7bf4')
[myblog-e2e] | === TEST EXECUTION SUMMARY ===
[myblog-e2e] |    MyBlog.E2E  Total: 78, Errors: 0, Failed: 0, Skipped: 0, Not Run: 0, Time: 24.907s
[myblog-e2e] | 
[INFO] Capturing logs...
[INFO] Cleaning up...
myblog-e2e
myblog-web
myblog-e2e
myblog-web
myblog_myblog-data
431cf96a1358ab3a7155f700c5c4d3f516dc71518e329c9a238f2bffaf73349c
myblog_myblog-network
[INFO] E2E tests passed! ✓

real	1m18.062s
user	0m38.702s
sys	0m19.788s
kushal@fedora:~/src/dotnet/MyBlog$ 
