kushal@fedora:~/src/dotnet/MyBlog$ cd ~/src/dotnet/MyBlog/ && export DOTNET_CLI_TELEMETRY_OPTOUT=1 && (cd src && time dotnet format; time dotnet restore; time dotnet clean; time dotnet build; time dotnet run --project MyBlog.Tests/MyBlog.Tests.csproj; time dotnet list package; time dotnet list package --outdated); cd ~/src/dotnet/MyBlog/ && time bash export.sh; cat run-e2e.sh; time bash run-e2e.sh --clean; time bash run-e2e.sh;

real	0m9.515s
user	0m17.395s
sys	0m1.143s
Restore complete (0.5s)

Build succeeded in 0.6s

real	0m0.798s
user	0m0.887s
sys	0m0.178s

Build succeeded in 0.6s

real	0m0.774s
user	0m0.856s
sys	0m0.167s
Restore complete (0.6s)
  MyBlog.Core net10.0 succeeded (3.3s) → MyBlog.Core/bin/Debug/net10.0/MyBlog.Core.dll
  MyBlog.Infrastructure net10.0 succeeded (0.5s) → MyBlog.Infrastructure/bin/Debug/net10.0/MyBlog.Infrastructure.dll
  MyBlog.Web net10.0 succeeded (2.7s) → MyBlog.Web/bin/Debug/net10.0/MyBlog.Web.dll
  MyBlog.E2E net10.0 succeeded (0.8s) → MyBlog.E2E/bin/Debug/net10.0/MyBlog.E2E.dll
  MyBlog.Tests net10.0 succeeded (0.8s) → MyBlog.Tests/bin/Debug/net10.0/MyBlog.Tests.dll

Build succeeded in 8.1s

real	0m8.246s
user	0m2.872s
sys	0m0.533s
xUnit.net v3 In-Process Runner v3.2.2+728c1dce01 (64-bit .NET 10.0.2)
  Discovering: MyBlog.Tests
  Discovered:  MyBlog.Tests
  Starting:    MyBlog.Tests
  Finished:    MyBlog.Tests (ID = '24cedafe73dab5684218bb3cf04cfd49ae8ce3b87ae799399cb2e301cbc1e755')
=== TEST EXECUTION SUMMARY ===
   MyBlog.Tests  Total: 182, Errors: 0, Failed: 0, Skipped: 0, Not Run: 0, Time: 41.564s

real	0m43.661s
user	0m47.352s
sys	0m0.835s
Restore complete (0.5s)

Build succeeded in 0.6s
Project 'MyBlog.Core' has the following package references
   [net10.0]: 
   Top-level Package                   Requested   Resolved
   > Microsoft.Extensions.Logging      10.0.2      10.0.2  

Project 'MyBlog.E2E' has the following package references
   [net10.0]: 
   Top-level Package             Requested   Resolved
   > Microsoft.NET.Test.Sdk      18.0.1      18.0.1  
   > Microsoft.Playwright        1.57.0      1.57.0  
   > xunit.v3                    3.2.2       3.2.2   

Project 'MyBlog.Infrastructure' has the following package references
   [net10.0]: 
   Top-level Package                           Requested   Resolved
   > Microsoft.AspNetCore.Identity             2.3.9       2.3.9   
   > Microsoft.EntityFrameworkCore.Sqlite      10.0.2      10.0.2  
   > Microsoft.Extensions.Http                 10.0.2      10.0.2  
   > OpenTelemetry                             1.15.0      1.15.0  

Project 'MyBlog.Tests' has the following package references
   [net10.0]: 
   Top-level Package                             Requested   Resolved
   > Microsoft.EntityFrameworkCore.Sqlite        10.0.2      10.0.2  
   > Microsoft.NET.Test.Sdk                      18.0.1      18.0.1  
   > Microsoft.Testing.Extensions.TrxReport      2.0.2       2.0.2   
   > xunit.v3                                    3.2.2       3.2.2   

Project 'MyBlog.Web' has the following package references
   [net10.0]: 
   Top-level Package                                  Requested    Resolved
   > Microsoft.AspNetCore.App.Internal.Assets   (A)   [10.0.2, )   10.0.2  
   > Microsoft.AspNetCore.SignalR.Client              10.0.2       10.0.2  
   > OpenTelemetry.Exporter.Console                   1.15.0       1.15.0  
   > OpenTelemetry.Extensions.Hosting                 1.15.0       1.15.0  
   > OpenTelemetry.Instrumentation.AspNetCore         1.15.0       1.15.0  
   > OpenTelemetry.Instrumentation.Http               1.15.0       1.15.0  

(A) : Auto-referenced package.

real	0m1.699s
user	0m1.705s
sys	0m0.429s
Restore complete (0.5s)

Build succeeded in 0.6s

The following sources were used:
   https://api.nuget.org/v3/index.json

The given project `MyBlog.Core` has no updates given the current sources.
The given project `MyBlog.E2E` has no updates given the current sources.
The given project `MyBlog.Infrastructure` has no updates given the current sources.
The given project `MyBlog.Tests` has no updates given the current sources.
The given project `MyBlog.Web` has no updates given the current sources.

real	0m3.210s
user	0m2.280s
sys	0m0.460s
==============================================
  Project Export for LLM Analysis
==============================================

Project Path: /home/kushal/src/dotnet/MyBlog
Output File:  docs/llm/dump.txt

Generating directory structure...
Collecting files...
Found 126 files to export

Processing (1/126): docker-compose.e2e.yml
Processing (2/126): docker-compose.yml
Processing (3/126): .editorconfig
Processing (4/126): export.sh
Processing (5/126): .github/workflows/build-deploy.yml
Processing (6/126): .gitignore
Processing (7/126): README.md
Processing (8/126): run-e2e.sh
Processing (9/126): src/Directory.Build.props
Processing (10/126): src/Directory.Packages.props
Processing (11/126): src/.github/workflows/build-deploy.yml
Processing (12/126): src/global.json
Processing (13/126): src/MyBlog.Core/Constants/AppConstants.cs
Processing (14/126): src/MyBlog.Core/Interfaces/IAuthService.cs
Processing (15/126): src/MyBlog.Core/Interfaces/IImageDimensionService.cs
Processing (16/126): src/MyBlog.Core/Interfaces/IImageRepository.cs
Processing (17/126): src/MyBlog.Core/Interfaces/IMarkdownService.cs
Processing (18/126): src/MyBlog.Core/Interfaces/IPasswordService.cs
Processing (19/126): src/MyBlog.Core/Interfaces/IPostRepository.cs
Processing (20/126): src/MyBlog.Core/Interfaces/IReaderTrackingService.cs
Processing (21/126): src/MyBlog.Core/Interfaces/ISlugService.cs
Processing (22/126): src/MyBlog.Core/Interfaces/ITelemetryLogRepository.cs
Processing (23/126): src/MyBlog.Core/Interfaces/IUserRepository.cs
Processing (24/126): src/MyBlog.Core/Models/Image.cs
Processing (25/126): src/MyBlog.Core/Models/ImageDimensionCache.cs
Processing (26/126): src/MyBlog.Core/Models/Post.cs
Processing (27/126): src/MyBlog.Core/Models/PostDto.cs
Processing (28/126): src/MyBlog.Core/Models/TelemetryLog.cs
Processing (29/126): src/MyBlog.Core/Models/User.cs
Processing (30/126): src/MyBlog.Core/MyBlog.Core.csproj
Processing (31/126): src/MyBlog.Core/Services/MarkdownService.cs
Processing (32/126): src/MyBlog.Core/Services/SlugService.cs
Processing (33/126): src/MyBlog.E2E/Dockerfile
Processing (34/126): src/MyBlog.E2E/MyBlog.E2E.csproj
Processing (35/126): src/MyBlog.E2E/PlaywrightCollection.cs
Processing (36/126): src/MyBlog.E2E/PlaywrightFixture.cs
Processing (37/126): src/MyBlog.E2E/Tests/AboutPageTests.cs
Processing (38/126): src/MyBlog.E2E/Tests/AdminPageTests.cs
Processing (39/126): src/MyBlog.E2E/Tests/AuthenticationTests.cs
Processing (40/126): src/MyBlog.E2E/Tests/HomePageTests.cs
Processing (41/126): src/MyBlog.E2E/Tests/LoginPageTests.cs
Processing (42/126): src/MyBlog.E2E/Tests/NavigationTests.cs
Processing (43/126): src/MyBlog.E2E/Tests/SeoTests.cs
Processing (44/126): src/MyBlog.E2E/Tests/ThemeSwitcherTests.cs
Processing (45/126): src/MyBlog.Infrastructure/Data/BlogDbContext.cs
Processing (46/126): src/MyBlog.Infrastructure/Data/DatabasePathResolver.cs
Processing (47/126): src/MyBlog.Infrastructure/Data/DatabaseSchemaUpdater.cs
Processing (48/126): src/MyBlog.Infrastructure/MyBlog.Infrastructure.csproj
Processing (49/126): src/MyBlog.Infrastructure/Repositories/ImageRepository.cs
Processing (50/126): src/MyBlog.Infrastructure/Repositories/PostRepository.cs
Processing (51/126): src/MyBlog.Infrastructure/Repositories/TelemetryLogRepository.cs
Processing (52/126): src/MyBlog.Infrastructure/Repositories/UserRepository.cs
Processing (53/126): src/MyBlog.Infrastructure/ServiceCollectionExtensions.cs
Processing (54/126): src/MyBlog.Infrastructure/Services/AuthService.cs
Processing (55/126): src/MyBlog.Infrastructure/Services/ImageCacheWarmerService.cs
Processing (56/126): src/MyBlog.Infrastructure/Services/ImageDimensionService.cs
Processing (57/126): src/MyBlog.Infrastructure/Services/PasswordService.cs
Processing (58/126): src/MyBlog.Infrastructure/Services/ReaderTrackingService.cs
Processing (59/126): src/MyBlog.Infrastructure/Services/TelemetryCleanupService.cs
Processing (60/126): src/MyBlog.Infrastructure/Telemetry/DatabaseLogExporter.cs
Processing (61/126): src/MyBlog.Infrastructure/Telemetry/FileLogExporter.cs
Processing (62/126): src/MyBlog.Infrastructure/Telemetry/TelemetryPathResolver.cs
Processing (63/126): src/MyBlog.slnx
Processing (64/126): src/MyBlog.Tests/Integration/AuthServiceLongPasswordTests.cs
Processing (65/126): src/MyBlog.Tests/Integration/AuthServiceTests.cs
Processing (66/126): src/MyBlog.Tests/Integration/ImageRepositoryTests.cs
Processing (67/126): src/MyBlog.Tests/Integration/PasswordChangeTests.cs
Processing (68/126): src/MyBlog.Tests/Integration/PostRepositoryExtendedTests.cs
Processing (69/126): src/MyBlog.Tests/Integration/PostRepositoryTests.cs
Processing (70/126): src/MyBlog.Tests/Integration/TelemetryCleanupTests.cs
Processing (71/126): src/MyBlog.Tests/Integration/TelemetryLogRepositoryTests.cs
Processing (72/126): src/MyBlog.Tests/Integration/UserRepositoryTests.cs
Processing (73/126): src/MyBlog.Tests/MyBlog.Tests.csproj
Processing (74/126): src/MyBlog.Tests/Unit/DatabasePathResolverTests.cs
Processing (75/126): src/MyBlog.Tests/Unit/LoginRateLimitMiddlewareTests.cs
Processing (76/126): src/MyBlog.Tests/Unit/MarkdownServiceEdgeCaseTests.cs
Processing (77/126): src/MyBlog.Tests/Unit/MarkdownServiceTests.cs
Processing (78/126): src/MyBlog.Tests/Unit/PasswordServiceTests.cs
Processing (79/126): src/MyBlog.Tests/Unit/ReaderTrackingServiceTests.cs
Processing (80/126): src/MyBlog.Tests/Unit/SlugServiceTests.cs
Processing (81/126): src/MyBlog.Web/appsettings.Development.json
Processing (82/126): src/MyBlog.Web/appsettings.json
Processing (83/126): src/MyBlog.Web/Components/App.razor
Processing (84/126): src/MyBlog.Web/Components/_Imports.razor
Processing (85/126): src/MyBlog.Web/Components/Layout/MainLayout.razor
Processing (86/126): src/MyBlog.Web/Components/Pages/About.razor
Processing (87/126): src/MyBlog.Web/Components/Pages/About.razor.css
Processing (88/126): src/MyBlog.Web/Components/Pages/AccessDenied.razor
Processing (89/126): src/MyBlog.Web/Components/Pages/Admin/ChangePassword.razor
Processing (90/126): src/MyBlog.Web/Components/Pages/Admin/ChangePassword.razor.css
Processing (91/126): src/MyBlog.Web/Components/Pages/Admin/Dashboard.razor
Processing (92/126): src/MyBlog.Web/Components/Pages/Admin/Dashboard.razor.css
Processing (93/126): src/MyBlog.Web/Components/Pages/Admin/ImageManager.razor
Processing (94/126): src/MyBlog.Web/Components/Pages/Admin/ImageManager.razor.css
Processing (95/126): src/MyBlog.Web/Components/Pages/Admin/PostEditor.razor
Processing (96/126): src/MyBlog.Web/Components/Pages/Admin/PostEditor.razor.css
Processing (97/126): src/MyBlog.Web/Components/Pages/Admin/PostList.razor
Processing (98/126): src/MyBlog.Web/Components/Pages/Admin/UserEditor.razor
Processing (99/126): src/MyBlog.Web/Components/Pages/Admin/UserEditor.razor.css
Processing (100/126): src/MyBlog.Web/Components/Pages/Admin/UserList.razor
Processing (101/126): src/MyBlog.Web/Components/Pages/Admin/UserList.razor.css
Processing (102/126): src/MyBlog.Web/Components/Pages/Home.razor
Processing (103/126): src/MyBlog.Web/Components/Pages/Login.razor
Processing (104/126): src/MyBlog.Web/Components/Pages/Login.razor.css
Processing (105/126): src/MyBlog.Web/Components/Pages/PostDetail.razor
Processing (106/126): src/MyBlog.Web/Components/Pages/PostDetail.razor.css
Processing (107/126): src/MyBlog.Web/Components/Routes.razor
Processing (108/126): src/MyBlog.Web/Components/Shared/Footer.razor
Processing (109/126): src/MyBlog.Web/Components/Shared/Footer.razor.css
Processing (110/126): src/MyBlog.Web/Components/Shared/MarkdownRenderer.razor
Processing (111/126): src/MyBlog.Web/Components/Shared/Pagination.razor
Processing (112/126): src/MyBlog.Web/Components/Shared/PostCard.razor
Processing (113/126): src/MyBlog.Web/Components/Shared/PostCard.razor.css
Processing (114/126): src/MyBlog.Web/Components/Shared/ReaderBadge.razor
Processing (115/126): src/MyBlog.Web/Components/Shared/ReaderBadge.razor.css
Processing (116/126): src/MyBlog.Web/Components/Shared/RedirectToLogin.razor
Processing (117/126): src/MyBlog.Web/Components/Shared/ThemeSwitcher.razor
Processing (118/126): src/MyBlog.Web/Components/Shared/ThemeSwitcher.razor.css
Processing (119/126): src/MyBlog.Web/Dockerfile
Processing (120/126): src/MyBlog.Web/Hubs/ReaderHub.cs
Processing (121/126): src/MyBlog.Web/Middleware/LoginRateLimitMiddleware.cs
Processing (122/126): src/MyBlog.Web/MyBlog.Web.csproj
Processing (123/126): src/MyBlog.Web/Program.cs
Processing (124/126): src/MyBlog.Web/Properties/launchSettings.json
Processing (125/126): src/MyBlog.Web/wwwroot/css/site.css
Processing (126/126): src/MyBlog.Web/wwwroot/js/site.js

==============================================
  Export Complete!
==============================================

Output file:    docs/llm/dump.txt
Files exported: 126
Files skipped:  0
Output size:    522.14 KB

File types included:
  • Source code: .cs, .fs, .vb
  • Blazor/Razor: .razor
  • UI/XAML: .axaml, .xaml, .paml
  • Projects: .csproj, .slnx, .sln, .props, .targets
  • Config: .json, .yaml, .yml, .xml, .config
  • Docs: .md, .txt
  • Scripts: .sh, .ps1, .cmd, .bat
  • Web: .css, .scss, .js, .ts
  • Other: .sql, .resx, Dockerfile, etc.


real	0m1.385s
user	0m0.760s
sys	0m0.876s
#!/bin/bash
# =============================================================================
# Run E2E Tests with Podman Compose
# =============================================================================
# This script runs Playwright E2E tests against MyBlog using containers.
# Designed for Fedora with SELinux and Podman.
#
# Usage:
#   ./run-e2e.sh          # Run all E2E tests
#   ./run-e2e.sh --build  # Force rebuild containers
#   ./run-e2e.sh --clean  # Clean up and remove volumes
# =============================================================================

set -e

SCRIPT_DIR="$(cd "$(dirname "${BASH_SOURCE[0]}")" && pwd)"
cd "$SCRIPT_DIR"

# Colors for output
RED='\033[0;31m'
GREEN='\033[0;32m'
YELLOW='\033[1;33m'
NC='\033[0m' # No Color

log_info() {
    echo -e "${GREEN}[INFO]${NC} $1"
}

log_warn() {
    echo -e "${YELLOW}[WARN]${NC} $1"
}

log_error() {
    echo -e "${RED}[ERROR]${NC} $1"
}

# Parse arguments
BUILD_FLAG=""
CLEAN_FLAG=""

for arg in "$@"; do
    case $arg in
        --build)
            BUILD_FLAG="--build"
            ;;
        --clean)
            CLEAN_FLAG="true"
            ;;
    esac
done

# Clean up if requested
if [ "$CLEAN_FLAG" == "true" ]; then
    log_info "Cleaning up containers and volumes..."
    podman-compose -f docker-compose.e2e.yml down -v --remove-orphans 2>/dev/null || true
    podman system prune -f 2>/dev/null || true
    log_info "Cleanup complete"
    exit 0
fi

# Create test results directory
mkdir -p test-results
# Set SELinux context if on Fedora with SELinux
if command -v chcon &> /dev/null && getenforce 2>/dev/null | grep -q "Enforcing"; then
    log_info "Setting SELinux context for test-results directory..."
    chcon -Rt svirt_sandbox_file_t test-results 2>/dev/null || true
fi

log_info "Starting E2E test environment..."

# Build and start services
log_info "Building containers..."
podman-compose -f docker-compose.e2e.yml build $BUILD_FLAG

log_info "Starting MyBlog web service..."
podman-compose -f docker-compose.e2e.yml up -d myblog-web

# Wait for web service to be healthy
log_info "Waiting for MyBlog to be ready..."
RETRIES=30
until podman exec myblog-web curl -sf http://localhost:5000/ > /dev/null 2>&1; do
    RETRIES=$((RETRIES - 1))
    if [ $RETRIES -eq 0 ]; then
        log_error "MyBlog failed to start within timeout"
        podman-compose -f docker-compose.e2e.yml logs myblog-web
        podman-compose -f docker-compose.e2e.yml down -v
        exit 1
    fi
    echo -n "."
    sleep 2
done
echo ""
log_info "MyBlog is ready!"

# Run E2E tests
log_info "Running E2E tests..."
podman-compose -f docker-compose.e2e.yml up myblog-e2e
E2E_EXIT_CODE=$?

# Capture logs
log_info "Capturing logs..."
podman-compose -f docker-compose.e2e.yml logs myblog-web > test-results/myblog-web.log 2>&1
podman-compose -f docker-compose.e2e.yml logs myblog-e2e > test-results/myblog-e2e.log 2>&1

# Clean up
log_info "Cleaning up..."
podman-compose -f docker-compose.e2e.yml down -v

if [ $E2E_EXIT_CODE -eq 0 ]; then
    log_info "E2E tests passed! ✓"
else
    log_error "E2E tests failed with exit code $E2E_EXIT_CODE"
    log_info "Check test-results/ directory for logs"
fi

exit $E2E_EXIT_CODE
[INFO] Cleaning up containers and volumes...
Deleted Images
c5deb115f3709c8bb09509ede775d18ecf2ff13118ea28d6ce0d187edc5bfb9f
b9b9a7ab5a2a167bc089fba8f45b8bf5cf34076789627bcdde4e541a81564380
69d72469a1315f7769889981f96e16324ef923642626a6b82c445f8dd3ea8161
aa6236a69b48242a4ee19195a08c664655dcd1e98518081bd3ae339d76273c72
3d6b463b3ded45fdbb571434305189facd1784f7a13c0c0f4815e1ede1e6c4fa
33dffd455140e956567f27cf26f31d055132dd5e2c3483c5e9f68c6b8a38574b
f0eca6800d6ce4ad1d7121053585ea16042f98aa32b42d3433bc1eee59a903da
5abd750ab1c22f83e16a7f5c3e490e8e76b9c514f19190782c44a3ae44624a76
abdff81d0a1a5cea97f2ed5e5e3bd4f42d38e3e4d2cf0af862fa8f5b282aca60
c2c424cfbbf49529abb2fdaae44ed4f431579940f16a932d0f2972103156c9e1
1b7fd59300fc35406bf855b400fc1a7c17866137f706c6305be3432496a4f9ae
132649b260e64745784f4fcf11c724b3a2a7761c6eb83b3cb615203fc6c85d94
ea1309400e8d2a09e36edb683cd53f6375763deb31af7ccff5cff1189f83a295
304a60047730c6158d146e6fb78d98a30ae03bccad518b6398aa3c228977c736
c549afb7a88d8f6444d4c9708902e6e4cf3ce64a41c31099ee665c630b82906d
e5904ab6df2ea3c5d8ca07b3f6f7d9bea37769f6c17223871b455540217e7541
5ef3472a6952e5de304b9f58364f33f180266f82b849f36f5c3ff9aec7b049cf
2eab0490a63669f9592b2df8810992cdbac2409911132d6eab7f9e1275a8f6c5
3e6ddb08701d2da16072eb4d289a2ec4aa1c696da434b14142975abeffa22b0d
55b5194247a6070d0b7f34e852791eaebca905b00508997065528f5ddc9b7e50
d2f48e90d010e76b68a615a834b81fef6281584916dd24e0f711e3bb16c6e809
6a1b76735604adda105fdbfced0eda37b64696a6cd9934e69711d6f42c30aad4
0c9f0730606e118daed63d1495c7ecc455ccbfac1b9740d9dbf49935f5ea0496
ea08c7d13b8f2e053f6f7154410838651ae5949152ce092564826e6ae0be4977
Total reclaimed space: 42.79GB
[INFO] Cleanup complete

real	0m1.109s
user	0m0.578s
sys	0m0.598s
[INFO] Setting SELinux context for test-results directory...
[INFO] Starting E2E test environment...
[INFO] Building containers...
STEP 1/18: FROM mcr.microsoft.com/dotnet/sdk:10.0 AS build
[1/2] STEP 1/12: FROM mcr.microsoft.com/dotnet/sdk:10.0 AS build
STEP 2/18: WORKDIR /src
--> Using cache c0f951cdf7818c25a801d76241c43a519f74913b58ca3c8d68071526ad1473dc
--> c0f951cdf781
STEP 3/18: RUN apt-get update && apt-get install -y nodejs npm && rm -rf /var/lib/apt/lists/*
--> Using cache 7bd3245d151178c6b376f4a7a4b67fe7ecce8ed2c53cb934a8f07a078aa635e8
--> 7bd3245d1511
STEP 4/18: RUN apt-get update && apt-get install -y wget &&     wget -q https://packages.microsoft.com/config/debian/12/packages-microsoft-prod.deb &&     dpkg -i packages-microsoft-prod.deb &&     rm packages-microsoft-prod.deb &&     apt-get update && apt-get install -y powershell &&     rm -rf /var/lib/apt/lists/*
--> Using cache 948346108d6ac93fe878f7bab089dc72f5498ab7a4fa30e51d4df43308391228
--> 948346108d6a
STEP 5/18: COPY Directory.Build.props .
--> Using cache c4a9dc18c3762fdd409b0baae14ef2f48b5f524cbb656d3b110ca4970ddb4ceb
--> c4a9dc18c376
STEP 6/18: COPY Directory.Packages.props .
--> Using cache 6dea2813ee479703c367db1d0ab238785857ce0c0dfd02d46c8e47699f40706a
--> 6dea2813ee47
STEP 7/18: COPY MyBlog.Core/MyBlog.Core.csproj MyBlog.Core/
[1/2] STEP 2/12: WORKDIR /src
--> Using cache c0f951cdf7818c25a801d76241c43a519f74913b58ca3c8d68071526ad1473dc
--> c0f951cdf781
[1/2] STEP 3/12: COPY Directory.Build.props .
--> Using cache 26b7167e9d33e3adf018ba3f02fa415c50df7db2ea9ef3d3b696a6c25fddeb07
--> 26b7167e9d33
STEP 8/18: COPY MyBlog.Infrastructure/MyBlog.Infrastructure.csproj MyBlog.Infrastructure/
--> Using cache 39fa24c9fb5e73db4ea74e2ea5eba8ab223f1e7b58d032dd3027222d0e3f10c3
--> 39fa24c9fb5e
STEP 9/18: COPY MyBlog.Web/MyBlog.Web.csproj MyBlog.Web/
--> c8b02a01e1ad
[1/2] STEP 4/12: COPY Directory.Packages.props .
--> Using cache 0676640a9fb43a68fca885c900e335d76f35378125a1643e488abf4952dc6fbc
--> 0676640a9fb4
STEP 10/18: COPY MyBlog.E2E/MyBlog.E2E.csproj MyBlog.E2E/
--> d30beaabd9b0
[1/2] STEP 5/12: COPY MyBlog.Core/MyBlog.Core.csproj MyBlog.Core/
--> Using cache aaa696cb65b279c939a4b49ed9026de4481280814a6e466076cf0a72f284e18b
--> aaa696cb65b2
STEP 11/18: RUN dotnet restore MyBlog.Core/MyBlog.Core.csproj &&     dotnet restore MyBlog.Infrastructure/MyBlog.Infrastructure.csproj &&     dotnet restore MyBlog.Web/MyBlog.Web.csproj &&     dotnet restore MyBlog.E2E/MyBlog.E2E.csproj
--> Using cache df6530599f3bc2d10e357ab437426be3e28ab5006d07886f20e131fbb2eb339d
--> df6530599f3b
STEP 12/18: COPY . .
--> 718943a93e16
[1/2] STEP 6/12: COPY MyBlog.Infrastructure/MyBlog.Infrastructure.csproj MyBlog.Infrastructure/
--> 5d2c8a76f883
[1/2] STEP 7/12: COPY MyBlog.Web/MyBlog.Web.csproj MyBlog.Web/
--> ae705875d9d9
[1/2] STEP 8/12: RUN dotnet restore MyBlog.Web/MyBlog.Web.csproj
  Determining projects to restore...
--> 84bd1aaae992
STEP 13/18: RUN dotnet build MyBlog.E2E/MyBlog.E2E.csproj -c Release
  Determining projects to restore...
  Restored /src/MyBlog.Infrastructure/MyBlog.Infrastructure.csproj (in 361 ms).
  Restored /src/MyBlog.Core/MyBlog.Core.csproj (in 356 ms).
  Restored /src/MyBlog.E2E/MyBlog.E2E.csproj (in 367 ms).
  Restored /src/MyBlog.Core/MyBlog.Core.csproj (in 2.59 sec).
  Restored /src/MyBlog.Web/MyBlog.Web.csproj (in 625 ms).
  Restored /src/MyBlog.Web/MyBlog.Web.csproj (in 3.46 sec).
  Restored /src/MyBlog.Infrastructure/MyBlog.Infrastructure.csproj (in 4.21 sec).
--> 9645fad93c0d
[1/2] STEP 9/12: COPY MyBlog.Core/ MyBlog.Core/
--> aeaf9733de02
[1/2] STEP 10/12: COPY MyBlog.Infrastructure/ MyBlog.Infrastructure/
  MyBlog.Core -> /src/MyBlog.Core/bin/Release/net10.0/MyBlog.Core.dll
--> c222e8f03c18
[1/2] STEP 11/12: COPY MyBlog.Web/ MyBlog.Web/
  MyBlog.Infrastructure -> /src/MyBlog.Infrastructure/bin/Release/net10.0/MyBlog.Infrastructure.dll
--> 7956f453f120
[1/2] STEP 12/12: RUN dotnet publish MyBlog.Web/MyBlog.Web.csproj -c Release -o /app/publish
  Determining projects to restore...
  Restored /src/MyBlog.Core/MyBlog.Core.csproj (in 169 ms).
  Restored /src/MyBlog.Infrastructure/MyBlog.Infrastructure.csproj (in 170 ms).
  Restored /src/MyBlog.Web/MyBlog.Web.csproj (in 548 ms).
  MyBlog.Web -> /src/MyBlog.Web/bin/Release/net10.0/MyBlog.Web.dll
  MyBlog.E2E -> /src/MyBlog.E2E/bin/Release/net10.0/MyBlog.E2E.dll

Build succeeded.
    0 Warning(s)
    0 Error(s)

Time Elapsed 00:00:08.62
--> 350ea50c842b
STEP 14/18: RUN pwsh ./MyBlog.E2E/bin/Release/net10.0/playwright.ps1 install chromium --with-deps
Installing dependencies...
Get:1 https://packages.microsoft.com/debian/12/prod bookworm InRelease [3618 B]
Get:2 http://archive.ubuntu.com/ubuntu noble InRelease [256 kB]
Get:3 http://security.ubuntu.com/ubuntu noble-security InRelease [126 kB]
Get:4 https://packages.microsoft.com/debian/12/prod bookworm/main amd64 Packages [151 kB]
Get:5 https://packages.microsoft.com/debian/12/prod bookworm/main all Packages [573 B]
Get:6 https://packages.microsoft.com/debian/12/prod bookworm/main arm64 Packages [57.2 kB]
Get:7 https://packages.microsoft.com/debian/12/prod bookworm/main armhf Packages [19.0 kB]
  MyBlog.Core -> /src/MyBlog.Core/bin/Release/net10.0/MyBlog.Core.dll
Get:8 http://archive.ubuntu.com/ubuntu noble-updates InRelease [126 kB]
Get:9 http://archive.ubuntu.com/ubuntu noble-backports InRelease [126 kB]
  MyBlog.Infrastructure -> /src/MyBlog.Infrastructure/bin/Release/net10.0/MyBlog.Infrastructure.dll
Get:10 http://security.ubuntu.com/ubuntu noble-security/universe amd64 Packages [1194 kB]
Get:11 http://archive.ubuntu.com/ubuntu noble/multiverse amd64 Packages [331 kB]
Get:12 http://archive.ubuntu.com/ubuntu noble/universe amd64 Packages [19.3 MB]
Get:13 http://security.ubuntu.com/ubuntu noble-security/main amd64 Packages [1776 kB]
Get:14 http://security.ubuntu.com/ubuntu noble-security/multiverse amd64 Packages [34.8 kB]
Get:15 http://security.ubuntu.com/ubuntu noble-security/restricted amd64 Packages [3008 kB]
Get:16 http://archive.ubuntu.com/ubuntu noble/restricted amd64 Packages [117 kB]
Get:17 http://archive.ubuntu.com/ubuntu noble/main amd64 Packages [1808 kB]
Get:18 http://archive.ubuntu.com/ubuntu noble-updates/main amd64 Packages [2171 kB]
Get:19 http://archive.ubuntu.com/ubuntu noble-updates/universe amd64 Packages [1975 kB]
Get:20 http://archive.ubuntu.com/ubuntu noble-updates/multiverse amd64 Packages [38.1 kB]
Get:21 http://archive.ubuntu.com/ubuntu noble-updates/restricted amd64 Packages [3219 kB]
Get:22 http://archive.ubuntu.com/ubuntu noble-backports/main amd64 Packages [49.5 kB]
Get:23 http://archive.ubuntu.com/ubuntu noble-backports/universe amd64 Packages [34.6 kB]
Fetched 35.9 MB in 3s (13.1 MB/s)
Reading package lists...  MyBlog.Web -> /src/MyBlog.Web/bin/Release/net10.0/MyBlog.Web.dll
  MyBlog.Web -> /app/publish/

Reading package lists...--> 25cbbd88a3e7
[2/2] STEP 1/12: FROM mcr.microsoft.com/dotnet/aspnet:10.0 AS runtime

Building dependency tree...
Reading state information...
[2/2] STEP 2/12: WORKDIR /app
--> Using cache 7ab200e45b1fba59b74177866b30af0761e035beacbc6a5d1607edc1b649f36a
--> 7ab200e45b1f
[2/2] STEP 3/12: RUN apt-get update && apt-get install -y --no-install-recommends curl && rm -rf /var/lib/apt/lists/*
--> Using cache 1e21b972573d10c4ea9d7b8076e58aed09bb9967e8ee6d5a8c3c77e2cddd1001
--> 1e21b972573d
[2/2] STEP 4/12: RUN useradd -m -s /bin/bash appuser
--> Using cache 7b0ba419cc37495396a1969cd185514b97ee464988ce4bddc954893f0ac664d5
--> 7b0ba419cc37
[2/2] STEP 5/12: RUN mkdir -p /app/data && chown appuser:appuser /app/data
--> Using cache 1a52159880ea26e77195a71342eb88df7e9cb2112f4b48a28ce51dfc69734231
--> 1a52159880ea
[2/2] STEP 6/12: COPY --from=build /app/publish .
libdbus-1-3 is already the newest version (1.14.10-4ubuntu4.1).
libdbus-1-3 set to manually installed.
libglib2.0-0t64 is already the newest version (2.80.0-6ubuntu3.7).
libglib2.0-0t64 set to manually installed.
libx11-6 is already the newest version (2:1.8.7-1build1).
libx11-6 set to manually installed.
libxcb1 is already the newest version (1.15-1ubuntu2).
libxcb1 set to manually installed.
libxcomposite1 is already the newest version (1:0.4.5-1build3).
libxcomposite1 set to manually installed.
libxext6 is already the newest version (2:1.3.4-1build2).
libxext6 set to manually installed.
libxfixes3 is already the newest version (1:6.0.0-2build1).
libxfixes3 set to manually installed.
libxrandr2 is already the newest version (2:1.5.2-2build1).
libxrandr2 set to manually installed.
libfontconfig1 is already the newest version (2.15.0-1.1ubuntu2).
libfontconfig1 set to manually installed.
libfreetype6 is already the newest version (2.13.2+dfsg-1build3).
libfreetype6 set to manually installed.
The following package was automatically installed and is no longer required:
  libwayland-server0
Use 'apt autoremove' to remove it.
The following additional packages will be installed:
  at-spi2-common fontconfig libasound2-data libavahi-client3
  libavahi-common-data libavahi-common3 libdatrie1 libdrm-amdgpu1
  libdrm-common libdrm-intel1 libegl-mesa0 libfontenc1 libfribidi0
  libgl1-mesa-dri libglx-mesa0 libgraphite2-3 libharfbuzz0b libpixman-1-0
  libthai-data libthai0 libunwind8 libxcb-render0 libxfont2 mesa-libgallium
  mesa-vulkan-drivers x11-xkb-utils xauth xfonts-encodings xfonts-utils
  xkb-data xserver-common
Suggested packages:
  alsa-utils libasound2-plugins cups-common
Recommended packages:
  fonts-ipafont-mincho fonts-liberation-sans-narrow fonts-tlwg-loma
  alsa-ucm-conf alsa-topology-conf at-spi2-core xfonts-base
The following NEW packages will be installed:
  at-spi2-common fontconfig fonts-freefont-ttf fonts-ipafont-gothic
  fonts-liberation fonts-noto-color-emoji fonts-tlwg-loma-otf fonts-unifont
  fonts-wqy-zenhei libasound2-data libasound2t64 libatk-bridge2.0-0t64
  libatk1.0-0t64 libatspi2.0-0t64 libavahi-client3 libavahi-common-data
  libavahi-common3 libcairo2 libcups2t64 libdatrie1 libfontenc1 libfribidi0
  libgraphite2-3 libharfbuzz0b libnspr4 libnss3 libpango-1.0-0 libpixman-1-0
  libthai-data libthai0 libunwind8 libxcb-render0 libxdamage1 libxfont2
  libxkbcommon0 x11-xkb-utils xauth xfonts-cyrillic xfonts-encodings
  xfonts-scalable xfonts-utils xkb-data xserver-common xvfb
The following packages will be upgraded:
  libdrm-amdgpu1 libdrm-common libdrm-intel1 libdrm2 libegl-mesa0 libgbm1
  libgl1-mesa-dri libglx-mesa0 mesa-libgallium mesa-vulkan-drivers
10 upgraded, 44 newly installed, 0 to remove and 1 not upgraded.
Need to get 67.5 MB of archives.
After this operation, 134 MB of additional disk space will be used.
Get:1 http://archive.ubuntu.com/ubuntu noble/universe amd64 fonts-ipafont-gothic all 00303-21ubuntu1 [3513 kB]
--> 3670c0782d02
[2/2] STEP 7/12: ENV ASPNETCORE_URLS=http://+:5000
--> e6a15da47e70
[2/2] STEP 8/12: ENV ASPNETCORE_ENVIRONMENT=Production
--> e9f2954467ea
[2/2] STEP 9/12: ENV ConnectionStrings__DefaultConnection="Data Source=/app/data/myblog.db"
--> e3e90e871a8a
[2/2] STEP 10/12: USER appuser
--> 2d9474eca798
[2/2] STEP 11/12: EXPOSE 5000
--> 7ef392d09f77
[2/2] STEP 12/12: ENTRYPOINT ["dotnet", "MyBlog.Web.dll"]
[2/2] COMMIT myblog_myblog-web
--> 21a3d17b6c7f
Successfully tagged localhost/myblog_myblog-web:latest
21a3d17b6c7fb7ac6bc43ddcd8998f9cfe3c26cff808f7b1b577d8e88598c26d
Get:2 http://archive.ubuntu.com/ubuntu noble/main amd64 libfribidi0 amd64 1.0.13-3build1 [26.1 kB]
Get:3 http://archive.ubuntu.com/ubuntu noble-updates/main amd64 xkb-data all 2.41-2ubuntu1.1 [397 kB]
Get:4 http://archive.ubuntu.com/ubuntu noble-updates/main amd64 libdrm-common all 2.4.125-1ubuntu0.1~24.04.1 [9174 B]
Get:5 http://archive.ubuntu.com/ubuntu noble-updates/main amd64 libdrm2 amd64 2.4.125-1ubuntu0.1~24.04.1 [41.3 kB]
Get:6 http://archive.ubuntu.com/ubuntu noble/main amd64 libxkbcommon0 amd64 1.6.0-1build1 [122 kB]
Get:7 http://archive.ubuntu.com/ubuntu noble/main amd64 xauth amd64 1:1.1.2-1build1 [25.6 kB]
Get:8 http://archive.ubuntu.com/ubuntu noble/main amd64 at-spi2-common all 2.52.0-1build1 [8674 B]
Get:9 http://archive.ubuntu.com/ubuntu noble/main amd64 fontconfig amd64 2.15.0-1.1ubuntu2 [180 kB]
Get:10 http://archive.ubuntu.com/ubuntu noble/main amd64 fonts-freefont-ttf all 20211204+svn4273-2 [5641 kB]
Get:11 http://archive.ubuntu.com/ubuntu noble/main amd64 fonts-liberation all 1:2.1.5-3 [1603 kB]
Get:12 http://archive.ubuntu.com/ubuntu noble-updates/main amd64 fonts-noto-color-emoji all 2.047-0ubuntu0.24.04.1 [9764 kB]
Get:13 http://archive.ubuntu.com/ubuntu noble/universe amd64 fonts-tlwg-loma-otf all 1:0.7.3-1 [107 kB]
Get:14 http://archive.ubuntu.com/ubuntu noble/universe amd64 fonts-unifont all 1:15.1.01-1build1 [2993 kB]
Get:15 http://archive.ubuntu.com/ubuntu noble/universe amd64 fonts-wqy-zenhei all 0.9.45-8 [7472 kB]
Get:16 http://archive.ubuntu.com/ubuntu noble-updates/main amd64 libasound2-data all 1.2.11-1ubuntu0.1 [21.1 kB]
Get:17 http://archive.ubuntu.com/ubuntu noble-updates/main amd64 libasound2t64 amd64 1.2.11-1ubuntu0.1 [399 kB]
Get:18 http://archive.ubuntu.com/ubuntu noble/main amd64 libatk1.0-0t64 amd64 2.52.0-1build1 [55.3 kB]
Get:19 http://archive.ubuntu.com/ubuntu noble/main amd64 libatspi2.0-0t64 amd64 2.52.0-1build1 [80.5 kB]
Get:20 http://archive.ubuntu.com/ubuntu noble/main amd64 libatk-bridge2.0-0t64 amd64 2.52.0-1build1 [66.0 kB]
Get:21 http://archive.ubuntu.com/ubuntu noble-updates/main amd64 libavahi-common-data amd64 0.8-13ubuntu6.1 [29.9 kB]
Get:22 http://archive.ubuntu.com/ubuntu noble-updates/main amd64 libavahi-common3 amd64 0.8-13ubuntu6.1 [23.4 kB]
Get:23 http://archive.ubuntu.com/ubuntu noble-updates/main amd64 libavahi-client3 amd64 0.8-13ubuntu6.1 [26.8 kB]
Get:24 http://archive.ubuntu.com/ubuntu noble/main amd64 libpixman-1-0 amd64 0.42.2-1build1 [279 kB]
Get:25 http://archive.ubuntu.com/ubuntu noble/main amd64 libxcb-render0 amd64 1.15-1ubuntu2 [16.2 kB]
Get:26 http://archive.ubuntu.com/ubuntu noble/main amd64 libcairo2 amd64 1.18.0-3build1 [566 kB]
Get:27 http://archive.ubuntu.com/ubuntu noble-updates/main amd64 libcups2t64 amd64 2.4.7-1.2ubuntu7.9 [273 kB]
Get:28 http://archive.ubuntu.com/ubuntu noble/main amd64 libdatrie1 amd64 0.2.13-3build1 [19.0 kB]
Get:29 http://archive.ubuntu.com/ubuntu noble-updates/main amd64 libdrm-amdgpu1 amd64 2.4.125-1ubuntu0.1~24.04.1 [21.4 kB]
Get:30 http://archive.ubuntu.com/ubuntu noble-updates/main amd64 libdrm-intel1 amd64 2.4.125-1ubuntu0.1~24.04.1 [63.8 kB]
Get:31 http://archive.ubuntu.com/ubuntu noble-updates/main amd64 libgl1-mesa-dri amd64 25.2.8-0ubuntu0.24.04.1 [37.9 kB]
Get:32 http://archive.ubuntu.com/ubuntu noble-updates/main amd64 libglx-mesa0 amd64 25.2.8-0ubuntu0.24.04.1 [110 kB]
Get:33 http://archive.ubuntu.com/ubuntu noble-updates/main amd64 libegl-mesa0 amd64 25.2.8-0ubuntu0.24.04.1 [117 kB]
Get:34 http://archive.ubuntu.com/ubuntu noble-updates/main amd64 libgbm1 amd64 25.2.8-0ubuntu0.24.04.1 [34.2 kB]
Get:35 http://archive.ubuntu.com/ubuntu noble-updates/main amd64 mesa-libgallium amd64 25.2.8-0ubuntu0.24.04.1 [10.8 MB]
Get:36 http://archive.ubuntu.com/ubuntu noble/main amd64 libfontenc1 amd64 1:1.1.8-1build1 [14.0 kB]
Get:37 http://archive.ubuntu.com/ubuntu noble/main amd64 libgraphite2-3 amd64 1.3.14-2build1 [73.0 kB]
Get:38 http://archive.ubuntu.com/ubuntu noble/main amd64 libharfbuzz0b amd64 8.3.0-2build2 [469 kB]
Get:39 http://archive.ubuntu.com/ubuntu noble/main amd64 libnspr4 amd64 2:4.35-1.1build1 [117 kB]
Get:40 http://archive.ubuntu.com/ubuntu noble/main amd64 libnss3 amd64 2:3.98-1build1 [1445 kB]
Get:41 http://archive.ubuntu.com/ubuntu noble/main amd64 libthai-data all 0.1.29-2build1 [158 kB]
Get:42 http://archive.ubuntu.com/ubuntu noble/main amd64 libthai0 amd64 0.1.29-2build1 [18.9 kB]
Get:43 http://archive.ubuntu.com/ubuntu noble/main amd64 libpango-1.0-0 amd64 1.52.1+ds-1build1 [231 kB]
Get:44 http://archive.ubuntu.com/ubuntu noble-updates/main amd64 libunwind8 amd64 1.6.2-3build1.1 [55.3 kB]
Get:45 http://archive.ubuntu.com/ubuntu noble/main amd64 libxdamage1 amd64 1:1.1.6-1build1 [6150 B]
Get:46 http://archive.ubuntu.com/ubuntu noble/main amd64 libxfont2 amd64 1:2.0.6-1build1 [93.0 kB]
Get:47 http://archive.ubuntu.com/ubuntu noble-updates/main amd64 mesa-vulkan-drivers amd64 25.2.8-0ubuntu0.24.04.1 [17.5 MB]
Get:48 http://archive.ubuntu.com/ubuntu noble/main amd64 x11-xkb-utils amd64 7.7+8build2 [170 kB]
Get:49 http://archive.ubuntu.com/ubuntu noble/main amd64 xfonts-encodings all 1:1.0.5-0ubuntu2 [578 kB]
Get:50 http://archive.ubuntu.com/ubuntu noble/main amd64 xfonts-utils amd64 1:7.7+6build3 [94.4 kB]
Get:51 http://archive.ubuntu.com/ubuntu noble/universe amd64 xfonts-cyrillic all 1:1.0.5+nmu1 [384 kB]
Get:52 http://archive.ubuntu.com/ubuntu noble/main amd64 xfonts-scalable all 1:1.0.3-1.3 [304 kB]
Get:53 http://archive.ubuntu.com/ubuntu noble-updates/main amd64 xserver-common all 2:21.1.12-1ubuntu1.5 [34.6 kB]
Get:54 http://archive.ubuntu.com/ubuntu noble-updates/universe amd64 xvfb amd64 2:21.1.12-1ubuntu1.5 [877 kB]
debconf: delaying package configuration, since apt-utils is not installed
Fetched 67.5 MB in 9s (7289 kB/s)
Selecting previously unselected package fonts-ipafont-gothic.
(Reading database ... 50881 files and directories currently installed.)
Preparing to unpack .../00-fonts-ipafont-gothic_00303-21ubuntu1_all.deb ...
Unpacking fonts-ipafont-gothic (00303-21ubuntu1) ...
Selecting previously unselected package libfribidi0:amd64.
Preparing to unpack .../01-libfribidi0_1.0.13-3build1_amd64.deb ...
Unpacking libfribidi0:amd64 (1.0.13-3build1) ...
Selecting previously unselected package xkb-data.
Preparing to unpack .../02-xkb-data_2.41-2ubuntu1.1_all.deb ...
Unpacking xkb-data (2.41-2ubuntu1.1) ...
Preparing to unpack .../03-libdrm-common_2.4.125-1ubuntu0.1~24.04.1_all.deb ...
Unpacking libdrm-common (2.4.125-1ubuntu0.1~24.04.1) over (2.4.122-1~ubuntu0.24.04.2) ...
Preparing to unpack .../04-libdrm2_2.4.125-1ubuntu0.1~24.04.1_amd64.deb ...
Unpacking libdrm2:amd64 (2.4.125-1ubuntu0.1~24.04.1) over (2.4.122-1~ubuntu0.24.04.2) ...
Selecting previously unselected package libxkbcommon0:amd64.
Preparing to unpack .../05-libxkbcommon0_1.6.0-1build1_amd64.deb ...
Unpacking libxkbcommon0:amd64 (1.6.0-1build1) ...
Selecting previously unselected package xauth.
Preparing to unpack .../06-xauth_1%3a1.1.2-1build1_amd64.deb ...
Unpacking xauth (1:1.1.2-1build1) ...
Selecting previously unselected package at-spi2-common.
Preparing to unpack .../07-at-spi2-common_2.52.0-1build1_all.deb ...
Unpacking at-spi2-common (2.52.0-1build1) ...
Selecting previously unselected package fontconfig.
Preparing to unpack .../08-fontconfig_2.15.0-1.1ubuntu2_amd64.deb ...
Unpacking fontconfig (2.15.0-1.1ubuntu2) ...
Selecting previously unselected package fonts-freefont-ttf.
Preparing to unpack .../09-fonts-freefont-ttf_20211204+svn4273-2_all.deb ...
Unpacking fonts-freefont-ttf (20211204+svn4273-2) ...
Selecting previously unselected package fonts-liberation.
Preparing to unpack .../10-fonts-liberation_1%3a2.1.5-3_all.deb ...
Unpacking fonts-liberation (1:2.1.5-3) ...
Selecting previously unselected package fonts-noto-color-emoji.
Preparing to unpack .../11-fonts-noto-color-emoji_2.047-0ubuntu0.24.04.1_all.deb ...
Unpacking fonts-noto-color-emoji (2.047-0ubuntu0.24.04.1) ...
Selecting previously unselected package fonts-tlwg-loma-otf.
Preparing to unpack .../12-fonts-tlwg-loma-otf_1%3a0.7.3-1_all.deb ...
Unpacking fonts-tlwg-loma-otf (1:0.7.3-1) ...
Selecting previously unselected package fonts-unifont.
Preparing to unpack .../13-fonts-unifont_1%3a15.1.01-1build1_all.deb ...
Unpacking fonts-unifont (1:15.1.01-1build1) ...
Selecting previously unselected package fonts-wqy-zenhei.
Preparing to unpack .../14-fonts-wqy-zenhei_0.9.45-8_all.deb ...
Unpacking fonts-wqy-zenhei (0.9.45-8) ...
Selecting previously unselected package libasound2-data.
Preparing to unpack .../15-libasound2-data_1.2.11-1ubuntu0.1_all.deb ...
Unpacking libasound2-data (1.2.11-1ubuntu0.1) ...
Selecting previously unselected package libasound2t64:amd64.
Preparing to unpack .../16-libasound2t64_1.2.11-1ubuntu0.1_amd64.deb ...
Unpacking libasound2t64:amd64 (1.2.11-1ubuntu0.1) ...
Selecting previously unselected package libatk1.0-0t64:amd64.
Preparing to unpack .../17-libatk1.0-0t64_2.52.0-1build1_amd64.deb ...
Unpacking libatk1.0-0t64:amd64 (2.52.0-1build1) ...
Selecting previously unselected package libatspi2.0-0t64:amd64.
Preparing to unpack .../18-libatspi2.0-0t64_2.52.0-1build1_amd64.deb ...
Unpacking libatspi2.0-0t64:amd64 (2.52.0-1build1) ...
Selecting previously unselected package libatk-bridge2.0-0t64:amd64.
Preparing to unpack .../19-libatk-bridge2.0-0t64_2.52.0-1build1_amd64.deb ...
Unpacking libatk-bridge2.0-0t64:amd64 (2.52.0-1build1) ...
Selecting previously unselected package libavahi-common-data:amd64.
Preparing to unpack .../20-libavahi-common-data_0.8-13ubuntu6.1_amd64.deb ...
Unpacking libavahi-common-data:amd64 (0.8-13ubuntu6.1) ...
Selecting previously unselected package libavahi-common3:amd64.
Preparing to unpack .../21-libavahi-common3_0.8-13ubuntu6.1_amd64.deb ...
Unpacking libavahi-common3:amd64 (0.8-13ubuntu6.1) ...
Selecting previously unselected package libavahi-client3:amd64.
Preparing to unpack .../22-libavahi-client3_0.8-13ubuntu6.1_amd64.deb ...
Unpacking libavahi-client3:amd64 (0.8-13ubuntu6.1) ...
Selecting previously unselected package libpixman-1-0:amd64.
Preparing to unpack .../23-libpixman-1-0_0.42.2-1build1_amd64.deb ...
Unpacking libpixman-1-0:amd64 (0.42.2-1build1) ...
Selecting previously unselected package libxcb-render0:amd64.
Preparing to unpack .../24-libxcb-render0_1.15-1ubuntu2_amd64.deb ...
Unpacking libxcb-render0:amd64 (1.15-1ubuntu2) ...
Selecting previously unselected package libcairo2:amd64.
Preparing to unpack .../25-libcairo2_1.18.0-3build1_amd64.deb ...
Unpacking libcairo2:amd64 (1.18.0-3build1) ...
Selecting previously unselected package libcups2t64:amd64.
Preparing to unpack .../26-libcups2t64_2.4.7-1.2ubuntu7.9_amd64.deb ...
Unpacking libcups2t64:amd64 (2.4.7-1.2ubuntu7.9) ...
Selecting previously unselected package libdatrie1:amd64.
Preparing to unpack .../27-libdatrie1_0.2.13-3build1_amd64.deb ...
Unpacking libdatrie1:amd64 (0.2.13-3build1) ...
Preparing to unpack .../28-libdrm-amdgpu1_2.4.125-1ubuntu0.1~24.04.1_amd64.deb ...
Unpacking libdrm-amdgpu1:amd64 (2.4.125-1ubuntu0.1~24.04.1) over (2.4.122-1~ubuntu0.24.04.2) ...
Preparing to unpack .../29-libdrm-intel1_2.4.125-1ubuntu0.1~24.04.1_amd64.deb ...
Unpacking libdrm-intel1:amd64 (2.4.125-1ubuntu0.1~24.04.1) over (2.4.122-1~ubuntu0.24.04.2) ...
Preparing to unpack .../30-libgl1-mesa-dri_25.2.8-0ubuntu0.24.04.1_amd64.deb ...
Unpacking libgl1-mesa-dri:amd64 (25.2.8-0ubuntu0.24.04.1) over (25.0.7-0ubuntu0.24.04.2) ...
Preparing to unpack .../31-libglx-mesa0_25.2.8-0ubuntu0.24.04.1_amd64.deb ...
Unpacking libglx-mesa0:amd64 (25.2.8-0ubuntu0.24.04.1) over (25.0.7-0ubuntu0.24.04.2) ...
Preparing to unpack .../32-libegl-mesa0_25.2.8-0ubuntu0.24.04.1_amd64.deb ...
Unpacking libegl-mesa0:amd64 (25.2.8-0ubuntu0.24.04.1) over (25.0.7-0ubuntu0.24.04.2) ...
Preparing to unpack .../33-libgbm1_25.2.8-0ubuntu0.24.04.1_amd64.deb ...
Unpacking libgbm1:amd64 (25.2.8-0ubuntu0.24.04.1) over (25.0.7-0ubuntu0.24.04.2) ...
Preparing to unpack .../34-mesa-libgallium_25.2.8-0ubuntu0.24.04.1_amd64.deb ...
Unpacking mesa-libgallium:amd64 (25.2.8-0ubuntu0.24.04.1) over (25.0.7-0ubuntu0.24.04.2) ...
Selecting previously unselected package libfontenc1:amd64.
Preparing to unpack .../35-libfontenc1_1%3a1.1.8-1build1_amd64.deb ...
Unpacking libfontenc1:amd64 (1:1.1.8-1build1) ...
Selecting previously unselected package libgraphite2-3:amd64.
Preparing to unpack .../36-libgraphite2-3_1.3.14-2build1_amd64.deb ...
Unpacking libgraphite2-3:amd64 (1.3.14-2build1) ...
Selecting previously unselected package libharfbuzz0b:amd64.
Preparing to unpack .../37-libharfbuzz0b_8.3.0-2build2_amd64.deb ...
Unpacking libharfbuzz0b:amd64 (8.3.0-2build2) ...
Selecting previously unselected package libnspr4:amd64.
Preparing to unpack .../38-libnspr4_2%3a4.35-1.1build1_amd64.deb ...
Unpacking libnspr4:amd64 (2:4.35-1.1build1) ...
Selecting previously unselected package libnss3:amd64.
Preparing to unpack .../39-libnss3_2%3a3.98-1build1_amd64.deb ...
Unpacking libnss3:amd64 (2:3.98-1build1) ...
Selecting previously unselected package libthai-data.
Preparing to unpack .../40-libthai-data_0.1.29-2build1_all.deb ...
Unpacking libthai-data (0.1.29-2build1) ...
Selecting previously unselected package libthai0:amd64.
Preparing to unpack .../41-libthai0_0.1.29-2build1_amd64.deb ...
Unpacking libthai0:amd64 (0.1.29-2build1) ...
Selecting previously unselected package libpango-1.0-0:amd64.
Preparing to unpack .../42-libpango-1.0-0_1.52.1+ds-1build1_amd64.deb ...
Unpacking libpango-1.0-0:amd64 (1.52.1+ds-1build1) ...
Selecting previously unselected package libunwind8:amd64.
Preparing to unpack .../43-libunwind8_1.6.2-3build1.1_amd64.deb ...
Unpacking libunwind8:amd64 (1.6.2-3build1.1) ...
Selecting previously unselected package libxdamage1:amd64.
Preparing to unpack .../44-libxdamage1_1%3a1.1.6-1build1_amd64.deb ...
Unpacking libxdamage1:amd64 (1:1.1.6-1build1) ...
Selecting previously unselected package libxfont2:amd64.
Preparing to unpack .../45-libxfont2_1%3a2.0.6-1build1_amd64.deb ...
Unpacking libxfont2:amd64 (1:2.0.6-1build1) ...
Preparing to unpack .../46-mesa-vulkan-drivers_25.2.8-0ubuntu0.24.04.1_amd64.deb ...
Unpacking mesa-vulkan-drivers:amd64 (25.2.8-0ubuntu0.24.04.1) over (25.0.7-0ubuntu0.24.04.2) ...
Selecting previously unselected package x11-xkb-utils.
Preparing to unpack .../47-x11-xkb-utils_7.7+8build2_amd64.deb ...
Unpacking x11-xkb-utils (7.7+8build2) ...
Selecting previously unselected package xfonts-encodings.
Preparing to unpack .../48-xfonts-encodings_1%3a1.0.5-0ubuntu2_all.deb ...
Unpacking xfonts-encodings (1:1.0.5-0ubuntu2) ...
Selecting previously unselected package xfonts-utils.
Preparing to unpack .../49-xfonts-utils_1%3a7.7+6build3_amd64.deb ...
Unpacking xfonts-utils (1:7.7+6build3) ...
Selecting previously unselected package xfonts-cyrillic.
Preparing to unpack .../50-xfonts-cyrillic_1%3a1.0.5+nmu1_all.deb ...
Unpacking xfonts-cyrillic (1:1.0.5+nmu1) ...
Selecting previously unselected package xfonts-scalable.
Preparing to unpack .../51-xfonts-scalable_1%3a1.0.3-1.3_all.deb ...
Unpacking xfonts-scalable (1:1.0.3-1.3) ...
Selecting previously unselected package xserver-common.
Preparing to unpack .../52-xserver-common_2%3a21.1.12-1ubuntu1.5_all.deb ...
Unpacking xserver-common (2:21.1.12-1ubuntu1.5) ...
Selecting previously unselected package xvfb.
Preparing to unpack .../53-xvfb_2%3a21.1.12-1ubuntu1.5_amd64.deb ...
Unpacking xvfb (2:21.1.12-1ubuntu1.5) ...
Setting up libgraphite2-3:amd64 (1.3.14-2build1) ...
Setting up libpixman-1-0:amd64 (0.42.2-1build1) ...
Setting up fontconfig (2.15.0-1.1ubuntu2) ...
Regenerating fonts cache... done.
Setting up libxdamage1:amd64 (1:1.1.6-1build1) ...
Setting up libdatrie1:amd64 (0.2.13-3build1) ...
Setting up fonts-noto-color-emoji (2.047-0ubuntu0.24.04.1) ...
Setting up libxcb-render0:amd64 (1.15-1ubuntu2) ...
Setting up x11-xkb-utils (7.7+8build2) ...
Setting up fonts-wqy-zenhei (0.9.45-8) ...
Setting up fonts-freefont-ttf (20211204+svn4273-2) ...
Setting up xkb-data (2.41-2ubuntu1.1) ...
Setting up libunwind8:amd64 (1.6.2-3build1.1) ...
Setting up libcairo2:amd64 (1.18.0-3build1) ...
Setting up libasound2-data (1.2.11-1ubuntu0.1) ...
Setting up libfontenc1:amd64 (1:1.1.8-1build1) ...
Setting up libasound2t64:amd64 (1.2.11-1ubuntu0.1) ...
Setting up fonts-tlwg-loma-otf (1:0.7.3-1) ...
Setting up libnspr4:amd64 (2:4.35-1.1build1) ...
Setting up libavahi-common-data:amd64 (0.8-13ubuntu6.1) ...
Setting up libatspi2.0-0t64:amd64 (2.52.0-1build1) ...
Setting up xfonts-encodings (1:1.0.5-0ubuntu2) ...
Setting up libfribidi0:amd64 (1.0.13-3build1) ...
Setting up fonts-ipafont-gothic (00303-21ubuntu1) ...
update-alternatives: using /usr/share/fonts/opentype/ipafont-gothic/ipag.ttf to provide /usr/share/fonts/truetype/fonts-japanese-gothic.ttf (fonts-japanese-gothic.ttf) in auto mode
Setting up xauth (1:1.1.2-1build1) ...
Setting up at-spi2-common (2.52.0-1build1) ...
Setting up fonts-liberation (1:2.1.5-3) ...
Setting up libharfbuzz0b:amd64 (8.3.0-2build2) ...
Setting up libthai-data (0.1.29-2build1) ...
Setting up xserver-common (2:21.1.12-1ubuntu1.5) ...
Setting up libdrm-common (2.4.125-1ubuntu0.1~24.04.1) ...
Setting up libxfont2:amd64 (1:2.0.6-1build1) ...
Setting up fonts-unifont (1:15.1.01-1build1) ...
Setting up libxkbcommon0:amd64 (1.6.0-1build1) ...
Setting up libatk1.0-0t64:amd64 (2.52.0-1build1) ...
Setting up xvfb (2:21.1.12-1ubuntu1.5) ...
Setting up libavahi-common3:amd64 (0.8-13ubuntu6.1) ...
Setting up libnss3:amd64 (2:3.98-1build1) ...
Setting up xfonts-utils (1:7.7+6build3) ...
Setting up libthai0:amd64 (0.1.29-2build1) ...
Setting up libdrm2:amd64 (2.4.125-1ubuntu0.1~24.04.1) ...
Setting up xfonts-cyrillic (1:1.0.5+nmu1) ...
Setting up libavahi-client3:amd64 (0.8-13ubuntu6.1) ...
Setting up xfonts-scalable (1:1.0.3-1.3) ...
Setting up libdrm-amdgpu1:amd64 (2.4.125-1ubuntu0.1~24.04.1) ...
Setting up libatk-bridge2.0-0t64:amd64 (2.52.0-1build1) ...
Setting up mesa-vulkan-drivers:amd64 (25.2.8-0ubuntu0.24.04.1) ...
Setting up libpango-1.0-0:amd64 (1.52.1+ds-1build1) ...
Setting up libdrm-intel1:amd64 (2.4.125-1ubuntu0.1~24.04.1) ...
Setting up libcups2t64:amd64 (2.4.7-1.2ubuntu7.9) ...
Setting up mesa-libgallium:amd64 (25.2.8-0ubuntu0.24.04.1) ...
Setting up libgbm1:amd64 (25.2.8-0ubuntu0.24.04.1) ...
Setting up libgl1-mesa-dri:amd64 (25.2.8-0ubuntu0.24.04.1) ...
Setting up libegl-mesa0:amd64 (25.2.8-0ubuntu0.24.04.1) ...
Setting up libglx-mesa0:amd64 (25.2.8-0ubuntu0.24.04.1) ...
Processing triggers for libc-bin (2.39-0ubuntu8.6) ...
Downloading Chromium 143.0.7499.4 (playwright build v1200) from https://cdn.playwright.dev/dbazure/download/playwright/builds/chromium/1200/chromium-linux.zip
(node:811) [DEP0169] DeprecationWarning: `url.parse()` behavior is not standardized and prone to errors that have security implications. Use the WHATWG URL API instead. CVEs are not issued for `url.parse()` vulnerabilities.
(Use `node --trace-deprecation ...` to show where the warning was created)
|                                                                                |   0% of 164.7 MiB
|■■■■■■■■                                                                        |  10% of 164.7 MiB
|■■■■■■■■■■■■■■■■                                                                |  20% of 164.7 MiB
|■■■■■■■■■■■■■■■■■■■■■■■■                                                        |  30% of 164.7 MiB
|■■■■■■■■■■■■■■■■■■■■■■■■■■■■■■■■                                                |  40% of 164.7 MiB
|■■■■■■■■■■■■■■■■■■■■■■■■■■■■■■■■■■■■■■■■                                        |  50% of 164.7 MiB
|■■■■■■■■■■■■■■■■■■■■■■■■■■■■■■■■■■■■■■■■■■■■■■■■                                |  60% of 164.7 MiB
|■■■■■■■■■■■■■■■■■■■■■■■■■■■■■■■■■■■■■■■■■■■■■■■■■■■■■■■■                        |  70% of 164.7 MiB
|■■■■■■■■■■■■■■■■■■■■■■■■■■■■■■■■■■■■■■■■■■■■■■■■■■■■■■■■■■■■■■■■                |  80% of 164.7 MiB
|■■■■■■■■■■■■■■■■■■■■■■■■■■■■■■■■■■■■■■■■■■■■■■■■■■■■■■■■■■■■■■■■■■■■■■■■        |  90% of 164.7 MiB
|■■■■■■■■■■■■■■■■■■■■■■■■■■■■■■■■■■■■■■■■■■■■■■■■■■■■■■■■■■■■■■■■■■■■■■■■■■■■■■■■| 100% of 164.7 MiB
Chromium 143.0.7499.4 (playwright build v1200) downloaded to /root/.cache/ms-playwright/chromium-1200
Downloading FFMPEG playwright build v1011 from https://cdn.playwright.dev/dbazure/download/playwright/builds/ffmpeg/1011/ffmpeg-linux.zip
(node:823) [DEP0169] DeprecationWarning: `url.parse()` behavior is not standardized and prone to errors that have security implications. Use the WHATWG URL API instead. CVEs are not issued for `url.parse()` vulnerabilities.
(Use `node --trace-deprecation ...` to show where the warning was created)
|                                                                                |   0% of 2.3 MiB
|■■■■■■■■                                                                        |  10% of 2.3 MiB
|■■■■■■■■■■■■■■■■                                                                |  20% of 2.3 MiB
|■■■■■■■■■■■■■■■■■■■■■■■■                                                        |  30% of 2.3 MiB
|■■■■■■■■■■■■■■■■■■■■■■■■■■■■■■■■                                                |  40% of 2.3 MiB
|■■■■■■■■■■■■■■■■■■■■■■■■■■■■■■■■■■■■■■■■                                        |  50% of 2.3 MiB
|■■■■■■■■■■■■■■■■■■■■■■■■■■■■■■■■■■■■■■■■■■■■■■■■                                |  60% of 2.3 MiB
|■■■■■■■■■■■■■■■■■■■■■■■■■■■■■■■■■■■■■■■■■■■■■■■■■■■■■■■■                        |  70% of 2.3 MiB
|■■■■■■■■■■■■■■■■■■■■■■■■■■■■■■■■■■■■■■■■■■■■■■■■■■■■■■■■■■■■■■■■                |  80% of 2.3 MiB
|■■■■■■■■■■■■■■■■■■■■■■■■■■■■■■■■■■■■■■■■■■■■■■■■■■■■■■■■■■■■■■■■■■■■■■■■        |  90% of 2.3 MiB
|■■■■■■■■■■■■■■■■■■■■■■■■■■■■■■■■■■■■■■■■■■■■■■■■■■■■■■■■■■■■■■■■■■■■■■■■■■■■■■■■| 100% of 2.3 MiB
FFMPEG playwright build v1011 downloaded to /root/.cache/ms-playwright/ffmpeg-1011
Downloading Chromium Headless Shell 143.0.7499.4 (playwright build v1200) from https://cdn.playwright.dev/dbazure/download/playwright/builds/chromium/1200/chromium-headless-shell-linux.zip
(node:834) [DEP0169] DeprecationWarning: `url.parse()` behavior is not standardized and prone to errors that have security implications. Use the WHATWG URL API instead. CVEs are not issued for `url.parse()` vulnerabilities.
(Use `node --trace-deprecation ...` to show where the warning was created)
|                                                                                |   0% of 109.7 MiB
|■■■■■■■■                                                                        |  10% of 109.7 MiB
|■■■■■■■■■■■■■■■■                                                                |  20% of 109.7 MiB
|■■■■■■■■■■■■■■■■■■■■■■■■                                                        |  30% of 109.7 MiB
|■■■■■■■■■■■■■■■■■■■■■■■■■■■■■■■■                                                |  40% of 109.7 MiB
|■■■■■■■■■■■■■■■■■■■■■■■■■■■■■■■■■■■■■■■■                                        |  50% of 109.7 MiB
|■■■■■■■■■■■■■■■■■■■■■■■■■■■■■■■■■■■■■■■■■■■■■■■■                                |  60% of 109.7 MiB
|■■■■■■■■■■■■■■■■■■■■■■■■■■■■■■■■■■■■■■■■■■■■■■■■■■■■■■■■                        |  70% of 109.7 MiB
|■■■■■■■■■■■■■■■■■■■■■■■■■■■■■■■■■■■■■■■■■■■■■■■■■■■■■■■■■■■■■■■■                |  80% of 109.7 MiB
|■■■■■■■■■■■■■■■■■■■■■■■■■■■■■■■■■■■■■■■■■■■■■■■■■■■■■■■■■■■■■■■■■■■■■■■■        |  90% of 109.7 MiB
|■■■■■■■■■■■■■■■■■■■■■■■■■■■■■■■■■■■■■■■■■■■■■■■■■■■■■■■■■■■■■■■■■■■■■■■■■■■■■■■■| 100% of 109.7 MiB
Chromium Headless Shell 143.0.7499.4 (playwright build v1200) downloaded to /root/.cache/ms-playwright/chromium_headless_shell-1200
--> adb9bc1e4261
STEP 15/18: WORKDIR /src/MyBlog.E2E
--> c6494faace0e
STEP 16/18: ENV MYBLOG_BASE_URL=http://myblog-web:5000
--> 651217143372
STEP 17/18: ENV PLAYWRIGHT_HEADLESS=true
--> 8ea580484544
STEP 18/18: ENTRYPOINT ["dotnet", "run", "-c", "Release", "--no-build"]
COMMIT myblog_myblog-e2e
--> eff96c014d45
Successfully tagged localhost/myblog_myblog-e2e:latest
eff96c014d4579edbe9137c41f430ca220d55ac6aafd0c2b5f19e38c67fdd24c
[INFO] Starting MyBlog web service...
8f63d5ecbcb6879e1b3afd82fb3e77451e0010f84085bbc91093a1af23199dfa
14361667d41143499b523ce86b3569f23cc92e71e0bf5efe70dc61f170464206
myblog-web
[INFO] Waiting for MyBlog to be ready...
.
[INFO] MyBlog is ready!
[INFO] Running E2E tests...
693899022d92e8814f0a40f4d2bffd071e0c35c4224f45cabcc284c0613a8719
[myblog-web] | cannot open `/run/user/1000/crun/14361667d41143499b523ce86b3569f23cc92e71e0bf5efe70dc61f170464206/exec.fifo`: No such file or directory
[myblog-web] | Error: unable to start container 14361667d41143499b523ce86b3569f23cc92e71e0bf5efe70dc61f170464206: `/usr/bin/crun start 14361667d41143499b523ce86b3569f23cc92e71e0bf5efe70dc61f170464206` failed: exit status 1
[myblog-e2e] | xUnit.net v3 In-Process Runner v3.2.2+728c1dce01 (64-bit .NET 10.0.2)
[myblog-e2e] |   Discovering: MyBlog.E2E
[myblog-e2e] |   Discovered:  MyBlog.E2E
[myblog-e2e] |   Starting:    MyBlog.E2E
[myblog-e2e] |     MyBlog.E2E.Tests.AdminPageTests.AdminDashboard_ShowsRecentPosts [FAIL]
[myblog-e2e] |       System.TimeoutException : Timeout 30000ms exceeded.
[myblog-e2e] |       =========================== logs ===========================
[myblog-e2e] |       waiting for navigation to "**/admin**" until "Load"
[myblog-e2e] |         navigated to "http://myblog-web:5000/login"
[myblog-e2e] |       ============================================================
[myblog-e2e] |       ---- System.TimeoutException : Timeout 30000ms exceeded.
[myblog-e2e] |       Stack Trace:
[myblog-e2e] |         /_/src/Playwright/Core/Waiter.cs(226,0): at Microsoft.Playwright.Core.Waiter.WaitForPromiseAsync[T](Task`1 task, Action dispose)
[myblog-e2e] |         /_/src/Playwright/Core/Frame.cs(321,0): at Microsoft.Playwright.Core.Frame.WaitForNavigationInternalAsync(Waiter waiter, String urlString, Func`2 urlFunc, Regex urlRegex, Nullable`1 waitUntil)
[myblog-e2e] |         /_/src/Playwright/Core/Frame.cs(285,0): at Microsoft.Playwright.Core.Frame.RunAndWaitForNavigationAsync(Func`1 action, FrameRunAndWaitForNavigationOptions options)
[myblog-e2e] |         Tests/AdminPageTests.cs(26,0): at MyBlog.E2E.Tests.AdminPageTests.LoginAsAdminAsync(IPage page)
[myblog-e2e] |         Tests/AdminPageTests.cs(158,0): at MyBlog.E2E.Tests.AdminPageTests.AdminDashboard_ShowsRecentPosts()
[myblog-e2e] |         --- End of stack trace from previous location ---
[myblog-e2e] |         ----- Inner Stack Trace -----
[myblog-e2e] |         /_/src/Playwright/Helpers/TaskHelper.cs(72,0): at Microsoft.Playwright.Helpers.TaskHelper.<>c__DisplayClass2_0.<WithTimeout>b__0()
[myblog-e2e] |         /_/src/Playwright/Helpers/TaskHelper.cs(108,0): at Microsoft.Playwright.Helpers.TaskHelper.WithTimeout(Task task, Func`1 timeoutAction, TimeSpan timeout, CancellationToken cancellationToken)
[myblog-e2e] |         /_/src/Playwright/Core/Waiter.cs(218,0): at Microsoft.Playwright.Core.Waiter.WaitForPromiseAsync[T](Task`1 task, Action dispose)
[myblog-e2e] |     MyBlog.E2E.Tests.AdminPageTests.AdminPosts_LoadsSuccessfully [FAIL]
[myblog-e2e] |       System.TimeoutException : Timeout 30000ms exceeded.
[myblog-e2e] |       =========================== logs ===========================
[myblog-e2e] |       waiting for navigation to "**/admin**" until "Load"
[myblog-e2e] |         navigated to "http://myblog-web:5000/login"
[myblog-e2e] |       ============================================================
[myblog-e2e] |       ---- System.TimeoutException : Timeout 30000ms exceeded.
[myblog-e2e] |       Stack Trace:
[myblog-e2e] |         /_/src/Playwright/Core/Waiter.cs(226,0): at Microsoft.Playwright.Core.Waiter.WaitForPromiseAsync[T](Task`1 task, Action dispose)
[myblog-e2e] |         /_/src/Playwright/Core/Frame.cs(321,0): at Microsoft.Playwright.Core.Frame.WaitForNavigationInternalAsync(Waiter waiter, String urlString, Func`2 urlFunc, Regex urlRegex, Nullable`1 waitUntil)
[myblog-e2e] |         /_/src/Playwright/Core/Frame.cs(285,0): at Microsoft.Playwright.Core.Frame.RunAndWaitForNavigationAsync(Func`1 action, FrameRunAndWaitForNavigationOptions options)
[myblog-e2e] |         Tests/AdminPageTests.cs(26,0): at MyBlog.E2E.Tests.AdminPageTests.LoginAsAdminAsync(IPage page)
[myblog-e2e] |         Tests/AdminPageTests.cs(78,0): at MyBlog.E2E.Tests.AdminPageTests.AdminPosts_LoadsSuccessfully()
[myblog-e2e] |         --- End of stack trace from previous location ---
[myblog-e2e] |         ----- Inner Stack Trace -----
[myblog-e2e] |         /_/src/Playwright/Helpers/TaskHelper.cs(72,0): at Microsoft.Playwright.Helpers.TaskHelper.<>c__DisplayClass2_0.<WithTimeout>b__0()
[myblog-e2e] |         /_/src/Playwright/Helpers/TaskHelper.cs(108,0): at Microsoft.Playwright.Helpers.TaskHelper.WithTimeout(Task task, Func`1 timeoutAction, TimeSpan timeout, CancellationToken cancellationToken)
[myblog-e2e] |         /_/src/Playwright/Core/Waiter.cs(218,0): at Microsoft.Playwright.Core.Waiter.WaitForPromiseAsync[T](Task`1 task, Action dispose)
[myblog-e2e] |     MyBlog.E2E.Tests.AdminPageTests.AdminDashboard_DisplaysStatistics [FAIL]
[myblog-e2e] |       System.TimeoutException : Timeout 30000ms exceeded.
[myblog-e2e] |       =========================== logs ===========================
[myblog-e2e] |       waiting for navigation to "**/admin**" until "Load"
[myblog-e2e] |         navigated to "http://myblog-web:5000/login"
[myblog-e2e] |       ============================================================
[myblog-e2e] |       ---- System.TimeoutException : Timeout 30000ms exceeded.
[myblog-e2e] |       Stack Trace:
[myblog-e2e] |         /_/src/Playwright/Core/Waiter.cs(226,0): at Microsoft.Playwright.Core.Waiter.WaitForPromiseAsync[T](Task`1 task, Action dispose)
[myblog-e2e] |         /_/src/Playwright/Core/Frame.cs(321,0): at Microsoft.Playwright.Core.Frame.WaitForNavigationInternalAsync(Waiter waiter, String urlString, Func`2 urlFunc, Regex urlRegex, Nullable`1 waitUntil)
[myblog-e2e] |         /_/src/Playwright/Core/Frame.cs(285,0): at Microsoft.Playwright.Core.Frame.RunAndWaitForNavigationAsync(Func`1 action, FrameRunAndWaitForNavigationOptions options)
[myblog-e2e] |         Tests/AdminPageTests.cs(26,0): at MyBlog.E2E.Tests.AdminPageTests.LoginAsAdminAsync(IPage page)
[myblog-e2e] |         Tests/AdminPageTests.cs(36,0): at MyBlog.E2E.Tests.AdminPageTests.AdminDashboard_DisplaysStatistics()
[myblog-e2e] |         --- End of stack trace from previous location ---
[myblog-e2e] |         ----- Inner Stack Trace -----
[myblog-e2e] |         /_/src/Playwright/Helpers/TaskHelper.cs(72,0): at Microsoft.Playwright.Helpers.TaskHelper.<>c__DisplayClass2_0.<WithTimeout>b__0()
[myblog-e2e] |         /_/src/Playwright/Helpers/TaskHelper.cs(108,0): at Microsoft.Playwright.Helpers.TaskHelper.WithTimeout(Task task, Func`1 timeoutAction, TimeSpan timeout, CancellationToken cancellationToken)
[myblog-e2e] |         /_/src/Playwright/Core/Waiter.cs(218,0): at Microsoft.Playwright.Core.Waiter.WaitForPromiseAsync[T](Task`1 task, Action dispose)
[myblog-e2e] |     MyBlog.E2E.Tests.AdminPageTests.AdminDashboard_HasNewPostLink [FAIL]
[myblog-e2e] |       System.TimeoutException : Timeout 30000ms exceeded.
[myblog-e2e] |       =========================== logs ===========================
[myblog-e2e] |       waiting for navigation to "**/admin**" until "Load"
[myblog-e2e] |         navigated to "http://myblog-web:5000/login"
[myblog-e2e] |       ============================================================
[myblog-e2e] |       ---- System.TimeoutException : Timeout 30000ms exceeded.
[myblog-e2e] |       Stack Trace:
[myblog-e2e] |         /_/src/Playwright/Core/Waiter.cs(226,0): at Microsoft.Playwright.Core.Waiter.WaitForPromiseAsync[T](Task`1 task, Action dispose)
[myblog-e2e] |         /_/src/Playwright/Core/Frame.cs(321,0): at Microsoft.Playwright.Core.Frame.WaitForNavigationInternalAsync(Waiter waiter, String urlString, Func`2 urlFunc, Regex urlRegex, Nullable`1 waitUntil)
[myblog-e2e] |         /_/src/Playwright/Core/Frame.cs(285,0): at Microsoft.Playwright.Core.Frame.RunAndWaitForNavigationAsync(Func`1 action, FrameRunAndWaitForNavigationOptions options)
[myblog-e2e] |         Tests/AdminPageTests.cs(26,0): at MyBlog.E2E.Tests.AdminPageTests.LoginAsAdminAsync(IPage page)
[myblog-e2e] |         Tests/AdminPageTests.cs(58,0): at MyBlog.E2E.Tests.AdminPageTests.AdminDashboard_HasNewPostLink()
[myblog-e2e] |         --- End of stack trace from previous location ---
[myblog-e2e] |         ----- Inner Stack Trace -----
[myblog-e2e] |         /_/src/Playwright/Helpers/TaskHelper.cs(72,0): at Microsoft.Playwright.Helpers.TaskHelper.<>c__DisplayClass2_0.<WithTimeout>b__0()
[myblog-e2e] |         /_/src/Playwright/Helpers/TaskHelper.cs(108,0): at Microsoft.Playwright.Helpers.TaskHelper.WithTimeout(Task task, Func`1 timeoutAction, TimeSpan timeout, CancellationToken cancellationToken)
[myblog-e2e] |         /_/src/Playwright/Core/Waiter.cs(218,0): at Microsoft.Playwright.Core.Waiter.WaitForPromiseAsync[T](Task`1 task, Action dispose)
[myblog-e2e] |     MyBlog.E2E.Tests.AdminPageTests.AdminDashboard_HasManageImagesLink [FAIL]
[myblog-e2e] |       System.TimeoutException : Timeout 30000ms exceeded.
[myblog-e2e] |       =========================== logs ===========================
[myblog-e2e] |       waiting for navigation to "**/admin**" until "Load"
[myblog-e2e] |         navigated to "http://myblog-web:5000/login"
[myblog-e2e] |       ============================================================
[myblog-e2e] |       ---- System.TimeoutException : Timeout 30000ms exceeded.
[myblog-e2e] |       Stack Trace:
[myblog-e2e] |         /_/src/Playwright/Core/Waiter.cs(226,0): at Microsoft.Playwright.Core.Waiter.WaitForPromiseAsync[T](Task`1 task, Action dispose)
[myblog-e2e] |         /_/src/Playwright/Core/Frame.cs(321,0): at Microsoft.Playwright.Core.Frame.WaitForNavigationInternalAsync(Waiter waiter, String urlString, Func`2 urlFunc, Regex urlRegex, Nullable`1 waitUntil)
[myblog-e2e] |         /_/src/Playwright/Core/Frame.cs(285,0): at Microsoft.Playwright.Core.Frame.RunAndWaitForNavigationAsync(Func`1 action, FrameRunAndWaitForNavigationOptions options)
[myblog-e2e] |         Tests/AdminPageTests.cs(26,0): at MyBlog.E2E.Tests.AdminPageTests.LoginAsAdminAsync(IPage page)
[myblog-e2e] |         Tests/AdminPageTests.cs(68,0): at MyBlog.E2E.Tests.AdminPageTests.AdminDashboard_HasManageImagesLink()
[myblog-e2e] |         --- End of stack trace from previous location ---
[myblog-e2e] |         ----- Inner Stack Trace -----
[myblog-e2e] |         /_/src/Playwright/Helpers/TaskHelper.cs(72,0): at Microsoft.Playwright.Helpers.TaskHelper.<>c__DisplayClass2_0.<WithTimeout>b__0()
[myblog-e2e] |         /_/src/Playwright/Helpers/TaskHelper.cs(108,0): at Microsoft.Playwright.Helpers.TaskHelper.WithTimeout(Task task, Func`1 timeoutAction, TimeSpan timeout, CancellationToken cancellationToken)
[myblog-e2e] |         /_/src/Playwright/Core/Waiter.cs(218,0): at Microsoft.Playwright.Core.Waiter.WaitForPromiseAsync[T](Task`1 task, Action dispose)
[myblog-e2e] |     MyBlog.E2E.Tests.AdminPageTests.AdminDashboard_HasManagePostsLink [FAIL]
[myblog-e2e] |       System.TimeoutException : Timeout 30000ms exceeded.
[myblog-e2e] |       =========================== logs ===========================
[myblog-e2e] |       waiting for navigation to "**/admin**" until "Load"
[myblog-e2e] |         navigated to "http://myblog-web:5000/login"
[myblog-e2e] |       ============================================================
[myblog-e2e] |       ---- System.TimeoutException : Timeout 30000ms exceeded.
[myblog-e2e] |       Stack Trace:
[myblog-e2e] |         /_/src/Playwright/Core/Waiter.cs(226,0): at Microsoft.Playwright.Core.Waiter.WaitForPromiseAsync[T](Task`1 task, Action dispose)
[myblog-e2e] |         /_/src/Playwright/Core/Frame.cs(321,0): at Microsoft.Playwright.Core.Frame.WaitForNavigationInternalAsync(Waiter waiter, String urlString, Func`2 urlFunc, Regex urlRegex, Nullable`1 waitUntil)
[myblog-e2e] |         /_/src/Playwright/Core/Frame.cs(285,0): at Microsoft.Playwright.Core.Frame.RunAndWaitForNavigationAsync(Func`1 action, FrameRunAndWaitForNavigationOptions options)
[myblog-e2e] |         Tests/AdminPageTests.cs(26,0): at MyBlog.E2E.Tests.AdminPageTests.LoginAsAdminAsync(IPage page)
[myblog-e2e] |         Tests/AdminPageTests.cs(48,0): at MyBlog.E2E.Tests.AdminPageTests.AdminDashboard_HasManagePostsLink()
[myblog-e2e] |         --- End of stack trace from previous location ---
[myblog-e2e] |         ----- Inner Stack Trace -----
[myblog-e2e] |         /_/src/Playwright/Helpers/TaskHelper.cs(72,0): at Microsoft.Playwright.Helpers.TaskHelper.<>c__DisplayClass2_0.<WithTimeout>b__0()
[myblog-e2e] |         /_/src/Playwright/Helpers/TaskHelper.cs(108,0): at Microsoft.Playwright.Helpers.TaskHelper.WithTimeout(Task task, Func`1 timeoutAction, TimeSpan timeout, CancellationToken cancellationToken)
[myblog-e2e] |         /_/src/Playwright/Core/Waiter.cs(218,0): at Microsoft.Playwright.Core.Waiter.WaitForPromiseAsync[T](Task`1 task, Action dispose)
[myblog-e2e] |     MyBlog.E2E.Tests.AdminPageTests.AdminImages_LoadsSuccessfully [FAIL]
[myblog-e2e] |       System.TimeoutException : Timeout 30000ms exceeded.
[myblog-e2e] |       =========================== logs ===========================
[myblog-e2e] |       waiting for navigation to "**/admin**" until "Load"
[myblog-e2e] |         navigated to "http://myblog-web:5000/login"
[myblog-e2e] |       ============================================================
[myblog-e2e] |       ---- System.TimeoutException : Timeout 30000ms exceeded.
[myblog-e2e] |       Stack Trace:
[myblog-e2e] |         /_/src/Playwright/Core/Waiter.cs(226,0): at Microsoft.Playwright.Core.Waiter.WaitForPromiseAsync[T](Task`1 task, Action dispose)
[myblog-e2e] |         /_/src/Playwright/Core/Frame.cs(321,0): at Microsoft.Playwright.Core.Frame.WaitForNavigationInternalAsync(Waiter waiter, String urlString, Func`2 urlFunc, Regex urlRegex, Nullable`1 waitUntil)
[myblog-e2e] |         /_/src/Playwright/Core/Frame.cs(285,0): at Microsoft.Playwright.Core.Frame.RunAndWaitForNavigationAsync(Func`1 action, FrameRunAndWaitForNavigationOptions options)
[myblog-e2e] |         Tests/AdminPageTests.cs(26,0): at MyBlog.E2E.Tests.AdminPageTests.LoginAsAdminAsync(IPage page)
[myblog-e2e] |         Tests/AdminPageTests.cs(128,0): at MyBlog.E2E.Tests.AdminPageTests.AdminImages_LoadsSuccessfully()
[myblog-e2e] |         --- End of stack trace from previous location ---
[myblog-e2e] |         ----- Inner Stack Trace -----
[myblog-e2e] |         /_/src/Playwright/Helpers/TaskHelper.cs(72,0): at Microsoft.Playwright.Helpers.TaskHelper.<>c__DisplayClass2_0.<WithTimeout>b__0()
[myblog-e2e] |         /_/src/Playwright/Helpers/TaskHelper.cs(108,0): at Microsoft.Playwright.Helpers.TaskHelper.WithTimeout(Task task, Func`1 timeoutAction, TimeSpan timeout, CancellationToken cancellationToken)
[myblog-e2e] |         /_/src/Playwright/Core/Waiter.cs(218,0): at Microsoft.Playwright.Core.Waiter.WaitForPromiseAsync[T](Task`1 task, Action dispose)
[myblog-e2e] |     MyBlog.E2E.Tests.AdminPageTests.AdminPosts_HasNewPostButton [FAIL]
[myblog-e2e] |       System.TimeoutException : Timeout 30000ms exceeded.
[myblog-e2e] |       =========================== logs ===========================
[myblog-e2e] |       waiting for navigation to "**/admin**" until "Load"
[myblog-e2e] |         navigated to "http://myblog-web:5000/login"
[myblog-e2e] |       ============================================================
[myblog-e2e] |       ---- System.TimeoutException : Timeout 30000ms exceeded.
[myblog-e2e] |       Stack Trace:
[myblog-e2e] |         /_/src/Playwright/Core/Waiter.cs(226,0): at Microsoft.Playwright.Core.Waiter.WaitForPromiseAsync[T](Task`1 task, Action dispose)
[myblog-e2e] |         /_/src/Playwright/Core/Frame.cs(321,0): at Microsoft.Playwright.Core.Frame.WaitForNavigationInternalAsync(Waiter waiter, String urlString, Func`2 urlFunc, Regex urlRegex, Nullable`1 waitUntil)
[myblog-e2e] |         /_/src/Playwright/Core/Frame.cs(285,0): at Microsoft.Playwright.Core.Frame.RunAndWaitForNavigationAsync(Func`1 action, FrameRunAndWaitForNavigationOptions options)
[myblog-e2e] |         Tests/AdminPageTests.cs(26,0): at MyBlog.E2E.Tests.AdminPageTests.LoginAsAdminAsync(IPage page)
[myblog-e2e] |         Tests/AdminPageTests.cs(90,0): at MyBlog.E2E.Tests.AdminPageTests.AdminPosts_HasNewPostButton()
[myblog-e2e] |         --- End of stack trace from previous location ---
[myblog-e2e] |         ----- Inner Stack Trace -----
[myblog-e2e] |         /_/src/Playwright/Helpers/TaskHelper.cs(72,0): at Microsoft.Playwright.Helpers.TaskHelper.<>c__DisplayClass2_0.<WithTimeout>b__0()
[myblog-e2e] |         /_/src/Playwright/Helpers/TaskHelper.cs(108,0): at Microsoft.Playwright.Helpers.TaskHelper.WithTimeout(Task task, Func`1 timeoutAction, TimeSpan timeout, CancellationToken cancellationToken)
[myblog-e2e] |         /_/src/Playwright/Core/Waiter.cs(218,0): at Microsoft.Playwright.Core.Waiter.WaitForPromiseAsync[T](Task`1 task, Action dispose)
[myblog-e2e] |     MyBlog.E2E.Tests.AdminPageTests.AdminNewPost_LoadsSuccessfully [FAIL]
[myblog-e2e] |       System.TimeoutException : Timeout 30000ms exceeded.
[myblog-e2e] |       =========================== logs ===========================
[myblog-e2e] |       waiting for navigation to "**/admin**" until "Load"
[myblog-e2e] |         navigated to "http://myblog-web:5000/login"
[myblog-e2e] |       ============================================================
[myblog-e2e] |       ---- System.TimeoutException : Timeout 30000ms exceeded.
[myblog-e2e] |       Stack Trace:
[myblog-e2e] |         /_/src/Playwright/Core/Waiter.cs(226,0): at Microsoft.Playwright.Core.Waiter.WaitForPromiseAsync[T](Task`1 task, Action dispose)
[myblog-e2e] |         /_/src/Playwright/Core/Frame.cs(321,0): at Microsoft.Playwright.Core.Frame.WaitForNavigationInternalAsync(Waiter waiter, String urlString, Func`2 urlFunc, Regex urlRegex, Nullable`1 waitUntil)
[myblog-e2e] |         /_/src/Playwright/Core/Frame.cs(285,0): at Microsoft.Playwright.Core.Frame.RunAndWaitForNavigationAsync(Func`1 action, FrameRunAndWaitForNavigationOptions options)
[myblog-e2e] |         Tests/AdminPageTests.cs(26,0): at MyBlog.E2E.Tests.AdminPageTests.LoginAsAdminAsync(IPage page)
[myblog-e2e] |         Tests/AdminPageTests.cs(102,0): at MyBlog.E2E.Tests.AdminPageTests.AdminNewPost_LoadsSuccessfully()
[myblog-e2e] |         --- End of stack trace from previous location ---
[myblog-e2e] |         ----- Inner Stack Trace -----
[myblog-e2e] |         /_/src/Playwright/Helpers/TaskHelper.cs(72,0): at Microsoft.Playwright.Helpers.TaskHelper.<>c__DisplayClass2_0.<WithTimeout>b__0()
[myblog-e2e] |         /_/src/Playwright/Helpers/TaskHelper.cs(108,0): at Microsoft.Playwright.Helpers.TaskHelper.WithTimeout(Task task, Func`1 timeoutAction, TimeSpan timeout, CancellationToken cancellationToken)
[myblog-e2e] |         /_/src/Playwright/Core/Waiter.cs(218,0): at Microsoft.Playwright.Core.Waiter.WaitForPromiseAsync[T](Task`1 task, Action dispose)
[myblog-e2e] |     MyBlog.E2E.Tests.AdminPageTests.AdminNavigation_CanNavigateBetweenPages [FAIL]
[myblog-e2e] |       System.TimeoutException : Timeout 30000ms exceeded.
[myblog-e2e] |       =========================== logs ===========================
[myblog-e2e] |       waiting for navigation to "**/admin**" until "Load"
[myblog-e2e] |         navigated to "http://myblog-web:5000/login"
[myblog-e2e] |       ============================================================
[myblog-e2e] |       ---- System.TimeoutException : Timeout 30000ms exceeded.
[myblog-e2e] |       Stack Trace:
[myblog-e2e] |         /_/src/Playwright/Core/Waiter.cs(226,0): at Microsoft.Playwright.Core.Waiter.WaitForPromiseAsync[T](Task`1 task, Action dispose)
[myblog-e2e] |         /_/src/Playwright/Core/Frame.cs(321,0): at Microsoft.Playwright.Core.Frame.WaitForNavigationInternalAsync(Waiter waiter, String urlString, Func`2 urlFunc, Regex urlRegex, Nullable`1 waitUntil)
[myblog-e2e] |         /_/src/Playwright/Core/Frame.cs(285,0): at Microsoft.Playwright.Core.Frame.RunAndWaitForNavigationAsync(Func`1 action, FrameRunAndWaitForNavigationOptions options)
[myblog-e2e] |         Tests/AdminPageTests.cs(26,0): at MyBlog.E2E.Tests.AdminPageTests.LoginAsAdminAsync(IPage page)
[myblog-e2e] |         Tests/AdminPageTests.cs(140,0): at MyBlog.E2E.Tests.AdminPageTests.AdminNavigation_CanNavigateBetweenPages()
[myblog-e2e] |         --- End of stack trace from previous location ---
[myblog-e2e] |         ----- Inner Stack Trace -----
[myblog-e2e] |         /_/src/Playwright/Helpers/TaskHelper.cs(72,0): at Microsoft.Playwright.Helpers.TaskHelper.<>c__DisplayClass2_0.<WithTimeout>b__0()
[myblog-e2e] |         /_/src/Playwright/Helpers/TaskHelper.cs(108,0): at Microsoft.Playwright.Helpers.TaskHelper.WithTimeout(Task task, Func`1 timeoutAction, TimeSpan timeout, CancellationToken cancellationToken)
[myblog-e2e] |         /_/src/Playwright/Core/Waiter.cs(218,0): at Microsoft.Playwright.Core.Waiter.WaitForPromiseAsync[T](Task`1 task, Action dispose)
[myblog-e2e] |     MyBlog.E2E.Tests.AdminPageTests.AdminNewPost_HasContentEditor [FAIL]
[myblog-e2e] |       System.TimeoutException : Timeout 30000ms exceeded.
[myblog-e2e] |       =========================== logs ===========================
[myblog-e2e] |       waiting for navigation to "**/admin**" until "Load"
[myblog-e2e] |         navigated to "http://myblog-web:5000/login"
[myblog-e2e] |       ============================================================
[myblog-e2e] |       ---- System.TimeoutException : Timeout 30000ms exceeded.
[myblog-e2e] |       Stack Trace:
[myblog-e2e] |         /_/src/Playwright/Core/Waiter.cs(226,0): at Microsoft.Playwright.Core.Waiter.WaitForPromiseAsync[T](Task`1 task, Action dispose)
[myblog-e2e] |         /_/src/Playwright/Core/Frame.cs(321,0): at Microsoft.Playwright.Core.Frame.WaitForNavigationInternalAsync(Waiter waiter, String urlString, Func`2 urlFunc, Regex urlRegex, Nullable`1 waitUntil)
[myblog-e2e] |         /_/src/Playwright/Core/Frame.cs(285,0): at Microsoft.Playwright.Core.Frame.RunAndWaitForNavigationAsync(Func`1 action, FrameRunAndWaitForNavigationOptions options)
[myblog-e2e] |         Tests/AdminPageTests.cs(26,0): at MyBlog.E2E.Tests.AdminPageTests.LoginAsAdminAsync(IPage page)
[myblog-e2e] |         Tests/AdminPageTests.cs(115,0): at MyBlog.E2E.Tests.AdminPageTests.AdminNewPost_HasContentEditor()
[myblog-e2e] |         --- End of stack trace from previous location ---
[myblog-e2e] |         ----- Inner Stack Trace -----
[myblog-e2e] |         /_/src/Playwright/Helpers/TaskHelper.cs(72,0): at Microsoft.Playwright.Helpers.TaskHelper.<>c__DisplayClass2_0.<WithTimeout>b__0()
[myblog-e2e] |         /_/src/Playwright/Helpers/TaskHelper.cs(108,0): at Microsoft.Playwright.Helpers.TaskHelper.WithTimeout(Task task, Func`1 timeoutAction, TimeSpan timeout, CancellationToken cancellationToken)
[myblog-e2e] |         /_/src/Playwright/Core/Waiter.cs(218,0): at Microsoft.Playwright.Core.Waiter.WaitForPromiseAsync[T](Task`1 task, Action dispose)
[myblog-e2e] |     MyBlog.E2E.Tests.LoginPageTests.LoginPage_InvalidCredentials_ShowsError [FAIL]
[myblog-e2e] |       Expected error indication after invalid login
[myblog-e2e] |       Stack Trace:
[myblog-e2e] |         Tests/LoginPageTests.cs(140,0): at MyBlog.E2E.Tests.LoginPageTests.LoginPage_InvalidCredentials_ShowsError()
[myblog-e2e] |         --- End of stack trace from previous location ---
[myblog-e2e] |     MyBlog.E2E.Tests.LoginPageTests.LoginPage_FormHasCorrectAction [FAIL]
[myblog-e2e] |       Microsoft.Playwright.PlaywrightException : Locator expected to be visible
[myblog-e2e] |       Error: element(s) not found 
[myblog-e2e] |       Call log:
[myblog-e2e] |         - Expect "ToBeVisibleAsync" with timeout 5000ms
[myblog-e2e] |         - waiting for Locator("form[action='/account/login']")
[myblog-e2e] |       Stack Trace:
[myblog-e2e] |         /_/src/Playwright/Core/AssertionsBase.cs(90,0): at Microsoft.Playwright.Core.AssertionsBase.ExpectImplAsync(String expression, FrameExpectOptions expectOptions, Object expected, String message, String title)
[myblog-e2e] |         /_/src/Playwright/Core/AssertionsBase.cs(66,0): at Microsoft.Playwright.Core.AssertionsBase.ExpectImplAsync(String expression, ExpectedTextValue[] expectedText, Object expected, String message, String title, FrameExpectOptions options)
[myblog-e2e] |         Tests/LoginPageTests.cs(112,0): at MyBlog.E2E.Tests.LoginPageTests.LoginPage_FormHasCorrectAction()
[myblog-e2e] |         --- End of stack trace from previous location ---
[myblog-e2e] |     MyBlog.E2E.Tests.LoginPageTests.LoginPage_SuccessfulLogin_RedirectsToAdmin [FAIL]
[myblog-e2e] |       System.TimeoutException : Timeout 30000ms exceeded.
[myblog-e2e] |       =========================== logs ===========================
[myblog-e2e] |       waiting for navigation to "**/admin**" until "Load"
[myblog-e2e] |         navigated to "http://myblog-web:5000/login"
[myblog-e2e] |       ============================================================
[myblog-e2e] |       ---- System.TimeoutException : Timeout 30000ms exceeded.
[myblog-e2e] |       Stack Trace:
[myblog-e2e] |         /_/src/Playwright/Core/Waiter.cs(226,0): at Microsoft.Playwright.Core.Waiter.WaitForPromiseAsync[T](Task`1 task, Action dispose)
[myblog-e2e] |         /_/src/Playwright/Core/Frame.cs(321,0): at Microsoft.Playwright.Core.Frame.WaitForNavigationInternalAsync(Waiter waiter, String urlString, Func`2 urlFunc, Regex urlRegex, Nullable`1 waitUntil)
[myblog-e2e] |         /_/src/Playwright/Core/Frame.cs(285,0): at Microsoft.Playwright.Core.Frame.RunAndWaitForNavigationAsync(Func`1 action, FrameRunAndWaitForNavigationOptions options)
[myblog-e2e] |         Tests/LoginPageTests.cs(157,0): at MyBlog.E2E.Tests.LoginPageTests.LoginPage_SuccessfulLogin_RedirectsToAdmin()
[myblog-e2e] |         --- End of stack trace from previous location ---
[myblog-e2e] |         ----- Inner Stack Trace -----
[myblog-e2e] |         /_/src/Playwright/Helpers/TaskHelper.cs(72,0): at Microsoft.Playwright.Helpers.TaskHelper.<>c__DisplayClass2_0.<WithTimeout>b__0()
[myblog-e2e] |         /_/src/Playwright/Helpers/TaskHelper.cs(108,0): at Microsoft.Playwright.Helpers.TaskHelper.WithTimeout(Task task, Func`1 timeoutAction, TimeSpan timeout, CancellationToken cancellationToken)
[myblog-e2e] |         /_/src/Playwright/Core/Waiter.cs(218,0): at Microsoft.Playwright.Core.Waiter.WaitForPromiseAsync[T](Task`1 task, Action dispose)
[myblog-e2e] |     MyBlog.E2E.Tests.AuthenticationTests.Login_WithInvalidPassword_ShowsError [FAIL]
[myblog-e2e] |       Expected error indication after invalid login
[myblog-e2e] |       Stack Trace:
[myblog-e2e] |         Tests/AuthenticationTests.cs(184,0): at MyBlog.E2E.Tests.AuthenticationTests.Login_WithInvalidPassword_ShowsError()
[myblog-e2e] |         --- End of stack trace from previous location ---
[myblog-e2e] |     MyBlog.E2E.Tests.AuthenticationTests.Login_WithInvalidUsername_ShowsError [FAIL]
[myblog-e2e] |       Expected error indication after invalid login
[myblog-e2e] |       Stack Trace:
[myblog-e2e] |         Tests/AuthenticationTests.cs(212,0): at MyBlog.E2E.Tests.AuthenticationTests.Login_WithInvalidUsername_ShowsError()
[myblog-e2e] |         --- End of stack trace from previous location ---
[myblog-e2e] |     MyBlog.E2E.Tests.AuthenticationTests.AdminDashboard_LoadsSuccessfully_WhenAuthenticated [FAIL]
[myblog-e2e] |       System.TimeoutException : Timeout 30000ms exceeded.
[myblog-e2e] |       =========================== logs ===========================
[myblog-e2e] |       waiting for navigation to "**/admin**" until "Load"
[myblog-e2e] |         navigated to "http://myblog-web:5000/login"
[myblog-e2e] |       ============================================================
[myblog-e2e] |       ---- System.TimeoutException : Timeout 30000ms exceeded.
[myblog-e2e] |       Stack Trace:
[myblog-e2e] |         /_/src/Playwright/Core/Waiter.cs(226,0): at Microsoft.Playwright.Core.Waiter.WaitForPromiseAsync[T](Task`1 task, Action dispose)
[myblog-e2e] |         /_/src/Playwright/Core/Frame.cs(321,0): at Microsoft.Playwright.Core.Frame.WaitForNavigationInternalAsync(Waiter waiter, String urlString, Func`2 urlFunc, Regex urlRegex, Nullable`1 waitUntil)
[myblog-e2e] |         /_/src/Playwright/Core/Frame.cs(285,0): at Microsoft.Playwright.Core.Frame.RunAndWaitForNavigationAsync(Func`1 action, FrameRunAndWaitForNavigationOptions options)
[myblog-e2e] |         Tests/AuthenticationTests.cs(227,0): at MyBlog.E2E.Tests.AuthenticationTests.AdminDashboard_LoadsSuccessfully_WhenAuthenticated()
[myblog-e2e] |         --- End of stack trace from previous location ---
[myblog-e2e] |         ----- Inner Stack Trace -----
[myblog-e2e] |         /_/src/Playwright/Helpers/TaskHelper.cs(72,0): at Microsoft.Playwright.Helpers.TaskHelper.<>c__DisplayClass2_0.<WithTimeout>b__0()
[myblog-e2e] |         /_/src/Playwright/Helpers/TaskHelper.cs(108,0): at Microsoft.Playwright.Helpers.TaskHelper.WithTimeout(Task task, Func`1 timeoutAction, TimeSpan timeout, CancellationToken cancellationToken)
[myblog-e2e] |         /_/src/Playwright/Core/Waiter.cs(218,0): at Microsoft.Playwright.Core.Waiter.WaitForPromiseAsync[T](Task`1 task, Action dispose)
[myblog-e2e] |     MyBlog.E2E.Tests.AuthenticationTests.Logout_RedirectsToHome [FAIL]
[myblog-e2e] |       System.TimeoutException : Timeout 30000ms exceeded.
[myblog-e2e] |       =========================== logs ===========================
[myblog-e2e] |       waiting for navigation to "**/admin**" until "Load"
[myblog-e2e] |         navigated to "http://myblog-web:5000/login"
[myblog-e2e] |       ============================================================
[myblog-e2e] |       ---- System.TimeoutException : Timeout 30000ms exceeded.
[myblog-e2e] |       Stack Trace:
[myblog-e2e] |         /_/src/Playwright/Core/Waiter.cs(226,0): at Microsoft.Playwright.Core.Waiter.WaitForPromiseAsync[T](Task`1 task, Action dispose)
[myblog-e2e] |         /_/src/Playwright/Core/Frame.cs(321,0): at Microsoft.Playwright.Core.Frame.WaitForNavigationInternalAsync(Waiter waiter, String urlString, Func`2 urlFunc, Regex urlRegex, Nullable`1 waitUntil)
[myblog-e2e] |         /_/src/Playwright/Core/Frame.cs(285,0): at Microsoft.Playwright.Core.Frame.RunAndWaitForNavigationAsync(Func`1 action, FrameRunAndWaitForNavigationOptions options)
[myblog-e2e] |         Tests/AuthenticationTests.cs(109,0): at MyBlog.E2E.Tests.AuthenticationTests.Logout_RedirectsToHome()
[myblog-e2e] |         --- End of stack trace from previous location ---
[myblog-e2e] |         ----- Inner Stack Trace -----
[myblog-e2e] |         /_/src/Playwright/Helpers/TaskHelper.cs(72,0): at Microsoft.Playwright.Helpers.TaskHelper.<>c__DisplayClass2_0.<WithTimeout>b__0()
[myblog-e2e] |         /_/src/Playwright/Helpers/TaskHelper.cs(108,0): at Microsoft.Playwright.Helpers.TaskHelper.WithTimeout(Task task, Func`1 timeoutAction, TimeSpan timeout, CancellationToken cancellationToken)
[myblog-e2e] |         /_/src/Playwright/Core/Waiter.cs(218,0): at Microsoft.Playwright.Core.Waiter.WaitForPromiseAsync[T](Task`1 task, Action dispose)
[myblog-e2e] |     MyBlog.E2E.Tests.AuthenticationTests.Login_WithDefaultCredentials_Succeeds [FAIL]
[myblog-e2e] |       System.TimeoutException : Timeout 30000ms exceeded.
[myblog-e2e] |       =========================== logs ===========================
[myblog-e2e] |       waiting for navigation to "**/admin**" until "Load"
[myblog-e2e] |         navigated to "http://myblog-web:5000/login"
[myblog-e2e] |       ============================================================
[myblog-e2e] |       ---- System.TimeoutException : Timeout 30000ms exceeded.
[myblog-e2e] |       Stack Trace:
[myblog-e2e] |         /_/src/Playwright/Core/Waiter.cs(226,0): at Microsoft.Playwright.Core.Waiter.WaitForPromiseAsync[T](Task`1 task, Action dispose)
[myblog-e2e] |         /_/src/Playwright/Core/Frame.cs(321,0): at Microsoft.Playwright.Core.Frame.WaitForNavigationInternalAsync(Waiter waiter, String urlString, Func`2 urlFunc, Regex urlRegex, Nullable`1 waitUntil)
[myblog-e2e] |         /_/src/Playwright/Core/Frame.cs(285,0): at Microsoft.Playwright.Core.Frame.RunAndWaitForNavigationAsync(Func`1 action, FrameRunAndWaitForNavigationOptions options)
[myblog-e2e] |         Tests/AuthenticationTests.cs(61,0): at MyBlog.E2E.Tests.AuthenticationTests.Login_WithDefaultCredentials_Succeeds()
[myblog-e2e] |         --- End of stack trace from previous location ---
[myblog-e2e] |         ----- Inner Stack Trace -----
[myblog-e2e] |         /_/src/Playwright/Helpers/TaskHelper.cs(72,0): at Microsoft.Playwright.Helpers.TaskHelper.<>c__DisplayClass2_0.<WithTimeout>b__0()
[myblog-e2e] |         /_/src/Playwright/Helpers/TaskHelper.cs(108,0): at Microsoft.Playwright.Helpers.TaskHelper.WithTimeout(Task task, Func`1 timeoutAction, TimeSpan timeout, CancellationToken cancellationToken)
[myblog-e2e] |         /_/src/Playwright/Core/Waiter.cs(218,0): at Microsoft.Playwright.Core.Waiter.WaitForPromiseAsync[T](Task`1 task, Action dispose)
[myblog-e2e] |     MyBlog.E2E.Tests.AuthenticationTests.Logout_RemovesAdminLink [FAIL]
[myblog-e2e] |       System.TimeoutException : Timeout 30000ms exceeded.
[myblog-e2e] |       =========================== logs ===========================
[myblog-e2e] |       waiting for navigation to "**/admin**" until "Load"
[myblog-e2e] |         navigated to "http://myblog-web:5000/login"
[myblog-e2e] |       ============================================================
[myblog-e2e] |       ---- System.TimeoutException : Timeout 30000ms exceeded.
[myblog-e2e] |       Stack Trace:
[myblog-e2e] |         /_/src/Playwright/Core/Waiter.cs(226,0): at Microsoft.Playwright.Core.Waiter.WaitForPromiseAsync[T](Task`1 task, Action dispose)
[myblog-e2e] |         /_/src/Playwright/Core/Frame.cs(321,0): at Microsoft.Playwright.Core.Frame.WaitForNavigationInternalAsync(Waiter waiter, String urlString, Func`2 urlFunc, Regex urlRegex, Nullable`1 waitUntil)
[myblog-e2e] |         /_/src/Playwright/Core/Frame.cs(285,0): at Microsoft.Playwright.Core.Frame.RunAndWaitForNavigationAsync(Func`1 action, FrameRunAndWaitForNavigationOptions options)
[myblog-e2e] |         Tests/AuthenticationTests.cs(141,0): at MyBlog.E2E.Tests.AuthenticationTests.Logout_RemovesAdminLink()
[myblog-e2e] |         --- End of stack trace from previous location ---
[myblog-e2e] |         ----- Inner Stack Trace -----
[myblog-e2e] |         /_/src/Playwright/Helpers/TaskHelper.cs(72,0): at Microsoft.Playwright.Helpers.TaskHelper.<>c__DisplayClass2_0.<WithTimeout>b__0()
[myblog-e2e] |         /_/src/Playwright/Helpers/TaskHelper.cs(108,0): at Microsoft.Playwright.Helpers.TaskHelper.WithTimeout(Task task, Func`1 timeoutAction, TimeSpan timeout, CancellationToken cancellationToken)
[myblog-e2e] |         /_/src/Playwright/Core/Waiter.cs(218,0): at Microsoft.Playwright.Core.Waiter.WaitForPromiseAsync[T](Task`1 task, Action dispose)
[myblog-e2e] |     MyBlog.E2E.Tests.AuthenticationTests.Login_ShowsAdminLink_WhenAuthenticated [FAIL]
[myblog-e2e] |       System.TimeoutException : Timeout 30000ms exceeded.
[myblog-e2e] |       =========================== logs ===========================
[myblog-e2e] |       waiting for navigation to "**/admin**" until "Load"
[myblog-e2e] |         navigated to "http://myblog-web:5000/login"
[myblog-e2e] |       ============================================================
[myblog-e2e] |       ---- System.TimeoutException : Timeout 30000ms exceeded.
[myblog-e2e] |       Stack Trace:
[myblog-e2e] |         /_/src/Playwright/Core/Waiter.cs(226,0): at Microsoft.Playwright.Core.Waiter.WaitForPromiseAsync[T](Task`1 task, Action dispose)
[myblog-e2e] |         /_/src/Playwright/Core/Frame.cs(321,0): at Microsoft.Playwright.Core.Frame.WaitForNavigationInternalAsync(Waiter waiter, String urlString, Func`2 urlFunc, Regex urlRegex, Nullable`1 waitUntil)
[myblog-e2e] |         /_/src/Playwright/Core/Frame.cs(285,0): at Microsoft.Playwright.Core.Frame.RunAndWaitForNavigationAsync(Func`1 action, FrameRunAndWaitForNavigationOptions options)
[myblog-e2e] |         Tests/AuthenticationTests.cs(84,0): at MyBlog.E2E.Tests.AuthenticationTests.Login_ShowsAdminLink_WhenAuthenticated()
[myblog-e2e] |         --- End of stack trace from previous location ---
[myblog-e2e] |         ----- Inner Stack Trace -----
[myblog-e2e] |         /_/src/Playwright/Helpers/TaskHelper.cs(72,0): at Microsoft.Playwright.Helpers.TaskHelper.<>c__DisplayClass2_0.<WithTimeout>b__0()
[myblog-e2e] |         /_/src/Playwright/Helpers/TaskHelper.cs(108,0): at Microsoft.Playwright.Helpers.TaskHelper.WithTimeout(Task task, Func`1 timeoutAction, TimeSpan timeout, CancellationToken cancellationToken)
[myblog-e2e] |         /_/src/Playwright/Core/Waiter.cs(218,0): at Microsoft.Playwright.Core.Waiter.WaitForPromiseAsync[T](Task`1 task, Action dispose)
[myblog-e2e] |   Finished:    MyBlog.E2E (ID = '4d488734a9156ea8719a93bca3e9cb47dfeac4715a7981582060bf185a1e7bf4')
[myblog-e2e] | === TEST EXECUTION SUMMARY ===
[myblog-e2e] |    MyBlog.E2E  Total: 78, Errors: 0, Failed: 21, Skipped: 0, Not Run: 0, Time: 538.292s
[myblog-e2e] | 
[INFO] Capturing logs...
[INFO] Cleaning up...
myblog-e2e
myblog-web
myblog-e2e
myblog-web
myblog_myblog-data
8f63d5ecbcb6879e1b3afd82fb3e77451e0010f84085bbc91093a1af23199dfa
myblog_myblog-network
[INFO] E2E tests passed! ✓

real	10m4.183s
user	0m42.279s
sys	0m23.755s
kushal@fedora:~/src/dotnet/MyBlog$ cd ~/src/dotnet/MyBlog/ && export DOTNET_CLI_TELEMETRY_OPTOUT=1 && (cd src && time dotnet format; time dotnet restore; time dotnet clean; time dotnet build; time dotnet run --project MyBlog.Tests/MyBlog.Tests.csproj; time dotnet list package; time dotnet list package --outdated); cd ~/src/dotnet/MyBlog/ && time bash export.sh; cat run-e2e.sh; time bash run-e2e.sh --clean; time bash run-e2e.sh;

real	0m9.406s
user	0m17.173s
sys	0m1.175s
Restore complete (0.5s)

Build succeeded in 0.6s

real	0m0.792s
user	0m0.891s
sys	0m0.181s

Build succeeded in 0.5s

real	0m0.697s
user	0m0.740s
sys	0m0.184s
Restore complete (0.5s)
  MyBlog.Core net10.0 succeeded (3.1s) → MyBlog.Core/bin/Debug/net10.0/MyBlog.Core.dll
  MyBlog.Infrastructure net10.0 succeeded (0.5s) → MyBlog.Infrastructure/bin/Debug/net10.0/MyBlog.Infrastructure.dll
  MyBlog.Web net10.0 succeeded (2.6s) → MyBlog.Web/bin/Debug/net10.0/MyBlog.Web.dll
  MyBlog.E2E net10.0 succeeded (0.7s) → MyBlog.E2E/bin/Debug/net10.0/MyBlog.E2E.dll
  MyBlog.Tests net10.0 succeeded (0.7s) → MyBlog.Tests/bin/Debug/net10.0/MyBlog.Tests.dll

Build succeeded in 7.6s

real	0m7.752s
user	0m2.730s
sys	0m0.505s
xUnit.net v3 In-Process Runner v3.2.2+728c1dce01 (64-bit .NET 10.0.2)
  Discovering: MyBlog.Tests
  Discovered:  MyBlog.Tests
  Starting:    MyBlog.Tests
  Finished:    MyBlog.Tests (ID = '24cedafe73dab5684218bb3cf04cfd49ae8ce3b87ae799399cb2e301cbc1e755')
=== TEST EXECUTION SUMMARY ===
   MyBlog.Tests  Total: 182, Errors: 0, Failed: 0, Skipped: 0, Not Run: 0, Time: 41.323s

real	0m43.341s
user	0m46.889s
sys	0m0.761s
Restore complete (0.5s)

Build succeeded in 0.6s
Project 'MyBlog.Core' has the following package references
   [net10.0]: 
   Top-level Package                   Requested   Resolved
   > Microsoft.Extensions.Logging      10.0.2      10.0.2  

Project 'MyBlog.E2E' has the following package references
   [net10.0]: 
   Top-level Package             Requested   Resolved
   > Microsoft.NET.Test.Sdk      18.0.1      18.0.1  
   > Microsoft.Playwright        1.57.0      1.57.0  
   > xunit.v3                    3.2.2       3.2.2   

Project 'MyBlog.Infrastructure' has the following package references
   [net10.0]: 
   Top-level Package                           Requested   Resolved
   > Microsoft.AspNetCore.Identity             2.3.9       2.3.9   
   > Microsoft.EntityFrameworkCore.Sqlite      10.0.2      10.0.2  
   > Microsoft.Extensions.Http                 10.0.2      10.0.2  
   > OpenTelemetry                             1.15.0      1.15.0  

Project 'MyBlog.Tests' has the following package references
   [net10.0]: 
   Top-level Package                             Requested   Resolved
   > Microsoft.EntityFrameworkCore.Sqlite        10.0.2      10.0.2  
   > Microsoft.NET.Test.Sdk                      18.0.1      18.0.1  
   > Microsoft.Testing.Extensions.TrxReport      2.0.2       2.0.2   
   > xunit.v3                                    3.2.2       3.2.2   

Project 'MyBlog.Web' has the following package references
   [net10.0]: 
   Top-level Package                                  Requested    Resolved
   > Microsoft.AspNetCore.App.Internal.Assets   (A)   [10.0.2, )   10.0.2  
   > Microsoft.AspNetCore.SignalR.Client              10.0.2       10.0.2  
   > OpenTelemetry.Exporter.Console                   1.15.0       1.15.0  
   > OpenTelemetry.Extensions.Hosting                 1.15.0       1.15.0  
   > OpenTelemetry.Instrumentation.AspNetCore         1.15.0       1.15.0  
   > OpenTelemetry.Instrumentation.Http               1.15.0       1.15.0  

(A) : Auto-referenced package.

real	0m1.625s
user	0m1.662s
sys	0m0.404s
Restore complete (0.5s)

Build succeeded in 0.6s

The following sources were used:
   https://api.nuget.org/v3/index.json

The given project `MyBlog.Core` has no updates given the current sources.
The given project `MyBlog.E2E` has no updates given the current sources.
The given project `MyBlog.Infrastructure` has no updates given the current sources.
The given project `MyBlog.Tests` has no updates given the current sources.
The given project `MyBlog.Web` has no updates given the current sources.

real	0m3.051s
user	0m2.165s
sys	0m0.433s
==============================================
  Project Export for LLM Analysis
==============================================

Project Path: /home/kushal/src/dotnet/MyBlog
Output File:  docs/llm/dump.txt

Generating directory structure...
Collecting files...
Found 126 files to export

Processing (1/126): docker-compose.e2e.yml
Processing (2/126): docker-compose.yml
Processing (3/126): .editorconfig
Processing (4/126): export.sh
Processing (5/126): .github/workflows/build-deploy.yml
Processing (6/126): .gitignore
Processing (7/126): README.md
Processing (8/126): run-e2e.sh
Processing (9/126): src/Directory.Build.props
Processing (10/126): src/Directory.Packages.props
Processing (11/126): src/.github/workflows/build-deploy.yml
Processing (12/126): src/global.json
Processing (13/126): src/MyBlog.Core/Constants/AppConstants.cs
Processing (14/126): src/MyBlog.Core/Interfaces/IAuthService.cs
Processing (15/126): src/MyBlog.Core/Interfaces/IImageDimensionService.cs
Processing (16/126): src/MyBlog.Core/Interfaces/IImageRepository.cs
Processing (17/126): src/MyBlog.Core/Interfaces/IMarkdownService.cs
Processing (18/126): src/MyBlog.Core/Interfaces/IPasswordService.cs
Processing (19/126): src/MyBlog.Core/Interfaces/IPostRepository.cs
Processing (20/126): src/MyBlog.Core/Interfaces/IReaderTrackingService.cs
Processing (21/126): src/MyBlog.Core/Interfaces/ISlugService.cs
Processing (22/126): src/MyBlog.Core/Interfaces/ITelemetryLogRepository.cs
Processing (23/126): src/MyBlog.Core/Interfaces/IUserRepository.cs
Processing (24/126): src/MyBlog.Core/Models/Image.cs
Processing (25/126): src/MyBlog.Core/Models/ImageDimensionCache.cs
Processing (26/126): src/MyBlog.Core/Models/Post.cs
Processing (27/126): src/MyBlog.Core/Models/PostDto.cs
Processing (28/126): src/MyBlog.Core/Models/TelemetryLog.cs
Processing (29/126): src/MyBlog.Core/Models/User.cs
Processing (30/126): src/MyBlog.Core/MyBlog.Core.csproj
Processing (31/126): src/MyBlog.Core/Services/MarkdownService.cs
Processing (32/126): src/MyBlog.Core/Services/SlugService.cs
Processing (33/126): src/MyBlog.E2E/Dockerfile
Processing (34/126): src/MyBlog.E2E/MyBlog.E2E.csproj
Processing (35/126): src/MyBlog.E2E/PlaywrightCollection.cs
Processing (36/126): src/MyBlog.E2E/PlaywrightFixture.cs
Processing (37/126): src/MyBlog.E2E/Tests/AboutPageTests.cs
Processing (38/126): src/MyBlog.E2E/Tests/AdminPageTests.cs
Processing (39/126): src/MyBlog.E2E/Tests/AuthenticationTests.cs
Processing (40/126): src/MyBlog.E2E/Tests/HomePageTests.cs
Processing (41/126): src/MyBlog.E2E/Tests/LoginPageTests.cs
Processing (42/126): src/MyBlog.E2E/Tests/NavigationTests.cs
Processing (43/126): src/MyBlog.E2E/Tests/SeoTests.cs
Processing (44/126): src/MyBlog.E2E/Tests/ThemeSwitcherTests.cs
Processing (45/126): src/MyBlog.Infrastructure/Data/BlogDbContext.cs
Processing (46/126): src/MyBlog.Infrastructure/Data/DatabasePathResolver.cs
Processing (47/126): src/MyBlog.Infrastructure/Data/DatabaseSchemaUpdater.cs
Processing (48/126): src/MyBlog.Infrastructure/MyBlog.Infrastructure.csproj
Processing (49/126): src/MyBlog.Infrastructure/Repositories/ImageRepository.cs
Processing (50/126): src/MyBlog.Infrastructure/Repositories/PostRepository.cs
Processing (51/126): src/MyBlog.Infrastructure/Repositories/TelemetryLogRepository.cs
Processing (52/126): src/MyBlog.Infrastructure/Repositories/UserRepository.cs
Processing (53/126): src/MyBlog.Infrastructure/ServiceCollectionExtensions.cs
Processing (54/126): src/MyBlog.Infrastructure/Services/AuthService.cs
Processing (55/126): src/MyBlog.Infrastructure/Services/ImageCacheWarmerService.cs
Processing (56/126): src/MyBlog.Infrastructure/Services/ImageDimensionService.cs
Processing (57/126): src/MyBlog.Infrastructure/Services/PasswordService.cs
Processing (58/126): src/MyBlog.Infrastructure/Services/ReaderTrackingService.cs
Processing (59/126): src/MyBlog.Infrastructure/Services/TelemetryCleanupService.cs
Processing (60/126): src/MyBlog.Infrastructure/Telemetry/DatabaseLogExporter.cs
Processing (61/126): src/MyBlog.Infrastructure/Telemetry/FileLogExporter.cs
Processing (62/126): src/MyBlog.Infrastructure/Telemetry/TelemetryPathResolver.cs
Processing (63/126): src/MyBlog.slnx
Processing (64/126): src/MyBlog.Tests/Integration/AuthServiceLongPasswordTests.cs
Processing (65/126): src/MyBlog.Tests/Integration/AuthServiceTests.cs
Processing (66/126): src/MyBlog.Tests/Integration/ImageRepositoryTests.cs
Processing (67/126): src/MyBlog.Tests/Integration/PasswordChangeTests.cs
Processing (68/126): src/MyBlog.Tests/Integration/PostRepositoryExtendedTests.cs
Processing (69/126): src/MyBlog.Tests/Integration/PostRepositoryTests.cs
Processing (70/126): src/MyBlog.Tests/Integration/TelemetryCleanupTests.cs
Processing (71/126): src/MyBlog.Tests/Integration/TelemetryLogRepositoryTests.cs
Processing (72/126): src/MyBlog.Tests/Integration/UserRepositoryTests.cs
Processing (73/126): src/MyBlog.Tests/MyBlog.Tests.csproj
Processing (74/126): src/MyBlog.Tests/Unit/DatabasePathResolverTests.cs
Processing (75/126): src/MyBlog.Tests/Unit/LoginRateLimitMiddlewareTests.cs
Processing (76/126): src/MyBlog.Tests/Unit/MarkdownServiceEdgeCaseTests.cs
Processing (77/126): src/MyBlog.Tests/Unit/MarkdownServiceTests.cs
Processing (78/126): src/MyBlog.Tests/Unit/PasswordServiceTests.cs
Processing (79/126): src/MyBlog.Tests/Unit/ReaderTrackingServiceTests.cs
Processing (80/126): src/MyBlog.Tests/Unit/SlugServiceTests.cs
Processing (81/126): src/MyBlog.Web/appsettings.Development.json
Processing (82/126): src/MyBlog.Web/appsettings.json
Processing (83/126): src/MyBlog.Web/Components/App.razor
Processing (84/126): src/MyBlog.Web/Components/_Imports.razor
Processing (85/126): src/MyBlog.Web/Components/Layout/MainLayout.razor
Processing (86/126): src/MyBlog.Web/Components/Pages/About.razor
Processing (87/126): src/MyBlog.Web/Components/Pages/About.razor.css
Processing (88/126): src/MyBlog.Web/Components/Pages/AccessDenied.razor
Processing (89/126): src/MyBlog.Web/Components/Pages/Admin/ChangePassword.razor
Processing (90/126): src/MyBlog.Web/Components/Pages/Admin/ChangePassword.razor.css
Processing (91/126): src/MyBlog.Web/Components/Pages/Admin/Dashboard.razor
Processing (92/126): src/MyBlog.Web/Components/Pages/Admin/Dashboard.razor.css
Processing (93/126): src/MyBlog.Web/Components/Pages/Admin/ImageManager.razor
Processing (94/126): src/MyBlog.Web/Components/Pages/Admin/ImageManager.razor.css
Processing (95/126): src/MyBlog.Web/Components/Pages/Admin/PostEditor.razor
Processing (96/126): src/MyBlog.Web/Components/Pages/Admin/PostEditor.razor.css
Processing (97/126): src/MyBlog.Web/Components/Pages/Admin/PostList.razor
Processing (98/126): src/MyBlog.Web/Components/Pages/Admin/UserEditor.razor
Processing (99/126): src/MyBlog.Web/Components/Pages/Admin/UserEditor.razor.css
Processing (100/126): src/MyBlog.Web/Components/Pages/Admin/UserList.razor
Processing (101/126): src/MyBlog.Web/Components/Pages/Admin/UserList.razor.css
Processing (102/126): src/MyBlog.Web/Components/Pages/Home.razor
Processing (103/126): src/MyBlog.Web/Components/Pages/Login.razor
Processing (104/126): src/MyBlog.Web/Components/Pages/Login.razor.css
Processing (105/126): src/MyBlog.Web/Components/Pages/PostDetail.razor
Processing (106/126): src/MyBlog.Web/Components/Pages/PostDetail.razor.css
Processing (107/126): src/MyBlog.Web/Components/Routes.razor
Processing (108/126): src/MyBlog.Web/Components/Shared/Footer.razor
Processing (109/126): src/MyBlog.Web/Components/Shared/Footer.razor.css
Processing (110/126): src/MyBlog.Web/Components/Shared/MarkdownRenderer.razor
Processing (111/126): src/MyBlog.Web/Components/Shared/Pagination.razor
Processing (112/126): src/MyBlog.Web/Components/Shared/PostCard.razor
Processing (113/126): src/MyBlog.Web/Components/Shared/PostCard.razor.css
Processing (114/126): src/MyBlog.Web/Components/Shared/ReaderBadge.razor
Processing (115/126): src/MyBlog.Web/Components/Shared/ReaderBadge.razor.css
Processing (116/126): src/MyBlog.Web/Components/Shared/RedirectToLogin.razor
Processing (117/126): src/MyBlog.Web/Components/Shared/ThemeSwitcher.razor
Processing (118/126): src/MyBlog.Web/Components/Shared/ThemeSwitcher.razor.css
Processing (119/126): src/MyBlog.Web/Dockerfile
Processing (120/126): src/MyBlog.Web/Hubs/ReaderHub.cs
Processing (121/126): src/MyBlog.Web/Middleware/LoginRateLimitMiddleware.cs
Processing (122/126): src/MyBlog.Web/MyBlog.Web.csproj
Processing (123/126): src/MyBlog.Web/Program.cs
Processing (124/126): src/MyBlog.Web/Properties/launchSettings.json
Processing (125/126): src/MyBlog.Web/wwwroot/css/site.css
Processing (126/126): src/MyBlog.Web/wwwroot/js/site.js

==============================================
  Export Complete!
==============================================

Output file:    docs/llm/dump.txt
Files exported: 126
Files skipped:  0
Output size:    522.19 KB

File types included:
  • Source code: .cs, .fs, .vb
  • Blazor/Razor: .razor
  • UI/XAML: .axaml, .xaml, .paml
  • Projects: .csproj, .slnx, .sln, .props, .targets
  • Config: .json, .yaml, .yml, .xml, .config
  • Docs: .md, .txt
  • Scripts: .sh, .ps1, .cmd, .bat
  • Web: .css, .scss, .js, .ts
  • Other: .sql, .resx, Dockerfile, etc.


real	0m1.430s
user	0m0.740s
sys	0m0.919s
#!/bin/bash
# =============================================================================
# Run E2E Tests with Podman Compose
# =============================================================================
# This script runs Playwright E2E tests against MyBlog using containers.
# Designed for Fedora with SELinux and Podman.
#
# Usage:
#   ./run-e2e.sh          # Run all E2E tests
#   ./run-e2e.sh --build  # Force rebuild containers
#   ./run-e2e.sh --clean  # Clean up and remove volumes
# =============================================================================

set -e

SCRIPT_DIR="$(cd "$(dirname "${BASH_SOURCE[0]}")" && pwd)"
cd "$SCRIPT_DIR"

# Colors for output
RED='\033[0;31m'
GREEN='\033[0;32m'
YELLOW='\033[1;33m'
NC='\033[0m' # No Color

log_info() {
    echo -e "${GREEN}[INFO]${NC} $1"
}

log_warn() {
    echo -e "${YELLOW}[WARN]${NC} $1"
}

log_error() {
    echo -e "${RED}[ERROR]${NC} $1"
}

# Parse arguments
BUILD_FLAG=""
CLEAN_FLAG=""

for arg in "$@"; do
    case $arg in
        --build)
            BUILD_FLAG="--build"
            ;;
        --clean)
            CLEAN_FLAG="true"
            ;;
    esac
done

# Clean up if requested
if [ "$CLEAN_FLAG" == "true" ]; then
    log_info "Cleaning up containers and volumes..."
    podman-compose -f docker-compose.e2e.yml down -v --remove-orphans 2>/dev/null || true
    podman system prune -f 2>/dev/null || true
    log_info "Cleanup complete"
    exit 0
fi

# Create test results directory
mkdir -p test-results
# Set SELinux context if on Fedora with SELinux
if command -v chcon &> /dev/null && getenforce 2>/dev/null | grep -q "Enforcing"; then
    log_info "Setting SELinux context for test-results directory..."
    chcon -Rt svirt_sandbox_file_t test-results 2>/dev/null || true
fi

log_info "Starting E2E test environment..."

# Build and start services
log_info "Building containers..."
podman-compose -f docker-compose.e2e.yml build $BUILD_FLAG

log_info "Starting MyBlog web service..."
podman-compose -f docker-compose.e2e.yml up -d myblog-web

# Wait for web service to be healthy
log_info "Waiting for MyBlog to be ready..."
RETRIES=30
until podman exec myblog-web curl -sf http://localhost:5000/ > /dev/null 2>&1; do
    RETRIES=$((RETRIES - 1))
    if [ $RETRIES -eq 0 ]; then
        log_error "MyBlog failed to start within timeout"
        podman-compose -f docker-compose.e2e.yml logs myblog-web
        podman-compose -f docker-compose.e2e.yml down -v
        exit 1
    fi
    echo -n "."
    sleep 2
done
echo ""
log_info "MyBlog is ready!"

# Run E2E tests
log_info "Running E2E tests..."
podman-compose -f docker-compose.e2e.yml up myblog-e2e
E2E_EXIT_CODE=$?

# Capture logs
log_info "Capturing logs..."
podman-compose -f docker-compose.e2e.yml logs myblog-web > test-results/myblog-web.log 2>&1
podman-compose -f docker-compose.e2e.yml logs myblog-e2e > test-results/myblog-e2e.log 2>&1

# Clean up
log_info "Cleaning up..."
podman-compose -f docker-compose.e2e.yml down -v

if [ $E2E_EXIT_CODE -eq 0 ]; then
    log_info "E2E tests passed! ✓"
else
    log_error "E2E tests failed with exit code $E2E_EXIT_CODE"
    log_info "Check test-results/ directory for logs"
fi

exit $E2E_EXIT_CODE
[INFO] Cleaning up containers and volumes...
Deleted Images
e94a1abc603484c5ce6042fac01f1d0391142dcd2f24032f44e51036f568ff31
597a57697e02da4ecffda0c0e74d4ea9f1a199353ed439da80dee0164f3b7136
6a26bbaef8dee59c7598c8c0570ec3a46af9e9c8e391cfda8cb9d6f11e707d73
f6f7f41ba35ed4c3754005b9b946b09bef6c473a8ec21202574b1ae2d5f68a30
ecd71dba1776da569c1cda9f1b8d18a26d6e724071e2761e2305c771c5b62a37
6cba0e0fcff778a655a6c49865e758074456645d23a53e97c61d56207cc30be5
ea0663cd0304e2292776dc5680b32387a49de38c435b125d1c6e03105c3e65a3
317875058797ef543395d4a37700cf2e4bce60ae029c80dcebf1ac4ebe96a787
5ed5f8eeb9001325f6876abb3d37aa06c8f5318c677a9ec5f530fa688c43ea6d
d8f9630b0d45294ee6a6b7548c1751f7544ff339a1c5f38dc5c0c26c0a77b931
a2ea77270edd0a58537d7bd13f94c3b5b1ef1c38252c3143758bac13852bbf41
e6da3c6cd1ef1b57e53506bb1cea797774d224719338d9ed80340ae8d75b4fb4
981b571eaaeb45be4436e18ade6567d39be63fe99b1da937ec270e74f6289158
ba48cd0497da1c0eef079e9ffee969822153d5c2f8117abc49232d421fe66051
25cbbd88a3e7ad5461789a09b1811eb52b52a43b0fd0265b14cdc1197e201513
7956f453f120cc09ffb4e116e730ef71f2a4e546a0c35b77b17ed5765cf2e508
c222e8f03c1892b307c4d72a5c6611b49d969225fe7a83244aec565110462a33
aeaf9733de02af60d809d56594ffaa6a56d18bcbd6cc2ea7d93013c1e38b25c6
9645fad93c0d566437a5f78f9bcb9e0bd7c104c39e611aa41ebbd3b727fbfc54
ae705875d9d99f3daab6d818e8e9b86b9a51b35b1b575cb4204f1e2971eedffc
5d2c8a76f883057a6d27621078b9effac52c87c9a8097a82a44e49b069364f38
718943a93e16dcf2a90909f6932d54a90d000fdcbcbcd16418300f73315c4809
d30beaabd9b0d4d0710dc6e6cf1c1b5bde7115ee5e347018572c64ed7bf749de
c8b02a01e1ad6490fcfdaa50184fc92f5a9842e6870636ab1d89e93b36e69daa
Total reclaimed space: 42.79GB
[INFO] Cleanup complete

real	0m1.135s
user	0m0.475s
sys	0m0.597s
[INFO] Setting SELinux context for test-results directory...
[INFO] Starting E2E test environment...
[INFO] Building containers...
[1/2] STEP 1/12: FROM mcr.microsoft.com/dotnet/sdk:10.0 AS build
STEP 1/18: FROM mcr.microsoft.com/dotnet/sdk:10.0 AS build
STEP 2/18: WORKDIR /src
--> Using cache c0f951cdf7818c25a801d76241c43a519f74913b58ca3c8d68071526ad1473dc
--> c0f951cdf781
STEP 3/18: RUN apt-get update && apt-get install -y nodejs npm && rm -rf /var/lib/apt/lists/*
--> Using cache 7bd3245d151178c6b376f4a7a4b67fe7ecce8ed2c53cb934a8f07a078aa635e8
--> 7bd3245d1511
STEP 4/18: RUN apt-get update && apt-get install -y wget &&     wget -q https://packages.microsoft.com/config/debian/12/packages-microsoft-prod.deb &&     dpkg -i packages-microsoft-prod.deb &&     rm packages-microsoft-prod.deb &&     apt-get update && apt-get install -y powershell &&     rm -rf /var/lib/apt/lists/*
--> Using cache 948346108d6ac93fe878f7bab089dc72f5498ab7a4fa30e51d4df43308391228
--> 948346108d6a
STEP 5/18: COPY Directory.Build.props .
--> Using cache c4a9dc18c3762fdd409b0baae14ef2f48b5f524cbb656d3b110ca4970ddb4ceb
--> c4a9dc18c376
STEP 6/18: COPY Directory.Packages.props .
--> Using cache 6dea2813ee479703c367db1d0ab238785857ce0c0dfd02d46c8e47699f40706a
--> 6dea2813ee47
STEP 7/18: COPY MyBlog.Core/MyBlog.Core.csproj MyBlog.Core/
[1/2] STEP 2/12: WORKDIR /src
--> Using cache c0f951cdf7818c25a801d76241c43a519f74913b58ca3c8d68071526ad1473dc
--> c0f951cdf781
[1/2] STEP 3/12: COPY Directory.Build.props .
--> Using cache 26b7167e9d33e3adf018ba3f02fa415c50df7db2ea9ef3d3b696a6c25fddeb07
--> 26b7167e9d33
STEP 8/18: COPY MyBlog.Infrastructure/MyBlog.Infrastructure.csproj MyBlog.Infrastructure/
--> Using cache 39fa24c9fb5e73db4ea74e2ea5eba8ab223f1e7b58d032dd3027222d0e3f10c3
--> 39fa24c9fb5e
STEP 9/18: COPY MyBlog.Web/MyBlog.Web.csproj MyBlog.Web/
--> 67604c264dae
[1/2] STEP 4/12: COPY Directory.Packages.props .
--> Using cache 0676640a9fb43a68fca885c900e335d76f35378125a1643e488abf4952dc6fbc
--> 0676640a9fb4
STEP 10/18: COPY MyBlog.E2E/MyBlog.E2E.csproj MyBlog.E2E/
--> 6ba896340dab
[1/2] STEP 5/12: COPY MyBlog.Core/MyBlog.Core.csproj MyBlog.Core/
--> Using cache aaa696cb65b279c939a4b49ed9026de4481280814a6e466076cf0a72f284e18b
--> aaa696cb65b2
STEP 11/18: RUN dotnet restore MyBlog.Core/MyBlog.Core.csproj &&     dotnet restore MyBlog.Infrastructure/MyBlog.Infrastructure.csproj &&     dotnet restore MyBlog.Web/MyBlog.Web.csproj &&     dotnet restore MyBlog.E2E/MyBlog.E2E.csproj
--> Using cache df6530599f3bc2d10e357ab437426be3e28ab5006d07886f20e131fbb2eb339d
--> df6530599f3b
STEP 12/18: COPY . .
--> 7fe91f06d1d4
[1/2] STEP 6/12: COPY MyBlog.Infrastructure/MyBlog.Infrastructure.csproj MyBlog.Infrastructure/
--> 88b509f0cd92
[1/2] STEP 7/12: COPY MyBlog.Web/MyBlog.Web.csproj MyBlog.Web/
--> 13bc7c2c930c
[1/2] STEP 8/12: RUN dotnet restore MyBlog.Web/MyBlog.Web.csproj
  Determining projects to restore...
--> ebb7b04fb618
STEP 13/18: RUN dotnet build MyBlog.E2E/MyBlog.E2E.csproj -c Release
  Restored /src/MyBlog.Core/MyBlog.Core.csproj (in 1.41 sec).
  Determining projects to restore...
  Restored /src/MyBlog.Web/MyBlog.Web.csproj (in 2.27 sec).
  Restored /src/MyBlog.Core/MyBlog.Core.csproj (in 386 ms).
  Restored /src/MyBlog.E2E/MyBlog.E2E.csproj (in 393 ms).
  Restored /src/MyBlog.Infrastructure/MyBlog.Infrastructure.csproj (in 386 ms).
  Restored /src/MyBlog.Web/MyBlog.Web.csproj (in 544 ms).
  Restored /src/MyBlog.Infrastructure/MyBlog.Infrastructure.csproj (in 2.92 sec).
--> c6bd72bde1cb
[1/2] STEP 9/12: COPY MyBlog.Core/ MyBlog.Core/
--> d87000743e0f
[1/2] STEP 10/12: COPY MyBlog.Infrastructure/ MyBlog.Infrastructure/
--> 94dc5383d8a4
[1/2] STEP 11/12: COPY MyBlog.Web/ MyBlog.Web/
--> 9dcc4db961d2
[1/2] STEP 12/12: RUN dotnet publish MyBlog.Web/MyBlog.Web.csproj -c Release -o /app/publish
  Determining projects to restore...
  MyBlog.Core -> /src/MyBlog.Core/bin/Release/net10.0/MyBlog.Core.dll
  Restored /src/MyBlog.Core/MyBlog.Core.csproj (in 199 ms).
  Restored /src/MyBlog.Infrastructure/MyBlog.Infrastructure.csproj (in 201 ms).
  MyBlog.Infrastructure -> /src/MyBlog.Infrastructure/bin/Release/net10.0/MyBlog.Infrastructure.dll
  Restored /src/MyBlog.Web/MyBlog.Web.csproj (in 556 ms).
  MyBlog.Web -> /src/MyBlog.Web/bin/Release/net10.0/MyBlog.Web.dll
  MyBlog.E2E -> /src/MyBlog.E2E/bin/Release/net10.0/MyBlog.E2E.dll

Build succeeded.
    0 Warning(s)
    0 Error(s)

Time Elapsed 00:00:08.02
  MyBlog.Core -> /src/MyBlog.Core/bin/Release/net10.0/MyBlog.Core.dll
  MyBlog.Infrastructure -> /src/MyBlog.Infrastructure/bin/Release/net10.0/MyBlog.Infrastructure.dll
--> c97d6604368e
STEP 14/18: RUN pwsh ./MyBlog.E2E/bin/Release/net10.0/playwright.ps1 install chromium --with-deps
Installing dependencies...
Get:1 https://packages.microsoft.com/debian/12/prod bookworm InRelease [3618 B]
Get:2 http://archive.ubuntu.com/ubuntu noble InRelease [256 kB]
Get:3 https://packages.microsoft.com/debian/12/prod bookworm/main armhf Packages [19.0 kB]
Get:4 http://security.ubuntu.com/ubuntu noble-security InRelease [126 kB]
Get:5 https://packages.microsoft.com/debian/12/prod bookworm/main amd64 Packages [151 kB]
Get:6 https://packages.microsoft.com/debian/12/prod bookworm/main arm64 Packages [57.2 kB]
Get:7 https://packages.microsoft.com/debian/12/prod bookworm/main all Packages [573 B]
Get:8 http://archive.ubuntu.com/ubuntu noble-updates InRelease [126 kB]
Get:9 http://archive.ubuntu.com/ubuntu noble-backports InRelease [126 kB]
Get:10 http://security.ubuntu.com/ubuntu noble-security/universe amd64 Packages [1194 kB]
Get:11 http://archive.ubuntu.com/ubuntu noble/universe amd64 Packages [19.3 MB]
  MyBlog.Web -> /src/MyBlog.Web/bin/Release/net10.0/MyBlog.Web.dll
Get:12 http://security.ubuntu.com/ubuntu noble-security/restricted amd64 Packages [3008 kB]
  MyBlog.Web -> /app/publish/
Get:13 http://security.ubuntu.com/ubuntu noble-security/main amd64 Packages [1776 kB]
Get:14 http://archive.ubuntu.com/ubuntu noble/main amd64 Packages [1808 kB]
Get:15 http://security.ubuntu.com/ubuntu noble-security/multiverse amd64 Packages [34.8 kB]
--> 1ddad4d875fd
[2/2] STEP 1/12: FROM mcr.microsoft.com/dotnet/aspnet:10.0 AS runtime
Get:16 http://archive.ubuntu.com/ubuntu noble/multiverse amd64 Packages [331 kB]
Get:17 http://archive.ubuntu.com/ubuntu noble/restricted amd64 Packages [117 kB]
Get:18 http://archive.ubuntu.com/ubuntu noble-updates/multiverse amd64 Packages [38.1 kB]
Get:19 http://archive.ubuntu.com/ubuntu noble-updates/main amd64 Packages [2171 kB]
Get:20 http://archive.ubuntu.com/ubuntu noble-updates/universe amd64 Packages [1975 kB]
Get:21 http://archive.ubuntu.com/ubuntu noble-updates/restricted amd64 Packages [3219 kB]
Get:22 http://archive.ubuntu.com/ubuntu noble-backports/main amd64 Packages [49.5 kB]
Get:23 http://archive.ubuntu.com/ubuntu noble-backports/universe amd64 Packages [34.6 kB]
[2/2] STEP 2/12: WORKDIR /app
--> Using cache 7ab200e45b1fba59b74177866b30af0761e035beacbc6a5d1607edc1b649f36a
--> 7ab200e45b1f
[2/2] STEP 3/12: RUN apt-get update && apt-get install -y --no-install-recommends curl && rm -rf /var/lib/apt/lists/*
--> Using cache 1e21b972573d10c4ea9d7b8076e58aed09bb9967e8ee6d5a8c3c77e2cddd1001
--> 1e21b972573d
[2/2] STEP 4/12: RUN useradd -m -s /bin/bash appuser
--> Using cache 7b0ba419cc37495396a1969cd185514b97ee464988ce4bddc954893f0ac664d5
--> 7b0ba419cc37
[2/2] STEP 5/12: RUN mkdir -p /app/data && chown appuser:appuser /app/data
--> Using cache 1a52159880ea26e77195a71342eb88df7e9cb2112f4b48a28ce51dfc69734231
--> 1a52159880ea
[2/2] STEP 6/12: COPY --from=build /app/publish .
Fetched 35.9 MB in 3s (13.2 MB/s)
Reading package lists...--> 6882e57cf723
[2/2] STEP 7/12: ENV ASPNETCORE_URLS=http://+:5000
--> 7fad41a780fb
[2/2] STEP 8/12: ENV ASPNETCORE_ENVIRONMENT=Production
--> dae9d4c30397
[2/2] STEP 9/12: ENV ConnectionStrings__DefaultConnection="Data Source=/app/data/myblog.db"
--> c99eabb0e643
[2/2] STEP 10/12: USER appuser
--> a399777c03df
[2/2] STEP 11/12: EXPOSE 5000
--> bf291d311c7d
[2/2] STEP 12/12: ENTRYPOINT ["dotnet", "MyBlog.Web.dll"]

Reading package lists...[2/2] COMMIT myblog_myblog-web
--> dd2c52a3fa94
Successfully tagged localhost/myblog_myblog-web:latest
dd2c52a3fa941bd78efdfda692003b2c7806b4586ff6a3eb56d28004850561ac

Building dependency tree...
Reading state information...
libdbus-1-3 is already the newest version (1.14.10-4ubuntu4.1).
libdbus-1-3 set to manually installed.
libglib2.0-0t64 is already the newest version (2.80.0-6ubuntu3.7).
libglib2.0-0t64 set to manually installed.
libx11-6 is already the newest version (2:1.8.7-1build1).
libx11-6 set to manually installed.
libxcb1 is already the newest version (1.15-1ubuntu2).
libxcb1 set to manually installed.
libxcomposite1 is already the newest version (1:0.4.5-1build3).
libxcomposite1 set to manually installed.
libxext6 is already the newest version (2:1.3.4-1build2).
libxext6 set to manually installed.
libxfixes3 is already the newest version (1:6.0.0-2build1).
libxfixes3 set to manually installed.
libxrandr2 is already the newest version (2:1.5.2-2build1).
libxrandr2 set to manually installed.
libfontconfig1 is already the newest version (2.15.0-1.1ubuntu2).
libfontconfig1 set to manually installed.
libfreetype6 is already the newest version (2.13.2+dfsg-1build3).
libfreetype6 set to manually installed.
The following package was automatically installed and is no longer required:
  libwayland-server0
Use 'apt autoremove' to remove it.
The following additional packages will be installed:
  at-spi2-common fontconfig libasound2-data libavahi-client3
  libavahi-common-data libavahi-common3 libdatrie1 libdrm-amdgpu1
  libdrm-common libdrm-intel1 libegl-mesa0 libfontenc1 libfribidi0
  libgl1-mesa-dri libglx-mesa0 libgraphite2-3 libharfbuzz0b libpixman-1-0
  libthai-data libthai0 libunwind8 libxcb-render0 libxfont2 mesa-libgallium
  mesa-vulkan-drivers x11-xkb-utils xauth xfonts-encodings xfonts-utils
  xkb-data xserver-common
Suggested packages:
  alsa-utils libasound2-plugins cups-common
Recommended packages:
  fonts-ipafont-mincho fonts-liberation-sans-narrow fonts-tlwg-loma
  alsa-ucm-conf alsa-topology-conf at-spi2-core xfonts-base
The following NEW packages will be installed:
  at-spi2-common fontconfig fonts-freefont-ttf fonts-ipafont-gothic
  fonts-liberation fonts-noto-color-emoji fonts-tlwg-loma-otf fonts-unifont
  fonts-wqy-zenhei libasound2-data libasound2t64 libatk-bridge2.0-0t64
  libatk1.0-0t64 libatspi2.0-0t64 libavahi-client3 libavahi-common-data
  libavahi-common3 libcairo2 libcups2t64 libdatrie1 libfontenc1 libfribidi0
  libgraphite2-3 libharfbuzz0b libnspr4 libnss3 libpango-1.0-0 libpixman-1-0
  libthai-data libthai0 libunwind8 libxcb-render0 libxdamage1 libxfont2
  libxkbcommon0 x11-xkb-utils xauth xfonts-cyrillic xfonts-encodings
  xfonts-scalable xfonts-utils xkb-data xserver-common xvfb
The following packages will be upgraded:
  libdrm-amdgpu1 libdrm-common libdrm-intel1 libdrm2 libegl-mesa0 libgbm1
  libgl1-mesa-dri libglx-mesa0 mesa-libgallium mesa-vulkan-drivers
10 upgraded, 44 newly installed, 0 to remove and 1 not upgraded.
Need to get 67.5 MB of archives.
After this operation, 134 MB of additional disk space will be used.
Get:1 http://archive.ubuntu.com/ubuntu noble/universe amd64 fonts-ipafont-gothic all 00303-21ubuntu1 [3513 kB]
Get:2 http://archive.ubuntu.com/ubuntu noble/main amd64 libfribidi0 amd64 1.0.13-3build1 [26.1 kB]
Get:3 http://archive.ubuntu.com/ubuntu noble-updates/main amd64 xkb-data all 2.41-2ubuntu1.1 [397 kB]
Get:4 http://archive.ubuntu.com/ubuntu noble-updates/main amd64 libdrm-common all 2.4.125-1ubuntu0.1~24.04.1 [9174 B]
Get:5 http://archive.ubuntu.com/ubuntu noble-updates/main amd64 libdrm2 amd64 2.4.125-1ubuntu0.1~24.04.1 [41.3 kB]
Get:6 http://archive.ubuntu.com/ubuntu noble/main amd64 libxkbcommon0 amd64 1.6.0-1build1 [122 kB]
Get:7 http://archive.ubuntu.com/ubuntu noble/main amd64 xauth amd64 1:1.1.2-1build1 [25.6 kB]
Get:8 http://archive.ubuntu.com/ubuntu noble/main amd64 at-spi2-common all 2.52.0-1build1 [8674 B]
Get:9 http://archive.ubuntu.com/ubuntu noble/main amd64 fontconfig amd64 2.15.0-1.1ubuntu2 [180 kB]
Get:10 http://archive.ubuntu.com/ubuntu noble/main amd64 fonts-freefont-ttf all 20211204+svn4273-2 [5641 kB]
Get:11 http://archive.ubuntu.com/ubuntu noble/main amd64 fonts-liberation all 1:2.1.5-3 [1603 kB]
Get:12 http://archive.ubuntu.com/ubuntu noble-updates/main amd64 fonts-noto-color-emoji all 2.047-0ubuntu0.24.04.1 [9764 kB]
Get:13 http://archive.ubuntu.com/ubuntu noble/universe amd64 fonts-tlwg-loma-otf all 1:0.7.3-1 [107 kB]
Get:14 http://archive.ubuntu.com/ubuntu noble/universe amd64 fonts-unifont all 1:15.1.01-1build1 [2993 kB]
Get:15 http://archive.ubuntu.com/ubuntu noble/universe amd64 fonts-wqy-zenhei all 0.9.45-8 [7472 kB]
Get:16 http://archive.ubuntu.com/ubuntu noble-updates/main amd64 libasound2-data all 1.2.11-1ubuntu0.1 [21.1 kB]
Get:17 http://archive.ubuntu.com/ubuntu noble-updates/main amd64 libasound2t64 amd64 1.2.11-1ubuntu0.1 [399 kB]
Get:18 http://archive.ubuntu.com/ubuntu noble/main amd64 libatk1.0-0t64 amd64 2.52.0-1build1 [55.3 kB]
Get:19 http://archive.ubuntu.com/ubuntu noble/main amd64 libatspi2.0-0t64 amd64 2.52.0-1build1 [80.5 kB]
Get:20 http://archive.ubuntu.com/ubuntu noble/main amd64 libatk-bridge2.0-0t64 amd64 2.52.0-1build1 [66.0 kB]
Get:21 http://archive.ubuntu.com/ubuntu noble-updates/main amd64 libavahi-common-data amd64 0.8-13ubuntu6.1 [29.9 kB]
Get:22 http://archive.ubuntu.com/ubuntu noble-updates/main amd64 libavahi-common3 amd64 0.8-13ubuntu6.1 [23.4 kB]
Get:23 http://archive.ubuntu.com/ubuntu noble-updates/main amd64 libavahi-client3 amd64 0.8-13ubuntu6.1 [26.8 kB]
Get:24 http://archive.ubuntu.com/ubuntu noble/main amd64 libpixman-1-0 amd64 0.42.2-1build1 [279 kB]
Get:25 http://archive.ubuntu.com/ubuntu noble/main amd64 libxcb-render0 amd64 1.15-1ubuntu2 [16.2 kB]
Get:26 http://archive.ubuntu.com/ubuntu noble/main amd64 libcairo2 amd64 1.18.0-3build1 [566 kB]
Get:27 http://archive.ubuntu.com/ubuntu noble-updates/main amd64 libcups2t64 amd64 2.4.7-1.2ubuntu7.9 [273 kB]
Get:28 http://archive.ubuntu.com/ubuntu noble/main amd64 libdatrie1 amd64 0.2.13-3build1 [19.0 kB]
Get:29 http://archive.ubuntu.com/ubuntu noble-updates/main amd64 libdrm-amdgpu1 amd64 2.4.125-1ubuntu0.1~24.04.1 [21.4 kB]
Get:30 http://archive.ubuntu.com/ubuntu noble-updates/main amd64 libdrm-intel1 amd64 2.4.125-1ubuntu0.1~24.04.1 [63.8 kB]
Get:31 http://archive.ubuntu.com/ubuntu noble-updates/main amd64 libgl1-mesa-dri amd64 25.2.8-0ubuntu0.24.04.1 [37.9 kB]
Get:32 http://archive.ubuntu.com/ubuntu noble-updates/main amd64 libglx-mesa0 amd64 25.2.8-0ubuntu0.24.04.1 [110 kB]
Get:33 http://archive.ubuntu.com/ubuntu noble-updates/main amd64 libegl-mesa0 amd64 25.2.8-0ubuntu0.24.04.1 [117 kB]
Get:34 http://archive.ubuntu.com/ubuntu noble-updates/main amd64 libgbm1 amd64 25.2.8-0ubuntu0.24.04.1 [34.2 kB]
Get:35 http://archive.ubuntu.com/ubuntu noble-updates/main amd64 mesa-libgallium amd64 25.2.8-0ubuntu0.24.04.1 [10.8 MB]
Get:36 http://archive.ubuntu.com/ubuntu noble/main amd64 libfontenc1 amd64 1:1.1.8-1build1 [14.0 kB]
Get:37 http://archive.ubuntu.com/ubuntu noble/main amd64 libgraphite2-3 amd64 1.3.14-2build1 [73.0 kB]
Get:38 http://archive.ubuntu.com/ubuntu noble/main amd64 libharfbuzz0b amd64 8.3.0-2build2 [469 kB]
Get:39 http://archive.ubuntu.com/ubuntu noble/main amd64 libnspr4 amd64 2:4.35-1.1build1 [117 kB]
Get:40 http://archive.ubuntu.com/ubuntu noble/main amd64 libnss3 amd64 2:3.98-1build1 [1445 kB]
Get:41 http://archive.ubuntu.com/ubuntu noble/main amd64 libthai-data all 0.1.29-2build1 [158 kB]
Get:42 http://archive.ubuntu.com/ubuntu noble/main amd64 libthai0 amd64 0.1.29-2build1 [18.9 kB]
Get:43 http://archive.ubuntu.com/ubuntu noble/main amd64 libpango-1.0-0 amd64 1.52.1+ds-1build1 [231 kB]
Get:44 http://archive.ubuntu.com/ubuntu noble-updates/main amd64 libunwind8 amd64 1.6.2-3build1.1 [55.3 kB]
Get:45 http://archive.ubuntu.com/ubuntu noble/main amd64 libxdamage1 amd64 1:1.1.6-1build1 [6150 B]
Get:46 http://archive.ubuntu.com/ubuntu noble/main amd64 libxfont2 amd64 1:2.0.6-1build1 [93.0 kB]
Get:47 http://archive.ubuntu.com/ubuntu noble-updates/main amd64 mesa-vulkan-drivers amd64 25.2.8-0ubuntu0.24.04.1 [17.5 MB]
Get:48 http://archive.ubuntu.com/ubuntu noble/main amd64 x11-xkb-utils amd64 7.7+8build2 [170 kB]
Get:49 http://archive.ubuntu.com/ubuntu noble/main amd64 xfonts-encodings all 1:1.0.5-0ubuntu2 [578 kB]
Get:50 http://archive.ubuntu.com/ubuntu noble/main amd64 xfonts-utils amd64 1:7.7+6build3 [94.4 kB]
Get:51 http://archive.ubuntu.com/ubuntu noble/universe amd64 xfonts-cyrillic all 1:1.0.5+nmu1 [384 kB]
Get:52 http://archive.ubuntu.com/ubuntu noble/main amd64 xfonts-scalable all 1:1.0.3-1.3 [304 kB]
Get:53 http://archive.ubuntu.com/ubuntu noble-updates/main amd64 xserver-common all 2:21.1.12-1ubuntu1.5 [34.6 kB]
Get:54 http://archive.ubuntu.com/ubuntu noble-updates/universe amd64 xvfb amd64 2:21.1.12-1ubuntu1.5 [877 kB]
debconf: delaying package configuration, since apt-utils is not installed
Fetched 67.5 MB in 4s (15.4 MB/s)
Selecting previously unselected package fonts-ipafont-gothic.
(Reading database ... 50881 files and directories currently installed.)
Preparing to unpack .../00-fonts-ipafont-gothic_00303-21ubuntu1_all.deb ...
Unpacking fonts-ipafont-gothic (00303-21ubuntu1) ...
Selecting previously unselected package libfribidi0:amd64.
Preparing to unpack .../01-libfribidi0_1.0.13-3build1_amd64.deb ...
Unpacking libfribidi0:amd64 (1.0.13-3build1) ...
Selecting previously unselected package xkb-data.
Preparing to unpack .../02-xkb-data_2.41-2ubuntu1.1_all.deb ...
Unpacking xkb-data (2.41-2ubuntu1.1) ...
Preparing to unpack .../03-libdrm-common_2.4.125-1ubuntu0.1~24.04.1_all.deb ...
Unpacking libdrm-common (2.4.125-1ubuntu0.1~24.04.1) over (2.4.122-1~ubuntu0.24.04.2) ...
Preparing to unpack .../04-libdrm2_2.4.125-1ubuntu0.1~24.04.1_amd64.deb ...
Unpacking libdrm2:amd64 (2.4.125-1ubuntu0.1~24.04.1) over (2.4.122-1~ubuntu0.24.04.2) ...
Selecting previously unselected package libxkbcommon0:amd64.
Preparing to unpack .../05-libxkbcommon0_1.6.0-1build1_amd64.deb ...
Unpacking libxkbcommon0:amd64 (1.6.0-1build1) ...
Selecting previously unselected package xauth.
Preparing to unpack .../06-xauth_1%3a1.1.2-1build1_amd64.deb ...
Unpacking xauth (1:1.1.2-1build1) ...
Selecting previously unselected package at-spi2-common.
Preparing to unpack .../07-at-spi2-common_2.52.0-1build1_all.deb ...
Unpacking at-spi2-common (2.52.0-1build1) ...
Selecting previously unselected package fontconfig.
Preparing to unpack .../08-fontconfig_2.15.0-1.1ubuntu2_amd64.deb ...
Unpacking fontconfig (2.15.0-1.1ubuntu2) ...
Selecting previously unselected package fonts-freefont-ttf.
Preparing to unpack .../09-fonts-freefont-ttf_20211204+svn4273-2_all.deb ...
Unpacking fonts-freefont-ttf (20211204+svn4273-2) ...
Selecting previously unselected package fonts-liberation.
Preparing to unpack .../10-fonts-liberation_1%3a2.1.5-3_all.deb ...
Unpacking fonts-liberation (1:2.1.5-3) ...
Selecting previously unselected package fonts-noto-color-emoji.
Preparing to unpack .../11-fonts-noto-color-emoji_2.047-0ubuntu0.24.04.1_all.deb ...
Unpacking fonts-noto-color-emoji (2.047-0ubuntu0.24.04.1) ...
Selecting previously unselected package fonts-tlwg-loma-otf.
Preparing to unpack .../12-fonts-tlwg-loma-otf_1%3a0.7.3-1_all.deb ...
Unpacking fonts-tlwg-loma-otf (1:0.7.3-1) ...
Selecting previously unselected package fonts-unifont.
Preparing to unpack .../13-fonts-unifont_1%3a15.1.01-1build1_all.deb ...
Unpacking fonts-unifont (1:15.1.01-1build1) ...
Selecting previously unselected package fonts-wqy-zenhei.
Preparing to unpack .../14-fonts-wqy-zenhei_0.9.45-8_all.deb ...
Unpacking fonts-wqy-zenhei (0.9.45-8) ...
Selecting previously unselected package libasound2-data.
Preparing to unpack .../15-libasound2-data_1.2.11-1ubuntu0.1_all.deb ...
Unpacking libasound2-data (1.2.11-1ubuntu0.1) ...
Selecting previously unselected package libasound2t64:amd64.
Preparing to unpack .../16-libasound2t64_1.2.11-1ubuntu0.1_amd64.deb ...
Unpacking libasound2t64:amd64 (1.2.11-1ubuntu0.1) ...
Selecting previously unselected package libatk1.0-0t64:amd64.
Preparing to unpack .../17-libatk1.0-0t64_2.52.0-1build1_amd64.deb ...
Unpacking libatk1.0-0t64:amd64 (2.52.0-1build1) ...
Selecting previously unselected package libatspi2.0-0t64:amd64.
Preparing to unpack .../18-libatspi2.0-0t64_2.52.0-1build1_amd64.deb ...
Unpacking libatspi2.0-0t64:amd64 (2.52.0-1build1) ...
Selecting previously unselected package libatk-bridge2.0-0t64:amd64.
Preparing to unpack .../19-libatk-bridge2.0-0t64_2.52.0-1build1_amd64.deb ...
Unpacking libatk-bridge2.0-0t64:amd64 (2.52.0-1build1) ...
Selecting previously unselected package libavahi-common-data:amd64.
Preparing to unpack .../20-libavahi-common-data_0.8-13ubuntu6.1_amd64.deb ...
Unpacking libavahi-common-data:amd64 (0.8-13ubuntu6.1) ...
Selecting previously unselected package libavahi-common3:amd64.
Preparing to unpack .../21-libavahi-common3_0.8-13ubuntu6.1_amd64.deb ...
Unpacking libavahi-common3:amd64 (0.8-13ubuntu6.1) ...
Selecting previously unselected package libavahi-client3:amd64.
Preparing to unpack .../22-libavahi-client3_0.8-13ubuntu6.1_amd64.deb ...
Unpacking libavahi-client3:amd64 (0.8-13ubuntu6.1) ...
Selecting previously unselected package libpixman-1-0:amd64.
Preparing to unpack .../23-libpixman-1-0_0.42.2-1build1_amd64.deb ...
Unpacking libpixman-1-0:amd64 (0.42.2-1build1) ...
Selecting previously unselected package libxcb-render0:amd64.
Preparing to unpack .../24-libxcb-render0_1.15-1ubuntu2_amd64.deb ...
Unpacking libxcb-render0:amd64 (1.15-1ubuntu2) ...
Selecting previously unselected package libcairo2:amd64.
Preparing to unpack .../25-libcairo2_1.18.0-3build1_amd64.deb ...
Unpacking libcairo2:amd64 (1.18.0-3build1) ...
Selecting previously unselected package libcups2t64:amd64.
Preparing to unpack .../26-libcups2t64_2.4.7-1.2ubuntu7.9_amd64.deb ...
Unpacking libcups2t64:amd64 (2.4.7-1.2ubuntu7.9) ...
Selecting previously unselected package libdatrie1:amd64.
Preparing to unpack .../27-libdatrie1_0.2.13-3build1_amd64.deb ...
Unpacking libdatrie1:amd64 (0.2.13-3build1) ...
Preparing to unpack .../28-libdrm-amdgpu1_2.4.125-1ubuntu0.1~24.04.1_amd64.deb ...
Unpacking libdrm-amdgpu1:amd64 (2.4.125-1ubuntu0.1~24.04.1) over (2.4.122-1~ubuntu0.24.04.2) ...
Preparing to unpack .../29-libdrm-intel1_2.4.125-1ubuntu0.1~24.04.1_amd64.deb ...
Unpacking libdrm-intel1:amd64 (2.4.125-1ubuntu0.1~24.04.1) over (2.4.122-1~ubuntu0.24.04.2) ...
Preparing to unpack .../30-libgl1-mesa-dri_25.2.8-0ubuntu0.24.04.1_amd64.deb ...
Unpacking libgl1-mesa-dri:amd64 (25.2.8-0ubuntu0.24.04.1) over (25.0.7-0ubuntu0.24.04.2) ...
Preparing to unpack .../31-libglx-mesa0_25.2.8-0ubuntu0.24.04.1_amd64.deb ...
Unpacking libglx-mesa0:amd64 (25.2.8-0ubuntu0.24.04.1) over (25.0.7-0ubuntu0.24.04.2) ...
Preparing to unpack .../32-libegl-mesa0_25.2.8-0ubuntu0.24.04.1_amd64.deb ...
Unpacking libegl-mesa0:amd64 (25.2.8-0ubuntu0.24.04.1) over (25.0.7-0ubuntu0.24.04.2) ...
Preparing to unpack .../33-libgbm1_25.2.8-0ubuntu0.24.04.1_amd64.deb ...
Unpacking libgbm1:amd64 (25.2.8-0ubuntu0.24.04.1) over (25.0.7-0ubuntu0.24.04.2) ...
Preparing to unpack .../34-mesa-libgallium_25.2.8-0ubuntu0.24.04.1_amd64.deb ...
Unpacking mesa-libgallium:amd64 (25.2.8-0ubuntu0.24.04.1) over (25.0.7-0ubuntu0.24.04.2) ...
Selecting previously unselected package libfontenc1:amd64.
Preparing to unpack .../35-libfontenc1_1%3a1.1.8-1build1_amd64.deb ...
Unpacking libfontenc1:amd64 (1:1.1.8-1build1) ...
Selecting previously unselected package libgraphite2-3:amd64.
Preparing to unpack .../36-libgraphite2-3_1.3.14-2build1_amd64.deb ...
Unpacking libgraphite2-3:amd64 (1.3.14-2build1) ...
Selecting previously unselected package libharfbuzz0b:amd64.
Preparing to unpack .../37-libharfbuzz0b_8.3.0-2build2_amd64.deb ...
Unpacking libharfbuzz0b:amd64 (8.3.0-2build2) ...
Selecting previously unselected package libnspr4:amd64.
Preparing to unpack .../38-libnspr4_2%3a4.35-1.1build1_amd64.deb ...
Unpacking libnspr4:amd64 (2:4.35-1.1build1) ...
Selecting previously unselected package libnss3:amd64.
Preparing to unpack .../39-libnss3_2%3a3.98-1build1_amd64.deb ...
Unpacking libnss3:amd64 (2:3.98-1build1) ...
Selecting previously unselected package libthai-data.
Preparing to unpack .../40-libthai-data_0.1.29-2build1_all.deb ...
Unpacking libthai-data (0.1.29-2build1) ...
Selecting previously unselected package libthai0:amd64.
Preparing to unpack .../41-libthai0_0.1.29-2build1_amd64.deb ...
Unpacking libthai0:amd64 (0.1.29-2build1) ...
Selecting previously unselected package libpango-1.0-0:amd64.
Preparing to unpack .../42-libpango-1.0-0_1.52.1+ds-1build1_amd64.deb ...
Unpacking libpango-1.0-0:amd64 (1.52.1+ds-1build1) ...
Selecting previously unselected package libunwind8:amd64.
Preparing to unpack .../43-libunwind8_1.6.2-3build1.1_amd64.deb ...
Unpacking libunwind8:amd64 (1.6.2-3build1.1) ...
Selecting previously unselected package libxdamage1:amd64.
Preparing to unpack .../44-libxdamage1_1%3a1.1.6-1build1_amd64.deb ...
Unpacking libxdamage1:amd64 (1:1.1.6-1build1) ...
Selecting previously unselected package libxfont2:amd64.
Preparing to unpack .../45-libxfont2_1%3a2.0.6-1build1_amd64.deb ...
Unpacking libxfont2:amd64 (1:2.0.6-1build1) ...
Preparing to unpack .../46-mesa-vulkan-drivers_25.2.8-0ubuntu0.24.04.1_amd64.deb ...
Unpacking mesa-vulkan-drivers:amd64 (25.2.8-0ubuntu0.24.04.1) over (25.0.7-0ubuntu0.24.04.2) ...
Selecting previously unselected package x11-xkb-utils.
Preparing to unpack .../47-x11-xkb-utils_7.7+8build2_amd64.deb ...
Unpacking x11-xkb-utils (7.7+8build2) ...
Selecting previously unselected package xfonts-encodings.
Preparing to unpack .../48-xfonts-encodings_1%3a1.0.5-0ubuntu2_all.deb ...
Unpacking xfonts-encodings (1:1.0.5-0ubuntu2) ...
Selecting previously unselected package xfonts-utils.
Preparing to unpack .../49-xfonts-utils_1%3a7.7+6build3_amd64.deb ...
Unpacking xfonts-utils (1:7.7+6build3) ...
Selecting previously unselected package xfonts-cyrillic.
Preparing to unpack .../50-xfonts-cyrillic_1%3a1.0.5+nmu1_all.deb ...
Unpacking xfonts-cyrillic (1:1.0.5+nmu1) ...
Selecting previously unselected package xfonts-scalable.
Preparing to unpack .../51-xfonts-scalable_1%3a1.0.3-1.3_all.deb ...
Unpacking xfonts-scalable (1:1.0.3-1.3) ...
Selecting previously unselected package xserver-common.
Preparing to unpack .../52-xserver-common_2%3a21.1.12-1ubuntu1.5_all.deb ...
Unpacking xserver-common (2:21.1.12-1ubuntu1.5) ...
Selecting previously unselected package xvfb.
Preparing to unpack .../53-xvfb_2%3a21.1.12-1ubuntu1.5_amd64.deb ...
Unpacking xvfb (2:21.1.12-1ubuntu1.5) ...
Setting up libgraphite2-3:amd64 (1.3.14-2build1) ...
Setting up libpixman-1-0:amd64 (0.42.2-1build1) ...
Setting up fontconfig (2.15.0-1.1ubuntu2) ...
Regenerating fonts cache... done.
Setting up libxdamage1:amd64 (1:1.1.6-1build1) ...
Setting up libdatrie1:amd64 (0.2.13-3build1) ...
Setting up fonts-noto-color-emoji (2.047-0ubuntu0.24.04.1) ...
Setting up libxcb-render0:amd64 (1.15-1ubuntu2) ...
Setting up x11-xkb-utils (7.7+8build2) ...
Setting up fonts-wqy-zenhei (0.9.45-8) ...
Setting up fonts-freefont-ttf (20211204+svn4273-2) ...
Setting up xkb-data (2.41-2ubuntu1.1) ...
Setting up libunwind8:amd64 (1.6.2-3build1.1) ...
Setting up libcairo2:amd64 (1.18.0-3build1) ...
Setting up libasound2-data (1.2.11-1ubuntu0.1) ...
Setting up libfontenc1:amd64 (1:1.1.8-1build1) ...
Setting up libasound2t64:amd64 (1.2.11-1ubuntu0.1) ...
Setting up fonts-tlwg-loma-otf (1:0.7.3-1) ...
Setting up libnspr4:amd64 (2:4.35-1.1build1) ...
Setting up libavahi-common-data:amd64 (0.8-13ubuntu6.1) ...
Setting up libatspi2.0-0t64:amd64 (2.52.0-1build1) ...
Setting up xfonts-encodings (1:1.0.5-0ubuntu2) ...
Setting up libfribidi0:amd64 (1.0.13-3build1) ...
Setting up fonts-ipafont-gothic (00303-21ubuntu1) ...
update-alternatives: using /usr/share/fonts/opentype/ipafont-gothic/ipag.ttf to provide /usr/share/fonts/truetype/fonts-japanese-gothic.ttf (fonts-japanese-gothic.ttf) in auto mode
Setting up xauth (1:1.1.2-1build1) ...
Setting up at-spi2-common (2.52.0-1build1) ...
Setting up fonts-liberation (1:2.1.5-3) ...
Setting up libharfbuzz0b:amd64 (8.3.0-2build2) ...
Setting up libthai-data (0.1.29-2build1) ...
Setting up xserver-common (2:21.1.12-1ubuntu1.5) ...
Setting up libdrm-common (2.4.125-1ubuntu0.1~24.04.1) ...
Setting up libxfont2:amd64 (1:2.0.6-1build1) ...
Setting up fonts-unifont (1:15.1.01-1build1) ...
Setting up libxkbcommon0:amd64 (1.6.0-1build1) ...
Setting up libatk1.0-0t64:amd64 (2.52.0-1build1) ...
Setting up xvfb (2:21.1.12-1ubuntu1.5) ...
Setting up libavahi-common3:amd64 (0.8-13ubuntu6.1) ...
Setting up libnss3:amd64 (2:3.98-1build1) ...
Setting up xfonts-utils (1:7.7+6build3) ...
Setting up libthai0:amd64 (0.1.29-2build1) ...
Setting up libdrm2:amd64 (2.4.125-1ubuntu0.1~24.04.1) ...
Setting up xfonts-cyrillic (1:1.0.5+nmu1) ...
Setting up libavahi-client3:amd64 (0.8-13ubuntu6.1) ...
Setting up xfonts-scalable (1:1.0.3-1.3) ...
Setting up libdrm-amdgpu1:amd64 (2.4.125-1ubuntu0.1~24.04.1) ...
Setting up libatk-bridge2.0-0t64:amd64 (2.52.0-1build1) ...
Setting up mesa-vulkan-drivers:amd64 (25.2.8-0ubuntu0.24.04.1) ...
Setting up libpango-1.0-0:amd64 (1.52.1+ds-1build1) ...
Setting up libdrm-intel1:amd64 (2.4.125-1ubuntu0.1~24.04.1) ...
Setting up libcups2t64:amd64 (2.4.7-1.2ubuntu7.9) ...
Setting up mesa-libgallium:amd64 (25.2.8-0ubuntu0.24.04.1) ...
Setting up libgbm1:amd64 (25.2.8-0ubuntu0.24.04.1) ...
Setting up libgl1-mesa-dri:amd64 (25.2.8-0ubuntu0.24.04.1) ...
Setting up libegl-mesa0:amd64 (25.2.8-0ubuntu0.24.04.1) ...
Setting up libglx-mesa0:amd64 (25.2.8-0ubuntu0.24.04.1) ...
Processing triggers for libc-bin (2.39-0ubuntu8.6) ...
Downloading Chromium 143.0.7499.4 (playwright build v1200) from https://cdn.playwright.dev/dbazure/download/playwright/builds/chromium/1200/chromium-linux.zip
(node:812) [DEP0169] DeprecationWarning: `url.parse()` behavior is not standardized and prone to errors that have security implications. Use the WHATWG URL API instead. CVEs are not issued for `url.parse()` vulnerabilities.
(Use `node --trace-deprecation ...` to show where the warning was created)
|                                                                                |   0% of 164.7 MiB
|■■■■■■■■                                                                        |  10% of 164.7 MiB
|■■■■■■■■■■■■■■■■                                                                |  20% of 164.7 MiB
|■■■■■■■■■■■■■■■■■■■■■■■■                                                        |  30% of 164.7 MiB
|■■■■■■■■■■■■■■■■■■■■■■■■■■■■■■■■                                                |  40% of 164.7 MiB
|■■■■■■■■■■■■■■■■■■■■■■■■■■■■■■■■■■■■■■■■                                        |  50% of 164.7 MiB
|■■■■■■■■■■■■■■■■■■■■■■■■■■■■■■■■■■■■■■■■■■■■■■■■                                |  60% of 164.7 MiB
|■■■■■■■■■■■■■■■■■■■■■■■■■■■■■■■■■■■■■■■■■■■■■■■■■■■■■■■■                        |  70% of 164.7 MiB
|■■■■■■■■■■■■■■■■■■■■■■■■■■■■■■■■■■■■■■■■■■■■■■■■■■■■■■■■■■■■■■■■                |  80% of 164.7 MiB
|■■■■■■■■■■■■■■■■■■■■■■■■■■■■■■■■■■■■■■■■■■■■■■■■■■■■■■■■■■■■■■■■■■■■■■■■        |  90% of 164.7 MiB
|■■■■■■■■■■■■■■■■■■■■■■■■■■■■■■■■■■■■■■■■■■■■■■■■■■■■■■■■■■■■■■■■■■■■■■■■■■■■■■■■| 100% of 164.7 MiB
Chromium 143.0.7499.4 (playwright build v1200) downloaded to /root/.cache/ms-playwright/chromium-1200
Downloading FFMPEG playwright build v1011 from https://cdn.playwright.dev/dbazure/download/playwright/builds/ffmpeg/1011/ffmpeg-linux.zip
(node:824) [DEP0169] DeprecationWarning: `url.parse()` behavior is not standardized and prone to errors that have security implications. Use the WHATWG URL API instead. CVEs are not issued for `url.parse()` vulnerabilities.
(Use `node --trace-deprecation ...` to show where the warning was created)
|                                                                                |   0% of 2.3 MiB
|■■■■■■■■                                                                        |  10% of 2.3 MiB
|■■■■■■■■■■■■■■■■                                                                |  20% of 2.3 MiB
|■■■■■■■■■■■■■■■■■■■■■■■■                                                        |  30% of 2.3 MiB
|■■■■■■■■■■■■■■■■■■■■■■■■■■■■■■■■                                                |  40% of 2.3 MiB
|■■■■■■■■■■■■■■■■■■■■■■■■■■■■■■■■■■■■■■■■                                        |  50% of 2.3 MiB
|■■■■■■■■■■■■■■■■■■■■■■■■■■■■■■■■■■■■■■■■■■■■■■■■                                |  60% of 2.3 MiB
|■■■■■■■■■■■■■■■■■■■■■■■■■■■■■■■■■■■■■■■■■■■■■■■■■■■■■■■■                        |  70% of 2.3 MiB
|■■■■■■■■■■■■■■■■■■■■■■■■■■■■■■■■■■■■■■■■■■■■■■■■■■■■■■■■■■■■■■■■                |  80% of 2.3 MiB
|■■■■■■■■■■■■■■■■■■■■■■■■■■■■■■■■■■■■■■■■■■■■■■■■■■■■■■■■■■■■■■■■■■■■■■■■        |  90% of 2.3 MiB
|■■■■■■■■■■■■■■■■■■■■■■■■■■■■■■■■■■■■■■■■■■■■■■■■■■■■■■■■■■■■■■■■■■■■■■■■■■■■■■■■| 100% of 2.3 MiB
FFMPEG playwright build v1011 downloaded to /root/.cache/ms-playwright/ffmpeg-1011
Downloading Chromium Headless Shell 143.0.7499.4 (playwright build v1200) from https://cdn.playwright.dev/dbazure/download/playwright/builds/chromium/1200/chromium-headless-shell-linux.zip
(node:835) [DEP0169] DeprecationWarning: `url.parse()` behavior is not standardized and prone to errors that have security implications. Use the WHATWG URL API instead. CVEs are not issued for `url.parse()` vulnerabilities.
(Use `node --trace-deprecation ...` to show where the warning was created)
|                                                                                |   0% of 109.7 MiB
|■■■■■■■■                                                                        |  10% of 109.7 MiB
|■■■■■■■■■■■■■■■■                                                                |  20% of 109.7 MiB
|■■■■■■■■■■■■■■■■■■■■■■■■                                                        |  30% of 109.7 MiB
|■■■■■■■■■■■■■■■■■■■■■■■■■■■■■■■■                                                |  40% of 109.7 MiB
|■■■■■■■■■■■■■■■■■■■■■■■■■■■■■■■■■■■■■■■■                                        |  50% of 109.7 MiB
|■■■■■■■■■■■■■■■■■■■■■■■■■■■■■■■■■■■■■■■■■■■■■■■■                                |  60% of 109.7 MiB
|■■■■■■■■■■■■■■■■■■■■■■■■■■■■■■■■■■■■■■■■■■■■■■■■■■■■■■■■                        |  70% of 109.7 MiB
|■■■■■■■■■■■■■■■■■■■■■■■■■■■■■■■■■■■■■■■■■■■■■■■■■■■■■■■■■■■■■■■■                |  80% of 109.7 MiB
|■■■■■■■■■■■■■■■■■■■■■■■■■■■■■■■■■■■■■■■■■■■■■■■■■■■■■■■■■■■■■■■■■■■■■■■■        |  90% of 109.7 MiB
|■■■■■■■■■■■■■■■■■■■■■■■■■■■■■■■■■■■■■■■■■■■■■■■■■■■■■■■■■■■■■■■■■■■■■■■■■■■■■■■■| 100% of 109.7 MiB
Chromium Headless Shell 143.0.7499.4 (playwright build v1200) downloaded to /root/.cache/ms-playwright/chromium_headless_shell-1200
--> 4fc1864a4574
STEP 15/18: WORKDIR /src/MyBlog.E2E
--> 5e881e3dbce8
STEP 16/18: ENV MYBLOG_BASE_URL=http://myblog-web:5000
--> e664bf66141a
STEP 17/18: ENV PLAYWRIGHT_HEADLESS=true
--> 4baeeb263ed7
STEP 18/18: ENTRYPOINT ["dotnet", "run", "-c", "Release", "--no-build"]
COMMIT myblog_myblog-e2e
--> 6dc5c12964e0
Successfully tagged localhost/myblog_myblog-e2e:latest
6dc5c12964e089e9cba98b7d5b48f934337c6d912c2de4eaded22cbc7850384f
[INFO] Starting MyBlog web service...
46d03abbdfcb49b04d6a8cb4c40eb373cdf0e2676e10234a48d057d317298542
25cea7a34590865c651e69d41eb1d521b876e25bc673b08fb3598884e7a2baa4
myblog-web
[INFO] Waiting for MyBlog to be ready...
.
[INFO] MyBlog is ready!
[INFO] Running E2E tests...
176c7320d5fbfba33c2f7891f4af4e50e509015876bac0612c8f043288cfb1c8
[myblog-web] | cannot open `/run/user/1000/crun/25cea7a34590865c651e69d41eb1d521b876e25bc673b08fb3598884e7a2baa4/exec.fifo`: No such file or directory
[myblog-web] | Error: unable to start container 25cea7a34590865c651e69d41eb1d521b876e25bc673b08fb3598884e7a2baa4: `/usr/bin/crun start 25cea7a34590865c651e69d41eb1d521b876e25bc673b08fb3598884e7a2baa4` failed: exit status 1
[myblog-e2e] | xUnit.net v3 In-Process Runner v3.2.2+728c1dce01 (64-bit .NET 10.0.2)
[myblog-e2e] |   Discovering: MyBlog.E2E
[myblog-e2e] |   Discovered:  MyBlog.E2E
[myblog-e2e] |   Starting:    MyBlog.E2E
[myblog-e2e] |   Finished:    MyBlog.E2E (ID = '4d488734a9156ea8719a93bca3e9cb47dfeac4715a7981582060bf185a1e7bf4')
[myblog-e2e] | === TEST EXECUTION SUMMARY ===
[myblog-e2e] |    MyBlog.E2E  Total: 78, Errors: 0, Failed: 0, Skipped: 0, Not Run: 0, Time: 25.025s
[myblog-e2e] | 
[INFO] Capturing logs...
[INFO] Cleaning up...
myblog-e2e
myblog-web
myblog-e2e
myblog-web
myblog_myblog-data
46d03abbdfcb49b04d6a8cb4c40eb373cdf0e2676e10234a48d057d317298542
myblog_myblog-network
[INFO] E2E tests passed! ✓

real	1m20.752s
user	0m36.706s
sys	0m21.640s
kushal@fedora:~/src/dotnet/MyBlog$ cd ~/src/dotnet/MyBlog/ && export DOTNET_CLI_TELEMETRY_OPTOUT=1 && (cd src && time dotnet format; time dotnet restore; time dotnet clean; time dotnet build; time dotnet run --project MyBlog.Tests/MyBlog.Tests.csproj; time dotnet list package; time dotnet list package --outdated); cd ~/src/dotnet/MyBlog/ && time bash export.sh; cat run-e2e.sh; time bash run-e2e.sh --clean; time bash run-e2e.sh;

real	0m9.668s
user	0m17.492s
sys	0m1.140s
Restore complete (0.5s)

Build succeeded in 0.6s

real	0m0.782s
user	0m0.868s
sys	0m0.166s

Build succeeded in 0.6s

real	0m0.738s
user	0m0.830s
sys	0m0.182s
Restore complete (0.5s)
  MyBlog.Core net10.0 succeeded (3.3s) → MyBlog.Core/bin/Debug/net10.0/MyBlog.Core.dll
  MyBlog.Infrastructure net10.0 succeeded (0.5s) → MyBlog.Infrastructure/bin/Debug/net10.0/MyBlog.Infrastructure.dll
  MyBlog.Web net10.0 succeeded (2.7s) → MyBlog.Web/bin/Debug/net10.0/MyBlog.Web.dll
  MyBlog.E2E net10.0 succeeded (0.8s) → MyBlog.E2E/bin/Debug/net10.0/MyBlog.E2E.dll
  MyBlog.Tests net10.0 succeeded (0.8s) → MyBlog.Tests/bin/Debug/net10.0/MyBlog.Tests.dll

Build succeeded in 8.0s

real	0m8.149s
user	0m2.773s
sys	0m0.499s
xUnit.net v3 In-Process Runner v3.2.2+728c1dce01 (64-bit .NET 10.0.2)
  Discovering: MyBlog.Tests
  Discovered:  MyBlog.Tests
  Starting:    MyBlog.Tests
  Finished:    MyBlog.Tests (ID = '24cedafe73dab5684218bb3cf04cfd49ae8ce3b87ae799399cb2e301cbc1e755')
=== TEST EXECUTION SUMMARY ===
   MyBlog.Tests  Total: 182, Errors: 0, Failed: 0, Skipped: 0, Not Run: 0, Time: 42.561s

real	0m44.665s
user	0m48.217s
sys	0m0.831s
Restore complete (0.5s)

Build succeeded in 0.6s
Project 'MyBlog.Core' has the following package references
   [net10.0]: 
   Top-level Package                   Requested   Resolved
   > Microsoft.Extensions.Logging      10.0.2      10.0.2  

Project 'MyBlog.E2E' has the following package references
   [net10.0]: 
   Top-level Package             Requested   Resolved
   > Microsoft.NET.Test.Sdk      18.0.1      18.0.1  
   > Microsoft.Playwright        1.57.0      1.57.0  
   > xunit.v3                    3.2.2       3.2.2   

Project 'MyBlog.Infrastructure' has the following package references
   [net10.0]: 
   Top-level Package                           Requested   Resolved
   > Microsoft.AspNetCore.Identity             2.3.9       2.3.9   
   > Microsoft.EntityFrameworkCore.Sqlite      10.0.2      10.0.2  
   > Microsoft.Extensions.Http                 10.0.2      10.0.2  
   > OpenTelemetry                             1.15.0      1.15.0  

Project 'MyBlog.Tests' has the following package references
   [net10.0]: 
   Top-level Package                             Requested   Resolved
   > Microsoft.EntityFrameworkCore.Sqlite        10.0.2      10.0.2  
   > Microsoft.NET.Test.Sdk                      18.0.1      18.0.1  
   > Microsoft.Testing.Extensions.TrxReport      2.0.2       2.0.2   
   > xunit.v3                                    3.2.2       3.2.2   

Project 'MyBlog.Web' has the following package references
   [net10.0]: 
   Top-level Package                                  Requested    Resolved
   > Microsoft.AspNetCore.App.Internal.Assets   (A)   [10.0.2, )   10.0.2  
   > Microsoft.AspNetCore.SignalR.Client              10.0.2       10.0.2  
   > OpenTelemetry.Exporter.Console                   1.15.0       1.15.0  
   > OpenTelemetry.Extensions.Hosting                 1.15.0       1.15.0  
   > OpenTelemetry.Instrumentation.AspNetCore         1.15.0       1.15.0  
   > OpenTelemetry.Instrumentation.Http               1.15.0       1.15.0  

(A) : Auto-referenced package.

real	0m1.813s
user	0m1.861s
sys	0m0.424s
Restore complete (0.5s)

Build succeeded in 0.6s

The following sources were used:
   https://api.nuget.org/v3/index.json

The given project `MyBlog.Core` has no updates given the current sources.
The given project `MyBlog.E2E` has no updates given the current sources.
The given project `MyBlog.Infrastructure` has no updates given the current sources.
The given project `MyBlog.Tests` has no updates given the current sources.
The given project `MyBlog.Web` has no updates given the current sources.

real	0m3.699s
user	0m2.728s
sys	0m0.506s
==============================================
  Project Export for LLM Analysis
==============================================

Project Path: /home/kushal/src/dotnet/MyBlog
Output File:  docs/llm/dump.txt

Generating directory structure...
Collecting files...
Found 126 files to export

Processing (1/126): docker-compose.e2e.yml
Processing (2/126): docker-compose.yml
Processing (3/126): .editorconfig
Processing (4/126): export.sh
Processing (5/126): .github/workflows/build-deploy.yml
Processing (6/126): .gitignore
Processing (7/126): README.md
Processing (8/126): run-e2e.sh
Processing (9/126): src/Directory.Build.props
Processing (10/126): src/Directory.Packages.props
Processing (11/126): src/.github/workflows/build-deploy.yml
Processing (12/126): src/global.json
Processing (13/126): src/MyBlog.Core/Constants/AppConstants.cs
Processing (14/126): src/MyBlog.Core/Interfaces/IAuthService.cs
Processing (15/126): src/MyBlog.Core/Interfaces/IImageDimensionService.cs
Processing (16/126): src/MyBlog.Core/Interfaces/IImageRepository.cs
Processing (17/126): src/MyBlog.Core/Interfaces/IMarkdownService.cs
Processing (18/126): src/MyBlog.Core/Interfaces/IPasswordService.cs
Processing (19/126): src/MyBlog.Core/Interfaces/IPostRepository.cs
Processing (20/126): src/MyBlog.Core/Interfaces/IReaderTrackingService.cs
Processing (21/126): src/MyBlog.Core/Interfaces/ISlugService.cs
Processing (22/126): src/MyBlog.Core/Interfaces/ITelemetryLogRepository.cs
Processing (23/126): src/MyBlog.Core/Interfaces/IUserRepository.cs
Processing (24/126): src/MyBlog.Core/Models/Image.cs
Processing (25/126): src/MyBlog.Core/Models/ImageDimensionCache.cs
Processing (26/126): src/MyBlog.Core/Models/Post.cs
Processing (27/126): src/MyBlog.Core/Models/PostDto.cs
Processing (28/126): src/MyBlog.Core/Models/TelemetryLog.cs
Processing (29/126): src/MyBlog.Core/Models/User.cs
Processing (30/126): src/MyBlog.Core/MyBlog.Core.csproj
Processing (31/126): src/MyBlog.Core/Services/MarkdownService.cs
Processing (32/126): src/MyBlog.Core/Services/SlugService.cs
Processing (33/126): src/MyBlog.E2E/Dockerfile
Processing (34/126): src/MyBlog.E2E/MyBlog.E2E.csproj
Processing (35/126): src/MyBlog.E2E/PlaywrightCollection.cs
Processing (36/126): src/MyBlog.E2E/PlaywrightFixture.cs
Processing (37/126): src/MyBlog.E2E/Tests/AboutPageTests.cs
Processing (38/126): src/MyBlog.E2E/Tests/AdminPageTests.cs
Processing (39/126): src/MyBlog.E2E/Tests/AuthenticationTests.cs
Processing (40/126): src/MyBlog.E2E/Tests/HomePageTests.cs
Processing (41/126): src/MyBlog.E2E/Tests/LoginPageTests.cs
Processing (42/126): src/MyBlog.E2E/Tests/NavigationTests.cs
Processing (43/126): src/MyBlog.E2E/Tests/SeoTests.cs
Processing (44/126): src/MyBlog.E2E/Tests/ThemeSwitcherTests.cs
Processing (45/126): src/MyBlog.Infrastructure/Data/BlogDbContext.cs
Processing (46/126): src/MyBlog.Infrastructure/Data/DatabasePathResolver.cs
Processing (47/126): src/MyBlog.Infrastructure/Data/DatabaseSchemaUpdater.cs
Processing (48/126): src/MyBlog.Infrastructure/MyBlog.Infrastructure.csproj
Processing (49/126): src/MyBlog.Infrastructure/Repositories/ImageRepository.cs
Processing (50/126): src/MyBlog.Infrastructure/Repositories/PostRepository.cs
Processing (51/126): src/MyBlog.Infrastructure/Repositories/TelemetryLogRepository.cs
Processing (52/126): src/MyBlog.Infrastructure/Repositories/UserRepository.cs
Processing (53/126): src/MyBlog.Infrastructure/ServiceCollectionExtensions.cs
Processing (54/126): src/MyBlog.Infrastructure/Services/AuthService.cs
Processing (55/126): src/MyBlog.Infrastructure/Services/ImageCacheWarmerService.cs
Processing (56/126): src/MyBlog.Infrastructure/Services/ImageDimensionService.cs
Processing (57/126): src/MyBlog.Infrastructure/Services/PasswordService.cs
Processing (58/126): src/MyBlog.Infrastructure/Services/ReaderTrackingService.cs
Processing (59/126): src/MyBlog.Infrastructure/Services/TelemetryCleanupService.cs
Processing (60/126): src/MyBlog.Infrastructure/Telemetry/DatabaseLogExporter.cs
Processing (61/126): src/MyBlog.Infrastructure/Telemetry/FileLogExporter.cs
Processing (62/126): src/MyBlog.Infrastructure/Telemetry/TelemetryPathResolver.cs
Processing (63/126): src/MyBlog.slnx
Processing (64/126): src/MyBlog.Tests/Integration/AuthServiceLongPasswordTests.cs
Processing (65/126): src/MyBlog.Tests/Integration/AuthServiceTests.cs
Processing (66/126): src/MyBlog.Tests/Integration/ImageRepositoryTests.cs
Processing (67/126): src/MyBlog.Tests/Integration/PasswordChangeTests.cs
Processing (68/126): src/MyBlog.Tests/Integration/PostRepositoryExtendedTests.cs
Processing (69/126): src/MyBlog.Tests/Integration/PostRepositoryTests.cs
Processing (70/126): src/MyBlog.Tests/Integration/TelemetryCleanupTests.cs
Processing (71/126): src/MyBlog.Tests/Integration/TelemetryLogRepositoryTests.cs
Processing (72/126): src/MyBlog.Tests/Integration/UserRepositoryTests.cs
Processing (73/126): src/MyBlog.Tests/MyBlog.Tests.csproj
Processing (74/126): src/MyBlog.Tests/Unit/DatabasePathResolverTests.cs
Processing (75/126): src/MyBlog.Tests/Unit/LoginRateLimitMiddlewareTests.cs
Processing (76/126): src/MyBlog.Tests/Unit/MarkdownServiceEdgeCaseTests.cs
Processing (77/126): src/MyBlog.Tests/Unit/MarkdownServiceTests.cs
Processing (78/126): src/MyBlog.Tests/Unit/PasswordServiceTests.cs
Processing (79/126): src/MyBlog.Tests/Unit/ReaderTrackingServiceTests.cs
Processing (80/126): src/MyBlog.Tests/Unit/SlugServiceTests.cs
Processing (81/126): src/MyBlog.Web/appsettings.Development.json
Processing (82/126): src/MyBlog.Web/appsettings.json
Processing (83/126): src/MyBlog.Web/Components/App.razor
Processing (84/126): src/MyBlog.Web/Components/_Imports.razor
Processing (85/126): src/MyBlog.Web/Components/Layout/MainLayout.razor
Processing (86/126): src/MyBlog.Web/Components/Pages/About.razor
Processing (87/126): src/MyBlog.Web/Components/Pages/About.razor.css
Processing (88/126): src/MyBlog.Web/Components/Pages/AccessDenied.razor
Processing (89/126): src/MyBlog.Web/Components/Pages/Admin/ChangePassword.razor
Processing (90/126): src/MyBlog.Web/Components/Pages/Admin/ChangePassword.razor.css
Processing (91/126): src/MyBlog.Web/Components/Pages/Admin/Dashboard.razor
Processing (92/126): src/MyBlog.Web/Components/Pages/Admin/Dashboard.razor.css
Processing (93/126): src/MyBlog.Web/Components/Pages/Admin/ImageManager.razor
Processing (94/126): src/MyBlog.Web/Components/Pages/Admin/ImageManager.razor.css
Processing (95/126): src/MyBlog.Web/Components/Pages/Admin/PostEditor.razor
Processing (96/126): src/MyBlog.Web/Components/Pages/Admin/PostEditor.razor.css
Processing (97/126): src/MyBlog.Web/Components/Pages/Admin/PostList.razor
Processing (98/126): src/MyBlog.Web/Components/Pages/Admin/UserEditor.razor
Processing (99/126): src/MyBlog.Web/Components/Pages/Admin/UserEditor.razor.css
Processing (100/126): src/MyBlog.Web/Components/Pages/Admin/UserList.razor
Processing (101/126): src/MyBlog.Web/Components/Pages/Admin/UserList.razor.css
Processing (102/126): src/MyBlog.Web/Components/Pages/Home.razor
Processing (103/126): src/MyBlog.Web/Components/Pages/Login.razor
Processing (104/126): src/MyBlog.Web/Components/Pages/Login.razor.css
Processing (105/126): src/MyBlog.Web/Components/Pages/PostDetail.razor
Processing (106/126): src/MyBlog.Web/Components/Pages/PostDetail.razor.css
Processing (107/126): src/MyBlog.Web/Components/Routes.razor
Processing (108/126): src/MyBlog.Web/Components/Shared/Footer.razor
Processing (109/126): src/MyBlog.Web/Components/Shared/Footer.razor.css
Processing (110/126): src/MyBlog.Web/Components/Shared/MarkdownRenderer.razor
Processing (111/126): src/MyBlog.Web/Components/Shared/Pagination.razor
Processing (112/126): src/MyBlog.Web/Components/Shared/PostCard.razor
Processing (113/126): src/MyBlog.Web/Components/Shared/PostCard.razor.css
Processing (114/126): src/MyBlog.Web/Components/Shared/ReaderBadge.razor
Processing (115/126): src/MyBlog.Web/Components/Shared/ReaderBadge.razor.css
Processing (116/126): src/MyBlog.Web/Components/Shared/RedirectToLogin.razor
Processing (117/126): src/MyBlog.Web/Components/Shared/ThemeSwitcher.razor
Processing (118/126): src/MyBlog.Web/Components/Shared/ThemeSwitcher.razor.css
Processing (119/126): src/MyBlog.Web/Dockerfile
Processing (120/126): src/MyBlog.Web/Hubs/ReaderHub.cs
Processing (121/126): src/MyBlog.Web/Middleware/LoginRateLimitMiddleware.cs
Processing (122/126): src/MyBlog.Web/MyBlog.Web.csproj
Processing (123/126): src/MyBlog.Web/Program.cs
Processing (124/126): src/MyBlog.Web/Properties/launchSettings.json
Processing (125/126): src/MyBlog.Web/wwwroot/css/site.css
Processing (126/126): src/MyBlog.Web/wwwroot/js/site.js

==============================================
  Export Complete!
==============================================

Output file:    docs/llm/dump.txt
Files exported: 126
Files skipped:  0
Output size:    522.19 KB

File types included:
  • Source code: .cs, .fs, .vb
  • Blazor/Razor: .razor
  • UI/XAML: .axaml, .xaml, .paml
  • Projects: .csproj, .slnx, .sln, .props, .targets
  • Config: .json, .yaml, .yml, .xml, .config
  • Docs: .md, .txt
  • Scripts: .sh, .ps1, .cmd, .bat
  • Web: .css, .scss, .js, .ts
  • Other: .sql, .resx, Dockerfile, etc.


real	0m1.405s
user	0m0.785s
sys	0m0.862s
#!/bin/bash
# =============================================================================
# Run E2E Tests with Podman Compose
# =============================================================================
# This script runs Playwright E2E tests against MyBlog using containers.
# Designed for Fedora with SELinux and Podman.
#
# Usage:
#   ./run-e2e.sh          # Run all E2E tests
#   ./run-e2e.sh --build  # Force rebuild containers
#   ./run-e2e.sh --clean  # Clean up and remove volumes
# =============================================================================

set -e

SCRIPT_DIR="$(cd "$(dirname "${BASH_SOURCE[0]}")" && pwd)"
cd "$SCRIPT_DIR"

# Colors for output
RED='\033[0;31m'
GREEN='\033[0;32m'
YELLOW='\033[1;33m'
NC='\033[0m' # No Color

log_info() {
    echo -e "${GREEN}[INFO]${NC} $1"
}

log_warn() {
    echo -e "${YELLOW}[WARN]${NC} $1"
}

log_error() {
    echo -e "${RED}[ERROR]${NC} $1"
}

# Parse arguments
BUILD_FLAG=""
CLEAN_FLAG=""

for arg in "$@"; do
    case $arg in
        --build)
            BUILD_FLAG="--build"
            ;;
        --clean)
            CLEAN_FLAG="true"
            ;;
    esac
done

# Clean up if requested
if [ "$CLEAN_FLAG" == "true" ]; then
    log_info "Cleaning up containers and volumes..."
    podman-compose -f docker-compose.e2e.yml down -v --remove-orphans 2>/dev/null || true
    podman system prune -f 2>/dev/null || true
    log_info "Cleanup complete"
    exit 0
fi

# Create test results directory
mkdir -p test-results
# Set SELinux context if on Fedora with SELinux
if command -v chcon &> /dev/null && getenforce 2>/dev/null | grep -q "Enforcing"; then
    log_info "Setting SELinux context for test-results directory..."
    chcon -Rt svirt_sandbox_file_t test-results 2>/dev/null || true
fi

log_info "Starting E2E test environment..."

# Build and start services
log_info "Building containers..."
podman-compose -f docker-compose.e2e.yml build $BUILD_FLAG

log_info "Starting MyBlog web service..."
podman-compose -f docker-compose.e2e.yml up -d myblog-web

# Wait for web service to be healthy
log_info "Waiting for MyBlog to be ready..."
RETRIES=30
until podman exec myblog-web curl -sf http://localhost:5000/ > /dev/null 2>&1; do
    RETRIES=$((RETRIES - 1))
    if [ $RETRIES -eq 0 ]; then
        log_error "MyBlog failed to start within timeout"
        podman-compose -f docker-compose.e2e.yml logs myblog-web
        podman-compose -f docker-compose.e2e.yml down -v
        exit 1
    fi
    echo -n "."
    sleep 2
done
echo ""
log_info "MyBlog is ready!"

# Run E2E tests
log_info "Running E2E tests..."
podman-compose -f docker-compose.e2e.yml up myblog-e2e
E2E_EXIT_CODE=$?

# Capture logs
log_info "Capturing logs..."
podman-compose -f docker-compose.e2e.yml logs myblog-web > test-results/myblog-web.log 2>&1
podman-compose -f docker-compose.e2e.yml logs myblog-e2e > test-results/myblog-e2e.log 2>&1

# Clean up
log_info "Cleaning up..."
podman-compose -f docker-compose.e2e.yml down -v

if [ $E2E_EXIT_CODE -eq 0 ]; then
    log_info "E2E tests passed! ✓"
else
    log_error "E2E tests failed with exit code $E2E_EXIT_CODE"
    log_info "Check test-results/ directory for logs"
fi

exit $E2E_EXIT_CODE
[INFO] Cleaning up containers and volumes...
Deleted Images
21a3d17b6c7fb7ac6bc43ddcd8998f9cfe3c26cff808f7b1b577d8e88598c26d
7ef392d09f772605acff3c518257254b7a9a29a19fac7ef9aee5e5a2714f0b55
2d9474eca798a27cd8d4b3e651bdf5b9fe5f2423aee82c81ed83657a2a3e96f8
e3e90e871a8adb3ebfa0a016807a48f3d668cfaa13f96db9ce31a579a851f7bd
e9f2954467ea4d841616346c09d9308e53ae9a4d452459d4482da6a5059d2789
e6a15da47e708602526fc450e14eab8153c658e134fb17ab0b1f7d4c27fcfe51
3670c0782d025bfe5da777a338eab6d88f1ef2b6c601f0bf4d9b9d142b9a2aba
eff96c014d4579edbe9137c41f430ca220d55ac6aafd0c2b5f19e38c67fdd24c
8ea5804845440ae84a0d89783b23ca5a9336e69069926ac4864a106195ef9ff7
651217143372fc576d0c28beb40842869475c9d0dcc94b3284f8b7f5b0e63ac8
c6494faace0e6c20c6038d3c288a5c339bd6fba763c96e2304ac9f7dae160bc2
adb9bc1e4261f9d02b736aa0de61638882626ac091fbb1fa21afd433cd5c6deb
350ea50c842b99bdd38c36c94375d0ad7399dc4d8c1bb71855aab3a3d494a0e6
84bd1aaae99273459a6d86d08c3ee18405471934552cc3e6a09517246e66d694
1ddad4d875fdcee3d5dd66677f8551306356ce89642580a5955f256cfd8b3e32
9dcc4db961d28de5c705d8cac0c185e71a0b18289bf3c459f96e23983316cb06
94dc5383d8a48fe91f70376307858233b30aa9c477bbea32b00929c24ab04930
d87000743e0ff6f812271659cd487c8eb354073bae26984f329c0774cf7b5310
c6bd72bde1cb64df3f667daa9b6ab82c0ad337ea17c831552c9c72d549cd3981
13bc7c2c930c01a5da578e7fc5d550c0a90433df91abdf304c5e8ddf29614d3a
88b509f0cd92096f18a465c7686e97936e7399471ba4b832710cc1750ea896e6
7fe91f06d1d417d54a0547f4e504f48b1486ff3c4d1d53319f19db719b95d50f
6ba896340dab78ff0386298014c978633aa3b0549800c40d6be7e98b8aef71fd
67604c264dae5704ee67526971c5a07e24e70b9932795c15b80032051a43e66d
Total reclaimed space: 42.79GB
[INFO] Cleanup complete

real	0m1.060s
user	0m0.520s
sys	0m0.621s
[INFO] Setting SELinux context for test-results directory...
[INFO] Starting E2E test environment...
[INFO] Building containers...
[1/2] STEP 1/12: FROM mcr.microsoft.com/dotnet/sdk:10.0 AS build
STEP 1/18: FROM mcr.microsoft.com/dotnet/sdk:10.0 AS build
STEP 2/18: WORKDIR /src
--> Using cache c0f951cdf7818c25a801d76241c43a519f74913b58ca3c8d68071526ad1473dc
--> c0f951cdf781
STEP 3/18: RUN apt-get update && apt-get install -y nodejs npm && rm -rf /var/lib/apt/lists/*
--> Using cache 7bd3245d151178c6b376f4a7a4b67fe7ecce8ed2c53cb934a8f07a078aa635e8
--> 7bd3245d1511
STEP 4/18: RUN apt-get update && apt-get install -y wget &&     wget -q https://packages.microsoft.com/config/debian/12/packages-microsoft-prod.deb &&     dpkg -i packages-microsoft-prod.deb &&     rm packages-microsoft-prod.deb &&     apt-get update && apt-get install -y powershell &&     rm -rf /var/lib/apt/lists/*
--> Using cache 948346108d6ac93fe878f7bab089dc72f5498ab7a4fa30e51d4df43308391228
--> 948346108d6a
STEP 5/18: COPY Directory.Build.props .
--> Using cache c4a9dc18c3762fdd409b0baae14ef2f48b5f524cbb656d3b110ca4970ddb4ceb
--> c4a9dc18c376
STEP 6/18: COPY Directory.Packages.props .
--> Using cache 6dea2813ee479703c367db1d0ab238785857ce0c0dfd02d46c8e47699f40706a
--> 6dea2813ee47
STEP 7/18: COPY MyBlog.Core/MyBlog.Core.csproj MyBlog.Core/
--> Using cache 26b7167e9d33e3adf018ba3f02fa415c50df7db2ea9ef3d3b696a6c25fddeb07
--> 26b7167e9d33
STEP 8/18: COPY MyBlog.Infrastructure/MyBlog.Infrastructure.csproj MyBlog.Infrastructure/
[1/2] STEP 2/12: WORKDIR /src
--> Using cache c0f951cdf7818c25a801d76241c43a519f74913b58ca3c8d68071526ad1473dc
--> c0f951cdf781
[1/2] STEP 3/12: COPY Directory.Build.props .
--> Using cache 39fa24c9fb5e73db4ea74e2ea5eba8ab223f1e7b58d032dd3027222d0e3f10c3
--> 39fa24c9fb5e
STEP 9/18: COPY MyBlog.Web/MyBlog.Web.csproj MyBlog.Web/
--> fa14052cefe8
[1/2] STEP 4/12: COPY Directory.Packages.props .
--> Using cache 0676640a9fb43a68fca885c900e335d76f35378125a1643e488abf4952dc6fbc
--> 0676640a9fb4
STEP 10/18: COPY MyBlog.E2E/MyBlog.E2E.csproj MyBlog.E2E/
--> Using cache aaa696cb65b279c939a4b49ed9026de4481280814a6e466076cf0a72f284e18b
--> aaa696cb65b2
STEP 11/18: RUN dotnet restore MyBlog.Core/MyBlog.Core.csproj &&     dotnet restore MyBlog.Infrastructure/MyBlog.Infrastructure.csproj &&     dotnet restore MyBlog.Web/MyBlog.Web.csproj &&     dotnet restore MyBlog.E2E/MyBlog.E2E.csproj
--> 1fcecc32bcf9
--> Using cache df6530599f3bc2d10e357ab437426be3e28ab5006d07886f20e131fbb2eb339d
--> df6530599f3b
[1/2] STEP 5/12: COPY MyBlog.Core/MyBlog.Core.csproj MyBlog.Core/
STEP 12/18: COPY . .
--> fb2ebcea26d8
[1/2] STEP 6/12: COPY MyBlog.Infrastructure/MyBlog.Infrastructure.csproj MyBlog.Infrastructure/
--> 98a8643f1957
[1/2] STEP 7/12: COPY MyBlog.Web/MyBlog.Web.csproj MyBlog.Web/
--> dbe0b90fa02d
[1/2] STEP 8/12: RUN dotnet restore MyBlog.Web/MyBlog.Web.csproj
  Determining projects to restore...
--> e3313fbc4845
STEP 13/18: RUN dotnet build MyBlog.E2E/MyBlog.E2E.csproj -c Release
  Restored /src/MyBlog.Core/MyBlog.Core.csproj (in 1.41 sec).
  Determining projects to restore...
  Restored /src/MyBlog.Web/MyBlog.Web.csproj (in 2.65 sec).
  Restored /src/MyBlog.Core/MyBlog.Core.csproj (in 395 ms).
  Restored /src/MyBlog.Infrastructure/MyBlog.Infrastructure.csproj (in 396 ms).
  Restored /src/MyBlog.E2E/MyBlog.E2E.csproj (in 403 ms).
  Restored /src/MyBlog.Web/MyBlog.Web.csproj (in 688 ms).
  Restored /src/MyBlog.Infrastructure/MyBlog.Infrastructure.csproj (in 3.4 sec).
--> 3ff796598279
[1/2] STEP 9/12: COPY MyBlog.Core/ MyBlog.Core/
--> 74698c6391d7
[1/2] STEP 10/12: COPY MyBlog.Infrastructure/ MyBlog.Infrastructure/
--> f9de4e0de8a7
[1/2] STEP 11/12: COPY MyBlog.Web/ MyBlog.Web/
--> a3b4cbf44b95
[1/2] STEP 12/12: RUN dotnet publish MyBlog.Web/MyBlog.Web.csproj -c Release -o /app/publish
  Determining projects to restore...
  MyBlog.Core -> /src/MyBlog.Core/bin/Release/net10.0/MyBlog.Core.dll
  MyBlog.Infrastructure -> /src/MyBlog.Infrastructure/bin/Release/net10.0/MyBlog.Infrastructure.dll
  Restored /src/MyBlog.Infrastructure/MyBlog.Infrastructure.csproj (in 190 ms).
  Restored /src/MyBlog.Core/MyBlog.Core.csproj (in 183 ms).
  Restored /src/MyBlog.Web/MyBlog.Web.csproj (in 548 ms).
  MyBlog.Web -> /src/MyBlog.Web/bin/Release/net10.0/MyBlog.Web.dll
  MyBlog.E2E -> /src/MyBlog.E2E/bin/Release/net10.0/MyBlog.E2E.dll

Build succeeded.
    0 Warning(s)
    0 Error(s)

Time Elapsed 00:00:08.45
  MyBlog.Core -> /src/MyBlog.Core/bin/Release/net10.0/MyBlog.Core.dll
  MyBlog.Infrastructure -> /src/MyBlog.Infrastructure/bin/Release/net10.0/MyBlog.Infrastructure.dll
--> 402892558cef
STEP 14/18: RUN pwsh ./MyBlog.E2E/bin/Release/net10.0/playwright.ps1 install chromium --with-deps
Installing dependencies...
Get:1 http://archive.ubuntu.com/ubuntu noble InRelease [256 kB]
Get:2 http://security.ubuntu.com/ubuntu noble-security InRelease [126 kB]
Get:3 https://packages.microsoft.com/debian/12/prod bookworm InRelease [3618 B]
Get:4 https://packages.microsoft.com/debian/12/prod bookworm/main arm64 Packages [57.2 kB]
Get:5 https://packages.microsoft.com/debian/12/prod bookworm/main armhf Packages [19.0 kB]
Get:6 https://packages.microsoft.com/debian/12/prod bookworm/main amd64 Packages [151 kB]
Get:7 http://security.ubuntu.com/ubuntu noble-security/multiverse amd64 Packages [34.8 kB]
Get:8 http://security.ubuntu.com/ubuntu noble-security/restricted amd64 Packages [3008 kB]
Get:9 https://packages.microsoft.com/debian/12/prod bookworm/main all Packages [573 B]
Get:10 http://archive.ubuntu.com/ubuntu noble-updates InRelease [126 kB]
Get:11 http://archive.ubuntu.com/ubuntu noble-backports InRelease [126 kB]
  MyBlog.Web -> /src/MyBlog.Web/bin/Release/net10.0/MyBlog.Web.dll
Get:12 http://archive.ubuntu.com/ubuntu noble/main amd64 Packages [1808 kB]
  MyBlog.Web -> /app/publish/
--> 1953d902f70a
[2/2] STEP 1/12: FROM mcr.microsoft.com/dotnet/aspnet:10.0 AS runtime
[2/2] STEP 2/12: WORKDIR /app
--> Using cache 7ab200e45b1fba59b74177866b30af0761e035beacbc6a5d1607edc1b649f36a
--> 7ab200e45b1f
[2/2] STEP 3/12: RUN apt-get update && apt-get install -y --no-install-recommends curl && rm -rf /var/lib/apt/lists/*
--> Using cache 1e21b972573d10c4ea9d7b8076e58aed09bb9967e8ee6d5a8c3c77e2cddd1001
--> 1e21b972573d
[2/2] STEP 4/12: RUN useradd -m -s /bin/bash appuser
--> Using cache 7b0ba419cc37495396a1969cd185514b97ee464988ce4bddc954893f0ac664d5
--> 7b0ba419cc37
[2/2] STEP 5/12: RUN mkdir -p /app/data && chown appuser:appuser /app/data
--> Using cache 1a52159880ea26e77195a71342eb88df7e9cb2112f4b48a28ce51dfc69734231
--> 1a52159880ea
[2/2] STEP 6/12: COPY --from=build /app/publish .
Get:13 http://archive.ubuntu.com/ubuntu noble/restricted amd64 Packages [117 kB]
Get:14 http://archive.ubuntu.com/ubuntu noble/multiverse amd64 Packages [331 kB]
Get:15 http://archive.ubuntu.com/ubuntu noble/universe amd64 Packages [19.3 MB]
--> 76c778bc1871
[2/2] STEP 7/12: ENV ASPNETCORE_URLS=http://+:5000
--> 192f0ab2d012
[2/2] STEP 8/12: ENV ASPNETCORE_ENVIRONMENT=Production
--> a956a846da7e
[2/2] STEP 9/12: ENV ConnectionStrings__DefaultConnection="Data Source=/app/data/myblog.db"
--> 5b3a743cfe8c
[2/2] STEP 10/12: USER appuser
Get:16 http://security.ubuntu.com/ubuntu noble-security/main amd64 Packages [1776 kB]
--> 4dd157a9a701
[2/2] STEP 11/12: EXPOSE 5000
--> d8ef73571e83
[2/2] STEP 12/12: ENTRYPOINT ["dotnet", "MyBlog.Web.dll"]
[2/2] COMMIT myblog_myblog-web
--> c7bb000f704e
Successfully tagged localhost/myblog_myblog-web:latest
Get:17 http://security.ubuntu.com/ubuntu noble-security/universe amd64 Packages [1194 kB]
c7bb000f704e93b2a57df7a4a108d0be6711de966a1540332d67cb266dbc505b
Get:18 http://archive.ubuntu.com/ubuntu noble-updates/multiverse amd64 Packages [38.1 kB]
Get:19 http://archive.ubuntu.com/ubuntu noble-updates/restricted amd64 Packages [3219 kB]
Get:20 http://archive.ubuntu.com/ubuntu noble-updates/main amd64 Packages [2171 kB]
Get:21 http://archive.ubuntu.com/ubuntu noble-updates/universe amd64 Packages [1975 kB]
Get:22 http://archive.ubuntu.com/ubuntu noble-backports/universe amd64 Packages [34.6 kB]
Get:23 http://archive.ubuntu.com/ubuntu noble-backports/main amd64 Packages [49.5 kB]
Fetched 35.9 MB in 6s (5926 kB/s)
Reading package lists...
Reading package lists...
Building dependency tree...
Reading state information...
libdbus-1-3 is already the newest version (1.14.10-4ubuntu4.1).
libdbus-1-3 set to manually installed.
libglib2.0-0t64 is already the newest version (2.80.0-6ubuntu3.7).
libglib2.0-0t64 set to manually installed.
libx11-6 is already the newest version (2:1.8.7-1build1).
libx11-6 set to manually installed.
libxcb1 is already the newest version (1.15-1ubuntu2).
libxcb1 set to manually installed.
libxcomposite1 is already the newest version (1:0.4.5-1build3).
libxcomposite1 set to manually installed.
libxext6 is already the newest version (2:1.3.4-1build2).
libxext6 set to manually installed.
libxfixes3 is already the newest version (1:6.0.0-2build1).
libxfixes3 set to manually installed.
libxrandr2 is already the newest version (2:1.5.2-2build1).
libxrandr2 set to manually installed.
libfontconfig1 is already the newest version (2.15.0-1.1ubuntu2).
libfontconfig1 set to manually installed.
libfreetype6 is already the newest version (2.13.2+dfsg-1build3).
libfreetype6 set to manually installed.
The following package was automatically installed and is no longer required:
  libwayland-server0
Use 'apt autoremove' to remove it.
The following additional packages will be installed:
  at-spi2-common fontconfig libasound2-data libavahi-client3
  libavahi-common-data libavahi-common3 libdatrie1 libdrm-amdgpu1
  libdrm-common libdrm-intel1 libegl-mesa0 libfontenc1 libfribidi0
  libgl1-mesa-dri libglx-mesa0 libgraphite2-3 libharfbuzz0b libpixman-1-0
  libthai-data libthai0 libunwind8 libxcb-render0 libxfont2 mesa-libgallium
  mesa-vulkan-drivers x11-xkb-utils xauth xfonts-encodings xfonts-utils
  xkb-data xserver-common
Suggested packages:
  alsa-utils libasound2-plugins cups-common
Recommended packages:
  fonts-ipafont-mincho fonts-liberation-sans-narrow fonts-tlwg-loma
  alsa-ucm-conf alsa-topology-conf at-spi2-core xfonts-base
The following NEW packages will be installed:
  at-spi2-common fontconfig fonts-freefont-ttf fonts-ipafont-gothic
  fonts-liberation fonts-noto-color-emoji fonts-tlwg-loma-otf fonts-unifont
  fonts-wqy-zenhei libasound2-data libasound2t64 libatk-bridge2.0-0t64
  libatk1.0-0t64 libatspi2.0-0t64 libavahi-client3 libavahi-common-data
  libavahi-common3 libcairo2 libcups2t64 libdatrie1 libfontenc1 libfribidi0
  libgraphite2-3 libharfbuzz0b libnspr4 libnss3 libpango-1.0-0 libpixman-1-0
  libthai-data libthai0 libunwind8 libxcb-render0 libxdamage1 libxfont2
  libxkbcommon0 x11-xkb-utils xauth xfonts-cyrillic xfonts-encodings
  xfonts-scalable xfonts-utils xkb-data xserver-common xvfb
The following packages will be upgraded:
  libdrm-amdgpu1 libdrm-common libdrm-intel1 libdrm2 libegl-mesa0 libgbm1
  libgl1-mesa-dri libglx-mesa0 mesa-libgallium mesa-vulkan-drivers
10 upgraded, 44 newly installed, 0 to remove and 1 not upgraded.
Need to get 67.5 MB of archives.
After this operation, 134 MB of additional disk space will be used.
Get:1 http://archive.ubuntu.com/ubuntu noble/universe amd64 fonts-ipafont-gothic all 00303-21ubuntu1 [3513 kB]
Get:2 http://archive.ubuntu.com/ubuntu noble/main amd64 libfribidi0 amd64 1.0.13-3build1 [26.1 kB]
Get:3 http://archive.ubuntu.com/ubuntu noble-updates/main amd64 xkb-data all 2.41-2ubuntu1.1 [397 kB]
Get:4 http://archive.ubuntu.com/ubuntu noble-updates/main amd64 libdrm-common all 2.4.125-1ubuntu0.1~24.04.1 [9174 B]
Get:5 http://archive.ubuntu.com/ubuntu noble-updates/main amd64 libdrm2 amd64 2.4.125-1ubuntu0.1~24.04.1 [41.3 kB]
Get:6 http://archive.ubuntu.com/ubuntu noble/main amd64 libxkbcommon0 amd64 1.6.0-1build1 [122 kB]
Get:7 http://archive.ubuntu.com/ubuntu noble/main amd64 xauth amd64 1:1.1.2-1build1 [25.6 kB]
Get:8 http://archive.ubuntu.com/ubuntu noble/main amd64 at-spi2-common all 2.52.0-1build1 [8674 B]
Get:9 http://archive.ubuntu.com/ubuntu noble/main amd64 fontconfig amd64 2.15.0-1.1ubuntu2 [180 kB]
Get:10 http://archive.ubuntu.com/ubuntu noble/main amd64 fonts-freefont-ttf all 20211204+svn4273-2 [5641 kB]
Get:11 http://archive.ubuntu.com/ubuntu noble/main amd64 fonts-liberation all 1:2.1.5-3 [1603 kB]
Get:12 http://archive.ubuntu.com/ubuntu noble-updates/main amd64 fonts-noto-color-emoji all 2.047-0ubuntu0.24.04.1 [9764 kB]
Get:13 http://archive.ubuntu.com/ubuntu noble/universe amd64 fonts-tlwg-loma-otf all 1:0.7.3-1 [107 kB]
Get:14 http://archive.ubuntu.com/ubuntu noble/universe amd64 fonts-unifont all 1:15.1.01-1build1 [2993 kB]
Get:15 http://archive.ubuntu.com/ubuntu noble/universe amd64 fonts-wqy-zenhei all 0.9.45-8 [7472 kB]
Get:16 http://archive.ubuntu.com/ubuntu noble-updates/main amd64 libasound2-data all 1.2.11-1ubuntu0.1 [21.1 kB]
Get:17 http://archive.ubuntu.com/ubuntu noble-updates/main amd64 libasound2t64 amd64 1.2.11-1ubuntu0.1 [399 kB]
Get:18 http://archive.ubuntu.com/ubuntu noble/main amd64 libatk1.0-0t64 amd64 2.52.0-1build1 [55.3 kB]
Get:19 http://archive.ubuntu.com/ubuntu noble/main amd64 libatspi2.0-0t64 amd64 2.52.0-1build1 [80.5 kB]
Get:20 http://archive.ubuntu.com/ubuntu noble/main amd64 libatk-bridge2.0-0t64 amd64 2.52.0-1build1 [66.0 kB]
Get:21 http://archive.ubuntu.com/ubuntu noble-updates/main amd64 libavahi-common-data amd64 0.8-13ubuntu6.1 [29.9 kB]
Get:22 http://archive.ubuntu.com/ubuntu noble-updates/main amd64 libavahi-common3 amd64 0.8-13ubuntu6.1 [23.4 kB]
Get:23 http://archive.ubuntu.com/ubuntu noble-updates/main amd64 libavahi-client3 amd64 0.8-13ubuntu6.1 [26.8 kB]
Get:24 http://archive.ubuntu.com/ubuntu noble/main amd64 libpixman-1-0 amd64 0.42.2-1build1 [279 kB]
Get:25 http://archive.ubuntu.com/ubuntu noble/main amd64 libxcb-render0 amd64 1.15-1ubuntu2 [16.2 kB]
Get:26 http://archive.ubuntu.com/ubuntu noble/main amd64 libcairo2 amd64 1.18.0-3build1 [566 kB]
Get:27 http://archive.ubuntu.com/ubuntu noble-updates/main amd64 libcups2t64 amd64 2.4.7-1.2ubuntu7.9 [273 kB]
Get:28 http://archive.ubuntu.com/ubuntu noble/main amd64 libdatrie1 amd64 0.2.13-3build1 [19.0 kB]
Get:29 http://archive.ubuntu.com/ubuntu noble-updates/main amd64 libdrm-amdgpu1 amd64 2.4.125-1ubuntu0.1~24.04.1 [21.4 kB]
Get:30 http://archive.ubuntu.com/ubuntu noble-updates/main amd64 libdrm-intel1 amd64 2.4.125-1ubuntu0.1~24.04.1 [63.8 kB]
Get:31 http://archive.ubuntu.com/ubuntu noble-updates/main amd64 libgl1-mesa-dri amd64 25.2.8-0ubuntu0.24.04.1 [37.9 kB]
Get:32 http://archive.ubuntu.com/ubuntu noble-updates/main amd64 libglx-mesa0 amd64 25.2.8-0ubuntu0.24.04.1 [110 kB]
Get:33 http://archive.ubuntu.com/ubuntu noble-updates/main amd64 libegl-mesa0 amd64 25.2.8-0ubuntu0.24.04.1 [117 kB]
Get:34 http://archive.ubuntu.com/ubuntu noble-updates/main amd64 libgbm1 amd64 25.2.8-0ubuntu0.24.04.1 [34.2 kB]
Get:35 http://archive.ubuntu.com/ubuntu noble-updates/main amd64 mesa-libgallium amd64 25.2.8-0ubuntu0.24.04.1 [10.8 MB]
Get:36 http://archive.ubuntu.com/ubuntu noble/main amd64 libfontenc1 amd64 1:1.1.8-1build1 [14.0 kB]
Get:37 http://archive.ubuntu.com/ubuntu noble/main amd64 libgraphite2-3 amd64 1.3.14-2build1 [73.0 kB]
Get:38 http://archive.ubuntu.com/ubuntu noble/main amd64 libharfbuzz0b amd64 8.3.0-2build2 [469 kB]
Get:39 http://archive.ubuntu.com/ubuntu noble/main amd64 libnspr4 amd64 2:4.35-1.1build1 [117 kB]
Get:40 http://archive.ubuntu.com/ubuntu noble/main amd64 libnss3 amd64 2:3.98-1build1 [1445 kB]
Get:41 http://archive.ubuntu.com/ubuntu noble/main amd64 libthai-data all 0.1.29-2build1 [158 kB]
Get:42 http://archive.ubuntu.com/ubuntu noble/main amd64 libthai0 amd64 0.1.29-2build1 [18.9 kB]
Get:43 http://archive.ubuntu.com/ubuntu noble/main amd64 libpango-1.0-0 amd64 1.52.1+ds-1build1 [231 kB]
Get:44 http://archive.ubuntu.com/ubuntu noble-updates/main amd64 libunwind8 amd64 1.6.2-3build1.1 [55.3 kB]
Get:45 http://archive.ubuntu.com/ubuntu noble/main amd64 libxdamage1 amd64 1:1.1.6-1build1 [6150 B]
Get:46 http://archive.ubuntu.com/ubuntu noble/main amd64 libxfont2 amd64 1:2.0.6-1build1 [93.0 kB]
Get:47 http://archive.ubuntu.com/ubuntu noble-updates/main amd64 mesa-vulkan-drivers amd64 25.2.8-0ubuntu0.24.04.1 [17.5 MB]
Get:48 http://archive.ubuntu.com/ubuntu noble/main amd64 x11-xkb-utils amd64 7.7+8build2 [170 kB]
Get:49 http://archive.ubuntu.com/ubuntu noble/main amd64 xfonts-encodings all 1:1.0.5-0ubuntu2 [578 kB]
Get:50 http://archive.ubuntu.com/ubuntu noble/main amd64 xfonts-utils amd64 1:7.7+6build3 [94.4 kB]
Get:51 http://archive.ubuntu.com/ubuntu noble/universe amd64 xfonts-cyrillic all 1:1.0.5+nmu1 [384 kB]
Get:52 http://archive.ubuntu.com/ubuntu noble/main amd64 xfonts-scalable all 1:1.0.3-1.3 [304 kB]
Get:53 http://archive.ubuntu.com/ubuntu noble-updates/main amd64 xserver-common all 2:21.1.12-1ubuntu1.5 [34.6 kB]
Get:54 http://archive.ubuntu.com/ubuntu noble-updates/universe amd64 xvfb amd64 2:21.1.12-1ubuntu1.5 [877 kB]
debconf: delaying package configuration, since apt-utils is not installed
Fetched 67.5 MB in 4s (16.3 MB/s)
Selecting previously unselected package fonts-ipafont-gothic.
(Reading database ... 50881 files and directories currently installed.)
Preparing to unpack .../00-fonts-ipafont-gothic_00303-21ubuntu1_all.deb ...
Unpacking fonts-ipafont-gothic (00303-21ubuntu1) ...
Selecting previously unselected package libfribidi0:amd64.
Preparing to unpack .../01-libfribidi0_1.0.13-3build1_amd64.deb ...
Unpacking libfribidi0:amd64 (1.0.13-3build1) ...
Selecting previously unselected package xkb-data.
Preparing to unpack .../02-xkb-data_2.41-2ubuntu1.1_all.deb ...
Unpacking xkb-data (2.41-2ubuntu1.1) ...
Preparing to unpack .../03-libdrm-common_2.4.125-1ubuntu0.1~24.04.1_all.deb ...
Unpacking libdrm-common (2.4.125-1ubuntu0.1~24.04.1) over (2.4.122-1~ubuntu0.24.04.2) ...
Preparing to unpack .../04-libdrm2_2.4.125-1ubuntu0.1~24.04.1_amd64.deb ...
Unpacking libdrm2:amd64 (2.4.125-1ubuntu0.1~24.04.1) over (2.4.122-1~ubuntu0.24.04.2) ...
Selecting previously unselected package libxkbcommon0:amd64.
Preparing to unpack .../05-libxkbcommon0_1.6.0-1build1_amd64.deb ...
Unpacking libxkbcommon0:amd64 (1.6.0-1build1) ...
Selecting previously unselected package xauth.
Preparing to unpack .../06-xauth_1%3a1.1.2-1build1_amd64.deb ...
Unpacking xauth (1:1.1.2-1build1) ...
Selecting previously unselected package at-spi2-common.
Preparing to unpack .../07-at-spi2-common_2.52.0-1build1_all.deb ...
Unpacking at-spi2-common (2.52.0-1build1) ...
Selecting previously unselected package fontconfig.
Preparing to unpack .../08-fontconfig_2.15.0-1.1ubuntu2_amd64.deb ...
Unpacking fontconfig (2.15.0-1.1ubuntu2) ...
Selecting previously unselected package fonts-freefont-ttf.
Preparing to unpack .../09-fonts-freefont-ttf_20211204+svn4273-2_all.deb ...
Unpacking fonts-freefont-ttf (20211204+svn4273-2) ...
Selecting previously unselected package fonts-liberation.
Preparing to unpack .../10-fonts-liberation_1%3a2.1.5-3_all.deb ...
Unpacking fonts-liberation (1:2.1.5-3) ...
Selecting previously unselected package fonts-noto-color-emoji.
Preparing to unpack .../11-fonts-noto-color-emoji_2.047-0ubuntu0.24.04.1_all.deb ...
Unpacking fonts-noto-color-emoji (2.047-0ubuntu0.24.04.1) ...
Selecting previously unselected package fonts-tlwg-loma-otf.
Preparing to unpack .../12-fonts-tlwg-loma-otf_1%3a0.7.3-1_all.deb ...
Unpacking fonts-tlwg-loma-otf (1:0.7.3-1) ...
Selecting previously unselected package fonts-unifont.
Preparing to unpack .../13-fonts-unifont_1%3a15.1.01-1build1_all.deb ...
Unpacking fonts-unifont (1:15.1.01-1build1) ...
Selecting previously unselected package fonts-wqy-zenhei.
Preparing to unpack .../14-fonts-wqy-zenhei_0.9.45-8_all.deb ...
Unpacking fonts-wqy-zenhei (0.9.45-8) ...
Selecting previously unselected package libasound2-data.
Preparing to unpack .../15-libasound2-data_1.2.11-1ubuntu0.1_all.deb ...
Unpacking libasound2-data (1.2.11-1ubuntu0.1) ...
Selecting previously unselected package libasound2t64:amd64.
Preparing to unpack .../16-libasound2t64_1.2.11-1ubuntu0.1_amd64.deb ...
Unpacking libasound2t64:amd64 (1.2.11-1ubuntu0.1) ...
Selecting previously unselected package libatk1.0-0t64:amd64.
Preparing to unpack .../17-libatk1.0-0t64_2.52.0-1build1_amd64.deb ...
Unpacking libatk1.0-0t64:amd64 (2.52.0-1build1) ...
Selecting previously unselected package libatspi2.0-0t64:amd64.
Preparing to unpack .../18-libatspi2.0-0t64_2.52.0-1build1_amd64.deb ...
Unpacking libatspi2.0-0t64:amd64 (2.52.0-1build1) ...
Selecting previously unselected package libatk-bridge2.0-0t64:amd64.
Preparing to unpack .../19-libatk-bridge2.0-0t64_2.52.0-1build1_amd64.deb ...
Unpacking libatk-bridge2.0-0t64:amd64 (2.52.0-1build1) ...
Selecting previously unselected package libavahi-common-data:amd64.
Preparing to unpack .../20-libavahi-common-data_0.8-13ubuntu6.1_amd64.deb ...
Unpacking libavahi-common-data:amd64 (0.8-13ubuntu6.1) ...
Selecting previously unselected package libavahi-common3:amd64.
Preparing to unpack .../21-libavahi-common3_0.8-13ubuntu6.1_amd64.deb ...
Unpacking libavahi-common3:amd64 (0.8-13ubuntu6.1) ...
Selecting previously unselected package libavahi-client3:amd64.
Preparing to unpack .../22-libavahi-client3_0.8-13ubuntu6.1_amd64.deb ...
Unpacking libavahi-client3:amd64 (0.8-13ubuntu6.1) ...
Selecting previously unselected package libpixman-1-0:amd64.
Preparing to unpack .../23-libpixman-1-0_0.42.2-1build1_amd64.deb ...
Unpacking libpixman-1-0:amd64 (0.42.2-1build1) ...
Selecting previously unselected package libxcb-render0:amd64.
Preparing to unpack .../24-libxcb-render0_1.15-1ubuntu2_amd64.deb ...
Unpacking libxcb-render0:amd64 (1.15-1ubuntu2) ...
Selecting previously unselected package libcairo2:amd64.
Preparing to unpack .../25-libcairo2_1.18.0-3build1_amd64.deb ...
Unpacking libcairo2:amd64 (1.18.0-3build1) ...
Selecting previously unselected package libcups2t64:amd64.
Preparing to unpack .../26-libcups2t64_2.4.7-1.2ubuntu7.9_amd64.deb ...
Unpacking libcups2t64:amd64 (2.4.7-1.2ubuntu7.9) ...
Selecting previously unselected package libdatrie1:amd64.
Preparing to unpack .../27-libdatrie1_0.2.13-3build1_amd64.deb ...
Unpacking libdatrie1:amd64 (0.2.13-3build1) ...
Preparing to unpack .../28-libdrm-amdgpu1_2.4.125-1ubuntu0.1~24.04.1_amd64.deb ...
Unpacking libdrm-amdgpu1:amd64 (2.4.125-1ubuntu0.1~24.04.1) over (2.4.122-1~ubuntu0.24.04.2) ...
Preparing to unpack .../29-libdrm-intel1_2.4.125-1ubuntu0.1~24.04.1_amd64.deb ...
Unpacking libdrm-intel1:amd64 (2.4.125-1ubuntu0.1~24.04.1) over (2.4.122-1~ubuntu0.24.04.2) ...
Preparing to unpack .../30-libgl1-mesa-dri_25.2.8-0ubuntu0.24.04.1_amd64.deb ...
Unpacking libgl1-mesa-dri:amd64 (25.2.8-0ubuntu0.24.04.1) over (25.0.7-0ubuntu0.24.04.2) ...
Preparing to unpack .../31-libglx-mesa0_25.2.8-0ubuntu0.24.04.1_amd64.deb ...
Unpacking libglx-mesa0:amd64 (25.2.8-0ubuntu0.24.04.1) over (25.0.7-0ubuntu0.24.04.2) ...
Preparing to unpack .../32-libegl-mesa0_25.2.8-0ubuntu0.24.04.1_amd64.deb ...
Unpacking libegl-mesa0:amd64 (25.2.8-0ubuntu0.24.04.1) over (25.0.7-0ubuntu0.24.04.2) ...
Preparing to unpack .../33-libgbm1_25.2.8-0ubuntu0.24.04.1_amd64.deb ...
Unpacking libgbm1:amd64 (25.2.8-0ubuntu0.24.04.1) over (25.0.7-0ubuntu0.24.04.2) ...
Preparing to unpack .../34-mesa-libgallium_25.2.8-0ubuntu0.24.04.1_amd64.deb ...
Unpacking mesa-libgallium:amd64 (25.2.8-0ubuntu0.24.04.1) over (25.0.7-0ubuntu0.24.04.2) ...
Selecting previously unselected package libfontenc1:amd64.
Preparing to unpack .../35-libfontenc1_1%3a1.1.8-1build1_amd64.deb ...
Unpacking libfontenc1:amd64 (1:1.1.8-1build1) ...
Selecting previously unselected package libgraphite2-3:amd64.
Preparing to unpack .../36-libgraphite2-3_1.3.14-2build1_amd64.deb ...
Unpacking libgraphite2-3:amd64 (1.3.14-2build1) ...
Selecting previously unselected package libharfbuzz0b:amd64.
Preparing to unpack .../37-libharfbuzz0b_8.3.0-2build2_amd64.deb ...
Unpacking libharfbuzz0b:amd64 (8.3.0-2build2) ...
Selecting previously unselected package libnspr4:amd64.
Preparing to unpack .../38-libnspr4_2%3a4.35-1.1build1_amd64.deb ...
Unpacking libnspr4:amd64 (2:4.35-1.1build1) ...
Selecting previously unselected package libnss3:amd64.
Preparing to unpack .../39-libnss3_2%3a3.98-1build1_amd64.deb ...
Unpacking libnss3:amd64 (2:3.98-1build1) ...
Selecting previously unselected package libthai-data.
Preparing to unpack .../40-libthai-data_0.1.29-2build1_all.deb ...
Unpacking libthai-data (0.1.29-2build1) ...
Selecting previously unselected package libthai0:amd64.
Preparing to unpack .../41-libthai0_0.1.29-2build1_amd64.deb ...
Unpacking libthai0:amd64 (0.1.29-2build1) ...
Selecting previously unselected package libpango-1.0-0:amd64.
Preparing to unpack .../42-libpango-1.0-0_1.52.1+ds-1build1_amd64.deb ...
Unpacking libpango-1.0-0:amd64 (1.52.1+ds-1build1) ...
Selecting previously unselected package libunwind8:amd64.
Preparing to unpack .../43-libunwind8_1.6.2-3build1.1_amd64.deb ...
Unpacking libunwind8:amd64 (1.6.2-3build1.1) ...
Selecting previously unselected package libxdamage1:amd64.
Preparing to unpack .../44-libxdamage1_1%3a1.1.6-1build1_amd64.deb ...
Unpacking libxdamage1:amd64 (1:1.1.6-1build1) ...
Selecting previously unselected package libxfont2:amd64.
Preparing to unpack .../45-libxfont2_1%3a2.0.6-1build1_amd64.deb ...
Unpacking libxfont2:amd64 (1:2.0.6-1build1) ...
Preparing to unpack .../46-mesa-vulkan-drivers_25.2.8-0ubuntu0.24.04.1_amd64.deb ...
Unpacking mesa-vulkan-drivers:amd64 (25.2.8-0ubuntu0.24.04.1) over (25.0.7-0ubuntu0.24.04.2) ...
Selecting previously unselected package x11-xkb-utils.
Preparing to unpack .../47-x11-xkb-utils_7.7+8build2_amd64.deb ...
Unpacking x11-xkb-utils (7.7+8build2) ...
Selecting previously unselected package xfonts-encodings.
Preparing to unpack .../48-xfonts-encodings_1%3a1.0.5-0ubuntu2_all.deb ...
Unpacking xfonts-encodings (1:1.0.5-0ubuntu2) ...
Selecting previously unselected package xfonts-utils.
Preparing to unpack .../49-xfonts-utils_1%3a7.7+6build3_amd64.deb ...
Unpacking xfonts-utils (1:7.7+6build3) ...
Selecting previously unselected package xfonts-cyrillic.
Preparing to unpack .../50-xfonts-cyrillic_1%3a1.0.5+nmu1_all.deb ...
Unpacking xfonts-cyrillic (1:1.0.5+nmu1) ...
Selecting previously unselected package xfonts-scalable.
Preparing to unpack .../51-xfonts-scalable_1%3a1.0.3-1.3_all.deb ...
Unpacking xfonts-scalable (1:1.0.3-1.3) ...
Selecting previously unselected package xserver-common.
Preparing to unpack .../52-xserver-common_2%3a21.1.12-1ubuntu1.5_all.deb ...
Unpacking xserver-common (2:21.1.12-1ubuntu1.5) ...
Selecting previously unselected package xvfb.
Preparing to unpack .../53-xvfb_2%3a21.1.12-1ubuntu1.5_amd64.deb ...
Unpacking xvfb (2:21.1.12-1ubuntu1.5) ...
Setting up libgraphite2-3:amd64 (1.3.14-2build1) ...
Setting up libpixman-1-0:amd64 (0.42.2-1build1) ...
Setting up fontconfig (2.15.0-1.1ubuntu2) ...
Regenerating fonts cache... done.
Setting up libxdamage1:amd64 (1:1.1.6-1build1) ...
Setting up libdatrie1:amd64 (0.2.13-3build1) ...
Setting up fonts-noto-color-emoji (2.047-0ubuntu0.24.04.1) ...
Setting up libxcb-render0:amd64 (1.15-1ubuntu2) ...
Setting up x11-xkb-utils (7.7+8build2) ...
Setting up fonts-wqy-zenhei (0.9.45-8) ...
Setting up fonts-freefont-ttf (20211204+svn4273-2) ...
Setting up xkb-data (2.41-2ubuntu1.1) ...
Setting up libunwind8:amd64 (1.6.2-3build1.1) ...
Setting up libcairo2:amd64 (1.18.0-3build1) ...
Setting up libasound2-data (1.2.11-1ubuntu0.1) ...
Setting up libfontenc1:amd64 (1:1.1.8-1build1) ...
Setting up libasound2t64:amd64 (1.2.11-1ubuntu0.1) ...
Setting up fonts-tlwg-loma-otf (1:0.7.3-1) ...
Setting up libnspr4:amd64 (2:4.35-1.1build1) ...
Setting up libavahi-common-data:amd64 (0.8-13ubuntu6.1) ...
Setting up libatspi2.0-0t64:amd64 (2.52.0-1build1) ...
Setting up xfonts-encodings (1:1.0.5-0ubuntu2) ...
Setting up libfribidi0:amd64 (1.0.13-3build1) ...
Setting up fonts-ipafont-gothic (00303-21ubuntu1) ...
update-alternatives: using /usr/share/fonts/opentype/ipafont-gothic/ipag.ttf to provide /usr/share/fonts/truetype/fonts-japanese-gothic.ttf (fonts-japanese-gothic.ttf) in auto mode
Setting up xauth (1:1.1.2-1build1) ...
Setting up at-spi2-common (2.52.0-1build1) ...
Setting up fonts-liberation (1:2.1.5-3) ...
Setting up libharfbuzz0b:amd64 (8.3.0-2build2) ...
Setting up libthai-data (0.1.29-2build1) ...
Setting up xserver-common (2:21.1.12-1ubuntu1.5) ...
Setting up libdrm-common (2.4.125-1ubuntu0.1~24.04.1) ...
Setting up libxfont2:amd64 (1:2.0.6-1build1) ...
Setting up fonts-unifont (1:15.1.01-1build1) ...
Setting up libxkbcommon0:amd64 (1.6.0-1build1) ...
Setting up libatk1.0-0t64:amd64 (2.52.0-1build1) ...
Setting up xvfb (2:21.1.12-1ubuntu1.5) ...
Setting up libavahi-common3:amd64 (0.8-13ubuntu6.1) ...
Setting up libnss3:amd64 (2:3.98-1build1) ...
Setting up xfonts-utils (1:7.7+6build3) ...
Setting up libthai0:amd64 (0.1.29-2build1) ...
Setting up libdrm2:amd64 (2.4.125-1ubuntu0.1~24.04.1) ...
Setting up xfonts-cyrillic (1:1.0.5+nmu1) ...
Setting up libavahi-client3:amd64 (0.8-13ubuntu6.1) ...
Setting up xfonts-scalable (1:1.0.3-1.3) ...
Setting up libdrm-amdgpu1:amd64 (2.4.125-1ubuntu0.1~24.04.1) ...
Setting up libatk-bridge2.0-0t64:amd64 (2.52.0-1build1) ...
Setting up mesa-vulkan-drivers:amd64 (25.2.8-0ubuntu0.24.04.1) ...
Setting up libpango-1.0-0:amd64 (1.52.1+ds-1build1) ...
Setting up libdrm-intel1:amd64 (2.4.125-1ubuntu0.1~24.04.1) ...
Setting up libcups2t64:amd64 (2.4.7-1.2ubuntu7.9) ...
Setting up mesa-libgallium:amd64 (25.2.8-0ubuntu0.24.04.1) ...
Setting up libgbm1:amd64 (25.2.8-0ubuntu0.24.04.1) ...
Setting up libgl1-mesa-dri:amd64 (25.2.8-0ubuntu0.24.04.1) ...
Setting up libegl-mesa0:amd64 (25.2.8-0ubuntu0.24.04.1) ...
Setting up libglx-mesa0:amd64 (25.2.8-0ubuntu0.24.04.1) ...
Processing triggers for libc-bin (2.39-0ubuntu8.6) ...
Downloading Chromium 143.0.7499.4 (playwright build v1200) from https://cdn.playwright.dev/dbazure/download/playwright/builds/chromium/1200/chromium-linux.zip
(node:812) [DEP0169] DeprecationWarning: `url.parse()` behavior is not standardized and prone to errors that have security implications. Use the WHATWG URL API instead. CVEs are not issued for `url.parse()` vulnerabilities.
(Use `node --trace-deprecation ...` to show where the warning was created)
|                                                                                |   0% of 164.7 MiB
|■■■■■■■■                                                                        |  10% of 164.7 MiB
|■■■■■■■■■■■■■■■■                                                                |  20% of 164.7 MiB
|■■■■■■■■■■■■■■■■■■■■■■■■                                                        |  30% of 164.7 MiB
|■■■■■■■■■■■■■■■■■■■■■■■■■■■■■■■■                                                |  40% of 164.7 MiB
|■■■■■■■■■■■■■■■■■■■■■■■■■■■■■■■■■■■■■■■■                                        |  50% of 164.7 MiB
|■■■■■■■■■■■■■■■■■■■■■■■■■■■■■■■■■■■■■■■■■■■■■■■■                                |  60% of 164.7 MiB
|■■■■■■■■■■■■■■■■■■■■■■■■■■■■■■■■■■■■■■■■■■■■■■■■■■■■■■■■                        |  70% of 164.7 MiB
|■■■■■■■■■■■■■■■■■■■■■■■■■■■■■■■■■■■■■■■■■■■■■■■■■■■■■■■■■■■■■■■■                |  80% of 164.7 MiB
|■■■■■■■■■■■■■■■■■■■■■■■■■■■■■■■■■■■■■■■■■■■■■■■■■■■■■■■■■■■■■■■■■■■■■■■■        |  90% of 164.7 MiB
|■■■■■■■■■■■■■■■■■■■■■■■■■■■■■■■■■■■■■■■■■■■■■■■■■■■■■■■■■■■■■■■■■■■■■■■■■■■■■■■■| 100% of 164.7 MiB
Chromium 143.0.7499.4 (playwright build v1200) downloaded to /root/.cache/ms-playwright/chromium-1200
Downloading FFMPEG playwright build v1011 from https://cdn.playwright.dev/dbazure/download/playwright/builds/ffmpeg/1011/ffmpeg-linux.zip
(node:824) [DEP0169] DeprecationWarning: `url.parse()` behavior is not standardized and prone to errors that have security implications. Use the WHATWG URL API instead. CVEs are not issued for `url.parse()` vulnerabilities.
(Use `node --trace-deprecation ...` to show where the warning was created)
|                                                                                |   0% of 2.3 MiB
|■■■■■■■■                                                                        |  10% of 2.3 MiB
|■■■■■■■■■■■■■■■■                                                                |  20% of 2.3 MiB
|■■■■■■■■■■■■■■■■■■■■■■■■                                                        |  30% of 2.3 MiB
|■■■■■■■■■■■■■■■■■■■■■■■■■■■■■■■■                                                |  40% of 2.3 MiB
|■■■■■■■■■■■■■■■■■■■■■■■■■■■■■■■■■■■■■■■■                                        |  50% of 2.3 MiB
|■■■■■■■■■■■■■■■■■■■■■■■■■■■■■■■■■■■■■■■■■■■■■■■■                                |  60% of 2.3 MiB
|■■■■■■■■■■■■■■■■■■■■■■■■■■■■■■■■■■■■■■■■■■■■■■■■■■■■■■■■                        |  70% of 2.3 MiB
|■■■■■■■■■■■■■■■■■■■■■■■■■■■■■■■■■■■■■■■■■■■■■■■■■■■■■■■■■■■■■■■■                |  80% of 2.3 MiB
|■■■■■■■■■■■■■■■■■■■■■■■■■■■■■■■■■■■■■■■■■■■■■■■■■■■■■■■■■■■■■■■■■■■■■■■■        |  90% of 2.3 MiB
|■■■■■■■■■■■■■■■■■■■■■■■■■■■■■■■■■■■■■■■■■■■■■■■■■■■■■■■■■■■■■■■■■■■■■■■■■■■■■■■■| 100% of 2.3 MiB
FFMPEG playwright build v1011 downloaded to /root/.cache/ms-playwright/ffmpeg-1011
Downloading Chromium Headless Shell 143.0.7499.4 (playwright build v1200) from https://cdn.playwright.dev/dbazure/download/playwright/builds/chromium/1200/chromium-headless-shell-linux.zip
(node:835) [DEP0169] DeprecationWarning: `url.parse()` behavior is not standardized and prone to errors that have security implications. Use the WHATWG URL API instead. CVEs are not issued for `url.parse()` vulnerabilities.
(Use `node --trace-deprecation ...` to show where the warning was created)
|                                                                                |   0% of 109.7 MiB
|■■■■■■■■                                                                        |  10% of 109.7 MiB
|■■■■■■■■■■■■■■■■                                                                |  20% of 109.7 MiB
|■■■■■■■■■■■■■■■■■■■■■■■■                                                        |  30% of 109.7 MiB
|■■■■■■■■■■■■■■■■■■■■■■■■■■■■■■■■                                                |  40% of 109.7 MiB
|■■■■■■■■■■■■■■■■■■■■■■■■■■■■■■■■■■■■■■■■                                        |  50% of 109.7 MiB
|■■■■■■■■■■■■■■■■■■■■■■■■■■■■■■■■■■■■■■■■■■■■■■■■                                |  60% of 109.7 MiB
|■■■■■■■■■■■■■■■■■■■■■■■■■■■■■■■■■■■■■■■■■■■■■■■■■■■■■■■■                        |  70% of 109.7 MiB
|■■■■■■■■■■■■■■■■■■■■■■■■■■■■■■■■■■■■■■■■■■■■■■■■■■■■■■■■■■■■■■■■                |  80% of 109.7 MiB
|■■■■■■■■■■■■■■■■■■■■■■■■■■■■■■■■■■■■■■■■■■■■■■■■■■■■■■■■■■■■■■■■■■■■■■■■        |  90% of 109.7 MiB
|■■■■■■■■■■■■■■■■■■■■■■■■■■■■■■■■■■■■■■■■■■■■■■■■■■■■■■■■■■■■■■■■■■■■■■■■■■■■■■■■| 100% of 109.7 MiB
Chromium Headless Shell 143.0.7499.4 (playwright build v1200) downloaded to /root/.cache/ms-playwright/chromium_headless_shell-1200
--> 5bc527bed07d
STEP 15/18: WORKDIR /src/MyBlog.E2E
--> b67559aead07
STEP 16/18: ENV MYBLOG_BASE_URL=http://myblog-web:5000
--> f6173d42064a
STEP 17/18: ENV PLAYWRIGHT_HEADLESS=true
--> 32695a517303
STEP 18/18: ENTRYPOINT ["dotnet", "run", "-c", "Release", "--no-build"]
COMMIT myblog_myblog-e2e
--> 025f723f47f3
Successfully tagged localhost/myblog_myblog-e2e:latest
025f723f47f3a618893c4d91bf83c553d8a440762e5fb21b80a919bbcd537be2
[INFO] Starting MyBlog web service...
78ab18eac0d83dbf19b47a80c656834f9e36506faea1fa82662a85338079c1ac
ce23bbf436589b12086489761f3fb4d3a8ea0c0863892a1406c14bf5faa9ab22
myblog-web
[INFO] Waiting for MyBlog to be ready...
.
[INFO] MyBlog is ready!
[INFO] Running E2E tests...
e57c2b85254f8cb172c372edead5f00e7b7a4e330c80f8372783349275053aba
[myblog-web] | cannot open `/run/user/1000/crun/ce23bbf436589b12086489761f3fb4d3a8ea0c0863892a1406c14bf5faa9ab22/exec.fifo`: No such file or directory
[myblog-web] | Error: unable to start container ce23bbf436589b12086489761f3fb4d3a8ea0c0863892a1406c14bf5faa9ab22: `/usr/bin/crun start ce23bbf436589b12086489761f3fb4d3a8ea0c0863892a1406c14bf5faa9ab22` failed: exit status 1
[myblog-e2e] | xUnit.net v3 In-Process Runner v3.2.2+728c1dce01 (64-bit .NET 10.0.2)
[myblog-e2e] |   Discovering: MyBlog.E2E
[myblog-e2e] |   Discovered:  MyBlog.E2E
[myblog-e2e] |   Starting:    MyBlog.E2E
[myblog-e2e] |   Finished:    MyBlog.E2E (ID = '4d488734a9156ea8719a93bca3e9cb47dfeac4715a7981582060bf185a1e7bf4')
[myblog-e2e] | === TEST EXECUTION SUMMARY ===
[myblog-e2e] |    MyBlog.E2E  Total: 78, Errors: 0, Failed: 0, Skipped: 0, Not Run: 0, Time: 25.121s
[myblog-e2e] | 
[INFO] Capturing logs...
[INFO] Cleaning up...
myblog-e2e
myblog-web
myblog-e2e
myblog-web
myblog_myblog-data
78ab18eac0d83dbf19b47a80c656834f9e36506faea1fa82662a85338079c1ac
myblog_myblog-network
[INFO] E2E tests passed! ✓

real	1m30.617s
user	0m38.918s
sys	0m23.024s
kushal@fedora:~/src/dotnet/MyBlog$ 
