kushal@fedora:~/src/dotnet/MyBlog$ cd ~/src/dotnet/MyBlog/ && export DOTNET_CLI_TELEMETRY_OPTOUT=1 && (cd src && time dotnet format; time dotnet restore; time dotnet clean; time dotnet build; time dotnet run --project MyBlog.Tests/MyBlog.Tests.csproj; time dotnet list package; time dotnet list package --outdated); cd ~/src/dotnet/MyBlog/ && time bash export.sh; cat run-e2e.sh; time bash run-e2e.sh --clean; time bash run-e2e.sh;

real	0m9.084s
user	0m16.389s
sys	0m1.021s
Restore complete (0.5s)

Build succeeded in 0.5s

real	0m0.693s
user	0m0.758s
sys	0m0.170s

Build succeeded in 0.5s

real	0m0.652s
user	0m0.731s
sys	0m0.166s
Restore complete (0.5s)
  MyBlog.Core net10.0 succeeded (3.5s) → MyBlog.Core/bin/Debug/net10.0/MyBlog.Core.dll
  MyBlog.Infrastructure net10.0 succeeded (0.6s) → MyBlog.Infrastructure/bin/Debug/net10.0/MyBlog.Infrastructure.dll
  MyBlog.Web net10.0 succeeded (2.8s) → MyBlog.Web/bin/Debug/net10.0/MyBlog.Web.dll
  MyBlog.E2E net10.0 succeeded (0.7s) → MyBlog.E2E/bin/Debug/net10.0/MyBlog.E2E.dll
  MyBlog.Tests net10.0 succeeded (0.7s) → MyBlog.Tests/bin/Debug/net10.0/MyBlog.Tests.dll

Build succeeded in 8.3s

real	0m8.462s
user	0m3.072s
sys	0m0.551s
xUnit.net v3 In-Process Runner v3.2.2+728c1dce01 (64-bit .NET 10.0.2)
  Discovering: MyBlog.Tests
  Discovered:  MyBlog.Tests
  Starting:    MyBlog.Tests
  Finished:    MyBlog.Tests (ID = '24cedafe73dab5684218bb3cf04cfd49ae8ce3b87ae799399cb2e301cbc1e755')
=== TEST EXECUTION SUMMARY ===
   MyBlog.Tests  Total: 182, Errors: 0, Failed: 0, Skipped: 0, Not Run: 0, Time: 43.373s

real	0m45.391s
user	0m49.192s
sys	0m0.743s
Restore complete (0.4s)

Build succeeded in 0.5s
Project 'MyBlog.Core' has the following package references
   [net10.0]: 
   Top-level Package                   Requested   Resolved
   > Microsoft.Extensions.Logging      10.0.2      10.0.2  

Project 'MyBlog.E2E' has the following package references
   [net10.0]: 
   Top-level Package             Requested   Resolved
   > Microsoft.NET.Test.Sdk      18.0.1      18.0.1  
   > Microsoft.Playwright        1.57.0      1.57.0  
   > xunit.v3                    3.2.2       3.2.2   

Project 'MyBlog.Infrastructure' has the following package references
   [net10.0]: 
   Top-level Package                           Requested   Resolved
   > Microsoft.AspNetCore.Identity             2.3.9       2.3.9   
   > Microsoft.EntityFrameworkCore.Sqlite      10.0.2      10.0.2  
   > Microsoft.Extensions.Http                 10.0.2      10.0.2  
   > OpenTelemetry                             1.15.0      1.15.0  

Project 'MyBlog.Tests' has the following package references
   [net10.0]: 
   Top-level Package                             Requested   Resolved
   > Microsoft.EntityFrameworkCore.Sqlite        10.0.2      10.0.2  
   > Microsoft.NET.Test.Sdk                      18.0.1      18.0.1  
   > Microsoft.Testing.Extensions.TrxReport      2.0.2       2.0.2   
   > xunit.v3                                    3.2.2       3.2.2   

Project 'MyBlog.Web' has the following package references
   [net10.0]: 
   Top-level Package                                  Requested    Resolved
   > Microsoft.AspNetCore.App.Internal.Assets   (A)   [10.0.2, )   10.0.2  
   > Microsoft.AspNetCore.SignalR.Client              10.0.2       10.0.2  
   > OpenTelemetry.Exporter.Console                   1.15.0       1.15.0  
   > OpenTelemetry.Extensions.Hosting                 1.15.0       1.15.0  
   > OpenTelemetry.Instrumentation.AspNetCore         1.15.0       1.15.0  
   > OpenTelemetry.Instrumentation.Http               1.15.0       1.15.0  

(A) : Auto-referenced package.

real	0m1.524s
user	0m1.540s
sys	0m0.368s
Restore complete (0.4s)

Build succeeded in 0.5s

The following sources were used:
   https://api.nuget.org/v3/index.json

The given project `MyBlog.Core` has no updates given the current sources.
The given project `MyBlog.E2E` has no updates given the current sources.
The given project `MyBlog.Infrastructure` has no updates given the current sources.
The given project `MyBlog.Tests` has no updates given the current sources.
The given project `MyBlog.Web` has no updates given the current sources.

real	0m3.909s
user	0m2.453s
sys	0m0.413s
==============================================
  Project Export for LLM Analysis
==============================================

Project Path: /home/kushal/src/dotnet/MyBlog
Output File:  docs/llm/dump.txt

Generating directory structure...
Collecting files...
Found 126 files to export

Processing (1/126): docker-compose.e2e.yml
Processing (2/126): docker-compose.yml
Processing (3/126): .editorconfig
Processing (4/126): export.sh
Processing (5/126): .github/workflows/build-deploy.yml
Processing (6/126): .gitignore
Processing (7/126): README.md
Processing (8/126): run-e2e.sh
Processing (9/126): src/Directory.Build.props
Processing (10/126): src/Directory.Packages.props
Processing (11/126): src/.github/workflows/build-deploy.yml
Processing (12/126): src/global.json
Processing (13/126): src/MyBlog.Core/Constants/AppConstants.cs
Processing (14/126): src/MyBlog.Core/Interfaces/IAuthService.cs
Processing (15/126): src/MyBlog.Core/Interfaces/IImageDimensionService.cs
Processing (16/126): src/MyBlog.Core/Interfaces/IImageRepository.cs
Processing (17/126): src/MyBlog.Core/Interfaces/IMarkdownService.cs
Processing (18/126): src/MyBlog.Core/Interfaces/IPasswordService.cs
Processing (19/126): src/MyBlog.Core/Interfaces/IPostRepository.cs
Processing (20/126): src/MyBlog.Core/Interfaces/IReaderTrackingService.cs
Processing (21/126): src/MyBlog.Core/Interfaces/ISlugService.cs
Processing (22/126): src/MyBlog.Core/Interfaces/ITelemetryLogRepository.cs
Processing (23/126): src/MyBlog.Core/Interfaces/IUserRepository.cs
Processing (24/126): src/MyBlog.Core/Models/Image.cs
Processing (25/126): src/MyBlog.Core/Models/ImageDimensionCache.cs
Processing (26/126): src/MyBlog.Core/Models/Post.cs
Processing (27/126): src/MyBlog.Core/Models/PostDto.cs
Processing (28/126): src/MyBlog.Core/Models/TelemetryLog.cs
Processing (29/126): src/MyBlog.Core/Models/User.cs
Processing (30/126): src/MyBlog.Core/MyBlog.Core.csproj
Processing (31/126): src/MyBlog.Core/Services/MarkdownService.cs
Processing (32/126): src/MyBlog.Core/Services/SlugService.cs
Processing (33/126): src/MyBlog.E2E/Dockerfile
Processing (34/126): src/MyBlog.E2E/MyBlog.E2E.csproj
Processing (35/126): src/MyBlog.E2E/PlaywrightCollection.cs
Processing (36/126): src/MyBlog.E2E/PlaywrightFixture.cs
Processing (37/126): src/MyBlog.E2E/Tests/AboutPageTests.cs
Processing (38/126): src/MyBlog.E2E/Tests/AdminPageTests.cs
Processing (39/126): src/MyBlog.E2E/Tests/AuthenticationTests.cs
Processing (40/126): src/MyBlog.E2E/Tests/HomePageTests.cs
Processing (41/126): src/MyBlog.E2E/Tests/LoginPageTests.cs
Processing (42/126): src/MyBlog.E2E/Tests/NavigationTests.cs
Processing (43/126): src/MyBlog.E2E/Tests/SeoTests.cs
Processing (44/126): src/MyBlog.E2E/Tests/ThemeSwitcherTests.cs
Processing (45/126): src/MyBlog.Infrastructure/Data/BlogDbContext.cs
Processing (46/126): src/MyBlog.Infrastructure/Data/DatabasePathResolver.cs
Processing (47/126): src/MyBlog.Infrastructure/Data/DatabaseSchemaUpdater.cs
Processing (48/126): src/MyBlog.Infrastructure/MyBlog.Infrastructure.csproj
Processing (49/126): src/MyBlog.Infrastructure/Repositories/ImageRepository.cs
Processing (50/126): src/MyBlog.Infrastructure/Repositories/PostRepository.cs
Processing (51/126): src/MyBlog.Infrastructure/Repositories/TelemetryLogRepository.cs
Processing (52/126): src/MyBlog.Infrastructure/Repositories/UserRepository.cs
Processing (53/126): src/MyBlog.Infrastructure/ServiceCollectionExtensions.cs
Processing (54/126): src/MyBlog.Infrastructure/Services/AuthService.cs
Processing (55/126): src/MyBlog.Infrastructure/Services/ImageCacheWarmerService.cs
Processing (56/126): src/MyBlog.Infrastructure/Services/ImageDimensionService.cs
Processing (57/126): src/MyBlog.Infrastructure/Services/PasswordService.cs
Processing (58/126): src/MyBlog.Infrastructure/Services/ReaderTrackingService.cs
Processing (59/126): src/MyBlog.Infrastructure/Services/TelemetryCleanupService.cs
Processing (60/126): src/MyBlog.Infrastructure/Telemetry/DatabaseLogExporter.cs
Processing (61/126): src/MyBlog.Infrastructure/Telemetry/FileLogExporter.cs
Processing (62/126): src/MyBlog.Infrastructure/Telemetry/TelemetryPathResolver.cs
Processing (63/126): src/MyBlog.slnx
Processing (64/126): src/MyBlog.Tests/Integration/AuthServiceLongPasswordTests.cs
Processing (65/126): src/MyBlog.Tests/Integration/AuthServiceTests.cs
Processing (66/126): src/MyBlog.Tests/Integration/ImageRepositoryTests.cs
Processing (67/126): src/MyBlog.Tests/Integration/PasswordChangeTests.cs
Processing (68/126): src/MyBlog.Tests/Integration/PostRepositoryExtendedTests.cs
Processing (69/126): src/MyBlog.Tests/Integration/PostRepositoryTests.cs
Processing (70/126): src/MyBlog.Tests/Integration/TelemetryCleanupTests.cs
Processing (71/126): src/MyBlog.Tests/Integration/TelemetryLogRepositoryTests.cs
Processing (72/126): src/MyBlog.Tests/Integration/UserRepositoryTests.cs
Processing (73/126): src/MyBlog.Tests/MyBlog.Tests.csproj
Processing (74/126): src/MyBlog.Tests/Unit/DatabasePathResolverTests.cs
Processing (75/126): src/MyBlog.Tests/Unit/LoginRateLimitMiddlewareTests.cs
Processing (76/126): src/MyBlog.Tests/Unit/MarkdownServiceEdgeCaseTests.cs
Processing (77/126): src/MyBlog.Tests/Unit/MarkdownServiceTests.cs
Processing (78/126): src/MyBlog.Tests/Unit/PasswordServiceTests.cs
Processing (79/126): src/MyBlog.Tests/Unit/ReaderTrackingServiceTests.cs
Processing (80/126): src/MyBlog.Tests/Unit/SlugServiceTests.cs
Processing (81/126): src/MyBlog.Web/appsettings.Development.json
Processing (82/126): src/MyBlog.Web/appsettings.json
Processing (83/126): src/MyBlog.Web/Components/App.razor
Processing (84/126): src/MyBlog.Web/Components/_Imports.razor
Processing (85/126): src/MyBlog.Web/Components/Layout/MainLayout.razor
Processing (86/126): src/MyBlog.Web/Components/Pages/About.razor
Processing (87/126): src/MyBlog.Web/Components/Pages/About.razor.css
Processing (88/126): src/MyBlog.Web/Components/Pages/AccessDenied.razor
Processing (89/126): src/MyBlog.Web/Components/Pages/Admin/ChangePassword.razor
Processing (90/126): src/MyBlog.Web/Components/Pages/Admin/ChangePassword.razor.css
Processing (91/126): src/MyBlog.Web/Components/Pages/Admin/Dashboard.razor
Processing (92/126): src/MyBlog.Web/Components/Pages/Admin/Dashboard.razor.css
Processing (93/126): src/MyBlog.Web/Components/Pages/Admin/ImageManager.razor
Processing (94/126): src/MyBlog.Web/Components/Pages/Admin/ImageManager.razor.css
Processing (95/126): src/MyBlog.Web/Components/Pages/Admin/PostEditor.razor
Processing (96/126): src/MyBlog.Web/Components/Pages/Admin/PostEditor.razor.css
Processing (97/126): src/MyBlog.Web/Components/Pages/Admin/PostList.razor
Processing (98/126): src/MyBlog.Web/Components/Pages/Admin/UserEditor.razor
Processing (99/126): src/MyBlog.Web/Components/Pages/Admin/UserEditor.razor.css
Processing (100/126): src/MyBlog.Web/Components/Pages/Admin/UserList.razor
Processing (101/126): src/MyBlog.Web/Components/Pages/Admin/UserList.razor.css
Processing (102/126): src/MyBlog.Web/Components/Pages/Home.razor
Processing (103/126): src/MyBlog.Web/Components/Pages/Login.razor
Processing (104/126): src/MyBlog.Web/Components/Pages/Login.razor.css
Processing (105/126): src/MyBlog.Web/Components/Pages/PostDetail.razor
Processing (106/126): src/MyBlog.Web/Components/Pages/PostDetail.razor.css
Processing (107/126): src/MyBlog.Web/Components/Routes.razor
Processing (108/126): src/MyBlog.Web/Components/Shared/Footer.razor
Processing (109/126): src/MyBlog.Web/Components/Shared/Footer.razor.css
Processing (110/126): src/MyBlog.Web/Components/Shared/MarkdownRenderer.razor
Processing (111/126): src/MyBlog.Web/Components/Shared/Pagination.razor
Processing (112/126): src/MyBlog.Web/Components/Shared/PostCard.razor
Processing (113/126): src/MyBlog.Web/Components/Shared/PostCard.razor.css
Processing (114/126): src/MyBlog.Web/Components/Shared/ReaderBadge.razor
Processing (115/126): src/MyBlog.Web/Components/Shared/ReaderBadge.razor.css
Processing (116/126): src/MyBlog.Web/Components/Shared/RedirectToLogin.razor
Processing (117/126): src/MyBlog.Web/Components/Shared/ThemeSwitcher.razor
Processing (118/126): src/MyBlog.Web/Components/Shared/ThemeSwitcher.razor.css
Processing (119/126): src/MyBlog.Web/Dockerfile
Processing (120/126): src/MyBlog.Web/Hubs/ReaderHub.cs
Processing (121/126): src/MyBlog.Web/Middleware/LoginRateLimitMiddleware.cs
Processing (122/126): src/MyBlog.Web/MyBlog.Web.csproj
Processing (123/126): src/MyBlog.Web/Program.cs
Processing (124/126): src/MyBlog.Web/Properties/launchSettings.json
Processing (125/126): src/MyBlog.Web/wwwroot/css/site.css
Processing (126/126): src/MyBlog.Web/wwwroot/js/site.js

==============================================
  Export Complete!
==============================================

Output file:    docs/llm/dump.txt
Files exported: 126
Files skipped:  0
Output size:    522.19 KB

File types included:
  • Source code: .cs, .fs, .vb
  • Blazor/Razor: .razor
  • UI/XAML: .axaml, .xaml, .paml
  • Projects: .csproj, .slnx, .sln, .props, .targets
  • Config: .json, .yaml, .yml, .xml, .config
  • Docs: .md, .txt
  • Scripts: .sh, .ps1, .cmd, .bat
  • Web: .css, .scss, .js, .ts
  • Other: .sql, .resx, Dockerfile, etc.


real	0m1.276s
user	0m0.777s
sys	0m0.748s
#!/bin/bash
# =============================================================================
# Run E2E Tests with Podman Compose
# =============================================================================
# This script runs Playwright E2E tests against MyBlog using containers.
# Designed for Fedora with SELinux and Podman.
#
# Usage:
#   ./run-e2e.sh          # Run all E2E tests
#   ./run-e2e.sh --build  # Force rebuild containers
#   ./run-e2e.sh --clean  # Clean up and remove volumes
# =============================================================================

set -e

SCRIPT_DIR="$(cd "$(dirname "${BASH_SOURCE[0]}")" && pwd)"
cd "$SCRIPT_DIR"

# Colors for output
RED='\033[0;31m'
GREEN='\033[0;32m'
YELLOW='\033[1;33m'
NC='\033[0m' # No Color

log_info() {
    echo -e "${GREEN}[INFO]${NC} $1"
}

log_warn() {
    echo -e "${YELLOW}[WARN]${NC} $1"
}

log_error() {
    echo -e "${RED}[ERROR]${NC} $1"
}

# Parse arguments
BUILD_FLAG=""
CLEAN_FLAG=""

for arg in "$@"; do
    case $arg in
        --build)
            BUILD_FLAG="--build"
            ;;
        --clean)
            CLEAN_FLAG="true"
            ;;
    esac
done

# Clean up if requested
if [ "$CLEAN_FLAG" == "true" ]; then
    log_info "Cleaning up containers and volumes..."
    podman-compose -f docker-compose.e2e.yml down -v --remove-orphans 2>/dev/null || true
    podman system prune -f 2>/dev/null || true
    log_info "Cleanup complete"
    exit 0
fi

# Create test results directory
mkdir -p test-results
# Set SELinux context if on Fedora with SELinux
if command -v chcon &> /dev/null && getenforce 2>/dev/null | grep -q "Enforcing"; then
    log_info "Setting SELinux context for test-results directory..."
    chcon -Rt svirt_sandbox_file_t test-results 2>/dev/null || true
fi

log_info "Starting E2E test environment..."

# Build and start services
log_info "Building containers..."
podman-compose -f docker-compose.e2e.yml build $BUILD_FLAG

log_info "Starting MyBlog web service..."
podman-compose -f docker-compose.e2e.yml up -d myblog-web

# Wait for web service to be healthy
log_info "Waiting for MyBlog to be ready..."
RETRIES=30
until podman exec myblog-web curl -sf http://localhost:5000/ > /dev/null 2>&1; do
    RETRIES=$((RETRIES - 1))
    if [ $RETRIES -eq 0 ]; then
        log_error "MyBlog failed to start within timeout"
        podman-compose -f docker-compose.e2e.yml logs myblog-web
        podman-compose -f docker-compose.e2e.yml down -v
        exit 1
    fi
    echo -n "."
    sleep 2
done
echo ""
log_info "MyBlog is ready!"

# Run E2E tests
log_info "Running E2E tests..."
podman-compose -f docker-compose.e2e.yml up myblog-e2e
E2E_EXIT_CODE=$?

# Capture logs
log_info "Capturing logs..."
podman-compose -f docker-compose.e2e.yml logs myblog-web > test-results/myblog-web.log 2>&1
podman-compose -f docker-compose.e2e.yml logs myblog-e2e > test-results/myblog-e2e.log 2>&1

# Clean up
log_info "Cleaning up..."
podman-compose -f docker-compose.e2e.yml down -v

if [ $E2E_EXIT_CODE -eq 0 ]; then
    log_info "E2E tests passed! ✓"
else
    log_error "E2E tests failed with exit code $E2E_EXIT_CODE"
    log_info "Check test-results/ directory for logs"
fi

exit $E2E_EXIT_CODE
[INFO] Cleaning up containers and volumes...
Deleted Images
dd2c52a3fa941bd78efdfda692003b2c7806b4586ff6a3eb56d28004850561ac
bf291d311c7d2f3fa89873040d6aae1c5840c18df42ad284c7898888827fbadf
a399777c03df5ef558eb9bb2e549d91b77f18e9dd4c0b5afe452d346a11ce681
c99eabb0e643acb118277c457c6dd9c49501d2fd2f49b36b3c6bb2cf0514f7c8
dae9d4c30397f205f51ce26d3317aa45d31a9cc76fb4f4d8babd9217491d6bb6
7fad41a780fbe425961e0741d6e8bbaccd5d23c48065088d9df0da8298f11b34
6882e57cf723d6637beeb15328bb2c394fda086995c52c61a4ae96a30a05297c
6dc5c12964e089e9cba98b7d5b48f934337c6d912c2de4eaded22cbc7850384f
4baeeb263ed771acc7083ae80e3c4576cb04b40a9527e53e344cd0988208d576
e664bf66141a8915d491472d562517936c078fd5b8d0efd2e8c6287c5950e3d4
5e881e3dbce89e6adb54bc12d954dbaade54b46961796d0de9f0ae7683615a76
4fc1864a4574d6742984e135fbfb2626b8cd4074c7bd7e096636c7500b4d6f56
c97d6604368ea32dfaf18135907bd6e1e004e4226fdff87b693aca4d7079899d
ebb7b04fb618f25f0ca9b18986f9e5332aa96838fc4b0417a4bdbfb7d854add2
1953d902f70a54fdb43310829de45b86d0758a2aaaef59bfdade7dc088b197d7
a3b4cbf44b9590cea359b96b60fe3f6889428abca5e674cc36bc826b5b752e3d
f9de4e0de8a76f8ae132e2b28d521af2b23abd3840aa05ce73c5dfc91a7d58c9
74698c6391d7ba5da58b9d6a2e665fe678c5def1586e54055608431c248c87ed
3ff7965982792bbc497012aa60164616abd36aca02ba4b69068113ec3e1a5d5b
dbe0b90fa02d037b43b7fb9abe58b8bd22acb480bbee55da2fda1a1d894fb9a3
98a8643f1957f0d698d5fd4e4e90404e8153475667d65eb2e46459eab115bfa0
fb2ebcea26d8cd167baf2c1ce2be3d076616a6c9359d73308d6e9354341bdac2
1fcecc32bcf9eb42c4ff03cff129729e20df1cabbdde9ea0c03876dfb7e0aae4
fa14052cefe8df286b05c13aedd3822c6a45a46039a5b0b711a0d544c8205a22
Total reclaimed space: 42.79GB
[INFO] Cleanup complete

real	0m1.027s
user	0m0.505s
sys	0m0.566s
[INFO] Setting SELinux context for test-results directory...
[INFO] Starting E2E test environment...
[INFO] Building containers...
STEP 1/18: FROM mcr.microsoft.com/dotnet/sdk:10.0 AS build
[1/2] STEP 1/12: FROM mcr.microsoft.com/dotnet/sdk:10.0 AS build
STEP 2/18: WORKDIR /src
--> Using cache c0f951cdf7818c25a801d76241c43a519f74913b58ca3c8d68071526ad1473dc
--> c0f951cdf781
STEP 3/18: RUN apt-get update && apt-get install -y nodejs npm && rm -rf /var/lib/apt/lists/*
--> Using cache 7bd3245d151178c6b376f4a7a4b67fe7ecce8ed2c53cb934a8f07a078aa635e8
--> 7bd3245d1511
STEP 4/18: RUN apt-get update && apt-get install -y wget &&     wget -q https://packages.microsoft.com/config/debian/12/packages-microsoft-prod.deb &&     dpkg -i packages-microsoft-prod.deb &&     rm packages-microsoft-prod.deb &&     apt-get update && apt-get install -y powershell &&     rm -rf /var/lib/apt/lists/*
--> Using cache 948346108d6ac93fe878f7bab089dc72f5498ab7a4fa30e51d4df43308391228
--> 948346108d6a
STEP 5/18: COPY Directory.Build.props .
--> Using cache c4a9dc18c3762fdd409b0baae14ef2f48b5f524cbb656d3b110ca4970ddb4ceb
--> c4a9dc18c376
STEP 6/18: COPY Directory.Packages.props .
--> Using cache 6dea2813ee479703c367db1d0ab238785857ce0c0dfd02d46c8e47699f40706a
--> 6dea2813ee47
STEP 7/18: COPY MyBlog.Core/MyBlog.Core.csproj MyBlog.Core/
[1/2] STEP 2/12: WORKDIR /src
--> Using cache 26b7167e9d33e3adf018ba3f02fa415c50df7db2ea9ef3d3b696a6c25fddeb07
--> 26b7167e9d33
STEP 8/18: COPY MyBlog.Infrastructure/MyBlog.Infrastructure.csproj MyBlog.Infrastructure/
--> Using cache c0f951cdf7818c25a801d76241c43a519f74913b58ca3c8d68071526ad1473dc
--> c0f951cdf781
[1/2] STEP 3/12: COPY Directory.Build.props .
--> Using cache 39fa24c9fb5e73db4ea74e2ea5eba8ab223f1e7b58d032dd3027222d0e3f10c3
--> 39fa24c9fb5e
STEP 9/18: COPY MyBlog.Web/MyBlog.Web.csproj MyBlog.Web/
--> 2df9e1a5d6f7
[1/2] STEP 4/12: COPY Directory.Packages.props .
--> Using cache 0676640a9fb43a68fca885c900e335d76f35378125a1643e488abf4952dc6fbc
--> 0676640a9fb4
STEP 10/18: COPY MyBlog.E2E/MyBlog.E2E.csproj MyBlog.E2E/
--> e6775f9d52f8
--> Using cache aaa696cb65b279c939a4b49ed9026de4481280814a6e466076cf0a72f284e18b
[1/2] STEP 5/12: COPY MyBlog.Core/MyBlog.Core.csproj MyBlog.Core/
--> aaa696cb65b2
STEP 11/18: RUN dotnet restore MyBlog.Core/MyBlog.Core.csproj &&     dotnet restore MyBlog.Infrastructure/MyBlog.Infrastructure.csproj &&     dotnet restore MyBlog.Web/MyBlog.Web.csproj &&     dotnet restore MyBlog.E2E/MyBlog.E2E.csproj
--> Using cache df6530599f3bc2d10e357ab437426be3e28ab5006d07886f20e131fbb2eb339d
--> df6530599f3b
STEP 12/18: COPY . .
--> c58511e72b90
[1/2] STEP 6/12: COPY MyBlog.Infrastructure/MyBlog.Infrastructure.csproj MyBlog.Infrastructure/
--> d3001b979b6f
[1/2] STEP 7/12: COPY MyBlog.Web/MyBlog.Web.csproj MyBlog.Web/
--> 4b2139770ea9
[1/2] STEP 8/12: RUN dotnet restore MyBlog.Web/MyBlog.Web.csproj
  Determining projects to restore...
--> 4d178019e9ad
STEP 13/18: RUN dotnet build MyBlog.E2E/MyBlog.E2E.csproj -c Release
  Restored /src/MyBlog.Core/MyBlog.Core.csproj (in 1.49 sec).
  Determining projects to restore...
  Restored /src/MyBlog.Core/MyBlog.Core.csproj (in 388 ms).
  Restored /src/MyBlog.Infrastructure/MyBlog.Infrastructure.csproj (in 392 ms).
  Restored /src/MyBlog.E2E/MyBlog.E2E.csproj (in 397 ms).
  Restored /src/MyBlog.Web/MyBlog.Web.csproj (in 2.74 sec).
  Restored /src/MyBlog.Web/MyBlog.Web.csproj (in 638 ms).
  Restored /src/MyBlog.Infrastructure/MyBlog.Infrastructure.csproj (in 3.31 sec).
--> f89c23f1a9e8
[1/2] STEP 9/12: COPY MyBlog.Core/ MyBlog.Core/
--> 078d61978b3f
[1/2] STEP 10/12: COPY MyBlog.Infrastructure/ MyBlog.Infrastructure/
--> c879b0ca18c5
[1/2] STEP 11/12: COPY MyBlog.Web/ MyBlog.Web/
--> 1b4b89be9a58
[1/2] STEP 12/12: RUN dotnet publish MyBlog.Web/MyBlog.Web.csproj -c Release -o /app/publish
  MyBlog.Core -> /src/MyBlog.Core/bin/Release/net10.0/MyBlog.Core.dll
  Determining projects to restore...
  MyBlog.Infrastructure -> /src/MyBlog.Infrastructure/bin/Release/net10.0/MyBlog.Infrastructure.dll
  Restored /src/MyBlog.Infrastructure/MyBlog.Infrastructure.csproj (in 163 ms).
  Restored /src/MyBlog.Core/MyBlog.Core.csproj (in 158 ms).
  Restored /src/MyBlog.Web/MyBlog.Web.csproj (in 518 ms).
  MyBlog.Web -> /src/MyBlog.Web/bin/Release/net10.0/MyBlog.Web.dll
  MyBlog.E2E -> /src/MyBlog.E2E/bin/Release/net10.0/MyBlog.E2E.dll

Build succeeded.
    0 Warning(s)
    0 Error(s)

Time Elapsed 00:00:07.80
  MyBlog.Core -> /src/MyBlog.Core/bin/Release/net10.0/MyBlog.Core.dll
  MyBlog.Infrastructure -> /src/MyBlog.Infrastructure/bin/Release/net10.0/MyBlog.Infrastructure.dll
--> e629efbe2b5f
STEP 14/18: RUN pwsh ./MyBlog.E2E/bin/Release/net10.0/playwright.ps1 install chromium --with-deps
Installing dependencies...
Get:1 http://archive.ubuntu.com/ubuntu noble InRelease [256 kB]
Get:2 https://packages.microsoft.com/debian/12/prod bookworm InRelease [3618 B]
Get:3 http://archive.ubuntu.com/ubuntu noble-updates InRelease [126 kB]
Get:4 http://security.ubuntu.com/ubuntu noble-security InRelease [126 kB]
Get:5 https://packages.microsoft.com/debian/12/prod bookworm/main amd64 Packages [151 kB]
Get:6 http://archive.ubuntu.com/ubuntu noble-backports InRelease [126 kB]
Get:7 http://archive.ubuntu.com/ubuntu noble/main amd64 Packages [1808 kB]
Get:8 https://packages.microsoft.com/debian/12/prod bookworm/main arm64 Packages [57.2 kB]
Get:9 https://packages.microsoft.com/debian/12/prod bookworm/main all Packages [573 B]
Get:10 https://packages.microsoft.com/debian/12/prod bookworm/main armhf Packages [19.0 kB]
Get:11 http://archive.ubuntu.com/ubuntu noble/universe amd64 Packages [19.3 MB]
Get:12 http://archive.ubuntu.com/ubuntu noble/restricted amd64 Packages [117 kB]
Get:13 http://archive.ubuntu.com/ubuntu noble/multiverse amd64 Packages [331 kB]
Get:14 http://archive.ubuntu.com/ubuntu noble-updates/universe amd64 Packages [1975 kB]
Get:15 http://security.ubuntu.com/ubuntu noble-security/main amd64 Packages [1776 kB]
Get:16 http://archive.ubuntu.com/ubuntu noble-updates/main amd64 Packages [2171 kB]
Get:17 http://archive.ubuntu.com/ubuntu noble-updates/multiverse amd64 Packages [38.1 kB]
Get:18 http://archive.ubuntu.com/ubuntu noble-updates/restricted amd64 Packages [3219 kB]
Get:19 http://archive.ubuntu.com/ubuntu noble-backports/main amd64 Packages [49.5 kB]
Get:20 http://archive.ubuntu.com/ubuntu noble-backports/universe amd64 Packages [34.6 kB]
  MyBlog.Web -> /src/MyBlog.Web/bin/Release/net10.0/MyBlog.Web.dll
  MyBlog.Web -> /app/publish/
Get:21 http://security.ubuntu.com/ubuntu noble-security/universe amd64 Packages [1194 kB]
Get:22 http://security.ubuntu.com/ubuntu noble-security/multiverse amd64 Packages [34.8 kB]
Get:23 http://security.ubuntu.com/ubuntu noble-security/restricted amd64 Packages [3008 kB]
Fetched 35.9 MB in 2s (17.6 MB/s)
Reading package lists...--> 24de71b44dfc
[2/2] STEP 1/12: FROM mcr.microsoft.com/dotnet/aspnet:10.0 AS runtime
[2/2] STEP 2/12: WORKDIR /app
--> Using cache 7ab200e45b1fba59b74177866b30af0761e035beacbc6a5d1607edc1b649f36a
--> 7ab200e45b1f
[2/2] STEP 3/12: RUN apt-get update && apt-get install -y --no-install-recommends curl && rm -rf /var/lib/apt/lists/*
--> Using cache 1e21b972573d10c4ea9d7b8076e58aed09bb9967e8ee6d5a8c3c77e2cddd1001
--> 1e21b972573d
[2/2] STEP 4/12: RUN useradd -m -s /bin/bash appuser
--> Using cache 7b0ba419cc37495396a1969cd185514b97ee464988ce4bddc954893f0ac664d5
--> 7b0ba419cc37
[2/2] STEP 5/12: RUN mkdir -p /app/data && chown appuser:appuser /app/data
--> Using cache 1a52159880ea26e77195a71342eb88df7e9cb2112f4b48a28ce51dfc69734231
--> 1a52159880ea
[2/2] STEP 6/12: COPY --from=build /app/publish .

Reading package lists...--> 079f12883bbb
[2/2] STEP 7/12: ENV ASPNETCORE_URLS=http://+:5000
--> 4a0537cecbd7
[2/2] STEP 8/12: ENV ASPNETCORE_ENVIRONMENT=Production
--> 579437598e02
[2/2] STEP 9/12: ENV ConnectionStrings__DefaultConnection="Data Source=/app/data/myblog.db"
--> 9065ca5fc88e
[2/2] STEP 10/12: USER appuser
--> f1e3eb7ab5f7
[2/2] STEP 11/12: EXPOSE 5000
--> 72c809041e38
[2/2] STEP 12/12: ENTRYPOINT ["dotnet", "MyBlog.Web.dll"]

Building dependency tree...[2/2] COMMIT myblog_myblog-web
--> 1726442cbb09
Successfully tagged localhost/myblog_myblog-web:latest

Reading state information...
1726442cbb09fcc64ba62a57897052ca7bccf1ff6b751701444eac6e40376664
libdbus-1-3 is already the newest version (1.14.10-4ubuntu4.1).
libdbus-1-3 set to manually installed.
libglib2.0-0t64 is already the newest version (2.80.0-6ubuntu3.7).
libglib2.0-0t64 set to manually installed.
libx11-6 is already the newest version (2:1.8.7-1build1).
libx11-6 set to manually installed.
libxcb1 is already the newest version (1.15-1ubuntu2).
libxcb1 set to manually installed.
libxcomposite1 is already the newest version (1:0.4.5-1build3).
libxcomposite1 set to manually installed.
libxext6 is already the newest version (2:1.3.4-1build2).
libxext6 set to manually installed.
libxfixes3 is already the newest version (1:6.0.0-2build1).
libxfixes3 set to manually installed.
libxrandr2 is already the newest version (2:1.5.2-2build1).
libxrandr2 set to manually installed.
libfontconfig1 is already the newest version (2.15.0-1.1ubuntu2).
libfontconfig1 set to manually installed.
libfreetype6 is already the newest version (2.13.2+dfsg-1build3).
libfreetype6 set to manually installed.
The following package was automatically installed and is no longer required:
  libwayland-server0
Use 'apt autoremove' to remove it.
The following additional packages will be installed:
  at-spi2-common fontconfig libasound2-data libavahi-client3
  libavahi-common-data libavahi-common3 libdatrie1 libdrm-amdgpu1
  libdrm-common libdrm-intel1 libegl-mesa0 libfontenc1 libfribidi0
  libgl1-mesa-dri libglx-mesa0 libgraphite2-3 libharfbuzz0b libpixman-1-0
  libthai-data libthai0 libunwind8 libxcb-render0 libxfont2 mesa-libgallium
  mesa-vulkan-drivers x11-xkb-utils xauth xfonts-encodings xfonts-utils
  xkb-data xserver-common
Suggested packages:
  alsa-utils libasound2-plugins cups-common
Recommended packages:
  fonts-ipafont-mincho fonts-liberation-sans-narrow fonts-tlwg-loma
  alsa-ucm-conf alsa-topology-conf at-spi2-core xfonts-base
The following NEW packages will be installed:
  at-spi2-common fontconfig fonts-freefont-ttf fonts-ipafont-gothic
  fonts-liberation fonts-noto-color-emoji fonts-tlwg-loma-otf fonts-unifont
  fonts-wqy-zenhei libasound2-data libasound2t64 libatk-bridge2.0-0t64
  libatk1.0-0t64 libatspi2.0-0t64 libavahi-client3 libavahi-common-data
  libavahi-common3 libcairo2 libcups2t64 libdatrie1 libfontenc1 libfribidi0
  libgraphite2-3 libharfbuzz0b libnspr4 libnss3 libpango-1.0-0 libpixman-1-0
  libthai-data libthai0 libunwind8 libxcb-render0 libxdamage1 libxfont2
  libxkbcommon0 x11-xkb-utils xauth xfonts-cyrillic xfonts-encodings
  xfonts-scalable xfonts-utils xkb-data xserver-common xvfb
The following packages will be upgraded:
  libdrm-amdgpu1 libdrm-common libdrm-intel1 libdrm2 libegl-mesa0 libgbm1
  libgl1-mesa-dri libglx-mesa0 mesa-libgallium mesa-vulkan-drivers
10 upgraded, 44 newly installed, 0 to remove and 1 not upgraded.
Need to get 67.5 MB of archives.
After this operation, 134 MB of additional disk space will be used.
Get:1 http://archive.ubuntu.com/ubuntu noble/universe amd64 fonts-ipafont-gothic all 00303-21ubuntu1 [3513 kB]
Get:2 http://archive.ubuntu.com/ubuntu noble/main amd64 libfribidi0 amd64 1.0.13-3build1 [26.1 kB]
Get:3 http://archive.ubuntu.com/ubuntu noble-updates/main amd64 xkb-data all 2.41-2ubuntu1.1 [397 kB]
Get:4 http://archive.ubuntu.com/ubuntu noble-updates/main amd64 libdrm-common all 2.4.125-1ubuntu0.1~24.04.1 [9174 B]
Get:5 http://archive.ubuntu.com/ubuntu noble-updates/main amd64 libdrm2 amd64 2.4.125-1ubuntu0.1~24.04.1 [41.3 kB]
Get:6 http://archive.ubuntu.com/ubuntu noble/main amd64 libxkbcommon0 amd64 1.6.0-1build1 [122 kB]
Get:7 http://archive.ubuntu.com/ubuntu noble/main amd64 xauth amd64 1:1.1.2-1build1 [25.6 kB]
Get:8 http://archive.ubuntu.com/ubuntu noble/main amd64 at-spi2-common all 2.52.0-1build1 [8674 B]
Get:9 http://archive.ubuntu.com/ubuntu noble/main amd64 fontconfig amd64 2.15.0-1.1ubuntu2 [180 kB]
Get:10 http://archive.ubuntu.com/ubuntu noble/main amd64 fonts-freefont-ttf all 20211204+svn4273-2 [5641 kB]
Get:11 http://archive.ubuntu.com/ubuntu noble/main amd64 fonts-liberation all 1:2.1.5-3 [1603 kB]
Get:12 http://archive.ubuntu.com/ubuntu noble-updates/main amd64 fonts-noto-color-emoji all 2.047-0ubuntu0.24.04.1 [9764 kB]
Get:13 http://archive.ubuntu.com/ubuntu noble/universe amd64 fonts-tlwg-loma-otf all 1:0.7.3-1 [107 kB]
Get:14 http://archive.ubuntu.com/ubuntu noble/universe amd64 fonts-unifont all 1:15.1.01-1build1 [2993 kB]
Get:15 http://archive.ubuntu.com/ubuntu noble/universe amd64 fonts-wqy-zenhei all 0.9.45-8 [7472 kB]
Get:16 http://archive.ubuntu.com/ubuntu noble-updates/main amd64 libasound2-data all 1.2.11-1ubuntu0.1 [21.1 kB]
Get:17 http://archive.ubuntu.com/ubuntu noble-updates/main amd64 libasound2t64 amd64 1.2.11-1ubuntu0.1 [399 kB]
Get:18 http://archive.ubuntu.com/ubuntu noble/main amd64 libatk1.0-0t64 amd64 2.52.0-1build1 [55.3 kB]
Get:19 http://archive.ubuntu.com/ubuntu noble/main amd64 libatspi2.0-0t64 amd64 2.52.0-1build1 [80.5 kB]
Get:20 http://archive.ubuntu.com/ubuntu noble/main amd64 libatk-bridge2.0-0t64 amd64 2.52.0-1build1 [66.0 kB]
Get:21 http://archive.ubuntu.com/ubuntu noble-updates/main amd64 libavahi-common-data amd64 0.8-13ubuntu6.1 [29.9 kB]
Get:22 http://archive.ubuntu.com/ubuntu noble-updates/main amd64 libavahi-common3 amd64 0.8-13ubuntu6.1 [23.4 kB]
Get:23 http://archive.ubuntu.com/ubuntu noble-updates/main amd64 libavahi-client3 amd64 0.8-13ubuntu6.1 [26.8 kB]
Get:24 http://archive.ubuntu.com/ubuntu noble/main amd64 libpixman-1-0 amd64 0.42.2-1build1 [279 kB]
Get:25 http://archive.ubuntu.com/ubuntu noble/main amd64 libxcb-render0 amd64 1.15-1ubuntu2 [16.2 kB]
Get:26 http://archive.ubuntu.com/ubuntu noble/main amd64 libcairo2 amd64 1.18.0-3build1 [566 kB]
Get:27 http://archive.ubuntu.com/ubuntu noble-updates/main amd64 libcups2t64 amd64 2.4.7-1.2ubuntu7.9 [273 kB]
Get:28 http://archive.ubuntu.com/ubuntu noble/main amd64 libdatrie1 amd64 0.2.13-3build1 [19.0 kB]
Get:29 http://archive.ubuntu.com/ubuntu noble-updates/main amd64 libdrm-amdgpu1 amd64 2.4.125-1ubuntu0.1~24.04.1 [21.4 kB]
Get:30 http://archive.ubuntu.com/ubuntu noble-updates/main amd64 libdrm-intel1 amd64 2.4.125-1ubuntu0.1~24.04.1 [63.8 kB]
Get:31 http://archive.ubuntu.com/ubuntu noble-updates/main amd64 libgl1-mesa-dri amd64 25.2.8-0ubuntu0.24.04.1 [37.9 kB]
Get:32 http://archive.ubuntu.com/ubuntu noble-updates/main amd64 libglx-mesa0 amd64 25.2.8-0ubuntu0.24.04.1 [110 kB]
Get:33 http://archive.ubuntu.com/ubuntu noble-updates/main amd64 libegl-mesa0 amd64 25.2.8-0ubuntu0.24.04.1 [117 kB]
Get:34 http://archive.ubuntu.com/ubuntu noble-updates/main amd64 libgbm1 amd64 25.2.8-0ubuntu0.24.04.1 [34.2 kB]
Get:35 http://archive.ubuntu.com/ubuntu noble-updates/main amd64 mesa-libgallium amd64 25.2.8-0ubuntu0.24.04.1 [10.8 MB]
Get:36 http://archive.ubuntu.com/ubuntu noble/main amd64 libfontenc1 amd64 1:1.1.8-1build1 [14.0 kB]
Get:37 http://archive.ubuntu.com/ubuntu noble/main amd64 libgraphite2-3 amd64 1.3.14-2build1 [73.0 kB]
Get:38 http://archive.ubuntu.com/ubuntu noble/main amd64 libharfbuzz0b amd64 8.3.0-2build2 [469 kB]
Get:39 http://archive.ubuntu.com/ubuntu noble/main amd64 libnspr4 amd64 2:4.35-1.1build1 [117 kB]
Get:40 http://archive.ubuntu.com/ubuntu noble/main amd64 libnss3 amd64 2:3.98-1build1 [1445 kB]
Get:41 http://archive.ubuntu.com/ubuntu noble/main amd64 libthai-data all 0.1.29-2build1 [158 kB]
Get:42 http://archive.ubuntu.com/ubuntu noble/main amd64 libthai0 amd64 0.1.29-2build1 [18.9 kB]
Get:43 http://archive.ubuntu.com/ubuntu noble/main amd64 libpango-1.0-0 amd64 1.52.1+ds-1build1 [231 kB]
Get:44 http://archive.ubuntu.com/ubuntu noble-updates/main amd64 libunwind8 amd64 1.6.2-3build1.1 [55.3 kB]
Get:45 http://archive.ubuntu.com/ubuntu noble/main amd64 libxdamage1 amd64 1:1.1.6-1build1 [6150 B]
Get:46 http://archive.ubuntu.com/ubuntu noble/main amd64 libxfont2 amd64 1:2.0.6-1build1 [93.0 kB]
Get:47 http://archive.ubuntu.com/ubuntu noble-updates/main amd64 mesa-vulkan-drivers amd64 25.2.8-0ubuntu0.24.04.1 [17.5 MB]
Get:48 http://archive.ubuntu.com/ubuntu noble/main amd64 x11-xkb-utils amd64 7.7+8build2 [170 kB]
Get:49 http://archive.ubuntu.com/ubuntu noble/main amd64 xfonts-encodings all 1:1.0.5-0ubuntu2 [578 kB]
Get:50 http://archive.ubuntu.com/ubuntu noble/main amd64 xfonts-utils amd64 1:7.7+6build3 [94.4 kB]
Get:51 http://archive.ubuntu.com/ubuntu noble/universe amd64 xfonts-cyrillic all 1:1.0.5+nmu1 [384 kB]
Get:52 http://archive.ubuntu.com/ubuntu noble/main amd64 xfonts-scalable all 1:1.0.3-1.3 [304 kB]
Get:53 http://archive.ubuntu.com/ubuntu noble-updates/main amd64 xserver-common all 2:21.1.12-1ubuntu1.5 [34.6 kB]
Get:54 http://archive.ubuntu.com/ubuntu noble-updates/universe amd64 xvfb amd64 2:21.1.12-1ubuntu1.5 [877 kB]
debconf: delaying package configuration, since apt-utils is not installed
Fetched 67.5 MB in 4s (15.9 MB/s)
Selecting previously unselected package fonts-ipafont-gothic.
(Reading database ... 50881 files and directories currently installed.)
Preparing to unpack .../00-fonts-ipafont-gothic_00303-21ubuntu1_all.deb ...
Unpacking fonts-ipafont-gothic (00303-21ubuntu1) ...
Selecting previously unselected package libfribidi0:amd64.
Preparing to unpack .../01-libfribidi0_1.0.13-3build1_amd64.deb ...
Unpacking libfribidi0:amd64 (1.0.13-3build1) ...
Selecting previously unselected package xkb-data.
Preparing to unpack .../02-xkb-data_2.41-2ubuntu1.1_all.deb ...
Unpacking xkb-data (2.41-2ubuntu1.1) ...
Preparing to unpack .../03-libdrm-common_2.4.125-1ubuntu0.1~24.04.1_all.deb ...
Unpacking libdrm-common (2.4.125-1ubuntu0.1~24.04.1) over (2.4.122-1~ubuntu0.24.04.2) ...
Preparing to unpack .../04-libdrm2_2.4.125-1ubuntu0.1~24.04.1_amd64.deb ...
Unpacking libdrm2:amd64 (2.4.125-1ubuntu0.1~24.04.1) over (2.4.122-1~ubuntu0.24.04.2) ...
Selecting previously unselected package libxkbcommon0:amd64.
Preparing to unpack .../05-libxkbcommon0_1.6.0-1build1_amd64.deb ...
Unpacking libxkbcommon0:amd64 (1.6.0-1build1) ...
Selecting previously unselected package xauth.
Preparing to unpack .../06-xauth_1%3a1.1.2-1build1_amd64.deb ...
Unpacking xauth (1:1.1.2-1build1) ...
Selecting previously unselected package at-spi2-common.
Preparing to unpack .../07-at-spi2-common_2.52.0-1build1_all.deb ...
Unpacking at-spi2-common (2.52.0-1build1) ...
Selecting previously unselected package fontconfig.
Preparing to unpack .../08-fontconfig_2.15.0-1.1ubuntu2_amd64.deb ...
Unpacking fontconfig (2.15.0-1.1ubuntu2) ...
Selecting previously unselected package fonts-freefont-ttf.
Preparing to unpack .../09-fonts-freefont-ttf_20211204+svn4273-2_all.deb ...
Unpacking fonts-freefont-ttf (20211204+svn4273-2) ...
Selecting previously unselected package fonts-liberation.
Preparing to unpack .../10-fonts-liberation_1%3a2.1.5-3_all.deb ...
Unpacking fonts-liberation (1:2.1.5-3) ...
Selecting previously unselected package fonts-noto-color-emoji.
Preparing to unpack .../11-fonts-noto-color-emoji_2.047-0ubuntu0.24.04.1_all.deb ...
Unpacking fonts-noto-color-emoji (2.047-0ubuntu0.24.04.1) ...
Selecting previously unselected package fonts-tlwg-loma-otf.
Preparing to unpack .../12-fonts-tlwg-loma-otf_1%3a0.7.3-1_all.deb ...
Unpacking fonts-tlwg-loma-otf (1:0.7.3-1) ...
Selecting previously unselected package fonts-unifont.
Preparing to unpack .../13-fonts-unifont_1%3a15.1.01-1build1_all.deb ...
Unpacking fonts-unifont (1:15.1.01-1build1) ...
Selecting previously unselected package fonts-wqy-zenhei.
Preparing to unpack .../14-fonts-wqy-zenhei_0.9.45-8_all.deb ...
Unpacking fonts-wqy-zenhei (0.9.45-8) ...
Selecting previously unselected package libasound2-data.
Preparing to unpack .../15-libasound2-data_1.2.11-1ubuntu0.1_all.deb ...
Unpacking libasound2-data (1.2.11-1ubuntu0.1) ...
Selecting previously unselected package libasound2t64:amd64.
Preparing to unpack .../16-libasound2t64_1.2.11-1ubuntu0.1_amd64.deb ...
Unpacking libasound2t64:amd64 (1.2.11-1ubuntu0.1) ...
Selecting previously unselected package libatk1.0-0t64:amd64.
Preparing to unpack .../17-libatk1.0-0t64_2.52.0-1build1_amd64.deb ...
Unpacking libatk1.0-0t64:amd64 (2.52.0-1build1) ...
Selecting previously unselected package libatspi2.0-0t64:amd64.
Preparing to unpack .../18-libatspi2.0-0t64_2.52.0-1build1_amd64.deb ...
Unpacking libatspi2.0-0t64:amd64 (2.52.0-1build1) ...
Selecting previously unselected package libatk-bridge2.0-0t64:amd64.
Preparing to unpack .../19-libatk-bridge2.0-0t64_2.52.0-1build1_amd64.deb ...
Unpacking libatk-bridge2.0-0t64:amd64 (2.52.0-1build1) ...
Selecting previously unselected package libavahi-common-data:amd64.
Preparing to unpack .../20-libavahi-common-data_0.8-13ubuntu6.1_amd64.deb ...
Unpacking libavahi-common-data:amd64 (0.8-13ubuntu6.1) ...
Selecting previously unselected package libavahi-common3:amd64.
Preparing to unpack .../21-libavahi-common3_0.8-13ubuntu6.1_amd64.deb ...
Unpacking libavahi-common3:amd64 (0.8-13ubuntu6.1) ...
Selecting previously unselected package libavahi-client3:amd64.
Preparing to unpack .../22-libavahi-client3_0.8-13ubuntu6.1_amd64.deb ...
Unpacking libavahi-client3:amd64 (0.8-13ubuntu6.1) ...
Selecting previously unselected package libpixman-1-0:amd64.
Preparing to unpack .../23-libpixman-1-0_0.42.2-1build1_amd64.deb ...
Unpacking libpixman-1-0:amd64 (0.42.2-1build1) ...
Selecting previously unselected package libxcb-render0:amd64.
Preparing to unpack .../24-libxcb-render0_1.15-1ubuntu2_amd64.deb ...
Unpacking libxcb-render0:amd64 (1.15-1ubuntu2) ...
Selecting previously unselected package libcairo2:amd64.
Preparing to unpack .../25-libcairo2_1.18.0-3build1_amd64.deb ...
Unpacking libcairo2:amd64 (1.18.0-3build1) ...
Selecting previously unselected package libcups2t64:amd64.
Preparing to unpack .../26-libcups2t64_2.4.7-1.2ubuntu7.9_amd64.deb ...
Unpacking libcups2t64:amd64 (2.4.7-1.2ubuntu7.9) ...
Selecting previously unselected package libdatrie1:amd64.
Preparing to unpack .../27-libdatrie1_0.2.13-3build1_amd64.deb ...
Unpacking libdatrie1:amd64 (0.2.13-3build1) ...
Preparing to unpack .../28-libdrm-amdgpu1_2.4.125-1ubuntu0.1~24.04.1_amd64.deb ...
Unpacking libdrm-amdgpu1:amd64 (2.4.125-1ubuntu0.1~24.04.1) over (2.4.122-1~ubuntu0.24.04.2) ...
Preparing to unpack .../29-libdrm-intel1_2.4.125-1ubuntu0.1~24.04.1_amd64.deb ...
Unpacking libdrm-intel1:amd64 (2.4.125-1ubuntu0.1~24.04.1) over (2.4.122-1~ubuntu0.24.04.2) ...
Preparing to unpack .../30-libgl1-mesa-dri_25.2.8-0ubuntu0.24.04.1_amd64.deb ...
Unpacking libgl1-mesa-dri:amd64 (25.2.8-0ubuntu0.24.04.1) over (25.0.7-0ubuntu0.24.04.2) ...
Preparing to unpack .../31-libglx-mesa0_25.2.8-0ubuntu0.24.04.1_amd64.deb ...
Unpacking libglx-mesa0:amd64 (25.2.8-0ubuntu0.24.04.1) over (25.0.7-0ubuntu0.24.04.2) ...
Preparing to unpack .../32-libegl-mesa0_25.2.8-0ubuntu0.24.04.1_amd64.deb ...
Unpacking libegl-mesa0:amd64 (25.2.8-0ubuntu0.24.04.1) over (25.0.7-0ubuntu0.24.04.2) ...
Preparing to unpack .../33-libgbm1_25.2.8-0ubuntu0.24.04.1_amd64.deb ...
Unpacking libgbm1:amd64 (25.2.8-0ubuntu0.24.04.1) over (25.0.7-0ubuntu0.24.04.2) ...
Preparing to unpack .../34-mesa-libgallium_25.2.8-0ubuntu0.24.04.1_amd64.deb ...
Unpacking mesa-libgallium:amd64 (25.2.8-0ubuntu0.24.04.1) over (25.0.7-0ubuntu0.24.04.2) ...
Selecting previously unselected package libfontenc1:amd64.
Preparing to unpack .../35-libfontenc1_1%3a1.1.8-1build1_amd64.deb ...
Unpacking libfontenc1:amd64 (1:1.1.8-1build1) ...
Selecting previously unselected package libgraphite2-3:amd64.
Preparing to unpack .../36-libgraphite2-3_1.3.14-2build1_amd64.deb ...
Unpacking libgraphite2-3:amd64 (1.3.14-2build1) ...
Selecting previously unselected package libharfbuzz0b:amd64.
Preparing to unpack .../37-libharfbuzz0b_8.3.0-2build2_amd64.deb ...
Unpacking libharfbuzz0b:amd64 (8.3.0-2build2) ...
Selecting previously unselected package libnspr4:amd64.
Preparing to unpack .../38-libnspr4_2%3a4.35-1.1build1_amd64.deb ...
Unpacking libnspr4:amd64 (2:4.35-1.1build1) ...
Selecting previously unselected package libnss3:amd64.
Preparing to unpack .../39-libnss3_2%3a3.98-1build1_amd64.deb ...
Unpacking libnss3:amd64 (2:3.98-1build1) ...
Selecting previously unselected package libthai-data.
Preparing to unpack .../40-libthai-data_0.1.29-2build1_all.deb ...
Unpacking libthai-data (0.1.29-2build1) ...
Selecting previously unselected package libthai0:amd64.
Preparing to unpack .../41-libthai0_0.1.29-2build1_amd64.deb ...
Unpacking libthai0:amd64 (0.1.29-2build1) ...
Selecting previously unselected package libpango-1.0-0:amd64.
Preparing to unpack .../42-libpango-1.0-0_1.52.1+ds-1build1_amd64.deb ...
Unpacking libpango-1.0-0:amd64 (1.52.1+ds-1build1) ...
Selecting previously unselected package libunwind8:amd64.
Preparing to unpack .../43-libunwind8_1.6.2-3build1.1_amd64.deb ...
Unpacking libunwind8:amd64 (1.6.2-3build1.1) ...
Selecting previously unselected package libxdamage1:amd64.
Preparing to unpack .../44-libxdamage1_1%3a1.1.6-1build1_amd64.deb ...
Unpacking libxdamage1:amd64 (1:1.1.6-1build1) ...
Selecting previously unselected package libxfont2:amd64.
Preparing to unpack .../45-libxfont2_1%3a2.0.6-1build1_amd64.deb ...
Unpacking libxfont2:amd64 (1:2.0.6-1build1) ...
Preparing to unpack .../46-mesa-vulkan-drivers_25.2.8-0ubuntu0.24.04.1_amd64.deb ...
Unpacking mesa-vulkan-drivers:amd64 (25.2.8-0ubuntu0.24.04.1) over (25.0.7-0ubuntu0.24.04.2) ...
Selecting previously unselected package x11-xkb-utils.
Preparing to unpack .../47-x11-xkb-utils_7.7+8build2_amd64.deb ...
Unpacking x11-xkb-utils (7.7+8build2) ...
Selecting previously unselected package xfonts-encodings.
Preparing to unpack .../48-xfonts-encodings_1%3a1.0.5-0ubuntu2_all.deb ...
Unpacking xfonts-encodings (1:1.0.5-0ubuntu2) ...
Selecting previously unselected package xfonts-utils.
Preparing to unpack .../49-xfonts-utils_1%3a7.7+6build3_amd64.deb ...
Unpacking xfonts-utils (1:7.7+6build3) ...
Selecting previously unselected package xfonts-cyrillic.
Preparing to unpack .../50-xfonts-cyrillic_1%3a1.0.5+nmu1_all.deb ...
Unpacking xfonts-cyrillic (1:1.0.5+nmu1) ...
Selecting previously unselected package xfonts-scalable.
Preparing to unpack .../51-xfonts-scalable_1%3a1.0.3-1.3_all.deb ...
Unpacking xfonts-scalable (1:1.0.3-1.3) ...
Selecting previously unselected package xserver-common.
Preparing to unpack .../52-xserver-common_2%3a21.1.12-1ubuntu1.5_all.deb ...
Unpacking xserver-common (2:21.1.12-1ubuntu1.5) ...
Selecting previously unselected package xvfb.
Preparing to unpack .../53-xvfb_2%3a21.1.12-1ubuntu1.5_amd64.deb ...
Unpacking xvfb (2:21.1.12-1ubuntu1.5) ...
Setting up libgraphite2-3:amd64 (1.3.14-2build1) ...
Setting up libpixman-1-0:amd64 (0.42.2-1build1) ...
Setting up fontconfig (2.15.0-1.1ubuntu2) ...
Regenerating fonts cache... done.
Setting up libxdamage1:amd64 (1:1.1.6-1build1) ...
Setting up libdatrie1:amd64 (0.2.13-3build1) ...
Setting up fonts-noto-color-emoji (2.047-0ubuntu0.24.04.1) ...
Setting up libxcb-render0:amd64 (1.15-1ubuntu2) ...
Setting up x11-xkb-utils (7.7+8build2) ...
Setting up fonts-wqy-zenhei (0.9.45-8) ...
Setting up fonts-freefont-ttf (20211204+svn4273-2) ...
Setting up xkb-data (2.41-2ubuntu1.1) ...
Setting up libunwind8:amd64 (1.6.2-3build1.1) ...
Setting up libcairo2:amd64 (1.18.0-3build1) ...
Setting up libasound2-data (1.2.11-1ubuntu0.1) ...
Setting up libfontenc1:amd64 (1:1.1.8-1build1) ...
Setting up libasound2t64:amd64 (1.2.11-1ubuntu0.1) ...
Setting up fonts-tlwg-loma-otf (1:0.7.3-1) ...
Setting up libnspr4:amd64 (2:4.35-1.1build1) ...
Setting up libavahi-common-data:amd64 (0.8-13ubuntu6.1) ...
Setting up libatspi2.0-0t64:amd64 (2.52.0-1build1) ...
Setting up xfonts-encodings (1:1.0.5-0ubuntu2) ...
Setting up libfribidi0:amd64 (1.0.13-3build1) ...
Setting up fonts-ipafont-gothic (00303-21ubuntu1) ...
update-alternatives: using /usr/share/fonts/opentype/ipafont-gothic/ipag.ttf to provide /usr/share/fonts/truetype/fonts-japanese-gothic.ttf (fonts-japanese-gothic.ttf) in auto mode
Setting up xauth (1:1.1.2-1build1) ...
Setting up at-spi2-common (2.52.0-1build1) ...
Setting up fonts-liberation (1:2.1.5-3) ...
Setting up libharfbuzz0b:amd64 (8.3.0-2build2) ...
Setting up libthai-data (0.1.29-2build1) ...
Setting up xserver-common (2:21.1.12-1ubuntu1.5) ...
Setting up libdrm-common (2.4.125-1ubuntu0.1~24.04.1) ...
Setting up libxfont2:amd64 (1:2.0.6-1build1) ...
Setting up fonts-unifont (1:15.1.01-1build1) ...
Setting up libxkbcommon0:amd64 (1.6.0-1build1) ...
Setting up libatk1.0-0t64:amd64 (2.52.0-1build1) ...
Setting up xvfb (2:21.1.12-1ubuntu1.5) ...
Setting up libavahi-common3:amd64 (0.8-13ubuntu6.1) ...
Setting up libnss3:amd64 (2:3.98-1build1) ...
Setting up xfonts-utils (1:7.7+6build3) ...
Setting up libthai0:amd64 (0.1.29-2build1) ...
Setting up libdrm2:amd64 (2.4.125-1ubuntu0.1~24.04.1) ...
Setting up xfonts-cyrillic (1:1.0.5+nmu1) ...
Setting up libavahi-client3:amd64 (0.8-13ubuntu6.1) ...
Setting up xfonts-scalable (1:1.0.3-1.3) ...
Setting up libdrm-amdgpu1:amd64 (2.4.125-1ubuntu0.1~24.04.1) ...
Setting up libatk-bridge2.0-0t64:amd64 (2.52.0-1build1) ...
Setting up mesa-vulkan-drivers:amd64 (25.2.8-0ubuntu0.24.04.1) ...
Setting up libpango-1.0-0:amd64 (1.52.1+ds-1build1) ...
Setting up libdrm-intel1:amd64 (2.4.125-1ubuntu0.1~24.04.1) ...
Setting up libcups2t64:amd64 (2.4.7-1.2ubuntu7.9) ...
Setting up mesa-libgallium:amd64 (25.2.8-0ubuntu0.24.04.1) ...
Setting up libgbm1:amd64 (25.2.8-0ubuntu0.24.04.1) ...
Setting up libgl1-mesa-dri:amd64 (25.2.8-0ubuntu0.24.04.1) ...
Setting up libegl-mesa0:amd64 (25.2.8-0ubuntu0.24.04.1) ...
Setting up libglx-mesa0:amd64 (25.2.8-0ubuntu0.24.04.1) ...
Processing triggers for libc-bin (2.39-0ubuntu8.6) ...
Downloading Chromium 143.0.7499.4 (playwright build v1200) from https://cdn.playwright.dev/dbazure/download/playwright/builds/chromium/1200/chromium-linux.zip
(node:813) [DEP0169] DeprecationWarning: `url.parse()` behavior is not standardized and prone to errors that have security implications. Use the WHATWG URL API instead. CVEs are not issued for `url.parse()` vulnerabilities.
(Use `node --trace-deprecation ...` to show where the warning was created)
|                                                                                |   0% of 164.7 MiB
|■■■■■■■■                                                                        |  10% of 164.7 MiB
|■■■■■■■■■■■■■■■■                                                                |  20% of 164.7 MiB
|■■■■■■■■■■■■■■■■■■■■■■■■                                                        |  30% of 164.7 MiB
|■■■■■■■■■■■■■■■■■■■■■■■■■■■■■■■■                                                |  40% of 164.7 MiB
|■■■■■■■■■■■■■■■■■■■■■■■■■■■■■■■■■■■■■■■■                                        |  50% of 164.7 MiB
|■■■■■■■■■■■■■■■■■■■■■■■■■■■■■■■■■■■■■■■■■■■■■■■■                                |  60% of 164.7 MiB
|■■■■■■■■■■■■■■■■■■■■■■■■■■■■■■■■■■■■■■■■■■■■■■■■■■■■■■■■                        |  70% of 164.7 MiB
|■■■■■■■■■■■■■■■■■■■■■■■■■■■■■■■■■■■■■■■■■■■■■■■■■■■■■■■■■■■■■■■■                |  80% of 164.7 MiB
|■■■■■■■■■■■■■■■■■■■■■■■■■■■■■■■■■■■■■■■■■■■■■■■■■■■■■■■■■■■■■■■■■■■■■■■■        |  90% of 164.7 MiB
|■■■■■■■■■■■■■■■■■■■■■■■■■■■■■■■■■■■■■■■■■■■■■■■■■■■■■■■■■■■■■■■■■■■■■■■■■■■■■■■■| 100% of 164.7 MiB
Chromium 143.0.7499.4 (playwright build v1200) downloaded to /root/.cache/ms-playwright/chromium-1200
Downloading FFMPEG playwright build v1011 from https://cdn.playwright.dev/dbazure/download/playwright/builds/ffmpeg/1011/ffmpeg-linux.zip
(node:825) [DEP0169] DeprecationWarning: `url.parse()` behavior is not standardized and prone to errors that have security implications. Use the WHATWG URL API instead. CVEs are not issued for `url.parse()` vulnerabilities.
(Use `node --trace-deprecation ...` to show where the warning was created)
|                                                                                |   0% of 2.3 MiB
|■■■■■■■■                                                                        |  10% of 2.3 MiB
|■■■■■■■■■■■■■■■■                                                                |  20% of 2.3 MiB
|■■■■■■■■■■■■■■■■■■■■■■■■                                                        |  30% of 2.3 MiB
|■■■■■■■■■■■■■■■■■■■■■■■■■■■■■■■■                                                |  40% of 2.3 MiB
|■■■■■■■■■■■■■■■■■■■■■■■■■■■■■■■■■■■■■■■■                                        |  50% of 2.3 MiB
|■■■■■■■■■■■■■■■■■■■■■■■■■■■■■■■■■■■■■■■■■■■■■■■■                                |  60% of 2.3 MiB
|■■■■■■■■■■■■■■■■■■■■■■■■■■■■■■■■■■■■■■■■■■■■■■■■■■■■■■■■                        |  70% of 2.3 MiB
|■■■■■■■■■■■■■■■■■■■■■■■■■■■■■■■■■■■■■■■■■■■■■■■■■■■■■■■■■■■■■■■■                |  80% of 2.3 MiB
|■■■■■■■■■■■■■■■■■■■■■■■■■■■■■■■■■■■■■■■■■■■■■■■■■■■■■■■■■■■■■■■■■■■■■■■■        |  90% of 2.3 MiB
|■■■■■■■■■■■■■■■■■■■■■■■■■■■■■■■■■■■■■■■■■■■■■■■■■■■■■■■■■■■■■■■■■■■■■■■■■■■■■■■■| 100% of 2.3 MiB
FFMPEG playwright build v1011 downloaded to /root/.cache/ms-playwright/ffmpeg-1011
Downloading Chromium Headless Shell 143.0.7499.4 (playwright build v1200) from https://cdn.playwright.dev/dbazure/download/playwright/builds/chromium/1200/chromium-headless-shell-linux.zip
(node:836) [DEP0169] DeprecationWarning: `url.parse()` behavior is not standardized and prone to errors that have security implications. Use the WHATWG URL API instead. CVEs are not issued for `url.parse()` vulnerabilities.
(Use `node --trace-deprecation ...` to show where the warning was created)
|                                                                                |   0% of 109.7 MiB
|■■■■■■■■                                                                        |  10% of 109.7 MiB
|■■■■■■■■■■■■■■■■                                                                |  20% of 109.7 MiB
|■■■■■■■■■■■■■■■■■■■■■■■■                                                        |  30% of 109.7 MiB
|■■■■■■■■■■■■■■■■■■■■■■■■■■■■■■■■                                                |  40% of 109.7 MiB
|■■■■■■■■■■■■■■■■■■■■■■■■■■■■■■■■■■■■■■■■                                        |  50% of 109.7 MiB
|■■■■■■■■■■■■■■■■■■■■■■■■■■■■■■■■■■■■■■■■■■■■■■■■                                |  60% of 109.7 MiB
|■■■■■■■■■■■■■■■■■■■■■■■■■■■■■■■■■■■■■■■■■■■■■■■■■■■■■■■■                        |  70% of 109.7 MiB
|■■■■■■■■■■■■■■■■■■■■■■■■■■■■■■■■■■■■■■■■■■■■■■■■■■■■■■■■■■■■■■■■                |  80% of 109.7 MiB
|■■■■■■■■■■■■■■■■■■■■■■■■■■■■■■■■■■■■■■■■■■■■■■■■■■■■■■■■■■■■■■■■■■■■■■■■        |  90% of 109.7 MiB
|■■■■■■■■■■■■■■■■■■■■■■■■■■■■■■■■■■■■■■■■■■■■■■■■■■■■■■■■■■■■■■■■■■■■■■■■■■■■■■■■| 100% of 109.7 MiB
Chromium Headless Shell 143.0.7499.4 (playwright build v1200) downloaded to /root/.cache/ms-playwright/chromium_headless_shell-1200
--> 7774cc26996a
STEP 15/18: WORKDIR /src/MyBlog.E2E
--> 0a2abf440180
STEP 16/18: ENV MYBLOG_BASE_URL=http://myblog-web:5000
--> d3f84a2ff125
STEP 17/18: ENV PLAYWRIGHT_HEADLESS=true
--> d73468110b73
STEP 18/18: ENTRYPOINT ["dotnet", "run", "-c", "Release", "--no-build"]
COMMIT myblog_myblog-e2e
--> d2eb8beb7a9d
Successfully tagged localhost/myblog_myblog-e2e:latest
d2eb8beb7a9dfacdcfb05fd1f3b6a7b661e6a56645c849c75b3cd591ae988c00
[INFO] Starting MyBlog web service...
3d3787ee2656c3c724da24eba92bcb37f95f5d4261ccbdaad31e3ec9248dae65
fbd062997a080f5c8c93f199e7bde0c38c1f5d407ab042bef7fcb0beae2db235
myblog-web
[INFO] Waiting for MyBlog to be ready...
.
[INFO] MyBlog is ready!
[INFO] Running E2E tests...
2a0eb652f45bd4bccdc3f21fc324f1a5cbd394925ba9dcb56bbe041805bab10f
[myblog-web] | cannot open `/run/user/1000/crun/fbd062997a080f5c8c93f199e7bde0c38c1f5d407ab042bef7fcb0beae2db235/exec.fifo`: No such file or directory
[myblog-web] | Error: unable to start container fbd062997a080f5c8c93f199e7bde0c38c1f5d407ab042bef7fcb0beae2db235: `/usr/bin/crun start fbd062997a080f5c8c93f199e7bde0c38c1f5d407ab042bef7fcb0beae2db235` failed: exit status 1
[myblog-e2e] | xUnit.net v3 In-Process Runner v3.2.2+728c1dce01 (64-bit .NET 10.0.2)
[myblog-e2e] |   Discovering: MyBlog.E2E
[myblog-e2e] |   Discovered:  MyBlog.E2E
[myblog-e2e] |   Starting:    MyBlog.E2E
[myblog-e2e] |   Finished:    MyBlog.E2E (ID = '4d488734a9156ea8719a93bca3e9cb47dfeac4715a7981582060bf185a1e7bf4')
[myblog-e2e] | === TEST EXECUTION SUMMARY ===
[myblog-e2e] |    MyBlog.E2E  Total: 78, Errors: 0, Failed: 0, Skipped: 0, Not Run: 0, Time: 24.668s
[myblog-e2e] | 
[INFO] Capturing logs...
[INFO] Cleaning up...
myblog-e2e
myblog-web
myblog-e2e
myblog-web
myblog_myblog-data
3d3787ee2656c3c724da24eba92bcb37f95f5d4261ccbdaad31e3ec9248dae65
myblog_myblog-network
[INFO] E2E tests passed! ✓

real	1m19.564s
user	0m36.557s
sys	0m20.337s
kushal@fedora:~/src/dotnet/MyBlog$ cd ~/src/dotnet/MyBlog/ && export DOTNET_CLI_TELEMETRY_OPTOUT=1 && (cd src && time dotnet format; time dotnet restore; time dotnet clean; time dotnet build; time dotnet run --project MyBlog.Tests/MyBlog.Tests.csproj; time dotnet list package; time dotnet list package --outdated); cd ~/src/dotnet/MyBlog/ && time bash export.sh; cat run-e2e.sh; time bash run-e2e.sh --clean; time bash run-e2e.sh;

real	0m8.504s
user	0m16.222s
sys	0m0.977s
Restore complete (0.4s)

Build succeeded in 0.5s

real	0m0.705s
user	0m0.772s
sys	0m0.150s

Build succeeded in 0.5s

real	0m0.640s
user	0m0.687s
sys	0m0.142s
Restore complete (0.5s)
  MyBlog.Core net10.0 succeeded (2.9s) → MyBlog.Core/bin/Debug/net10.0/MyBlog.Core.dll
  MyBlog.Infrastructure net10.0 succeeded (0.3s) → MyBlog.Infrastructure/bin/Debug/net10.0/MyBlog.Infrastructure.dll
  MyBlog.Web net10.0 succeeded (2.5s) → MyBlog.Web/bin/Debug/net10.0/MyBlog.Web.dll
  MyBlog.Tests net10.0 succeeded (0.5s) → MyBlog.Tests/bin/Debug/net10.0/MyBlog.Tests.dll
  MyBlog.E2E net10.0 succeeded (0.6s) → MyBlog.E2E/bin/Debug/net10.0/MyBlog.E2E.dll

Build succeeded in 6.9s

real	0m7.057s
user	0m2.518s
sys	0m0.470s
xUnit.net v3 In-Process Runner v3.2.2+728c1dce01 (64-bit .NET 10.0.2)
  Discovering: MyBlog.Tests
  Discovered:  MyBlog.Tests
  Starting:    MyBlog.Tests
  Finished:    MyBlog.Tests (ID = '24cedafe73dab5684218bb3cf04cfd49ae8ce3b87ae799399cb2e301cbc1e755')
=== TEST EXECUTION SUMMARY ===
   MyBlog.Tests  Total: 186, Errors: 0, Failed: 0, Skipped: 0, Not Run: 0, Time: 41.254s

real	0m42.922s
user	0m46.582s
sys	0m0.720s
Restore complete (0.4s)

Build succeeded in 0.5s
Project 'MyBlog.Core' has the following package references
   [net10.0]: 
   Top-level Package                   Requested   Resolved
   > Microsoft.Extensions.Logging      10.0.2      10.0.2  

Project 'MyBlog.E2E' has the following package references
   [net10.0]: 
   Top-level Package             Requested   Resolved
   > Microsoft.NET.Test.Sdk      18.0.1      18.0.1  
   > Microsoft.Playwright        1.57.0      1.57.0  
   > xunit.v3                    3.2.2       3.2.2   

Project 'MyBlog.Infrastructure' has the following package references
   [net10.0]: 
   Top-level Package                           Requested   Resolved
   > Microsoft.AspNetCore.Identity             2.3.9       2.3.9   
   > Microsoft.EntityFrameworkCore.Sqlite      10.0.2      10.0.2  
   > Microsoft.Extensions.Http                 10.0.2      10.0.2  
   > OpenTelemetry                             1.15.0      1.15.0  

Project 'MyBlog.Tests' has the following package references
   [net10.0]: 
   Top-level Package                             Requested   Resolved
   > Microsoft.EntityFrameworkCore.Sqlite        10.0.2      10.0.2  
   > Microsoft.NET.Test.Sdk                      18.0.1      18.0.1  
   > Microsoft.Testing.Extensions.TrxReport      2.0.2       2.0.2   
   > xunit.v3                                    3.2.2       3.2.2   

Project 'MyBlog.Web' has the following package references
   [net10.0]: 
   Top-level Package                                  Requested    Resolved
   > Microsoft.AspNetCore.App.Internal.Assets   (A)   [10.0.2, )   10.0.2  
   > Microsoft.AspNetCore.SignalR.Client              10.0.2       10.0.2  
   > OpenTelemetry.Exporter.Console                   1.15.0       1.15.0  
   > OpenTelemetry.Extensions.Hosting                 1.15.0       1.15.0  
   > OpenTelemetry.Instrumentation.AspNetCore         1.15.0       1.15.0  
   > OpenTelemetry.Instrumentation.Http               1.15.0       1.15.0  

(A) : Auto-referenced package.

real	0m1.486s
user	0m1.521s
sys	0m0.352s
Restore complete (0.4s)

Build succeeded in 0.5s

The following sources were used:
   https://api.nuget.org/v3/index.json

The given project `MyBlog.Core` has no updates given the current sources.
The given project `MyBlog.E2E` has no updates given the current sources.
The given project `MyBlog.Infrastructure` has no updates given the current sources.
The given project `MyBlog.Tests` has no updates given the current sources.
The given project `MyBlog.Web` has no updates given the current sources.

real	0m1.648s
user	0m1.631s
sys	0m0.364s
==============================================
  Project Export for LLM Analysis
==============================================

Project Path: /home/kushal/src/dotnet/MyBlog
Output File:  docs/llm/dump.txt

Generating directory structure...
Collecting files...
Found 335 files to export

Processing (1/335): docker-compose.e2e.yml
Processing (2/335): docker-compose.yml
Processing (3/335): .editorconfig
Processing (4/335): export.sh
Processing (5/335): .github/workflows/build-deploy.yml
Processing (6/335): .gitignore
Processing (7/335): README.md
Processing (8/335): run-e2e.sh
Processing (9/335): src/Directory.Build.props
Processing (10/335): src/Directory.Packages.props
Processing (11/335): src/.github/workflows/build-deploy.yml
Processing (12/335): src/global.json
Processing (13/335): src/MyBlog.Core/Constants/AppConstants.cs
Processing (14/335): src/MyBlog.Core/Interfaces/IAuthService.cs
Processing (15/335): src/MyBlog.Core/Interfaces/IImageDimensionService.cs
Processing (16/335): src/MyBlog.Core/Interfaces/IImageRepository.cs
Processing (17/335): src/MyBlog.Core/Interfaces/IMarkdownService.cs
Processing (18/335): src/MyBlog.Core/Interfaces/IPasswordService.cs
Processing (19/335): src/MyBlog.Core/Interfaces/IPostRepository.cs
Processing (20/335): src/MyBlog.Core/Interfaces/IReaderTrackingService.cs
Processing (21/335): src/MyBlog.Core/Interfaces/ISlugService.cs
Processing (22/335): src/MyBlog.Core/Interfaces/ITelemetryLogRepository.cs
Processing (23/335): src/MyBlog.Core/Interfaces/IUserRepository.cs
Processing (24/335): src/MyBlog.Core/Models/Image.cs
Processing (25/335): src/MyBlog.Core/Models/ImageDimensionCache.cs
Processing (26/335): src/MyBlog.Core/Models/Post.cs
Processing (27/335): src/MyBlog.Core/Models/PostDto.cs
Processing (28/335): src/MyBlog.Core/Models/TelemetryLog.cs
Processing (29/335): src/MyBlog.Core/Models/User.cs
Processing (30/335): src/MyBlog.Core/MyBlog.Core.csproj
Processing (31/335): src/MyBlog.Core/Services/MarkdownService.cs
Processing (32/335): src/MyBlog.Core/Services/SlugService.cs
Processing (33/335): src/MyBlog.E2E/Dockerfile
Processing (34/335): src/MyBlog.E2E/MyBlog.E2E.csproj
Processing (35/335): src/MyBlog.E2E/PlaywrightCollection.cs
Processing (36/335): src/MyBlog.E2E/PlaywrightFixture.cs
Processing (37/335): src/MyBlog.E2E/Tests/AboutPageTests.cs
Processing (38/335): src/MyBlog.E2E/Tests/AdminPageTests.cs
Processing (39/335): src/MyBlog.E2E/Tests/AuthenticationTests.cs
Processing (40/335): src/MyBlog.E2E/Tests/HomePageTests.cs
Processing (41/335): src/MyBlog.E2E/Tests/LoginPageTests.cs
Processing (42/335): src/MyBlog.E2E/Tests/NavigationTests.cs
Processing (43/335): src/MyBlog.E2E/Tests/SeoTests.cs
Processing (44/335): src/MyBlog.E2E/Tests/ThemeSwitcherTests.cs
Processing (45/335): src/MyBlog.Infrastructure/Data/BlogDbContext.cs
Processing (46/335): src/MyBlog.Infrastructure/Data/DatabasePathResolver.cs
Processing (47/335): src/MyBlog.Infrastructure/Data/DatabaseSchemaUpdater.cs
Processing (48/335): src/MyBlog.Infrastructure/MyBlog.Infrastructure.csproj
Processing (49/335): src/MyBlog.Infrastructure/Repositories/ImageRepository.cs
Processing (50/335): src/MyBlog.Infrastructure/Repositories/PostRepository.cs
Processing (51/335): src/MyBlog.Infrastructure/Repositories/TelemetryLogRepository.cs
Processing (52/335): src/MyBlog.Infrastructure/Repositories/UserRepository.cs
Processing (53/335): src/MyBlog.Infrastructure/ServiceCollectionExtensions.cs
Processing (54/335): src/MyBlog.Infrastructure/Services/AuthService.cs
Processing (55/335): src/MyBlog.Infrastructure/Services/ImageCacheWarmerService.cs
Processing (56/335): src/MyBlog.Infrastructure/Services/ImageDimensionService.cs
Processing (57/335): src/MyBlog.Infrastructure/Services/PasswordService.cs
Processing (58/335): src/MyBlog.Infrastructure/Services/ReaderTrackingService.cs
Processing (59/335): src/MyBlog.Infrastructure/Services/TelemetryCleanupService.cs
Processing (60/335): src/MyBlog.Infrastructure/Telemetry/DatabaseLogExporter.cs
Processing (61/335): src/MyBlog.Infrastructure/Telemetry/FileLogExporter.cs
Processing (62/335): src/MyBlog.Infrastructure/Telemetry/TelemetryPathResolver.cs
Processing (63/335): src/MyBlog.slnx
Processing (64/335): src/MyBlog.Tests/Integration/AuthServiceLongPasswordTests.cs
Processing (65/335): src/MyBlog.Tests/Integration/AuthServiceTests.cs
Processing (66/335): src/MyBlog.Tests/Integration/ImageRepositoryTests.cs
Processing (67/335): src/MyBlog.Tests/Integration/PasswordChangeTests.cs
Processing (68/335): src/MyBlog.Tests/Integration/PostRepositoryExtendedTests.cs
Processing (69/335): src/MyBlog.Tests/Integration/PostRepositoryTests.cs
Processing (70/335): src/MyBlog.Tests/Integration/TelemetryCleanupTests.cs
Processing (71/335): src/MyBlog.Tests/Integration/TelemetryLogRepositoryTests.cs
Processing (72/335): src/MyBlog.Tests/Integration/UserRepositoryTests.cs
Processing (73/335): src/MyBlog.Tests/MyBlog.Tests.csproj
Processing (74/335): src/MyBlog.Tests/Unit/DatabasePathResolverTests.cs
Processing (75/335): src/MyBlog.Tests/Unit/LoginRateLimitMiddlewareTests.cs
Processing (76/335): src/MyBlog.Tests/Unit/MarkdownServiceEdgeCaseTests.cs
Processing (77/335): src/MyBlog.Tests/Unit/MarkdownServiceTests.cs
Processing (78/335): src/MyBlog.Tests/Unit/PasswordServiceTests.cs
Processing (79/335): src/MyBlog.Tests/Unit/ReaderTrackingServiceTests.cs
Processing (80/335): src/MyBlog.Tests/Unit/SlugServiceTests.cs
Processing (81/335): src/MyBlog.Web/appsettings.Development.json
Processing (82/335): src/MyBlog.Web/appsettings.json
Processing (83/335): src/MyBlog.Web/Components/App.razor
Processing (84/335): src/MyBlog.Web/Components/_Imports.razor
Processing (85/335): src/MyBlog.Web/Components/Layout/MainLayout.razor
Processing (86/335): src/MyBlog.Web/Components/Pages/About.razor
Processing (87/335): src/MyBlog.Web/Components/Pages/About.razor.css
Processing (88/335): src/MyBlog.Web/Components/Pages/AccessDenied.razor
Processing (89/335): src/MyBlog.Web/Components/Pages/Admin/ChangePassword.razor
Processing (90/335): src/MyBlog.Web/Components/Pages/Admin/ChangePassword.razor.css
Processing (91/335): src/MyBlog.Web/Components/Pages/Admin/Dashboard.razor
Processing (92/335): src/MyBlog.Web/Components/Pages/Admin/Dashboard.razor.css
Processing (93/335): src/MyBlog.Web/Components/Pages/Admin/ImageManager.razor
Processing (94/335): src/MyBlog.Web/Components/Pages/Admin/ImageManager.razor.css
Processing (95/335): src/MyBlog.Web/Components/Pages/Admin/PostEditor.razor
Processing (96/335): src/MyBlog.Web/Components/Pages/Admin/PostEditor.razor.css
Processing (97/335): src/MyBlog.Web/Components/Pages/Admin/PostList.razor
Processing (98/335): src/MyBlog.Web/Components/Pages/Admin/UserEditor.razor
Processing (99/335): src/MyBlog.Web/Components/Pages/Admin/UserEditor.razor.css
Processing (100/335): src/MyBlog.Web/Components/Pages/Admin/UserList.razor
Processing (101/335): src/MyBlog.Web/Components/Pages/Admin/UserList.razor.css
Processing (102/335): src/MyBlog.Web/Components/Pages/Home.razor
Processing (103/335): src/MyBlog.Web/Components/Pages/Login.razor
Processing (104/335): src/MyBlog.Web/Components/Pages/Login.razor.css
Processing (105/335): src/MyBlog.Web/Components/Pages/PostDetail.razor
Processing (106/335): src/MyBlog.Web/Components/Pages/PostDetail.razor.css
Processing (107/335): src/MyBlog.Web/Components/Routes.razor
Processing (108/335): src/MyBlog.Web/Components/Shared/Footer.razor
Processing (109/335): src/MyBlog.Web/Components/Shared/Footer.razor.css
Processing (110/335): src/MyBlog.Web/Components/Shared/MarkdownRenderer.razor
Processing (111/335): src/MyBlog.Web/Components/Shared/Pagination.razor
Processing (112/335): src/MyBlog.Web/Components/Shared/PostCard.razor
Processing (113/335): src/MyBlog.Web/Components/Shared/PostCard.razor.css
Processing (114/335): src/MyBlog.Web/Components/Shared/ReaderBadge.razor
Processing (115/335): src/MyBlog.Web/Components/Shared/ReaderBadge.razor.css
Processing (116/335): src/MyBlog.Web/Components/Shared/RedirectToLogin.razor
Processing (117/335): src/MyBlog.Web/Components/Shared/ThemeSwitcher.razor
Processing (118/335): src/MyBlog.Web/Components/Shared/ThemeSwitcher.razor.css
Processing (119/335): src/MyBlog.Web/Dockerfile
Processing (120/335): src/MyBlog.Web/Hubs/ReaderHub.cs
Processing (121/335): src/MyBlog.Web/Middleware/LoginRateLimitMiddleware.cs
Processing (122/335): src/MyBlog.Web/MyBlog.Web.csproj
Processing (123/335): src/MyBlog.Web/Program.cs
Processing (124/335): src/MyBlog.Web/Properties/launchSettings.json
Processing (125/335): src/MyBlog.Web/wwwroot/css/site.css
Processing (126/335): src/MyBlog.Web/wwwroot/js/site.js
Processing (127/335): test-results/backup/wwwroot/appsettings.Development.json
Processing (128/335): test-results/backup/wwwroot/appsettings.json
Processing (129/335): test-results/backup/wwwroot/HelloMonster.deps.json
Processing (130/335): test-results/backup/wwwroot/HelloMonster.runtimeconfig.json
Processing (131/335): test-results/backup/wwwroot/libman.json
Processing (132/335): test-results/backup/wwwroot/MyBlog.Web.deps.json
Processing (133/335): test-results/backup/wwwroot/MyBlog.Web.runtimeconfig.json
Processing (134/335): test-results/backup/wwwroot/MyBlog.Web.staticwebassets.endpoints.json
Processing (135/335): test-results/backup/wwwroot/telemetry/logs/logs_20251228_205637.json
Processing (136/335): test-results/backup/wwwroot/telemetry/logs/logs_20251228_215801.json
Processing (137/335): test-results/backup/wwwroot/telemetry/logs/logs_20251228_231416.json
Processing (138/335): test-results/backup/wwwroot/telemetry/logs/logs_20251229_003958.json
Processing (139/335): test-results/backup/wwwroot/telemetry/logs/logs_20251229_102627.json
Processing (140/335): test-results/backup/wwwroot/telemetry/logs/logs_20251229_114640.json
Processing (141/335): test-results/backup/wwwroot/telemetry/logs/logs_20251229_134655.json
Processing (142/335): test-results/backup/wwwroot/telemetry/logs/logs_20251229_211427.json
Processing (143/335): test-results/backup/wwwroot/telemetry/logs/logs_20251229_231036.json
Processing (144/335): test-results/backup/wwwroot/telemetry/logs/logs_20251229_235434.json
Processing (145/335): test-results/backup/wwwroot/telemetry/logs/logs_20251230_010314.json
Processing (146/335): test-results/backup/wwwroot/telemetry/logs/logs_20251230_084402.json
Processing (147/335): test-results/backup/wwwroot/telemetry/logs/logs_20251230_154312.json
Processing (148/335): test-results/backup/wwwroot/telemetry/logs/logs_20251230_182356.json
Processing (149/335): test-results/backup/wwwroot/telemetry/logs/logs_20251230_222416.json
Processing (150/335): test-results/backup/wwwroot/telemetry/logs/logs_20251230_225637.json
Processing (151/335): test-results/backup/wwwroot/telemetry/logs/logs_20251230_235458.json
Processing (152/335): test-results/backup/wwwroot/telemetry/logs/logs_20251231_014021.json
Processing (153/335): test-results/backup/wwwroot/telemetry/logs/logs_20251231_022229.json
Processing (154/335): test-results/backup/wwwroot/telemetry/logs/logs_20251231_024051.json
Processing (155/335): test-results/backup/wwwroot/telemetry/logs/logs_20251231_025959.json
Processing (156/335): test-results/backup/wwwroot/telemetry/logs/logs_20251231_031920.json
Processing (157/335): test-results/backup/wwwroot/telemetry/logs/logs_20251231_044432.json
Processing (158/335): test-results/backup/wwwroot/telemetry/logs/logs_20251231_063639.json
Processing (159/335): test-results/backup/wwwroot/telemetry/logs/logs_20251231_082516.json
Processing (160/335): test-results/backup/wwwroot/telemetry/logs/logs_20251231_093437.json
Processing (161/335): test-results/backup/wwwroot/telemetry/logs/logs_20251231_120531.json
Processing (162/335): test-results/backup/wwwroot/telemetry/logs/logs_20251231_132419.json
Processing (163/335): test-results/backup/wwwroot/telemetry/logs/logs_20251231_180559.json
Processing (164/335): test-results/backup/wwwroot/telemetry/logs/logs_20251231_225738.json
Processing (165/335): test-results/backup/wwwroot/telemetry/logs/logs_20260101_013605.json
Processing (166/335): test-results/backup/wwwroot/telemetry/logs/logs_20260101_020816.json
Processing (167/335): test-results/backup/wwwroot/telemetry/logs/logs_20260101_110610.json
Processing (168/335): test-results/backup/wwwroot/telemetry/logs/logs_20260101_130430.json
Processing (169/335): test-results/backup/wwwroot/telemetry/logs/logs_20260101_154026.json
Processing (170/335): test-results/backup/wwwroot/telemetry/logs/logs_20260101_172316.json
Processing (171/335): test-results/backup/wwwroot/telemetry/logs/logs_20260101_180701.json
Processing (172/335): test-results/backup/wwwroot/telemetry/logs/logs_20260101_214449.json
Processing (173/335): test-results/backup/wwwroot/telemetry/logs/logs_20260101_221146.json
Processing (174/335): test-results/backup/wwwroot/telemetry/logs/logs_20260102_011606.json
Processing (175/335): test-results/backup/wwwroot/telemetry/logs/logs_20260102_020050.json
Processing (176/335): test-results/backup/wwwroot/telemetry/logs/logs_20260102_032752.json
Processing (177/335): test-results/backup/wwwroot/telemetry/logs/logs_20260102_034100.json
Processing (178/335): test-results/backup/wwwroot/telemetry/logs/logs_20260102_084040.json
Processing (179/335): test-results/backup/wwwroot/telemetry/logs/logs_20260102_094004.json
Processing (180/335): test-results/backup/wwwroot/telemetry/logs/logs_20260102_150251.json
Processing (181/335): test-results/backup/wwwroot/telemetry/logs/logs_20260102_160745.json
Processing (182/335): test-results/backup/wwwroot/telemetry/logs/logs_20260102_181312.json
Processing (183/335): test-results/backup/wwwroot/telemetry/logs/logs_20260102_210456.json
Processing (184/335): test-results/backup/wwwroot/telemetry/logs/logs_20260102_225130.json
Processing (185/335): test-results/backup/wwwroot/telemetry/logs/logs_20260103_003106.json
Processing (186/335): test-results/backup/wwwroot/telemetry/logs/logs_20260103_011837.json
Processing (187/335): test-results/backup/wwwroot/telemetry/logs/logs_20260103_040339.json
Processing (188/335): test-results/backup/wwwroot/telemetry/logs/logs_20260103_043531.json
Processing (189/335): test-results/backup/wwwroot/telemetry/logs/logs_20260103_054401.json
Processing (190/335): test-results/backup/wwwroot/telemetry/logs/logs_20260103_075858.json
Processing (191/335): test-results/backup/wwwroot/telemetry/logs/logs_20260103_110556.json
Processing (192/335): test-results/backup/wwwroot/telemetry/logs/logs_20260103_143019.json
Processing (193/335): test-results/backup/wwwroot/telemetry/logs/logs_20260104_074737.json
Processing (194/335): test-results/backup/wwwroot/telemetry/logs/logs_20260104_083126.json
Processing (195/335): test-results/backup/wwwroot/telemetry/logs/logs_20260104_122126.json
Processing (196/335): test-results/backup/wwwroot/telemetry/logs/logs_20260104_152210.json
Processing (197/335): test-results/backup/wwwroot/telemetry/logs/logs_20260105_074332.json
Processing (198/335): test-results/backup/wwwroot/telemetry/logs/logs_20260106_015845.json
Processing (199/335): test-results/backup/wwwroot/telemetry/logs/logs_20260106_224812.json
Processing (200/335): test-results/backup/wwwroot/telemetry/logs/logs_20260106_233814.json
Processing (201/335): test-results/backup/wwwroot/telemetry/logs/logs_20260107_003339.json
Processing (202/335): test-results/backup/wwwroot/telemetry/logs/logs_20260107_025133.json
Processing (203/335): test-results/backup/wwwroot/telemetry/logs/logs_20260107_042307.json
Processing (204/335): test-results/backup/wwwroot/telemetry/logs/logs_20260107_054822.json
Processing (205/335): test-results/backup/wwwroot/telemetry/logs/logs_20260107_095721.json
Processing (206/335): test-results/backup/wwwroot/telemetry/logs/logs_20260107_205358.json
Processing (207/335): test-results/backup/wwwroot/telemetry/logs/logs_20260108_033859.json
Processing (208/335): test-results/backup/wwwroot/telemetry/logs/logs_20260108_054432.json
Processing (209/335): test-results/backup/wwwroot/telemetry/logs/logs_20260109_093042.json
Processing (210/335): test-results/backup/wwwroot/telemetry/logs/logs_20260109_133622.json
Processing (211/335): test-results/backup/wwwroot/telemetry/logs/logs_20260110_005115.json
Processing (212/335): test-results/backup/wwwroot/telemetry/logs/logs_20260110_052913.json
Processing (213/335): test-results/backup/wwwroot/telemetry/logs/logs_20260110_103504.json
Processing (214/335): test-results/backup/wwwroot/telemetry/logs/logs_20260110_171533.json
Processing (215/335): test-results/backup/wwwroot/telemetry/logs/logs_20260111_000208.json
Processing (216/335): test-results/backup/wwwroot/telemetry/logs/logs_20260111_124746.json
Processing (217/335): test-results/backup/wwwroot/telemetry/logs/logs_20260111_163922.json
Processing (218/335): test-results/backup/wwwroot/telemetry/logs/logs_20260111_180514.json
Processing (219/335): test-results/backup/wwwroot/telemetry/logs/logs_20260111_223336.json
Processing (220/335): test-results/backup/wwwroot/telemetry/logs/logs_20260112_131046.json
Processing (221/335): test-results/backup/wwwroot/telemetry/logs/logs_20260112_135236.json
Processing (222/335): test-results/backup/wwwroot/telemetry/logs/logs_20260112_185835.json
Processing (223/335): test-results/backup/wwwroot/telemetry/logs/logs_20260113_015120.json
Processing (224/335): test-results/backup/wwwroot/telemetry/logs/logs_20260113_064059.json
Processing (225/335): test-results/backup/wwwroot/telemetry/logs/logs_20260113_103712.json
Processing (226/335): test-results/backup/wwwroot/telemetry/logs/logs_20260113_111902.json
Processing (227/335): test-results/backup/wwwroot/telemetry/logs/logs_20260113_121648.json
Processing (228/335): test-results/backup/wwwroot/telemetry/logs/logs_20260113_130504.json
Processing (229/335): test-results/backup/wwwroot/telemetry/logs/logs_20260113_130621.json
Processing (230/335): test-results/backup/wwwroot/telemetry/logs/logs_20260113_130954.json
Processing (231/335): test-results/backup/wwwroot/telemetry/logs/logs_20260113_131813.json
Processing (232/335): test-results/backup/wwwroot/telemetry/logs/logs_20260113_134807.json
Processing (233/335): test-results/backup/wwwroot/telemetry/logs/logs_20260113_140804.json
Processing (234/335): test-results/backup/wwwroot/telemetry/logs/logs_20260113_143121.json
Processing (235/335): test-results/backup/wwwroot/telemetry/logs/logs_20260113_144651.json
Processing (236/335): test-results/backup/wwwroot/telemetry/logs/logs_20260113_150229.json
Processing (237/335): test-results/backup/wwwroot/telemetry/logs/logs_20260113_151240.json
Processing (238/335): test-results/backup/wwwroot/telemetry/logs/logs_20260113_152206.json
Processing (239/335): test-results/backup/wwwroot/telemetry/logs/logs_20260113_152644.json
Processing (240/335): test-results/backup/wwwroot/telemetry/logs/logs_20260113_161850.json
Processing (241/335): test-results/backup/wwwroot/telemetry/logs/logs_20260113_165148.json
Processing (242/335): test-results/backup/wwwroot/telemetry/logs/logs_20260113_182002.json
Processing (243/335): test-results/backup/wwwroot/telemetry/logs/logs_20260113_194932.json
Processing (244/335): test-results/backup/wwwroot/telemetry/logs/logs_20260113_223812.json
Processing (245/335): test-results/backup/wwwroot/telemetry/logs/logs_20260113_234232.json
Processing (246/335): test-results/backup/wwwroot/telemetry/logs/logs_20260114_002722.json
Processing (247/335): test-results/backup/wwwroot/telemetry/logs/logs_20260114_020106.json
Processing (248/335): test-results/backup/wwwroot/telemetry/logs/logs_20260114_020617.json
Processing (249/335): test-results/backup/wwwroot/telemetry/logs/logs_20260114_021304.json
Processing (250/335): test-results/backup/wwwroot/telemetry/logs/logs_20260114_021424.json
Processing (251/335): test-results/backup/wwwroot/telemetry/logs/logs_20260114_022710.json
Processing (252/335): test-results/backup/wwwroot/telemetry/logs/logs_20260114_023045.json
Processing (253/335): test-results/backup/wwwroot/telemetry/logs/logs_20260114_025152.json
Processing (254/335): test-results/backup/wwwroot/telemetry/logs/logs_20260114_041157.json
Processing (255/335): test-results/backup/wwwroot/telemetry/logs/logs_20260114_053628.json
Processing (256/335): test-results/backup/wwwroot/telemetry/logs/logs_20260114_070334.json
Processing (257/335): test-results/backup/wwwroot/telemetry/logs/logs_20260114_094526.json
Processing (258/335): test-results/backup/wwwroot/telemetry/logs/logs_20260114_141629.json
Processing (259/335): test-results/backup/wwwroot/telemetry/logs/logs_20260114_182026.json
Processing (260/335): test-results/backup/wwwroot/telemetry/logs/logs_20260114_222206.json
Processing (261/335): test-results/backup/wwwroot/telemetry/logs/logs_20260114_225902.json
Processing (262/335): test-results/backup/wwwroot/telemetry/logs/logs_20260115_002356.json
Processing (263/335): test-results/backup/wwwroot/telemetry/logs/logs_20260115_003722.json
Processing (264/335): test-results/backup/wwwroot/telemetry/logs/logs_20260115_024817.json
Processing (265/335): test-results/backup/wwwroot/telemetry/logs/logs_20260115_055211.json
Processing (266/335): test-results/backup/wwwroot/telemetry/logs/logs_20260115_094751.json
Processing (267/335): test-results/backup/wwwroot/telemetry/logs/logs_20260115_135836.json
Processing (268/335): test-results/backup/wwwroot/telemetry/logs/logs_20260116_091952.json
Processing (269/335): test-results/backup/wwwroot/telemetry/logs/logs_20260116_105637.json
Processing (270/335): test-results/backup/wwwroot/telemetry/logs/logs_20260116_131437.json
Processing (271/335): test-results/backup/wwwroot/telemetry/logs/logs_20260116_141328.json
Processing (272/335): test-results/backup/wwwroot/telemetry/logs/logs_20260116_234546.json
Processing (273/335): test-results/backup/wwwroot/telemetry/logs/logs_20260117_003401.json
Processing (274/335): test-results/backup/wwwroot/telemetry/logs/logs_20260117_005023.json
Processing (275/335): test-results/backup/wwwroot/telemetry/logs/logs_20260117_012328.json
Processing (276/335): test-results/backup/wwwroot/telemetry/logs/logs_20260117_014922.json
Processing (277/335): test-results/backup/wwwroot/telemetry/logs/logs_20260117_015808.json
Processing (278/335): test-results/backup/wwwroot/telemetry/logs/logs_20260117_040411.json
Processing (279/335): test-results/backup/wwwroot/telemetry/logs/logs_20260117_044017.json
Processing (280/335): test-results/backup/wwwroot/telemetry/logs/logs_20260117_122002.json
Processing (281/335): test-results/backup/wwwroot/telemetry/logs/logs_20260117_151524.json
Processing (282/335): test-results/backup/wwwroot/telemetry/logs/logs_20260118_120131.json
Processing (283/335): test-results/backup/wwwroot/telemetry/logs/logs_20260118_123719.json
Processing (284/335): test-results/backup/wwwroot/telemetry/logs/logs_20260118_132658.json
Processing (285/335): test-results/backup/wwwroot/telemetry/logs/logs_20260119_182815.json
Processing (286/335): test-results/backup/wwwroot/telemetry/logs/logs_20260120_011835.json
Processing (287/335): test-results/backup/wwwroot/telemetry/logs/logs_20260120_013312.json
Processing (288/335): test-results/backup/wwwroot/telemetry/logs/logs_20260120_143740.json
Processing (289/335): test-results/backup/wwwroot/telemetry/logs/logs_20260121_170814.json
Processing (290/335): test-results/backup/wwwroot/telemetry/logs/logs_20260121_173809.json
Processing (291/335): test-results/backup/wwwroot/telemetry/logs/logs_20260121_181359.json
Processing (292/335): test-results/backup/wwwroot/telemetry/logs/logs_20260122_025510.json
Processing (293/335): test-results/backup/wwwroot/telemetry/logs/logs_20260122_061713.json
Processing (294/335): test-results/backup/wwwroot/telemetry/logs/logs_20260122_111545.json
Processing (295/335): test-results/backup/wwwroot/telemetry/logs/logs_20260122_195004.json
Processing (296/335): test-results/backup/wwwroot/telemetry/logs/logs_20260123_015011.json
Processing (297/335): test-results/backup/wwwroot/telemetry/logs/logs_20260123_032043.json
Processing (298/335): test-results/backup/wwwroot/telemetry/logs/logs_20260123_094625.json
Processing (299/335): test-results/backup/wwwroot/telemetry/logs/logs_20260123_134551.json
Processing (300/335): test-results/backup/wwwroot/telemetry/logs/logs_20260123_142356.json
Processing (301/335): test-results/backup/wwwroot/telemetry/logs/logs_20260123_183614.json
Processing (302/335): test-results/backup/wwwroot/telemetry/logs/logs_20260124_063318.json
Processing (303/335): test-results/backup/wwwroot/telemetry/logs/logs_20260124_101113.json
Processing (304/335): test-results/backup/wwwroot/telemetry/logs/logs_20260124_164737.json
Processing (305/335): test-results/backup/wwwroot/telemetry/logs/logs_20260124_200039.json
Processing (306/335): test-results/backup/wwwroot/telemetry/logs/logs_20260125_025917.json
Processing (307/335): test-results/backup/wwwroot/telemetry/logs/logs_20260125_084954.json
Processing (308/335): test-results/backup/wwwroot/telemetry/logs/logs_20260125_112750.json
Processing (309/335): test-results/backup/wwwroot/telemetry/logs/logs_20260125_123849.json
Processing (310/335): test-results/backup/wwwroot/telemetry/logs/logs_20260125_135056.json
Processing (311/335): test-results/backup/wwwroot/telemetry/logs/logs_20260125_142729.json
Processing (312/335): test-results/backup/wwwroot/telemetry/logs/logs_20260125_151012.json
Processing (313/335): test-results/backup/wwwroot/telemetry/logs/logs_20260125_170547.json
Processing (314/335): test-results/backup/wwwroot/telemetry/logs/logs_20260125_205215.json
Processing (315/335): test-results/backup/wwwroot/telemetry/logs/logs_20260125_225207.json
Processing (316/335): test-results/backup/wwwroot/telemetry/logs/logs_20260126_031801.json
Processing (317/335): test-results/backup/wwwroot/telemetry/logs/logs_20260126_092039.json
Processing (318/335): test-results/backup/wwwroot/telemetry/logs/logs_20260126_103539.json
Processing (319/335): test-results/backup/wwwroot/telemetry/logs/logs_20260126_112137.json
Processing (320/335): test-results/backup/wwwroot/telemetry/logs/logs_20260126_114331.json
Processing (321/335): test-results/backup/wwwroot/telemetry/logs/logs_20260126_120711.json
Processing (322/335): test-results/backup/wwwroot/telemetry/logs/logs_20260126_121016.json
Processing (323/335): test-results/backup/wwwroot/telemetry/logs/logs_20260126_125559.json
Processing (324/335): test-results/backup/wwwroot/telemetry/logs/logs_20260126_133617.json
Processing (325/335): test-results/backup/wwwroot/telemetry/logs/logs_20260126_152857.json
Processing (326/335): test-results/backup/wwwroot/telemetry/logs/logs_20260127_010505.json
Processing (327/335): test-results/backup/wwwroot/web.config
Processing (328/335): test-results/backup/wwwroot/.well-known/acme-challenge/web.config
Processing (329/335): test-results/backup/wwwroot/wwwroot/app.css
Processing (330/335): test-results/backup/wwwroot/wwwroot/css/site.css
Processing (331/335): test-results/backup/wwwroot/wwwroot/_framework/blazor.server.js
Processing (332/335): test-results/backup/wwwroot/wwwroot/_framework/blazor.web.js
Processing (333/335): test-results/backup/wwwroot/wwwroot/HelloMonster.styles.css
Processing (334/335): test-results/backup/wwwroot/wwwroot/js/site.js
Processing (335/335): test-results/backup/wwwroot/wwwroot/MyBlog.Web.styles.css

==============================================
  Export Complete!
==============================================

Output file:    docs/llm/dump.txt
Files exported: 335
Files skipped:  0
Output size:    2394.94 KB

File types included:
  • Source code: .cs, .fs, .vb
  • Blazor/Razor: .razor
  • UI/XAML: .axaml, .xaml, .paml
  • Projects: .csproj, .slnx, .sln, .props, .targets
  • Config: .json, .yaml, .yml, .xml, .config
  • Docs: .md, .txt
  • Scripts: .sh, .ps1, .cmd, .bat
  • Web: .css, .scss, .js, .ts
  • Other: .sql, .resx, Dockerfile, etc.


real	0m3.277s
user	0m1.931s
sys	0m1.991s
#!/bin/bash
# =============================================================================
# Run E2E Tests with Podman Compose
# =============================================================================
# This script runs Playwright E2E tests against MyBlog using containers.
# Designed for Fedora with SELinux and Podman.
#
# Usage:
#   ./run-e2e.sh          # Run all E2E tests
#   ./run-e2e.sh --build  # Force rebuild containers
#   ./run-e2e.sh --clean  # Clean up and remove volumes
# =============================================================================

set -e

SCRIPT_DIR="$(cd "$(dirname "${BASH_SOURCE[0]}")" && pwd)"
cd "$SCRIPT_DIR"

# Colors for output
RED='\033[0;31m'
GREEN='\033[0;32m'
YELLOW='\033[1;33m'
NC='\033[0m' # No Color

log_info() {
    echo -e "${GREEN}[INFO]${NC} $1"
}

log_warn() {
    echo -e "${YELLOW}[WARN]${NC} $1"
}

log_error() {
    echo -e "${RED}[ERROR]${NC} $1"
}

# Parse arguments
BUILD_FLAG=""
CLEAN_FLAG=""

for arg in "$@"; do
    case $arg in
        --build)
            BUILD_FLAG="--build"
            ;;
        --clean)
            CLEAN_FLAG="true"
            ;;
    esac
done

# Clean up if requested
if [ "$CLEAN_FLAG" == "true" ]; then
    log_info "Cleaning up containers and volumes..."
    podman-compose -f docker-compose.e2e.yml down -v --remove-orphans 2>/dev/null || true
    podman system prune -f 2>/dev/null || true
    log_info "Cleanup complete"
    exit 0
fi

# Create test results directory
mkdir -p test-results
# Set SELinux context if on Fedora with SELinux
if command -v chcon &> /dev/null && getenforce 2>/dev/null | grep -q "Enforcing"; then
    log_info "Setting SELinux context for test-results directory..."
    chcon -Rt svirt_sandbox_file_t test-results 2>/dev/null || true
fi

log_info "Starting E2E test environment..."

# Build and start services
log_info "Building containers..."
podman-compose -f docker-compose.e2e.yml build $BUILD_FLAG

log_info "Starting MyBlog web service..."
podman-compose -f docker-compose.e2e.yml up -d myblog-web

# Wait for web service to be healthy
log_info "Waiting for MyBlog to be ready..."
RETRIES=30
until podman exec myblog-web curl -sf http://localhost:5000/ > /dev/null 2>&1; do
    RETRIES=$((RETRIES - 1))
    if [ $RETRIES -eq 0 ]; then
        log_error "MyBlog failed to start within timeout"
        podman-compose -f docker-compose.e2e.yml logs myblog-web
        podman-compose -f docker-compose.e2e.yml down -v
        exit 1
    fi
    echo -n "."
    sleep 2
done
echo ""
log_info "MyBlog is ready!"

# Run E2E tests
log_info "Running E2E tests..."
podman-compose -f docker-compose.e2e.yml up myblog-e2e
E2E_EXIT_CODE=$?

# Capture logs
log_info "Capturing logs..."
podman-compose -f docker-compose.e2e.yml logs myblog-web > test-results/myblog-web.log 2>&1
podman-compose -f docker-compose.e2e.yml logs myblog-e2e > test-results/myblog-e2e.log 2>&1

# Clean up
log_info "Cleaning up..."
podman-compose -f docker-compose.e2e.yml down -v

if [ $E2E_EXIT_CODE -eq 0 ]; then
    log_info "E2E tests passed! ✓"
else
    log_error "E2E tests failed with exit code $E2E_EXIT_CODE"
    log_info "Check test-results/ directory for logs"
fi

exit $E2E_EXIT_CODE
[INFO] Cleaning up containers and volumes...
Deleted Images
c7bb000f704e93b2a57df7a4a108d0be6711de966a1540332d67cb266dbc505b
d8ef73571e831f2ad750a9980b0a7db67d96c8b95bca6c0f921de5b8aff171b1
4dd157a9a7014d766b7b57f08752f656d94ad4cd54f751485136c64b098f2bbe
5b3a743cfe8cba6632f205a5b8118def8c9cca0ef6888bc5fbe687760eeb4c2e
a956a846da7ec3364c54314443e9ecb303aada09b8d69e80e69ac88e8620edd1
192f0ab2d0124367ad74de03ade476c172a303547ce3cd69da6f5e4d5fb8fb32
76c778bc1871d1a637b6ae4afebad0425f28af86edcb65cba9993e5c03884610
025f723f47f3a618893c4d91bf83c553d8a440762e5fb21b80a919bbcd537be2
32695a517303b1e694285032c83b328f7cef1af9fe3f3683f3ecbfe7196a3bea
f6173d42064ad380b132da44fa0cd976a50b1d8bc4b33ff669382be75ff94788
b67559aead07010c289cc4ca7ec8ab528c1cac4eda976faa00b59bd3bec181a9
5bc527bed07d400b8cb79f8d15b84d29e69cac4e12f8f70faeb2955bd7525607
402892558cef6a8e5e859344e5b81f90d35641b11d7cf6e9b66dacacb9c1989b
e3313fbc48456f380ad2e93ea4449628b548561f901a27e6e5a2c5158a902c8a
24de71b44dfc3be32a295587cc1d43d4661238a790cb48c3478ddb77cdca066f
1b4b89be9a587153a0f5c9d82da15e6dbfbb7184ec2c51add3d417bd3967672d
c879b0ca18c57a2fe8b6b8cc301956adca142fe25c2d7dda3933e983b46cc968
078d61978b3f0f1af9c589978abac3ed6a2f675fcb6f7af3c9d632c22c955492
f89c23f1a9e8281f50744e5941b6f817e8edb219902ba8ea5edd90657c9eda59
4b2139770ea9185a74a5fef76288384d41728fe5e0ed40b03e10abd46e1d1b57
d3001b979b6f3cc82e5ba92e4fa7840fd3f6e1f80c9d3a0b79d8d7f5718dc8d7
c58511e72b90790f59f25eebb0c24d3a31342467e1c677207976fa76fc6b154d
e6775f9d52f8b164fb438ca37d39cb4568f46a70d01529b6d2d7e795ef7504c6
2df9e1a5d6f7946f73897676cf395d2d17cd2016bda3572cea207913ecb69982
Total reclaimed space: 42.79GB
[INFO] Cleanup complete

real	0m0.934s
user	0m0.445s
sys	0m0.564s
[INFO] Setting SELinux context for test-results directory...
[INFO] Starting E2E test environment...
[INFO] Building containers...
STEP 1/18: FROM mcr.microsoft.com/dotnet/sdk:10.0 AS build
[1/2] STEP 1/12: FROM mcr.microsoft.com/dotnet/sdk:10.0 AS build
STEP 2/18: WORKDIR /src
--> Using cache c0f951cdf7818c25a801d76241c43a519f74913b58ca3c8d68071526ad1473dc
--> c0f951cdf781
STEP 3/18: RUN apt-get update && apt-get install -y nodejs npm && rm -rf /var/lib/apt/lists/*
--> Using cache 7bd3245d151178c6b376f4a7a4b67fe7ecce8ed2c53cb934a8f07a078aa635e8
--> 7bd3245d1511
STEP 4/18: RUN apt-get update && apt-get install -y wget &&     wget -q https://packages.microsoft.com/config/debian/12/packages-microsoft-prod.deb &&     dpkg -i packages-microsoft-prod.deb &&     rm packages-microsoft-prod.deb &&     apt-get update && apt-get install -y powershell &&     rm -rf /var/lib/apt/lists/*
--> Using cache 948346108d6ac93fe878f7bab089dc72f5498ab7a4fa30e51d4df43308391228
--> 948346108d6a
STEP 5/18: COPY Directory.Build.props .
--> Using cache c4a9dc18c3762fdd409b0baae14ef2f48b5f524cbb656d3b110ca4970ddb4ceb
--> c4a9dc18c376
STEP 6/18: COPY Directory.Packages.props .
--> Using cache 6dea2813ee479703c367db1d0ab238785857ce0c0dfd02d46c8e47699f40706a
--> 6dea2813ee47
STEP 7/18: COPY MyBlog.Core/MyBlog.Core.csproj MyBlog.Core/
[1/2] STEP 2/12: WORKDIR /src
--> Using cache c0f951cdf7818c25a801d76241c43a519f74913b58ca3c8d68071526ad1473dc
--> c0f951cdf781
[1/2] STEP 3/12: COPY Directory.Build.props .
--> Using cache 26b7167e9d33e3adf018ba3f02fa415c50df7db2ea9ef3d3b696a6c25fddeb07
--> 26b7167e9d33
STEP 8/18: COPY MyBlog.Infrastructure/MyBlog.Infrastructure.csproj MyBlog.Infrastructure/
--> 712bb78d7856
[1/2] STEP 4/12: COPY Directory.Packages.props .
--> Using cache 39fa24c9fb5e73db4ea74e2ea5eba8ab223f1e7b58d032dd3027222d0e3f10c3
--> 39fa24c9fb5e
STEP 9/18: COPY MyBlog.Web/MyBlog.Web.csproj MyBlog.Web/
--> Using cache 0676640a9fb43a68fca885c900e335d76f35378125a1643e488abf4952dc6fbc
--> 0676640a9fb4
STEP 10/18: COPY MyBlog.E2E/MyBlog.E2E.csproj MyBlog.E2E/
--> 8debc36fc20a
[1/2] STEP 5/12: COPY MyBlog.Core/MyBlog.Core.csproj MyBlog.Core/
--> Using cache aaa696cb65b279c939a4b49ed9026de4481280814a6e466076cf0a72f284e18b
--> aaa696cb65b2
STEP 11/18: RUN dotnet restore MyBlog.Core/MyBlog.Core.csproj &&     dotnet restore MyBlog.Infrastructure/MyBlog.Infrastructure.csproj &&     dotnet restore MyBlog.Web/MyBlog.Web.csproj &&     dotnet restore MyBlog.E2E/MyBlog.E2E.csproj
--> Using cache df6530599f3bc2d10e357ab437426be3e28ab5006d07886f20e131fbb2eb339d
--> df6530599f3b
STEP 12/18: COPY . .
--> c632b0de8b34
[1/2] STEP 6/12: COPY MyBlog.Infrastructure/MyBlog.Infrastructure.csproj MyBlog.Infrastructure/
--> 8dac1b6e93d4
[1/2] STEP 7/12: COPY MyBlog.Web/MyBlog.Web.csproj MyBlog.Web/
--> c3457888962d
[1/2] STEP 8/12: RUN dotnet restore MyBlog.Web/MyBlog.Web.csproj
  Determining projects to restore...
  Restored /src/MyBlog.Core/MyBlog.Core.csproj (in 1.31 sec).
--> 8623720db27e
STEP 13/18: RUN dotnet build MyBlog.E2E/MyBlog.E2E.csproj -c Release
  Restored /src/MyBlog.Web/MyBlog.Web.csproj (in 1.97 sec).
  Restored /src/MyBlog.Infrastructure/MyBlog.Infrastructure.csproj (in 2.31 sec).
  Determining projects to restore...
  Restored /src/MyBlog.Core/MyBlog.Core.csproj (in 318 ms).
  Restored /src/MyBlog.Infrastructure/MyBlog.Infrastructure.csproj (in 320 ms).
  Restored /src/MyBlog.E2E/MyBlog.E2E.csproj (in 328 ms).
  Restored /src/MyBlog.Web/MyBlog.Web.csproj (in 494 ms).
--> f26093aefb73
[1/2] STEP 9/12: COPY MyBlog.Core/ MyBlog.Core/
--> 11cc0445358a
[1/2] STEP 10/12: COPY MyBlog.Infrastructure/ MyBlog.Infrastructure/
--> 17666e9e0f62
[1/2] STEP 11/12: COPY MyBlog.Web/ MyBlog.Web/
--> e6f62e6499c8
[1/2] STEP 12/12: RUN dotnet publish MyBlog.Web/MyBlog.Web.csproj -c Release -o /app/publish
  Determining projects to restore...
  Restored /src/MyBlog.Core/MyBlog.Core.csproj (in 162 ms).
  Restored /src/MyBlog.Infrastructure/MyBlog.Infrastructure.csproj (in 164 ms).
  Restored /src/MyBlog.Web/MyBlog.Web.csproj (in 536 ms).
  MyBlog.Core -> /src/MyBlog.Core/bin/Release/net10.0/MyBlog.Core.dll
  MyBlog.Infrastructure -> /src/MyBlog.Infrastructure/bin/Release/net10.0/MyBlog.Infrastructure.dll
  MyBlog.Web -> /src/MyBlog.Web/bin/Release/net10.0/MyBlog.Web.dll
  MyBlog.Core -> /src/MyBlog.Core/bin/Release/net10.0/MyBlog.Core.dll
  MyBlog.E2E -> /src/MyBlog.E2E/bin/Release/net10.0/MyBlog.E2E.dll
  MyBlog.Infrastructure -> /src/MyBlog.Infrastructure/bin/Release/net10.0/MyBlog.Infrastructure.dll

Build succeeded.
    0 Warning(s)
    0 Error(s)

Time Elapsed 00:00:07.67
--> 68b2ec0618a9
STEP 14/18: RUN pwsh ./MyBlog.E2E/bin/Release/net10.0/playwright.ps1 install chromium --with-deps
Installing dependencies...
Get:1 http://security.ubuntu.com/ubuntu noble-security InRelease [126 kB]
Get:2 https://packages.microsoft.com/debian/12/prod bookworm InRelease [3618 B]
Get:3 http://archive.ubuntu.com/ubuntu noble InRelease [256 kB]
Get:4 https://packages.microsoft.com/debian/12/prod bookworm/main armhf Packages [19.0 kB]
Get:5 https://packages.microsoft.com/debian/12/prod bookworm/main all Packages [573 B]
Get:6 https://packages.microsoft.com/debian/12/prod bookworm/main amd64 Packages [151 kB]
Get:7 http://security.ubuntu.com/ubuntu noble-security/multiverse amd64 Packages [34.8 kB]
Get:8 https://packages.microsoft.com/debian/12/prod bookworm/main arm64 Packages [57.2 kB]
Get:9 http://security.ubuntu.com/ubuntu noble-security/universe amd64 Packages [1194 kB]
  MyBlog.Web -> /src/MyBlog.Web/bin/Release/net10.0/MyBlog.Web.dll
Get:10 http://security.ubuntu.com/ubuntu noble-security/main amd64 Packages [1776 kB]
  MyBlog.Web -> /app/publish/
Get:11 http://security.ubuntu.com/ubuntu noble-security/restricted amd64 Packages [3008 kB]
Get:12 http://archive.ubuntu.com/ubuntu noble-updates InRelease [126 kB]
Get:13 http://archive.ubuntu.com/ubuntu noble-backports InRelease [126 kB]
--> e187df517246
[2/2] STEP 1/12: FROM mcr.microsoft.com/dotnet/aspnet:10.0 AS runtime
Get:14 http://archive.ubuntu.com/ubuntu noble/universe amd64 Packages [19.3 MB]
[2/2] STEP 2/12: WORKDIR /app
--> Using cache 7ab200e45b1fba59b74177866b30af0761e035beacbc6a5d1607edc1b649f36a
--> 7ab200e45b1f
[2/2] STEP 3/12: RUN apt-get update && apt-get install -y --no-install-recommends curl && rm -rf /var/lib/apt/lists/*
--> Using cache 1e21b972573d10c4ea9d7b8076e58aed09bb9967e8ee6d5a8c3c77e2cddd1001
--> 1e21b972573d
[2/2] STEP 4/12: RUN useradd -m -s /bin/bash appuser
--> Using cache 7b0ba419cc37495396a1969cd185514b97ee464988ce4bddc954893f0ac664d5
--> 7b0ba419cc37
[2/2] STEP 5/12: RUN mkdir -p /app/data && chown appuser:appuser /app/data
--> Using cache 1a52159880ea26e77195a71342eb88df7e9cb2112f4b48a28ce51dfc69734231
--> 1a52159880ea
[2/2] STEP 6/12: COPY --from=build /app/publish .
--> 1d57fd29ee40
[2/2] STEP 7/12: ENV ASPNETCORE_URLS=http://+:5000
--> ab867b43e84d
[2/2] STEP 8/12: ENV ASPNETCORE_ENVIRONMENT=Production
--> 5386e085a517
[2/2] STEP 9/12: ENV ConnectionStrings__DefaultConnection="Data Source=/app/data/myblog.db"
--> 1a23ef8fe585
[2/2] STEP 10/12: USER appuser
--> d446657e6244
[2/2] STEP 11/12: EXPOSE 5000
Get:15 http://archive.ubuntu.com/ubuntu noble/main amd64 Packages [1808 kB]
Get:16 http://archive.ubuntu.com/ubuntu noble/multiverse amd64 Packages [331 kB]
Get:17 http://archive.ubuntu.com/ubuntu noble/restricted amd64 Packages [117 kB]
Get:18 http://archive.ubuntu.com/ubuntu noble-updates/universe amd64 Packages [1975 kB]
Get:19 http://archive.ubuntu.com/ubuntu noble-updates/restricted amd64 Packages [3219 kB]
--> b60b62a9f14b
[2/2] STEP 12/12: ENTRYPOINT ["dotnet", "MyBlog.Web.dll"]
[2/2] COMMIT myblog_myblog-web
--> 5c9dc0b3b8ef
Successfully tagged localhost/myblog_myblog-web:latest
Get:20 http://archive.ubuntu.com/ubuntu noble-updates/multiverse amd64 Packages [38.1 kB]
Get:21 http://archive.ubuntu.com/ubuntu noble-updates/main amd64 Packages [2171 kB]
Get:22 http://archive.ubuntu.com/ubuntu noble-backports/universe amd64 Packages [34.6 kB]
Get:23 http://archive.ubuntu.com/ubuntu noble-backports/main amd64 Packages [49.5 kB]
5c9dc0b3b8efb7309992e9e1c7f3d5d9c33eb8212b0f39491b32c895b8baa98a
Fetched 35.9 MB in 3s (14.1 MB/s)
Reading package lists...
Reading package lists...
Building dependency tree...
Reading state information...
libdbus-1-3 is already the newest version (1.14.10-4ubuntu4.1).
libdbus-1-3 set to manually installed.
libglib2.0-0t64 is already the newest version (2.80.0-6ubuntu3.7).
libglib2.0-0t64 set to manually installed.
libx11-6 is already the newest version (2:1.8.7-1build1).
libx11-6 set to manually installed.
libxcb1 is already the newest version (1.15-1ubuntu2).
libxcb1 set to manually installed.
libxcomposite1 is already the newest version (1:0.4.5-1build3).
libxcomposite1 set to manually installed.
libxext6 is already the newest version (2:1.3.4-1build2).
libxext6 set to manually installed.
libxfixes3 is already the newest version (1:6.0.0-2build1).
libxfixes3 set to manually installed.
libxrandr2 is already the newest version (2:1.5.2-2build1).
libxrandr2 set to manually installed.
libfontconfig1 is already the newest version (2.15.0-1.1ubuntu2).
libfontconfig1 set to manually installed.
libfreetype6 is already the newest version (2.13.2+dfsg-1build3).
libfreetype6 set to manually installed.
The following package was automatically installed and is no longer required:
  libwayland-server0
Use 'apt autoremove' to remove it.
The following additional packages will be installed:
  at-spi2-common fontconfig libasound2-data libavahi-client3
  libavahi-common-data libavahi-common3 libdatrie1 libdrm-amdgpu1
  libdrm-common libdrm-intel1 libegl-mesa0 libfontenc1 libfribidi0
  libgl1-mesa-dri libglx-mesa0 libgraphite2-3 libharfbuzz0b libpixman-1-0
  libthai-data libthai0 libunwind8 libxcb-render0 libxfont2 mesa-libgallium
  mesa-vulkan-drivers x11-xkb-utils xauth xfonts-encodings xfonts-utils
  xkb-data xserver-common
Suggested packages:
  alsa-utils libasound2-plugins cups-common
Recommended packages:
  fonts-ipafont-mincho fonts-liberation-sans-narrow fonts-tlwg-loma
  alsa-ucm-conf alsa-topology-conf at-spi2-core xfonts-base
The following NEW packages will be installed:
  at-spi2-common fontconfig fonts-freefont-ttf fonts-ipafont-gothic
  fonts-liberation fonts-noto-color-emoji fonts-tlwg-loma-otf fonts-unifont
  fonts-wqy-zenhei libasound2-data libasound2t64 libatk-bridge2.0-0t64
  libatk1.0-0t64 libatspi2.0-0t64 libavahi-client3 libavahi-common-data
  libavahi-common3 libcairo2 libcups2t64 libdatrie1 libfontenc1 libfribidi0
  libgraphite2-3 libharfbuzz0b libnspr4 libnss3 libpango-1.0-0 libpixman-1-0
  libthai-data libthai0 libunwind8 libxcb-render0 libxdamage1 libxfont2
  libxkbcommon0 x11-xkb-utils xauth xfonts-cyrillic xfonts-encodings
  xfonts-scalable xfonts-utils xkb-data xserver-common xvfb
The following packages will be upgraded:
  libdrm-amdgpu1 libdrm-common libdrm-intel1 libdrm2 libegl-mesa0 libgbm1
  libgl1-mesa-dri libglx-mesa0 mesa-libgallium mesa-vulkan-drivers
10 upgraded, 44 newly installed, 0 to remove and 1 not upgraded.
Need to get 67.5 MB of archives.
After this operation, 134 MB of additional disk space will be used.
Get:1 http://archive.ubuntu.com/ubuntu noble/universe amd64 fonts-ipafont-gothic all 00303-21ubuntu1 [3513 kB]
Get:2 http://archive.ubuntu.com/ubuntu noble/main amd64 libfribidi0 amd64 1.0.13-3build1 [26.1 kB]
Get:3 http://archive.ubuntu.com/ubuntu noble-updates/main amd64 xkb-data all 2.41-2ubuntu1.1 [397 kB]
Get:4 http://archive.ubuntu.com/ubuntu noble-updates/main amd64 libdrm-common all 2.4.125-1ubuntu0.1~24.04.1 [9174 B]
Get:5 http://archive.ubuntu.com/ubuntu noble-updates/main amd64 libdrm2 amd64 2.4.125-1ubuntu0.1~24.04.1 [41.3 kB]
Get:6 http://archive.ubuntu.com/ubuntu noble/main amd64 libxkbcommon0 amd64 1.6.0-1build1 [122 kB]
Get:7 http://archive.ubuntu.com/ubuntu noble/main amd64 xauth amd64 1:1.1.2-1build1 [25.6 kB]
Get:8 http://archive.ubuntu.com/ubuntu noble/main amd64 at-spi2-common all 2.52.0-1build1 [8674 B]
Get:9 http://archive.ubuntu.com/ubuntu noble/main amd64 fontconfig amd64 2.15.0-1.1ubuntu2 [180 kB]
Get:10 http://archive.ubuntu.com/ubuntu noble/main amd64 fonts-freefont-ttf all 20211204+svn4273-2 [5641 kB]
Get:11 http://archive.ubuntu.com/ubuntu noble/main amd64 fonts-liberation all 1:2.1.5-3 [1603 kB]
Get:12 http://archive.ubuntu.com/ubuntu noble-updates/main amd64 fonts-noto-color-emoji all 2.047-0ubuntu0.24.04.1 [9764 kB]
Get:13 http://archive.ubuntu.com/ubuntu noble/universe amd64 fonts-tlwg-loma-otf all 1:0.7.3-1 [107 kB]
Get:14 http://archive.ubuntu.com/ubuntu noble/universe amd64 fonts-unifont all 1:15.1.01-1build1 [2993 kB]
Get:15 http://archive.ubuntu.com/ubuntu noble/universe amd64 fonts-wqy-zenhei all 0.9.45-8 [7472 kB]
Get:16 http://archive.ubuntu.com/ubuntu noble-updates/main amd64 libasound2-data all 1.2.11-1ubuntu0.1 [21.1 kB]
Get:17 http://archive.ubuntu.com/ubuntu noble-updates/main amd64 libasound2t64 amd64 1.2.11-1ubuntu0.1 [399 kB]
Get:18 http://archive.ubuntu.com/ubuntu noble/main amd64 libatk1.0-0t64 amd64 2.52.0-1build1 [55.3 kB]
Get:19 http://archive.ubuntu.com/ubuntu noble/main amd64 libatspi2.0-0t64 amd64 2.52.0-1build1 [80.5 kB]
Get:20 http://archive.ubuntu.com/ubuntu noble/main amd64 libatk-bridge2.0-0t64 amd64 2.52.0-1build1 [66.0 kB]
Get:21 http://archive.ubuntu.com/ubuntu noble-updates/main amd64 libavahi-common-data amd64 0.8-13ubuntu6.1 [29.9 kB]
Get:22 http://archive.ubuntu.com/ubuntu noble-updates/main amd64 libavahi-common3 amd64 0.8-13ubuntu6.1 [23.4 kB]
Get:23 http://archive.ubuntu.com/ubuntu noble-updates/main amd64 libavahi-client3 amd64 0.8-13ubuntu6.1 [26.8 kB]
Get:24 http://archive.ubuntu.com/ubuntu noble/main amd64 libpixman-1-0 amd64 0.42.2-1build1 [279 kB]
Get:25 http://archive.ubuntu.com/ubuntu noble/main amd64 libxcb-render0 amd64 1.15-1ubuntu2 [16.2 kB]
Get:26 http://archive.ubuntu.com/ubuntu noble/main amd64 libcairo2 amd64 1.18.0-3build1 [566 kB]
Get:27 http://archive.ubuntu.com/ubuntu noble-updates/main amd64 libcups2t64 amd64 2.4.7-1.2ubuntu7.9 [273 kB]
Get:28 http://archive.ubuntu.com/ubuntu noble/main amd64 libdatrie1 amd64 0.2.13-3build1 [19.0 kB]
Get:29 http://archive.ubuntu.com/ubuntu noble-updates/main amd64 libdrm-amdgpu1 amd64 2.4.125-1ubuntu0.1~24.04.1 [21.4 kB]
Get:30 http://archive.ubuntu.com/ubuntu noble-updates/main amd64 libdrm-intel1 amd64 2.4.125-1ubuntu0.1~24.04.1 [63.8 kB]
Get:31 http://archive.ubuntu.com/ubuntu noble-updates/main amd64 libgl1-mesa-dri amd64 25.2.8-0ubuntu0.24.04.1 [37.9 kB]
Get:32 http://archive.ubuntu.com/ubuntu noble-updates/main amd64 libglx-mesa0 amd64 25.2.8-0ubuntu0.24.04.1 [110 kB]
Get:33 http://archive.ubuntu.com/ubuntu noble-updates/main amd64 libegl-mesa0 amd64 25.2.8-0ubuntu0.24.04.1 [117 kB]
Get:34 http://archive.ubuntu.com/ubuntu noble-updates/main amd64 libgbm1 amd64 25.2.8-0ubuntu0.24.04.1 [34.2 kB]
Get:35 http://archive.ubuntu.com/ubuntu noble-updates/main amd64 mesa-libgallium amd64 25.2.8-0ubuntu0.24.04.1 [10.8 MB]
Get:36 http://archive.ubuntu.com/ubuntu noble/main amd64 libfontenc1 amd64 1:1.1.8-1build1 [14.0 kB]
Get:37 http://archive.ubuntu.com/ubuntu noble/main amd64 libgraphite2-3 amd64 1.3.14-2build1 [73.0 kB]
Get:38 http://archive.ubuntu.com/ubuntu noble/main amd64 libharfbuzz0b amd64 8.3.0-2build2 [469 kB]
Get:39 http://archive.ubuntu.com/ubuntu noble/main amd64 libnspr4 amd64 2:4.35-1.1build1 [117 kB]
Get:40 http://archive.ubuntu.com/ubuntu noble/main amd64 libnss3 amd64 2:3.98-1build1 [1445 kB]
Get:41 http://archive.ubuntu.com/ubuntu noble/main amd64 libthai-data all 0.1.29-2build1 [158 kB]
Get:42 http://archive.ubuntu.com/ubuntu noble/main amd64 libthai0 amd64 0.1.29-2build1 [18.9 kB]
Get:43 http://archive.ubuntu.com/ubuntu noble/main amd64 libpango-1.0-0 amd64 1.52.1+ds-1build1 [231 kB]
Get:44 http://archive.ubuntu.com/ubuntu noble-updates/main amd64 libunwind8 amd64 1.6.2-3build1.1 [55.3 kB]
Get:45 http://archive.ubuntu.com/ubuntu noble/main amd64 libxdamage1 amd64 1:1.1.6-1build1 [6150 B]
Get:46 http://archive.ubuntu.com/ubuntu noble/main amd64 libxfont2 amd64 1:2.0.6-1build1 [93.0 kB]
Get:47 http://archive.ubuntu.com/ubuntu noble-updates/main amd64 mesa-vulkan-drivers amd64 25.2.8-0ubuntu0.24.04.1 [17.5 MB]
Get:48 http://archive.ubuntu.com/ubuntu noble/main amd64 x11-xkb-utils amd64 7.7+8build2 [170 kB]
Get:49 http://archive.ubuntu.com/ubuntu noble/main amd64 xfonts-encodings all 1:1.0.5-0ubuntu2 [578 kB]
Get:50 http://archive.ubuntu.com/ubuntu noble/main amd64 xfonts-utils amd64 1:7.7+6build3 [94.4 kB]
Get:51 http://archive.ubuntu.com/ubuntu noble/universe amd64 xfonts-cyrillic all 1:1.0.5+nmu1 [384 kB]
Get:52 http://archive.ubuntu.com/ubuntu noble/main amd64 xfonts-scalable all 1:1.0.3-1.3 [304 kB]
Get:53 http://archive.ubuntu.com/ubuntu noble-updates/main amd64 xserver-common all 2:21.1.12-1ubuntu1.5 [34.6 kB]
Get:54 http://archive.ubuntu.com/ubuntu noble-updates/universe amd64 xvfb amd64 2:21.1.12-1ubuntu1.5 [877 kB]
debconf: delaying package configuration, since apt-utils is not installed
Fetched 67.5 MB in 2s (31.5 MB/s)
Selecting previously unselected package fonts-ipafont-gothic.
(Reading database ... 50881 files and directories currently installed.)
Preparing to unpack .../00-fonts-ipafont-gothic_00303-21ubuntu1_all.deb ...
Unpacking fonts-ipafont-gothic (00303-21ubuntu1) ...
Selecting previously unselected package libfribidi0:amd64.
Preparing to unpack .../01-libfribidi0_1.0.13-3build1_amd64.deb ...
Unpacking libfribidi0:amd64 (1.0.13-3build1) ...
Selecting previously unselected package xkb-data.
Preparing to unpack .../02-xkb-data_2.41-2ubuntu1.1_all.deb ...
Unpacking xkb-data (2.41-2ubuntu1.1) ...
Preparing to unpack .../03-libdrm-common_2.4.125-1ubuntu0.1~24.04.1_all.deb ...
Unpacking libdrm-common (2.4.125-1ubuntu0.1~24.04.1) over (2.4.122-1~ubuntu0.24.04.2) ...
Preparing to unpack .../04-libdrm2_2.4.125-1ubuntu0.1~24.04.1_amd64.deb ...
Unpacking libdrm2:amd64 (2.4.125-1ubuntu0.1~24.04.1) over (2.4.122-1~ubuntu0.24.04.2) ...
Selecting previously unselected package libxkbcommon0:amd64.
Preparing to unpack .../05-libxkbcommon0_1.6.0-1build1_amd64.deb ...
Unpacking libxkbcommon0:amd64 (1.6.0-1build1) ...
Selecting previously unselected package xauth.
Preparing to unpack .../06-xauth_1%3a1.1.2-1build1_amd64.deb ...
Unpacking xauth (1:1.1.2-1build1) ...
Selecting previously unselected package at-spi2-common.
Preparing to unpack .../07-at-spi2-common_2.52.0-1build1_all.deb ...
Unpacking at-spi2-common (2.52.0-1build1) ...
Selecting previously unselected package fontconfig.
Preparing to unpack .../08-fontconfig_2.15.0-1.1ubuntu2_amd64.deb ...
Unpacking fontconfig (2.15.0-1.1ubuntu2) ...
Selecting previously unselected package fonts-freefont-ttf.
Preparing to unpack .../09-fonts-freefont-ttf_20211204+svn4273-2_all.deb ...
Unpacking fonts-freefont-ttf (20211204+svn4273-2) ...
Selecting previously unselected package fonts-liberation.
Preparing to unpack .../10-fonts-liberation_1%3a2.1.5-3_all.deb ...
Unpacking fonts-liberation (1:2.1.5-3) ...
Selecting previously unselected package fonts-noto-color-emoji.
Preparing to unpack .../11-fonts-noto-color-emoji_2.047-0ubuntu0.24.04.1_all.deb ...
Unpacking fonts-noto-color-emoji (2.047-0ubuntu0.24.04.1) ...
Selecting previously unselected package fonts-tlwg-loma-otf.
Preparing to unpack .../12-fonts-tlwg-loma-otf_1%3a0.7.3-1_all.deb ...
Unpacking fonts-tlwg-loma-otf (1:0.7.3-1) ...
Selecting previously unselected package fonts-unifont.
Preparing to unpack .../13-fonts-unifont_1%3a15.1.01-1build1_all.deb ...
Unpacking fonts-unifont (1:15.1.01-1build1) ...
Selecting previously unselected package fonts-wqy-zenhei.
Preparing to unpack .../14-fonts-wqy-zenhei_0.9.45-8_all.deb ...
Unpacking fonts-wqy-zenhei (0.9.45-8) ...
Selecting previously unselected package libasound2-data.
Preparing to unpack .../15-libasound2-data_1.2.11-1ubuntu0.1_all.deb ...
Unpacking libasound2-data (1.2.11-1ubuntu0.1) ...
Selecting previously unselected package libasound2t64:amd64.
Preparing to unpack .../16-libasound2t64_1.2.11-1ubuntu0.1_amd64.deb ...
Unpacking libasound2t64:amd64 (1.2.11-1ubuntu0.1) ...
Selecting previously unselected package libatk1.0-0t64:amd64.
Preparing to unpack .../17-libatk1.0-0t64_2.52.0-1build1_amd64.deb ...
Unpacking libatk1.0-0t64:amd64 (2.52.0-1build1) ...
Selecting previously unselected package libatspi2.0-0t64:amd64.
Preparing to unpack .../18-libatspi2.0-0t64_2.52.0-1build1_amd64.deb ...
Unpacking libatspi2.0-0t64:amd64 (2.52.0-1build1) ...
Selecting previously unselected package libatk-bridge2.0-0t64:amd64.
Preparing to unpack .../19-libatk-bridge2.0-0t64_2.52.0-1build1_amd64.deb ...
Unpacking libatk-bridge2.0-0t64:amd64 (2.52.0-1build1) ...
Selecting previously unselected package libavahi-common-data:amd64.
Preparing to unpack .../20-libavahi-common-data_0.8-13ubuntu6.1_amd64.deb ...
Unpacking libavahi-common-data:amd64 (0.8-13ubuntu6.1) ...
Selecting previously unselected package libavahi-common3:amd64.
Preparing to unpack .../21-libavahi-common3_0.8-13ubuntu6.1_amd64.deb ...
Unpacking libavahi-common3:amd64 (0.8-13ubuntu6.1) ...
Selecting previously unselected package libavahi-client3:amd64.
Preparing to unpack .../22-libavahi-client3_0.8-13ubuntu6.1_amd64.deb ...
Unpacking libavahi-client3:amd64 (0.8-13ubuntu6.1) ...
Selecting previously unselected package libpixman-1-0:amd64.
Preparing to unpack .../23-libpixman-1-0_0.42.2-1build1_amd64.deb ...
Unpacking libpixman-1-0:amd64 (0.42.2-1build1) ...
Selecting previously unselected package libxcb-render0:amd64.
Preparing to unpack .../24-libxcb-render0_1.15-1ubuntu2_amd64.deb ...
Unpacking libxcb-render0:amd64 (1.15-1ubuntu2) ...
Selecting previously unselected package libcairo2:amd64.
Preparing to unpack .../25-libcairo2_1.18.0-3build1_amd64.deb ...
Unpacking libcairo2:amd64 (1.18.0-3build1) ...
Selecting previously unselected package libcups2t64:amd64.
Preparing to unpack .../26-libcups2t64_2.4.7-1.2ubuntu7.9_amd64.deb ...
Unpacking libcups2t64:amd64 (2.4.7-1.2ubuntu7.9) ...
Selecting previously unselected package libdatrie1:amd64.
Preparing to unpack .../27-libdatrie1_0.2.13-3build1_amd64.deb ...
Unpacking libdatrie1:amd64 (0.2.13-3build1) ...
Preparing to unpack .../28-libdrm-amdgpu1_2.4.125-1ubuntu0.1~24.04.1_amd64.deb ...
Unpacking libdrm-amdgpu1:amd64 (2.4.125-1ubuntu0.1~24.04.1) over (2.4.122-1~ubuntu0.24.04.2) ...
Preparing to unpack .../29-libdrm-intel1_2.4.125-1ubuntu0.1~24.04.1_amd64.deb ...
Unpacking libdrm-intel1:amd64 (2.4.125-1ubuntu0.1~24.04.1) over (2.4.122-1~ubuntu0.24.04.2) ...
Preparing to unpack .../30-libgl1-mesa-dri_25.2.8-0ubuntu0.24.04.1_amd64.deb ...
Unpacking libgl1-mesa-dri:amd64 (25.2.8-0ubuntu0.24.04.1) over (25.0.7-0ubuntu0.24.04.2) ...
Preparing to unpack .../31-libglx-mesa0_25.2.8-0ubuntu0.24.04.1_amd64.deb ...
Unpacking libglx-mesa0:amd64 (25.2.8-0ubuntu0.24.04.1) over (25.0.7-0ubuntu0.24.04.2) ...
Preparing to unpack .../32-libegl-mesa0_25.2.8-0ubuntu0.24.04.1_amd64.deb ...
Unpacking libegl-mesa0:amd64 (25.2.8-0ubuntu0.24.04.1) over (25.0.7-0ubuntu0.24.04.2) ...
Preparing to unpack .../33-libgbm1_25.2.8-0ubuntu0.24.04.1_amd64.deb ...
Unpacking libgbm1:amd64 (25.2.8-0ubuntu0.24.04.1) over (25.0.7-0ubuntu0.24.04.2) ...
Preparing to unpack .../34-mesa-libgallium_25.2.8-0ubuntu0.24.04.1_amd64.deb ...
Unpacking mesa-libgallium:amd64 (25.2.8-0ubuntu0.24.04.1) over (25.0.7-0ubuntu0.24.04.2) ...
Selecting previously unselected package libfontenc1:amd64.
Preparing to unpack .../35-libfontenc1_1%3a1.1.8-1build1_amd64.deb ...
Unpacking libfontenc1:amd64 (1:1.1.8-1build1) ...
Selecting previously unselected package libgraphite2-3:amd64.
Preparing to unpack .../36-libgraphite2-3_1.3.14-2build1_amd64.deb ...
Unpacking libgraphite2-3:amd64 (1.3.14-2build1) ...
Selecting previously unselected package libharfbuzz0b:amd64.
Preparing to unpack .../37-libharfbuzz0b_8.3.0-2build2_amd64.deb ...
Unpacking libharfbuzz0b:amd64 (8.3.0-2build2) ...
Selecting previously unselected package libnspr4:amd64.
Preparing to unpack .../38-libnspr4_2%3a4.35-1.1build1_amd64.deb ...
Unpacking libnspr4:amd64 (2:4.35-1.1build1) ...
Selecting previously unselected package libnss3:amd64.
Preparing to unpack .../39-libnss3_2%3a3.98-1build1_amd64.deb ...
Unpacking libnss3:amd64 (2:3.98-1build1) ...
Selecting previously unselected package libthai-data.
Preparing to unpack .../40-libthai-data_0.1.29-2build1_all.deb ...
Unpacking libthai-data (0.1.29-2build1) ...
Selecting previously unselected package libthai0:amd64.
Preparing to unpack .../41-libthai0_0.1.29-2build1_amd64.deb ...
Unpacking libthai0:amd64 (0.1.29-2build1) ...
Selecting previously unselected package libpango-1.0-0:amd64.
Preparing to unpack .../42-libpango-1.0-0_1.52.1+ds-1build1_amd64.deb ...
Unpacking libpango-1.0-0:amd64 (1.52.1+ds-1build1) ...
Selecting previously unselected package libunwind8:amd64.
Preparing to unpack .../43-libunwind8_1.6.2-3build1.1_amd64.deb ...
Unpacking libunwind8:amd64 (1.6.2-3build1.1) ...
Selecting previously unselected package libxdamage1:amd64.
Preparing to unpack .../44-libxdamage1_1%3a1.1.6-1build1_amd64.deb ...
Unpacking libxdamage1:amd64 (1:1.1.6-1build1) ...
Selecting previously unselected package libxfont2:amd64.
Preparing to unpack .../45-libxfont2_1%3a2.0.6-1build1_amd64.deb ...
Unpacking libxfont2:amd64 (1:2.0.6-1build1) ...
Preparing to unpack .../46-mesa-vulkan-drivers_25.2.8-0ubuntu0.24.04.1_amd64.deb ...
Unpacking mesa-vulkan-drivers:amd64 (25.2.8-0ubuntu0.24.04.1) over (25.0.7-0ubuntu0.24.04.2) ...
Selecting previously unselected package x11-xkb-utils.
Preparing to unpack .../47-x11-xkb-utils_7.7+8build2_amd64.deb ...
Unpacking x11-xkb-utils (7.7+8build2) ...
Selecting previously unselected package xfonts-encodings.
Preparing to unpack .../48-xfonts-encodings_1%3a1.0.5-0ubuntu2_all.deb ...
Unpacking xfonts-encodings (1:1.0.5-0ubuntu2) ...
Selecting previously unselected package xfonts-utils.
Preparing to unpack .../49-xfonts-utils_1%3a7.7+6build3_amd64.deb ...
Unpacking xfonts-utils (1:7.7+6build3) ...
Selecting previously unselected package xfonts-cyrillic.
Preparing to unpack .../50-xfonts-cyrillic_1%3a1.0.5+nmu1_all.deb ...
Unpacking xfonts-cyrillic (1:1.0.5+nmu1) ...
Selecting previously unselected package xfonts-scalable.
Preparing to unpack .../51-xfonts-scalable_1%3a1.0.3-1.3_all.deb ...
Unpacking xfonts-scalable (1:1.0.3-1.3) ...
Selecting previously unselected package xserver-common.
Preparing to unpack .../52-xserver-common_2%3a21.1.12-1ubuntu1.5_all.deb ...
Unpacking xserver-common (2:21.1.12-1ubuntu1.5) ...
Selecting previously unselected package xvfb.
Preparing to unpack .../53-xvfb_2%3a21.1.12-1ubuntu1.5_amd64.deb ...
Unpacking xvfb (2:21.1.12-1ubuntu1.5) ...
Setting up libgraphite2-3:amd64 (1.3.14-2build1) ...
Setting up libpixman-1-0:amd64 (0.42.2-1build1) ...
Setting up fontconfig (2.15.0-1.1ubuntu2) ...
Regenerating fonts cache... done.
Setting up libxdamage1:amd64 (1:1.1.6-1build1) ...
Setting up libdatrie1:amd64 (0.2.13-3build1) ...
Setting up fonts-noto-color-emoji (2.047-0ubuntu0.24.04.1) ...
Setting up libxcb-render0:amd64 (1.15-1ubuntu2) ...
Setting up x11-xkb-utils (7.7+8build2) ...
Setting up fonts-wqy-zenhei (0.9.45-8) ...
Setting up fonts-freefont-ttf (20211204+svn4273-2) ...
Setting up xkb-data (2.41-2ubuntu1.1) ...
Setting up libunwind8:amd64 (1.6.2-3build1.1) ...
Setting up libcairo2:amd64 (1.18.0-3build1) ...
Setting up libasound2-data (1.2.11-1ubuntu0.1) ...
Setting up libfontenc1:amd64 (1:1.1.8-1build1) ...
Setting up libasound2t64:amd64 (1.2.11-1ubuntu0.1) ...
Setting up fonts-tlwg-loma-otf (1:0.7.3-1) ...
Setting up libnspr4:amd64 (2:4.35-1.1build1) ...
Setting up libavahi-common-data:amd64 (0.8-13ubuntu6.1) ...
Setting up libatspi2.0-0t64:amd64 (2.52.0-1build1) ...
Setting up xfonts-encodings (1:1.0.5-0ubuntu2) ...
Setting up libfribidi0:amd64 (1.0.13-3build1) ...
Setting up fonts-ipafont-gothic (00303-21ubuntu1) ...
update-alternatives: using /usr/share/fonts/opentype/ipafont-gothic/ipag.ttf to provide /usr/share/fonts/truetype/fonts-japanese-gothic.ttf (fonts-japanese-gothic.ttf) in auto mode
Setting up xauth (1:1.1.2-1build1) ...
Setting up at-spi2-common (2.52.0-1build1) ...
Setting up fonts-liberation (1:2.1.5-3) ...
Setting up libharfbuzz0b:amd64 (8.3.0-2build2) ...
Setting up libthai-data (0.1.29-2build1) ...
Setting up xserver-common (2:21.1.12-1ubuntu1.5) ...
Setting up libdrm-common (2.4.125-1ubuntu0.1~24.04.1) ...
Setting up libxfont2:amd64 (1:2.0.6-1build1) ...
Setting up fonts-unifont (1:15.1.01-1build1) ...
Setting up libxkbcommon0:amd64 (1.6.0-1build1) ...
Setting up libatk1.0-0t64:amd64 (2.52.0-1build1) ...
Setting up xvfb (2:21.1.12-1ubuntu1.5) ...
Setting up libavahi-common3:amd64 (0.8-13ubuntu6.1) ...
Setting up libnss3:amd64 (2:3.98-1build1) ...
Setting up xfonts-utils (1:7.7+6build3) ...
Setting up libthai0:amd64 (0.1.29-2build1) ...
Setting up libdrm2:amd64 (2.4.125-1ubuntu0.1~24.04.1) ...
Setting up xfonts-cyrillic (1:1.0.5+nmu1) ...
Setting up libavahi-client3:amd64 (0.8-13ubuntu6.1) ...
Setting up xfonts-scalable (1:1.0.3-1.3) ...
Setting up libdrm-amdgpu1:amd64 (2.4.125-1ubuntu0.1~24.04.1) ...
Setting up libatk-bridge2.0-0t64:amd64 (2.52.0-1build1) ...
Setting up mesa-vulkan-drivers:amd64 (25.2.8-0ubuntu0.24.04.1) ...
Setting up libpango-1.0-0:amd64 (1.52.1+ds-1build1) ...
Setting up libdrm-intel1:amd64 (2.4.125-1ubuntu0.1~24.04.1) ...
Setting up libcups2t64:amd64 (2.4.7-1.2ubuntu7.9) ...
Setting up mesa-libgallium:amd64 (25.2.8-0ubuntu0.24.04.1) ...
Setting up libgbm1:amd64 (25.2.8-0ubuntu0.24.04.1) ...
Setting up libgl1-mesa-dri:amd64 (25.2.8-0ubuntu0.24.04.1) ...
Setting up libegl-mesa0:amd64 (25.2.8-0ubuntu0.24.04.1) ...
Setting up libglx-mesa0:amd64 (25.2.8-0ubuntu0.24.04.1) ...
Processing triggers for libc-bin (2.39-0ubuntu8.6) ...
Downloading Chromium 143.0.7499.4 (playwright build v1200) from https://cdn.playwright.dev/dbazure/download/playwright/builds/chromium/1200/chromium-linux.zip
(node:812) [DEP0169] DeprecationWarning: `url.parse()` behavior is not standardized and prone to errors that have security implications. Use the WHATWG URL API instead. CVEs are not issued for `url.parse()` vulnerabilities.
(Use `node --trace-deprecation ...` to show where the warning was created)
|                                                                                |   0% of 164.7 MiB
|■■■■■■■■                                                                        |  10% of 164.7 MiB
|■■■■■■■■■■■■■■■■                                                                |  20% of 164.7 MiB
|■■■■■■■■■■■■■■■■■■■■■■■■                                                        |  30% of 164.7 MiB
|■■■■■■■■■■■■■■■■■■■■■■■■■■■■■■■■                                                |  40% of 164.7 MiB
|■■■■■■■■■■■■■■■■■■■■■■■■■■■■■■■■■■■■■■■■                                        |  50% of 164.7 MiB
|■■■■■■■■■■■■■■■■■■■■■■■■■■■■■■■■■■■■■■■■■■■■■■■■                                |  60% of 164.7 MiB
|■■■■■■■■■■■■■■■■■■■■■■■■■■■■■■■■■■■■■■■■■■■■■■■■■■■■■■■■                        |  70% of 164.7 MiB
|■■■■■■■■■■■■■■■■■■■■■■■■■■■■■■■■■■■■■■■■■■■■■■■■■■■■■■■■■■■■■■■■                |  80% of 164.7 MiB
|■■■■■■■■■■■■■■■■■■■■■■■■■■■■■■■■■■■■■■■■■■■■■■■■■■■■■■■■■■■■■■■■■■■■■■■■        |  90% of 164.7 MiB
|■■■■■■■■■■■■■■■■■■■■■■■■■■■■■■■■■■■■■■■■■■■■■■■■■■■■■■■■■■■■■■■■■■■■■■■■■■■■■■■■| 100% of 164.7 MiB
Chromium 143.0.7499.4 (playwright build v1200) downloaded to /root/.cache/ms-playwright/chromium-1200
Downloading FFMPEG playwright build v1011 from https://cdn.playwright.dev/dbazure/download/playwright/builds/ffmpeg/1011/ffmpeg-linux.zip
(node:823) [DEP0169] DeprecationWarning: `url.parse()` behavior is not standardized and prone to errors that have security implications. Use the WHATWG URL API instead. CVEs are not issued for `url.parse()` vulnerabilities.
(Use `node --trace-deprecation ...` to show where the warning was created)
|                                                                                |   0% of 2.3 MiB
|■■■■■■■■                                                                        |  10% of 2.3 MiB
|■■■■■■■■■■■■■■■■                                                                |  20% of 2.3 MiB
|■■■■■■■■■■■■■■■■■■■■■■■■                                                        |  30% of 2.3 MiB
|■■■■■■■■■■■■■■■■■■■■■■■■■■■■■■■■                                                |  40% of 2.3 MiB
|■■■■■■■■■■■■■■■■■■■■■■■■■■■■■■■■■■■■■■■■                                        |  50% of 2.3 MiB
|■■■■■■■■■■■■■■■■■■■■■■■■■■■■■■■■■■■■■■■■■■■■■■■■                                |  60% of 2.3 MiB
|■■■■■■■■■■■■■■■■■■■■■■■■■■■■■■■■■■■■■■■■■■■■■■■■■■■■■■■■                        |  70% of 2.3 MiB
|■■■■■■■■■■■■■■■■■■■■■■■■■■■■■■■■■■■■■■■■■■■■■■■■■■■■■■■■■■■■■■■■                |  80% of 2.3 MiB
|■■■■■■■■■■■■■■■■■■■■■■■■■■■■■■■■■■■■■■■■■■■■■■■■■■■■■■■■■■■■■■■■■■■■■■■■        |  90% of 2.3 MiB
|■■■■■■■■■■■■■■■■■■■■■■■■■■■■■■■■■■■■■■■■■■■■■■■■■■■■■■■■■■■■■■■■■■■■■■■■■■■■■■■■| 100% of 2.3 MiB
FFMPEG playwright build v1011 downloaded to /root/.cache/ms-playwright/ffmpeg-1011
Downloading Chromium Headless Shell 143.0.7499.4 (playwright build v1200) from https://cdn.playwright.dev/dbazure/download/playwright/builds/chromium/1200/chromium-headless-shell-linux.zip
(node:834) [DEP0169] DeprecationWarning: `url.parse()` behavior is not standardized and prone to errors that have security implications. Use the WHATWG URL API instead. CVEs are not issued for `url.parse()` vulnerabilities.
(Use `node --trace-deprecation ...` to show where the warning was created)
|                                                                                |   0% of 109.7 MiB
|■■■■■■■■                                                                        |  10% of 109.7 MiB
|■■■■■■■■■■■■■■■■                                                                |  20% of 109.7 MiB
|■■■■■■■■■■■■■■■■■■■■■■■■                                                        |  30% of 109.7 MiB
|■■■■■■■■■■■■■■■■■■■■■■■■■■■■■■■■                                                |  40% of 109.7 MiB
|■■■■■■■■■■■■■■■■■■■■■■■■■■■■■■■■■■■■■■■■                                        |  50% of 109.7 MiB
|■■■■■■■■■■■■■■■■■■■■■■■■■■■■■■■■■■■■■■■■■■■■■■■■                                |  60% of 109.7 MiB
|■■■■■■■■■■■■■■■■■■■■■■■■■■■■■■■■■■■■■■■■■■■■■■■■■■■■■■■■                        |  70% of 109.7 MiB
|■■■■■■■■■■■■■■■■■■■■■■■■■■■■■■■■■■■■■■■■■■■■■■■■■■■■■■■■■■■■■■■■                |  80% of 109.7 MiB
|■■■■■■■■■■■■■■■■■■■■■■■■■■■■■■■■■■■■■■■■■■■■■■■■■■■■■■■■■■■■■■■■■■■■■■■■        |  90% of 109.7 MiB
|■■■■■■■■■■■■■■■■■■■■■■■■■■■■■■■■■■■■■■■■■■■■■■■■■■■■■■■■■■■■■■■■■■■■■■■■■■■■■■■■| 100% of 109.7 MiB
Chromium Headless Shell 143.0.7499.4 (playwright build v1200) downloaded to /root/.cache/ms-playwright/chromium_headless_shell-1200
--> 7891220c2606
STEP 15/18: WORKDIR /src/MyBlog.E2E
--> eec46c0d0918
STEP 16/18: ENV MYBLOG_BASE_URL=http://myblog-web:5000
--> cbe9c26026ba
STEP 17/18: ENV PLAYWRIGHT_HEADLESS=true
--> 52a55a5543b9
STEP 18/18: ENTRYPOINT ["dotnet", "run", "-c", "Release", "--no-build"]
COMMIT myblog_myblog-e2e
--> 743c2dacc43f
Successfully tagged localhost/myblog_myblog-e2e:latest
743c2dacc43f5f4907bc6ac9ae7bb101a302609c72f4e5ada4152112e46e8b0d
[INFO] Starting MyBlog web service...
dc92a0d2a3c302775ceb754d5e974088da94116113a6d54b7f2c05ff9309cc8e
c828876ca0d3d21fe9a9cf42ca28a77f50285c6924357d21fc735dff08f61ec7
myblog-web
[INFO] Waiting for MyBlog to be ready...
.
[INFO] MyBlog is ready!
[INFO] Running E2E tests...
25ee2643881c8f8b1b918883cd6756c12c794cdacdc49bee4514b695a77a34a3
[myblog-web] | cannot open `/run/user/1000/crun/c828876ca0d3d21fe9a9cf42ca28a77f50285c6924357d21fc735dff08f61ec7/exec.fifo`: No such file or directory
[myblog-web] | Error: unable to start container c828876ca0d3d21fe9a9cf42ca28a77f50285c6924357d21fc735dff08f61ec7: `/usr/bin/crun start c828876ca0d3d21fe9a9cf42ca28a77f50285c6924357d21fc735dff08f61ec7` failed: exit status 1
[myblog-e2e] | xUnit.net v3 In-Process Runner v3.2.2+728c1dce01 (64-bit .NET 10.0.2)
[myblog-e2e] |   Discovering: MyBlog.E2E
[myblog-e2e] |   Discovered:  MyBlog.E2E
[myblog-e2e] |   Starting:    MyBlog.E2E
[myblog-e2e] |   Finished:    MyBlog.E2E (ID = '4d488734a9156ea8719a93bca3e9cb47dfeac4715a7981582060bf185a1e7bf4')
[myblog-e2e] | === TEST EXECUTION SUMMARY ===
[myblog-e2e] |    MyBlog.E2E  Total: 78, Errors: 0, Failed: 0, Skipped: 0, Not Run: 0, Time: 24.896s
[myblog-e2e] | 
[INFO] Capturing logs...
[INFO] Cleaning up...
myblog-e2e
myblog-web
myblog-e2e
myblog-web
myblog_myblog-data
dc92a0d2a3c302775ceb754d5e974088da94116113a6d54b7f2c05ff9309cc8e
myblog_myblog-network
[INFO] E2E tests passed! ✓

real	1m17.318s
user	0m36.970s
sys	0m21.688s
kushal@fedora:~/src/dotnet/MyBlog$ 
